   1              	 .syntax unified
   2              	 .cpu cortex-m4
   3              	 .eabi_attribute 27,3
   4              	 .fpu fpv4-sp-d16
   5              	 .eabi_attribute 20,1
   6              	 .eabi_attribute 21,1
   7              	 .eabi_attribute 23,3
   8              	 .eabi_attribute 24,1
   9              	 .eabi_attribute 25,1
  10              	 .eabi_attribute 26,1
  11              	 .eabi_attribute 30,6
  12              	 .eabi_attribute 34,1
  13              	 .eabi_attribute 18,4
  14              	 .thumb
  15              	 .file "DAVE.c"
  16              	 .text
  17              	.Ltext0:
  18              	 .cfi_sections .debug_frame
  19              	 .section .text.DAVE_Init,"ax",%progbits
  20              	 .align 2
  21              	 .weak DAVE_Init
  22              	 .thumb
  23              	 .thumb_func
  25              	DAVE_Init:
  26              	.LFB206:
  27              	 .file 1 "../Dave/Generated/DAVE.c"
   1:../Dave/Generated/DAVE.c **** 
   2:../Dave/Generated/DAVE.c **** /**
   3:../Dave/Generated/DAVE.c ****  * @cond
   4:../Dave/Generated/DAVE.c ****  **************************************************************************************************
   5:../Dave/Generated/DAVE.c ****  *
   6:../Dave/Generated/DAVE.c ****  * Copyright (c) 2015-2020, Infineon Technologies AG
   7:../Dave/Generated/DAVE.c ****  * All rights reserved.
   8:../Dave/Generated/DAVE.c ****  *
   9:../Dave/Generated/DAVE.c ****  * Redistribution and use in source and binary forms, with or without modification,are permitted pr
  10:../Dave/Generated/DAVE.c ****  * following conditions are met:
  11:../Dave/Generated/DAVE.c ****  *
  12:../Dave/Generated/DAVE.c ****  *   Redistributions of source code must retain the above copyright notice, this list of conditions
  13:../Dave/Generated/DAVE.c ****  *   disclaimer.
  14:../Dave/Generated/DAVE.c ****  *
  15:../Dave/Generated/DAVE.c ****  *   Redistributions in binary form must reproduce the above copyright notice, this list of conditi
  16:../Dave/Generated/DAVE.c ****  *   following disclaimer in the documentation and/or other materials provided with the distributio
  17:../Dave/Generated/DAVE.c ****  *
  18:../Dave/Generated/DAVE.c ****  *   Neither the name of the copyright holders nor the names of its contributors may be used to end
  19:../Dave/Generated/DAVE.c ****  *   products derived from this software without specific prior written permission.
  20:../Dave/Generated/DAVE.c ****  *
  21:../Dave/Generated/DAVE.c ****  * THIS SOFTWARE IS PROVIDED BY THE COPYRIGHT HOLDERS AND CONTRIBUTORS "AS IS" AND ANY EXPRESS OR I
  22:../Dave/Generated/DAVE.c ****  * INCLUDING, BUT NOT LIMITED TO, THE IMPLIED WARRANTIES OF MERCHANTABILITY AND FITNESS FOR A PARTI
  23:../Dave/Generated/DAVE.c ****  * DISCLAIMED. IN NO EVENT SHALL THE COPYRIGHT HOLDER OR CONTRIBUTORS BE LIABLE  FOR ANY DIRECT, IN
  24:../Dave/Generated/DAVE.c ****  * SPECIAL, EXEMPLARY, OR CONSEQUENTIAL DAMAGES (INCLUDING, BUT NOT LIMITED TO, PROCUREMENT OF SUBS
  25:../Dave/Generated/DAVE.c ****  * SERVICES; LOSS OF USE, DATA, OR PROFITS; OR BUSINESS INTERRUPTION) HOWEVER CAUSED AND ON ANY THE
  26:../Dave/Generated/DAVE.c ****  * WHETHER IN CONTRACT, STRICT LIABILITY,OR TORT (INCLUDING NEGLIGENCE OR OTHERWISE) ARISING IN ANY
  27:../Dave/Generated/DAVE.c ****  * USE OF THIS SOFTWARE, EVEN IF ADVISED OF THE POSSIBILITY OF SUCH DAMAGE.
  28:../Dave/Generated/DAVE.c ****  *
  29:../Dave/Generated/DAVE.c ****  * To improve the quality of the software, users are encouraged to share modifications, enhancement
  30:../Dave/Generated/DAVE.c ****  * with Infineon Technologies AG (dave@infineon.com).
  31:../Dave/Generated/DAVE.c ****  **************************************************************************************************
  32:../Dave/Generated/DAVE.c ****  *
  33:../Dave/Generated/DAVE.c ****  * Change History
  34:../Dave/Generated/DAVE.c ****  * --------------
  35:../Dave/Generated/DAVE.c ****  *
  36:../Dave/Generated/DAVE.c ****  * 2014-06-16:
  37:../Dave/Generated/DAVE.c ****  *     - Initial version<br>
  38:../Dave/Generated/DAVE.c ****  * 2015-08-28:
  39:../Dave/Generated/DAVE.c ****  *     - Added CLOCK_XMC1_Init conditionally
  40:../Dave/Generated/DAVE.c ****  * 2018-08-08:
  41:../Dave/Generated/DAVE.c ****  *     - Add creation of projectData.bak file
  42:../Dave/Generated/DAVE.c ****  * 2019-01-30:
  43:../Dave/Generated/DAVE.c ****  *     - Fix creation of projectData.bak file
  44:../Dave/Generated/DAVE.c ****  * 2019-04-29:
  45:../Dave/Generated/DAVE.c ****  *     - Make DAVE_Init() weak, the user can reimplement the function
  46:../Dave/Generated/DAVE.c ****  *
  47:../Dave/Generated/DAVE.c ****  * @endcond
  48:../Dave/Generated/DAVE.c ****  *
  49:../Dave/Generated/DAVE.c ****  */
  50:../Dave/Generated/DAVE.c **** 
  51:../Dave/Generated/DAVE.c **** /**************************************************************************************************
  52:../Dave/Generated/DAVE.c ****  * HEADER FILES
  53:../Dave/Generated/DAVE.c ****  **************************************************************************************************
  54:../Dave/Generated/DAVE.c **** #include "DAVE.h"
  55:../Dave/Generated/DAVE.c **** 
  56:../Dave/Generated/DAVE.c **** /**************************************************************************************************
  57:../Dave/Generated/DAVE.c ****  * API IMPLEMENTATION
  58:../Dave/Generated/DAVE.c ****  **************************************************************************************************
  59:../Dave/Generated/DAVE.c **** 
  60:../Dave/Generated/DAVE.c **** /*******************************************************************************
  61:../Dave/Generated/DAVE.c ****  * @brief This function initializes the APPs Init Functions.
  62:../Dave/Generated/DAVE.c ****  *
  63:../Dave/Generated/DAVE.c ****  * @param[in]  None
  64:../Dave/Generated/DAVE.c ****  *
  65:../Dave/Generated/DAVE.c ****  * @return  DAVE_STATUS_t <BR>
  66:../Dave/Generated/DAVE.c ****  ******************************************************************************/
  67:../Dave/Generated/DAVE.c **** __WEAK DAVE_STATUS_t DAVE_Init(void)
  68:../Dave/Generated/DAVE.c **** {
  28              	 .loc 1 68 0
  29              	 .cfi_startproc
  30              	 
  31              	 
  32 0000 80B5     	 push {r7,lr}
  33              	 .cfi_def_cfa_offset 8
  34              	 .cfi_offset 7,-8
  35              	 .cfi_offset 14,-4
  36 0002 82B0     	 sub sp,sp,#8
  37              	 .cfi_def_cfa_offset 16
  38 0004 00AF     	 add r7,sp,#0
  39              	 .cfi_def_cfa_register 7
  69:../Dave/Generated/DAVE.c ****   DAVE_STATUS_t init_status;
  70:../Dave/Generated/DAVE.c ****   
  71:../Dave/Generated/DAVE.c ****   init_status = DAVE_STATUS_SUCCESS;
  40              	 .loc 1 71 0
  41 0006 0023     	 movs r3,#0
  42 0008 FB71     	 strb r3,[r7,#7]
  72:../Dave/Generated/DAVE.c ****      /** @Initialization of APPs Init Functions */
  73:../Dave/Generated/DAVE.c ****      init_status = (DAVE_STATUS_t)CLOCK_XMC4_Init(&CLOCK_XMC4_0);
  43              	 .loc 1 73 0
  44 000a 1548     	 ldr r0,.L7
  45 000c FFF7FEFF 	 bl CLOCK_XMC4_Init
  46 0010 0346     	 mov r3,r0
  47 0012 FB71     	 strb r3,[r7,#7]
  74:../Dave/Generated/DAVE.c **** 
  75:../Dave/Generated/DAVE.c ****   if (init_status == DAVE_STATUS_SUCCESS)
  48              	 .loc 1 75 0
  49 0014 FB79     	 ldrb r3,[r7,#7]
  50 0016 002B     	 cmp r3,#0
  51 0018 04D1     	 bne .L2
  76:../Dave/Generated/DAVE.c ****   {
  77:../Dave/Generated/DAVE.c **** 	 /**  Initialization of USBD_VCOM APP instance USB_VCOM */
  78:../Dave/Generated/DAVE.c **** 	 init_status = (DAVE_STATUS_t)USBD_VCOM_Init(&USB_VCOM); 
  52              	 .loc 1 78 0
  53 001a 1248     	 ldr r0,.L7+4
  54 001c FFF7FEFF 	 bl USBD_VCOM_Init
  55 0020 0346     	 mov r3,r0
  56 0022 FB71     	 strb r3,[r7,#7]
  57              	.L2:
  79:../Dave/Generated/DAVE.c ****    } 
  80:../Dave/Generated/DAVE.c ****   if (init_status == DAVE_STATUS_SUCCESS)
  58              	 .loc 1 80 0
  59 0024 FB79     	 ldrb r3,[r7,#7]
  60 0026 002B     	 cmp r3,#0
  61 0028 04D1     	 bne .L3
  81:../Dave/Generated/DAVE.c ****   {
  82:../Dave/Generated/DAVE.c **** 	 /**  Initialization of DIGITAL_IO APP instance DIGITAL_IO_0 */
  83:../Dave/Generated/DAVE.c **** 	 init_status = (DAVE_STATUS_t)DIGITAL_IO_Init(&DIGITAL_IO_0); 
  62              	 .loc 1 83 0
  63 002a 0F48     	 ldr r0,.L7+8
  64 002c FFF7FEFF 	 bl DIGITAL_IO_Init
  65 0030 0346     	 mov r3,r0
  66 0032 FB71     	 strb r3,[r7,#7]
  67              	.L3:
  84:../Dave/Generated/DAVE.c ****    } 
  85:../Dave/Generated/DAVE.c ****   if (init_status == DAVE_STATUS_SUCCESS)
  68              	 .loc 1 85 0
  69 0034 FB79     	 ldrb r3,[r7,#7]
  70 0036 002B     	 cmp r3,#0
  71 0038 04D1     	 bne .L4
  86:../Dave/Generated/DAVE.c ****   {
  87:../Dave/Generated/DAVE.c **** 	 /**  Initialization of DIGITAL_IO APP instance button */
  88:../Dave/Generated/DAVE.c **** 	 init_status = (DAVE_STATUS_t)DIGITAL_IO_Init(&button); 
  72              	 .loc 1 88 0
  73 003a 0C48     	 ldr r0,.L7+12
  74 003c FFF7FEFF 	 bl DIGITAL_IO_Init
  75 0040 0346     	 mov r3,r0
  76 0042 FB71     	 strb r3,[r7,#7]
  77              	.L4:
  89:../Dave/Generated/DAVE.c ****    } 
  90:../Dave/Generated/DAVE.c ****   if (init_status == DAVE_STATUS_SUCCESS)
  78              	 .loc 1 90 0
  79 0044 FB79     	 ldrb r3,[r7,#7]
  80 0046 002B     	 cmp r3,#0
  81 0048 04D1     	 bne .L5
  91:../Dave/Generated/DAVE.c ****   {
  92:../Dave/Generated/DAVE.c **** 	 /**  Initialization of BUS_IO APP instance BUS_IO_0 */
  93:../Dave/Generated/DAVE.c **** 	 init_status = (DAVE_STATUS_t)BUS_IO_Init(&BUS_IO_0); 
  82              	 .loc 1 93 0
  83 004a 0948     	 ldr r0,.L7+16
  84 004c FFF7FEFF 	 bl BUS_IO_Init
  85 0050 0346     	 mov r3,r0
  86 0052 FB71     	 strb r3,[r7,#7]
  87              	.L5:
  94:../Dave/Generated/DAVE.c ****    }  
  95:../Dave/Generated/DAVE.c ****   return init_status;
  88              	 .loc 1 95 0
  89 0054 FB79     	 ldrb r3,[r7,#7]
  96:../Dave/Generated/DAVE.c **** } /**  End of function DAVE_Init */
  90              	 .loc 1 96 0
  91 0056 1846     	 mov r0,r3
  92 0058 0837     	 adds r7,r7,#8
  93              	 .cfi_def_cfa_offset 8
  94 005a BD46     	 mov sp,r7
  95              	 .cfi_def_cfa_register 13
  96              	 
  97 005c 80BD     	 pop {r7,pc}
  98              	.L8:
  99 005e 00BF     	 .align 2
 100              	.L7:
 101 0060 00000000 	 .word CLOCK_XMC4_0
 102 0064 00000000 	 .word USB_VCOM
 103 0068 00000000 	 .word DIGITAL_IO_0
 104 006c 00000000 	 .word button
 105 0070 00000000 	 .word BUS_IO_0
 106              	 .cfi_endproc
 107              	.LFE206:
 109              	 .text
 110              	.Letext0:
 111              	 .file 2 "c:\\infineon\\tools\\dave ide\\4.5.0.202105191637\\eclipse\\arm-gcc-49\\arm-none-eabi\\include\\machine\\_default_types.h"
 112              	 .file 3 "c:\\infineon\\tools\\dave ide\\4.5.0.202105191637\\eclipse\\arm-gcc-49\\arm-none-eabi\\include\\stdint.h"
 113              	 .file 4 "C:/Infineon/Tools/DAVE IDE/4.5.0.202105191637/eclipse/workspace/xmc4800-CE/Libraries/CMSIS/Infineon/XMC4800_series/Include/XMC4800.h"
 114              	 .file 5 "C:/Infineon/Tools/DAVE IDE/4.5.0.202105191637/eclipse/workspace/xmc4800-CE/Libraries/XMCLib/inc/xmc_gpio.h"
 115              	 .file 6 "C:/Infineon/Tools/DAVE IDE/4.5.0.202105191637/eclipse/workspace/xmc4800-CE/Libraries/XMCLib/inc/xmc4_gpio.h"
 116              	 .file 7 "../Dave/Generated/CLOCK_XMC4/clock_xmc4.h"
 117              	 .file 8 "C:/Infineon/Tools/DAVE IDE/4.5.0.202105191637/eclipse/workspace/xmc4800-CE/Libraries/XMCLib/inc/xmc_usbd_regs.h"
 118              	 .file 9 "C:/Infineon/Tools/DAVE IDE/4.5.0.202105191637/eclipse/workspace/xmc4800-CE/Libraries/XMCLib/inc/xmc_usbd.h"
 119              	 .file 10 "../Dave/Generated/USBD/usbd.h"
 120              	 .file 11 "../Dave/Generated/USBD_VCOM/usbd_vcom.h"
 121              	 .file 12 "../Dave/Generated/DIGITAL_IO/digital_io.h"
 122              	 .file 13 "../Dave/Generated/BUS_IO/bus_io.h"
 123              	 .file 14 "../Dave/Generated/DAVE.h"
 124              	 .file 15 "C:/Infineon/Tools/DAVE IDE/4.5.0.202105191637/eclipse/workspace/xmc4800-CE/Libraries/CMSIS/Include/cmsis_gcc.h"
 125              	 .file 16 "C:/Infineon/Tools/DAVE IDE/4.5.0.202105191637/eclipse/workspace/xmc4800-CE/Libraries/CMSIS/Include/core_cm4.h"
 126              	 .file 17 "C:/Infineon/Tools/DAVE IDE/4.5.0.202105191637/eclipse/workspace/xmc4800-CE/Libraries/CMSIS/Infineon/XMC4800_series/Include/system_XMC4800.h"
 127              	 .file 18 "../Dave/Generated/CLOCK_XMC4/clock_xmc4_extern.h"
 128              	 .file 19 "../Dave/Generated/USBD/usbd_extern.h"
 129              	 .file 20 "../Dave/Generated/USBD_VCOM/usbd_vcom_extern.h"
 130              	 .file 21 "../Dave/Generated/DIGITAL_IO/digital_io_extern.h"
 131              	 .file 22 "../Dave/Generated/BUS_IO/bus_io_extern.h"
DEFINED SYMBOLS
                            *ABS*:00000000 DAVE.c
    {standard input}:20     .text.DAVE_Init:00000000 $t
    {standard input}:25     .text.DAVE_Init:00000000 DAVE_Init
    {standard input}:101    .text.DAVE_Init:00000060 $d
                     .debug_frame:00000010 $d

UNDEFINED SYMBOLS
CLOCK_XMC4_Init
USBD_VCOM_Init
DIGITAL_IO_Init
BUS_IO_Init
CLOCK_XMC4_0
USB_VCOM
DIGITAL_IO_0
button
BUS_IO_0
