   1              	 .syntax unified
   2              	 .cpu cortex-m4
   3              	 .eabi_attribute 27,3
   4              	 .fpu fpv4-sp-d16
   5              	 .eabi_attribute 20,1
   6              	 .eabi_attribute 21,1
   7              	 .eabi_attribute 23,3
   8              	 .eabi_attribute 24,1
   9              	 .eabi_attribute 25,1
  10              	 .eabi_attribute 26,1
  11              	 .eabi_attribute 30,6
  12              	 .eabi_attribute 34,1
  13              	 .eabi_attribute 18,4
  14              	 .thumb
  15              	 .file "usbd_endpoint_stream_xmc4000.c"
  16              	 .text
  17              	.Ltext0:
  18              	 .cfi_sections .debug_frame
  19              	 .global zlp_flag
  20              	 .section .bss.zlp_flag,"aw",%nobits
  23              	zlp_flag:
  24 0000 00       	 .space 1
  25              	 .section .text.Endpoint_Write_Stream_LE,"ax",%progbits
  26              	 .align 2
  27              	 .global Endpoint_Write_Stream_LE
  28              	 .thumb
  29              	 .thumb_func
  31              	Endpoint_Write_Stream_LE:
  32              	.LFB191:
  33              	 .file 1 "../Dave/Generated/USBD/usb/core/xmc4000/usbd_endpoint_stream_xmc4000.c"
   1:../Dave/Generated/USBD/usb/core/xmc4000/usbd_endpoint_stream_xmc4000.c **** /**
   2:../Dave/Generated/USBD/usb/core/xmc4000/usbd_endpoint_stream_xmc4000.c ****  * @file usbd_endpoint_stream_xmc4000.c
   3:../Dave/Generated/USBD/usb/core/xmc4000/usbd_endpoint_stream_xmc4000.c ****  * @date 2015-06-20 
   4:../Dave/Generated/USBD/usb/core/xmc4000/usbd_endpoint_stream_xmc4000.c ****  * NOTE:
   5:../Dave/Generated/USBD/usb/core/xmc4000/usbd_endpoint_stream_xmc4000.c ****  * This file is generated by DAVE. Any manual modification done to this file will be lost when the 
   6:../Dave/Generated/USBD/usb/core/xmc4000/usbd_endpoint_stream_xmc4000.c ****  *
   7:../Dave/Generated/USBD/usb/core/xmc4000/usbd_endpoint_stream_xmc4000.c ****  * @cond
   8:../Dave/Generated/USBD/usb/core/xmc4000/usbd_endpoint_stream_xmc4000.c ****  **************************************************************************************************
   9:../Dave/Generated/USBD/usb/core/xmc4000/usbd_endpoint_stream_xmc4000.c ****  * The USB core driver for XMC4000 family of controllers. It does the USB protocol handling.
  10:../Dave/Generated/USBD/usb/core/xmc4000/usbd_endpoint_stream_xmc4000.c ****  *
  11:../Dave/Generated/USBD/usb/core/xmc4000/usbd_endpoint_stream_xmc4000.c ****  * Copyright (c) 2015, Infineon Technologies AG
  12:../Dave/Generated/USBD/usb/core/xmc4000/usbd_endpoint_stream_xmc4000.c ****  * All rights reserved.                        
  13:../Dave/Generated/USBD/usb/core/xmc4000/usbd_endpoint_stream_xmc4000.c ****  *                                             
  14:../Dave/Generated/USBD/usb/core/xmc4000/usbd_endpoint_stream_xmc4000.c ****  * Redistribution and use in source and binary forms, with or without modification,are permitted pr
  15:../Dave/Generated/USBD/usb/core/xmc4000/usbd_endpoint_stream_xmc4000.c ****  * following conditions are met:   
  16:../Dave/Generated/USBD/usb/core/xmc4000/usbd_endpoint_stream_xmc4000.c ****  *                                                                              
  17:../Dave/Generated/USBD/usb/core/xmc4000/usbd_endpoint_stream_xmc4000.c ****  *   Redistributions of source code must retain the above copyright notice, this list of conditions
  18:../Dave/Generated/USBD/usb/core/xmc4000/usbd_endpoint_stream_xmc4000.c ****  *   disclaimer.                        
  19:../Dave/Generated/USBD/usb/core/xmc4000/usbd_endpoint_stream_xmc4000.c ****  * 
  20:../Dave/Generated/USBD/usb/core/xmc4000/usbd_endpoint_stream_xmc4000.c ****  *   Redistributions in binary form must reproduce the above copyright notice, this list of conditi
  21:../Dave/Generated/USBD/usb/core/xmc4000/usbd_endpoint_stream_xmc4000.c ****  *   following disclaimer in the documentation and/or other materials provided with the distributio
  22:../Dave/Generated/USBD/usb/core/xmc4000/usbd_endpoint_stream_xmc4000.c ****  *                         
  23:../Dave/Generated/USBD/usb/core/xmc4000/usbd_endpoint_stream_xmc4000.c ****  *   Neither the name of the copyright holders nor the names of its contributors may be used to end
  24:../Dave/Generated/USBD/usb/core/xmc4000/usbd_endpoint_stream_xmc4000.c ****  *   products derived from this software without specific prior written permission. 
  25:../Dave/Generated/USBD/usb/core/xmc4000/usbd_endpoint_stream_xmc4000.c ****  *                                             
  26:../Dave/Generated/USBD/usb/core/xmc4000/usbd_endpoint_stream_xmc4000.c ****  * THIS SOFTWARE IS PROVIDED BY THE COPYRIGHT HOLDERS AND CONTRIBUTORS "AS IS" AND ANY EXPRESS OR I
  27:../Dave/Generated/USBD/usb/core/xmc4000/usbd_endpoint_stream_xmc4000.c ****  * INCLUDING, BUT NOT LIMITED TO, THE IMPLIED WARRANTIES OF MERCHANTABILITY AND FITNESS FOR A PARTI
  28:../Dave/Generated/USBD/usb/core/xmc4000/usbd_endpoint_stream_xmc4000.c ****  * DISCLAIMED. IN NO EVENT SHALL THE COPYRIGHT HOLDER OR CONTRIBUTORS BE LIABLE  FOR ANY DIRECT, IN
  29:../Dave/Generated/USBD/usb/core/xmc4000/usbd_endpoint_stream_xmc4000.c ****  * SPECIAL, EXEMPLARY, OR CONSEQUENTIAL DAMAGES (INCLUDING, BUT NOT LIMITED TO, PROCUREMENT OF SUBS
  30:../Dave/Generated/USBD/usb/core/xmc4000/usbd_endpoint_stream_xmc4000.c ****  * SERVICES; LOSS OF USE, DATA, OR PROFITS; OR BUSINESS INTERRUPTION) HOWEVER CAUSED AND ON ANY THE
  31:../Dave/Generated/USBD/usb/core/xmc4000/usbd_endpoint_stream_xmc4000.c ****  * WHETHER IN CONTRACT, STRICT LIABILITY,OR TORT (INCLUDING NEGLIGENCE OR OTHERWISE) ARISING IN ANY
  32:../Dave/Generated/USBD/usb/core/xmc4000/usbd_endpoint_stream_xmc4000.c ****  * USE OF THIS SOFTWARE, EVEN IF ADVISED OF THE POSSIBILITY OF SUCH DAMAGE.    
  33:../Dave/Generated/USBD/usb/core/xmc4000/usbd_endpoint_stream_xmc4000.c ****  *                                                                              
  34:../Dave/Generated/USBD/usb/core/xmc4000/usbd_endpoint_stream_xmc4000.c ****  * To improve the quality of the software, users are encouraged to share modifications, enhancement
  35:../Dave/Generated/USBD/usb/core/xmc4000/usbd_endpoint_stream_xmc4000.c ****  * with Infineon Technologies AG (dave@infineon.com).        
  36:../Dave/Generated/USBD/usb/core/xmc4000/usbd_endpoint_stream_xmc4000.c ****  **************************************************************************************************
  37:../Dave/Generated/USBD/usb/core/xmc4000/usbd_endpoint_stream_xmc4000.c ****  *
  38:../Dave/Generated/USBD/usb/core/xmc4000/usbd_endpoint_stream_xmc4000.c ****  * Change History
  39:../Dave/Generated/USBD/usb/core/xmc4000/usbd_endpoint_stream_xmc4000.c ****  * --------------
  40:../Dave/Generated/USBD/usb/core/xmc4000/usbd_endpoint_stream_xmc4000.c ****  *
  41:../Dave/Generated/USBD/usb/core/xmc4000/usbd_endpoint_stream_xmc4000.c ****  * 2015-02-16:
  42:../Dave/Generated/USBD/usb/core/xmc4000/usbd_endpoint_stream_xmc4000.c ****  *     - Initial version.      
  43:../Dave/Generated/USBD/usb/core/xmc4000/usbd_endpoint_stream_xmc4000.c ****  * 2015-06-20:
  44:../Dave/Generated/USBD/usb/core/xmc4000/usbd_endpoint_stream_xmc4000.c ****  *     - Updated the file header.
  45:../Dave/Generated/USBD/usb/core/xmc4000/usbd_endpoint_stream_xmc4000.c ****  *     
  46:../Dave/Generated/USBD/usb/core/xmc4000/usbd_endpoint_stream_xmc4000.c ****  * @endcond 
  47:../Dave/Generated/USBD/usb/core/xmc4000/usbd_endpoint_stream_xmc4000.c ****  *
  48:../Dave/Generated/USBD/usb/core/xmc4000/usbd_endpoint_stream_xmc4000.c ****  */
  49:../Dave/Generated/USBD/usb/core/xmc4000/usbd_endpoint_stream_xmc4000.c **** /*
  50:../Dave/Generated/USBD/usb/core/xmc4000/usbd_endpoint_stream_xmc4000.c ****   Copyright 2014  Dean Camera (dean [at] fourwalledcubicle [dot] com)
  51:../Dave/Generated/USBD/usb/core/xmc4000/usbd_endpoint_stream_xmc4000.c **** 
  52:../Dave/Generated/USBD/usb/core/xmc4000/usbd_endpoint_stream_xmc4000.c ****   Permission to use, copy, modify, distribute, and sell this
  53:../Dave/Generated/USBD/usb/core/xmc4000/usbd_endpoint_stream_xmc4000.c ****   software and its documentation for any purpose is hereby granted
  54:../Dave/Generated/USBD/usb/core/xmc4000/usbd_endpoint_stream_xmc4000.c ****   without fee, provided that the above copyright notice appear in
  55:../Dave/Generated/USBD/usb/core/xmc4000/usbd_endpoint_stream_xmc4000.c ****   all copies and that both that the copyright notice and this
  56:../Dave/Generated/USBD/usb/core/xmc4000/usbd_endpoint_stream_xmc4000.c ****   permission notice and warranty disclaimer appear in supporting
  57:../Dave/Generated/USBD/usb/core/xmc4000/usbd_endpoint_stream_xmc4000.c ****   documentation, and that the name of the author not be used in
  58:../Dave/Generated/USBD/usb/core/xmc4000/usbd_endpoint_stream_xmc4000.c ****   advertising or publicity pertaining to distribution of the
  59:../Dave/Generated/USBD/usb/core/xmc4000/usbd_endpoint_stream_xmc4000.c ****   software without specific, written prior permission.
  60:../Dave/Generated/USBD/usb/core/xmc4000/usbd_endpoint_stream_xmc4000.c **** 
  61:../Dave/Generated/USBD/usb/core/xmc4000/usbd_endpoint_stream_xmc4000.c ****   The author disclaims all warranties with regard to this
  62:../Dave/Generated/USBD/usb/core/xmc4000/usbd_endpoint_stream_xmc4000.c ****   software, including all implied warranties of merchantability
  63:../Dave/Generated/USBD/usb/core/xmc4000/usbd_endpoint_stream_xmc4000.c ****   and fitness.  In no event shall the author be liable for any
  64:../Dave/Generated/USBD/usb/core/xmc4000/usbd_endpoint_stream_xmc4000.c ****   special, indirect or consequential damages or any damages
  65:../Dave/Generated/USBD/usb/core/xmc4000/usbd_endpoint_stream_xmc4000.c ****   whatsoever resulting from loss of use, data or profits, whether
  66:../Dave/Generated/USBD/usb/core/xmc4000/usbd_endpoint_stream_xmc4000.c ****   in an action of contract, negligence or other tortious action,
  67:../Dave/Generated/USBD/usb/core/xmc4000/usbd_endpoint_stream_xmc4000.c ****   arising out of or in connection with the use or performance of
  68:../Dave/Generated/USBD/usb/core/xmc4000/usbd_endpoint_stream_xmc4000.c ****   this software.
  69:../Dave/Generated/USBD/usb/core/xmc4000/usbd_endpoint_stream_xmc4000.c **** */
  70:../Dave/Generated/USBD/usb/core/xmc4000/usbd_endpoint_stream_xmc4000.c **** 
  71:../Dave/Generated/USBD/usb/core/xmc4000/usbd_endpoint_stream_xmc4000.c **** #include "../../../usbd.h"
  72:../Dave/Generated/USBD/usb/core/xmc4000/usbd_endpoint_stream_xmc4000.c **** #include "usbd_endpoint_stream_xmc4000.h"
  73:../Dave/Generated/USBD/usb/core/xmc4000/usbd_endpoint_stream_xmc4000.c **** #include "../endpoint_stream.h"
  74:../Dave/Generated/USBD/usb/core/xmc4000/usbd_endpoint_stream_xmc4000.c **** #include "../endpoint.h"
  75:../Dave/Generated/USBD/usb/core/xmc4000/usbd_endpoint_stream_xmc4000.c **** 
  76:../Dave/Generated/USBD/usb/core/xmc4000/usbd_endpoint_stream_xmc4000.c **** /*Flag to indicate the zlp to be sent or not*/
  77:../Dave/Generated/USBD/usb/core/xmc4000/usbd_endpoint_stream_xmc4000.c **** volatile uint8_t zlp_flag = 0;
  78:../Dave/Generated/USBD/usb/core/xmc4000/usbd_endpoint_stream_xmc4000.c **** 
  79:../Dave/Generated/USBD/usb/core/xmc4000/usbd_endpoint_stream_xmc4000.c **** uint8_t Endpoint_Write_Stream_LE (const void *const Buffer, uint16_t Length,
  80:../Dave/Generated/USBD/usb/core/xmc4000/usbd_endpoint_stream_xmc4000.c **** 											uint16_t *const BytesProcessed)
  81:../Dave/Generated/USBD/usb/core/xmc4000/usbd_endpoint_stream_xmc4000.c **** {
  34              	 .loc 1 81 0
  35              	 .cfi_startproc
  36              	 
  37              	 
  38 0000 80B5     	 push {r7,lr}
  39              	 .cfi_def_cfa_offset 8
  40              	 .cfi_offset 7,-8
  41              	 .cfi_offset 14,-4
  42 0002 88B0     	 sub sp,sp,#32
  43              	 .cfi_def_cfa_offset 40
  44 0004 00AF     	 add r7,sp,#0
  45              	 .cfi_def_cfa_register 7
  46 0006 F860     	 str r0,[r7,#12]
  47 0008 0B46     	 mov r3,r1
  48 000a 7A60     	 str r2,[r7,#4]
  49 000c 7B81     	 strh r3,[r7,#10]
  82:../Dave/Generated/USBD/usb/core/xmc4000/usbd_endpoint_stream_xmc4000.c **** 	USBD_Endpoint_t* ep = &device.Endpoints[device.CurrentEndpoint];
  50              	 .loc 1 82 0
  51 000e 3E4B     	 ldr r3,.L11
  52 0010 93F83C31 	 ldrb r3,[r3,#316]
  53 0014 1A46     	 mov r2,r3
  54 0016 2C23     	 movs r3,#44
  55 0018 03FB02F3 	 mul r3,r3,r2
  56 001c 3A4A     	 ldr r2,.L11
  57 001e 1344     	 add r3,r3,r2
  58 0020 0433     	 adds r3,r3,#4
  59 0022 BB61     	 str r3,[r7,#24]
  83:../Dave/Generated/USBD/usb/core/xmc4000/usbd_endpoint_stream_xmc4000.c **** 	uint16_t Bytes = 0;
  60              	 .loc 1 83 0
  61 0024 0023     	 movs r3,#0
  62 0026 FB83     	 strh r3,[r7,#30]
  84:../Dave/Generated/USBD/usb/core/xmc4000/usbd_endpoint_stream_xmc4000.c **** 	uint16_t BytesTransfered = 0;
  63              	 .loc 1 84 0
  64 0028 0023     	 movs r3,#0
  65 002a BB83     	 strh r3,[r7,#28]
  85:../Dave/Generated/USBD/usb/core/xmc4000/usbd_endpoint_stream_xmc4000.c **** 	uint8_t ErrorCode;
  86:../Dave/Generated/USBD/usb/core/xmc4000/usbd_endpoint_stream_xmc4000.c **** 
  87:../Dave/Generated/USBD/usb/core/xmc4000/usbd_endpoint_stream_xmc4000.c **** 	if (BytesProcessed!=NULL) 
  66              	 .loc 1 87 0
  67 002c 7B68     	 ldr r3,[r7,#4]
  68 002e 002B     	 cmp r3,#0
  69 0030 07D0     	 beq .L2
  88:../Dave/Generated/USBD/usb/core/xmc4000/usbd_endpoint_stream_xmc4000.c **** 	{
  89:../Dave/Generated/USBD/usb/core/xmc4000/usbd_endpoint_stream_xmc4000.c **** 		Length -= *BytesProcessed;
  70              	 .loc 1 89 0
  71 0032 7B68     	 ldr r3,[r7,#4]
  72 0034 1B88     	 ldrh r3,[r3]
  73 0036 7A89     	 ldrh r2,[r7,#10]
  74 0038 D31A     	 subs r3,r2,r3
  75 003a 7B81     	 strh r3,[r7,#10]
  90:../Dave/Generated/USBD/usb/core/xmc4000/usbd_endpoint_stream_xmc4000.c **** 		BytesTransfered = *BytesProcessed;
  76              	 .loc 1 90 0
  77 003c 7B68     	 ldr r3,[r7,#4]
  78 003e 1B88     	 ldrh r3,[r3]
  79 0040 BB83     	 strh r3,[r7,#28]
  80              	.L2:
  91:../Dave/Generated/USBD/usb/core/xmc4000/usbd_endpoint_stream_xmc4000.c **** 	}
  92:../Dave/Generated/USBD/usb/core/xmc4000/usbd_endpoint_stream_xmc4000.c **** 
  93:../Dave/Generated/USBD/usb/core/xmc4000/usbd_endpoint_stream_xmc4000.c **** 	while (Length) 
  81              	 .loc 1 93 0
  82 0042 58E0     	 b .L3
  83              	.L10:
  94:../Dave/Generated/USBD/usb/core/xmc4000/usbd_endpoint_stream_xmc4000.c **** 	{
  95:../Dave/Generated/USBD/usb/core/xmc4000/usbd_endpoint_stream_xmc4000.c **** 		if (ep->InInUse)
  84              	 .loc 1 95 0
  85 0044 BB69     	 ldr r3,[r7,#24]
  86 0046 5B68     	 ldr r3,[r3,#4]
  87 0048 1B09     	 lsrs r3,r3,#4
  88 004a 03F00103 	 and r3,r3,#1
  89 004e DBB2     	 uxtb r3,r3
  90 0050 002B     	 cmp r3,#0
  91 0052 00D0     	 beq .L4
  96:../Dave/Generated/USBD/usb/core/xmc4000/usbd_endpoint_stream_xmc4000.c **** 		{
  97:../Dave/Generated/USBD/usb/core/xmc4000/usbd_endpoint_stream_xmc4000.c **** 			continue;
  92              	 .loc 1 97 0
  93 0054 4FE0     	 b .L3
  94              	.L4:
  98:../Dave/Generated/USBD/usb/core/xmc4000/usbd_endpoint_stream_xmc4000.c **** 		}
  99:../Dave/Generated/USBD/usb/core/xmc4000/usbd_endpoint_stream_xmc4000.c **** 		if (Endpoint_IsReadWriteAllowed()) 
  95              	 .loc 1 99 0
  96 0056 FFF7FEFF 	 bl Endpoint_IsReadWriteAllowed
  97 005a 0346     	 mov r3,r0
  98 005c 002B     	 cmp r3,#0
  99 005e 2FD0     	 beq .L5
 100:../Dave/Generated/USBD/usb/core/xmc4000/usbd_endpoint_stream_xmc4000.c **** 		{
 101:../Dave/Generated/USBD/usb/core/xmc4000/usbd_endpoint_stream_xmc4000.c **** 			if((ep->InBufferLength - ep->InBytesAvailable)  > Length)
 100              	 .loc 1 101 0
 101 0060 BB69     	 ldr r3,[r7,#24]
 102 0062 1A6A     	 ldr r2,[r3,#32]
 103 0064 BB69     	 ldr r3,[r7,#24]
 104 0066 9B69     	 ldr r3,[r3,#24]
 105 0068 D21A     	 subs r2,r2,r3
 106 006a 7B89     	 ldrh r3,[r7,#10]
 107 006c 9A42     	 cmp r2,r3
 108 006e 02D9     	 bls .L6
 102:../Dave/Generated/USBD/usb/core/xmc4000/usbd_endpoint_stream_xmc4000.c **** 			{
 103:../Dave/Generated/USBD/usb/core/xmc4000/usbd_endpoint_stream_xmc4000.c **** 				Bytes = Length;
 109              	 .loc 1 103 0
 110 0070 7B89     	 ldrh r3,[r7,#10]
 111 0072 FB83     	 strh r3,[r7,#30]
 112 0074 07E0     	 b .L7
 113              	.L6:
 104:../Dave/Generated/USBD/usb/core/xmc4000/usbd_endpoint_stream_xmc4000.c **** 			}
 105:../Dave/Generated/USBD/usb/core/xmc4000/usbd_endpoint_stream_xmc4000.c **** 			else
 106:../Dave/Generated/USBD/usb/core/xmc4000/usbd_endpoint_stream_xmc4000.c **** 			{
 107:../Dave/Generated/USBD/usb/core/xmc4000/usbd_endpoint_stream_xmc4000.c **** 				Bytes = (ep->InBufferLength - ep->InBytesAvailable);
 114              	 .loc 1 107 0
 115 0076 BB69     	 ldr r3,[r7,#24]
 116 0078 1B6A     	 ldr r3,[r3,#32]
 117 007a 9AB2     	 uxth r2,r3
 118 007c BB69     	 ldr r3,[r7,#24]
 119 007e 9B69     	 ldr r3,[r3,#24]
 120 0080 9BB2     	 uxth r3,r3
 121 0082 D31A     	 subs r3,r2,r3
 122 0084 FB83     	 strh r3,[r7,#30]
 123              	.L7:
 108:../Dave/Generated/USBD/usb/core/xmc4000/usbd_endpoint_stream_xmc4000.c **** 			}
 109:../Dave/Generated/USBD/usb/core/xmc4000/usbd_endpoint_stream_xmc4000.c **** 			memcpy(ep->InBuffer + ep->InBytesAvailable,(uint8_t*)Buffer + BytesTransfered,Bytes);
 124              	 .loc 1 109 0
 125 0086 BB69     	 ldr r3,[r7,#24]
 126 0088 DA69     	 ldr r2,[r3,#28]
 127 008a BB69     	 ldr r3,[r7,#24]
 128 008c 9B69     	 ldr r3,[r3,#24]
 129 008e D118     	 adds r1,r2,r3
 130 0090 BB8B     	 ldrh r3,[r7,#28]
 131 0092 FA68     	 ldr r2,[r7,#12]
 132 0094 1A44     	 add r2,r2,r3
 133 0096 FB8B     	 ldrh r3,[r7,#30]
 134 0098 0846     	 mov r0,r1
 135 009a 1146     	 mov r1,r2
 136 009c 1A46     	 mov r2,r3
 137 009e FFF7FEFF 	 bl memcpy
 110:../Dave/Generated/USBD/usb/core/xmc4000/usbd_endpoint_stream_xmc4000.c **** 			ep->InBytesAvailable += Bytes;
 138              	 .loc 1 110 0
 139 00a2 BB69     	 ldr r3,[r7,#24]
 140 00a4 9A69     	 ldr r2,[r3,#24]
 141 00a6 FB8B     	 ldrh r3,[r7,#30]
 142 00a8 1A44     	 add r2,r2,r3
 143 00aa BB69     	 ldr r3,[r7,#24]
 144 00ac 9A61     	 str r2,[r3,#24]
 111:../Dave/Generated/USBD/usb/core/xmc4000/usbd_endpoint_stream_xmc4000.c **** 			BytesTransfered += Bytes;
 145              	 .loc 1 111 0
 146 00ae BA8B     	 ldrh r2,[r7,#28]
 147 00b0 FB8B     	 ldrh r3,[r7,#30]
 148 00b2 1344     	 add r3,r3,r2
 149 00b4 BB83     	 strh r3,[r7,#28]
 112:../Dave/Generated/USBD/usb/core/xmc4000/usbd_endpoint_stream_xmc4000.c **** 			Length -= Bytes;
 150              	 .loc 1 112 0
 151 00b6 7A89     	 ldrh r2,[r7,#10]
 152 00b8 FB8B     	 ldrh r3,[r7,#30]
 153 00ba D31A     	 subs r3,r2,r3
 154 00bc 7B81     	 strh r3,[r7,#10]
 155 00be 1AE0     	 b .L3
 156              	.L5:
 113:../Dave/Generated/USBD/usb/core/xmc4000/usbd_endpoint_stream_xmc4000.c **** 		}
 114:../Dave/Generated/USBD/usb/core/xmc4000/usbd_endpoint_stream_xmc4000.c **** 		else 
 115:../Dave/Generated/USBD/usb/core/xmc4000/usbd_endpoint_stream_xmc4000.c **** 		{
 116:../Dave/Generated/USBD/usb/core/xmc4000/usbd_endpoint_stream_xmc4000.c **** 			Endpoint_ClearIN();
 157              	 .loc 1 116 0
 158 00c0 FFF7FEFF 	 bl Endpoint_ClearIN
 117:../Dave/Generated/USBD/usb/core/xmc4000/usbd_endpoint_stream_xmc4000.c **** 			if(Length < ep->MaxPacketSize)
 159              	 .loc 1 117 0
 160 00c4 7B89     	 ldrh r3,[r7,#10]
 161 00c6 BA69     	 ldr r2,[r7,#24]
 162 00c8 9288     	 ldrh r2,[r2,#4]
 163 00ca C2F38612 	 ubfx r2,r2,#6,#7
 164 00ce D2B2     	 uxtb r2,r2
 165 00d0 9342     	 cmp r3,r2
 166 00d2 07DA     	 bge .L8
 118:../Dave/Generated/USBD/usb/core/xmc4000/usbd_endpoint_stream_xmc4000.c **** 			{
 119:../Dave/Generated/USBD/usb/core/xmc4000/usbd_endpoint_stream_xmc4000.c **** 				if (BytesProcessed!=NULL) 
 167              	 .loc 1 119 0
 168 00d4 7B68     	 ldr r3,[r7,#4]
 169 00d6 002B     	 cmp r3,#0
 170 00d8 04D0     	 beq .L8
 120:../Dave/Generated/USBD/usb/core/xmc4000/usbd_endpoint_stream_xmc4000.c **** 				{
 121:../Dave/Generated/USBD/usb/core/xmc4000/usbd_endpoint_stream_xmc4000.c **** 					*BytesProcessed = BytesTransfered;
 171              	 .loc 1 121 0
 172 00da 7B68     	 ldr r3,[r7,#4]
 173 00dc BA8B     	 ldrh r2,[r7,#28]
 174 00de 1A80     	 strh r2,[r3]
 122:../Dave/Generated/USBD/usb/core/xmc4000/usbd_endpoint_stream_xmc4000.c **** 					return ENDPOINT_RWSTREAM_IncompleteTransfer;
 175              	 .loc 1 122 0
 176 00e0 0523     	 movs r3,#5
 177 00e2 0CE0     	 b .L9
 178              	.L8:
 123:../Dave/Generated/USBD/usb/core/xmc4000/usbd_endpoint_stream_xmc4000.c **** 				}
 124:../Dave/Generated/USBD/usb/core/xmc4000/usbd_endpoint_stream_xmc4000.c **** 			}
 125:../Dave/Generated/USBD/usb/core/xmc4000/usbd_endpoint_stream_xmc4000.c **** 
 126:../Dave/Generated/USBD/usb/core/xmc4000/usbd_endpoint_stream_xmc4000.c **** 			ErrorCode = Endpoint_WaitUntilReady();
 179              	 .loc 1 126 0
 180 00e4 FFF7FEFF 	 bl Endpoint_WaitUntilReady
 181 00e8 0346     	 mov r3,r0
 182 00ea FB75     	 strb r3,[r7,#23]
 127:../Dave/Generated/USBD/usb/core/xmc4000/usbd_endpoint_stream_xmc4000.c **** 			if (ErrorCode) 
 183              	 .loc 1 127 0
 184 00ec FB7D     	 ldrb r3,[r7,#23]
 185 00ee 002B     	 cmp r3,#0
 186 00f0 01D0     	 beq .L3
 128:../Dave/Generated/USBD/usb/core/xmc4000/usbd_endpoint_stream_xmc4000.c **** 			{
 129:../Dave/Generated/USBD/usb/core/xmc4000/usbd_endpoint_stream_xmc4000.c **** 				return ErrorCode;
 187              	 .loc 1 129 0
 188 00f2 FB7D     	 ldrb r3,[r7,#23]
 189 00f4 03E0     	 b .L9
 190              	.L3:
  93:../Dave/Generated/USBD/usb/core/xmc4000/usbd_endpoint_stream_xmc4000.c **** 	{
 191              	 .loc 1 93 0
 192 00f6 7B89     	 ldrh r3,[r7,#10]
 193 00f8 002B     	 cmp r3,#0
 194 00fa A3D1     	 bne .L10
 130:../Dave/Generated/USBD/usb/core/xmc4000/usbd_endpoint_stream_xmc4000.c **** 			}
 131:../Dave/Generated/USBD/usb/core/xmc4000/usbd_endpoint_stream_xmc4000.c **** 		}
 132:../Dave/Generated/USBD/usb/core/xmc4000/usbd_endpoint_stream_xmc4000.c **** 	}
 133:../Dave/Generated/USBD/usb/core/xmc4000/usbd_endpoint_stream_xmc4000.c **** 	
 134:../Dave/Generated/USBD/usb/core/xmc4000/usbd_endpoint_stream_xmc4000.c **** 	return ENDPOINT_RWSTREAM_NoError;
 195              	 .loc 1 134 0
 196 00fc 0023     	 movs r3,#0
 197              	.L9:
 135:../Dave/Generated/USBD/usb/core/xmc4000/usbd_endpoint_stream_xmc4000.c **** }
 198              	 .loc 1 135 0
 199 00fe 1846     	 mov r0,r3
 200 0100 2037     	 adds r7,r7,#32
 201              	 .cfi_def_cfa_offset 8
 202 0102 BD46     	 mov sp,r7
 203              	 .cfi_def_cfa_register 13
 204              	 
 205 0104 80BD     	 pop {r7,pc}
 206              	.L12:
 207 0106 00BF     	 .align 2
 208              	.L11:
 209 0108 00000000 	 .word device
 210              	 .cfi_endproc
 211              	.LFE191:
 213              	 .section .text.SwapCopy,"ax",%progbits
 214              	 .align 2
 215              	 .global SwapCopy
 216              	 .thumb
 217              	 .thumb_func
 219              	SwapCopy:
 220              	.LFB192:
 136:../Dave/Generated/USBD/usb/core/xmc4000/usbd_endpoint_stream_xmc4000.c **** 
 137:../Dave/Generated/USBD/usb/core/xmc4000/usbd_endpoint_stream_xmc4000.c **** void SwapCopy(void *const Dest, const void *const Src,uint32_t Length) 
 138:../Dave/Generated/USBD/usb/core/xmc4000/usbd_endpoint_stream_xmc4000.c **** {
 221              	 .loc 1 138 0
 222              	 .cfi_startproc
 223              	 
 224              	 
 225              	 
 226 0000 80B4     	 push {r7}
 227              	 .cfi_def_cfa_offset 4
 228              	 .cfi_offset 7,-4
 229 0002 87B0     	 sub sp,sp,#28
 230              	 .cfi_def_cfa_offset 32
 231 0004 00AF     	 add r7,sp,#0
 232              	 .cfi_def_cfa_register 7
 233 0006 F860     	 str r0,[r7,#12]
 234 0008 B960     	 str r1,[r7,#8]
 235 000a 7A60     	 str r2,[r7,#4]
 139:../Dave/Generated/USBD/usb/core/xmc4000/usbd_endpoint_stream_xmc4000.c **** 	uint32_t i = 0;
 236              	 .loc 1 139 0
 237 000c 0023     	 movs r3,#0
 238 000e 7B61     	 str r3,[r7,#20]
 140:../Dave/Generated/USBD/usb/core/xmc4000/usbd_endpoint_stream_xmc4000.c **** 	while(i<Length) {
 239              	 .loc 1 140 0
 240 0010 0DE0     	 b .L14
 241              	.L15:
 141:../Dave/Generated/USBD/usb/core/xmc4000/usbd_endpoint_stream_xmc4000.c **** 		*(uint8_t*)((uint8_t*)Dest + (Length - 1 - i)) =
 242              	 .loc 1 141 0
 243 0012 7A68     	 ldr r2,[r7,#4]
 244 0014 7B69     	 ldr r3,[r7,#20]
 245 0016 D31A     	 subs r3,r2,r3
 246 0018 013B     	 subs r3,r3,#1
 247 001a FA68     	 ldr r2,[r7,#12]
 248 001c 1344     	 add r3,r3,r2
 142:../Dave/Generated/USBD/usb/core/xmc4000/usbd_endpoint_stream_xmc4000.c **** 											*(uint8_t*)((uint8_t*)Src + i);
 249              	 .loc 1 142 0
 250 001e B968     	 ldr r1,[r7,#8]
 251 0020 7A69     	 ldr r2,[r7,#20]
 252 0022 0A44     	 add r2,r2,r1
 253 0024 1278     	 ldrb r2,[r2]
 141:../Dave/Generated/USBD/usb/core/xmc4000/usbd_endpoint_stream_xmc4000.c **** 		*(uint8_t*)((uint8_t*)Dest + (Length - 1 - i)) =
 254              	 .loc 1 141 0
 255 0026 1A70     	 strb r2,[r3]
 143:../Dave/Generated/USBD/usb/core/xmc4000/usbd_endpoint_stream_xmc4000.c **** 		i++;
 256              	 .loc 1 143 0
 257 0028 7B69     	 ldr r3,[r7,#20]
 258 002a 0133     	 adds r3,r3,#1
 259 002c 7B61     	 str r3,[r7,#20]
 260              	.L14:
 140:../Dave/Generated/USBD/usb/core/xmc4000/usbd_endpoint_stream_xmc4000.c **** 		*(uint8_t*)((uint8_t*)Dest + (Length - 1 - i)) =
 261              	 .loc 1 140 0
 262 002e 7A69     	 ldr r2,[r7,#20]
 263 0030 7B68     	 ldr r3,[r7,#4]
 264 0032 9A42     	 cmp r2,r3
 265 0034 EDD3     	 bcc .L15
 144:../Dave/Generated/USBD/usb/core/xmc4000/usbd_endpoint_stream_xmc4000.c **** 	}
 145:../Dave/Generated/USBD/usb/core/xmc4000/usbd_endpoint_stream_xmc4000.c **** }
 266              	 .loc 1 145 0
 267 0036 1C37     	 adds r7,r7,#28
 268              	 .cfi_def_cfa_offset 4
 269 0038 BD46     	 mov sp,r7
 270              	 .cfi_def_cfa_register 13
 271              	 
 272 003a 5DF8047B 	 ldr r7,[sp],#4
 273              	 .cfi_restore 7
 274              	 .cfi_def_cfa_offset 0
 275 003e 7047     	 bx lr
 276              	 .cfi_endproc
 277              	.LFE192:
 279              	 .section .text.Endpoint_Write_Stream_BE,"ax",%progbits
 280              	 .align 2
 281              	 .global Endpoint_Write_Stream_BE
 282              	 .thumb
 283              	 .thumb_func
 285              	Endpoint_Write_Stream_BE:
 286              	.LFB193:
 146:../Dave/Generated/USBD/usb/core/xmc4000/usbd_endpoint_stream_xmc4000.c **** uint8_t	Endpoint_Write_Stream_BE (const void *const Buffer, uint16_t Length,
 147:../Dave/Generated/USBD/usb/core/xmc4000/usbd_endpoint_stream_xmc4000.c **** 											uint16_t *const BytesProcessed)
 148:../Dave/Generated/USBD/usb/core/xmc4000/usbd_endpoint_stream_xmc4000.c **** {
 287              	 .loc 1 148 0
 288              	 .cfi_startproc
 289              	 
 290              	 
 291 0000 80B5     	 push {r7,lr}
 292              	 .cfi_def_cfa_offset 8
 293              	 .cfi_offset 7,-8
 294              	 .cfi_offset 14,-4
 295 0002 88B0     	 sub sp,sp,#32
 296              	 .cfi_def_cfa_offset 40
 297 0004 00AF     	 add r7,sp,#0
 298              	 .cfi_def_cfa_register 7
 299 0006 F860     	 str r0,[r7,#12]
 300 0008 0B46     	 mov r3,r1
 301 000a 7A60     	 str r2,[r7,#4]
 302 000c 7B81     	 strh r3,[r7,#10]
 149:../Dave/Generated/USBD/usb/core/xmc4000/usbd_endpoint_stream_xmc4000.c **** 	USBD_Endpoint_t* ep = &device.Endpoints[device.CurrentEndpoint];
 303              	 .loc 1 149 0
 304 000e 3A4B     	 ldr r3,.L26
 305 0010 93F83C31 	 ldrb r3,[r3,#316]
 306 0014 1A46     	 mov r2,r3
 307 0016 2C23     	 movs r3,#44
 308 0018 03FB02F3 	 mul r3,r3,r2
 309 001c 364A     	 ldr r2,.L26
 310 001e 1344     	 add r3,r3,r2
 311 0020 0433     	 adds r3,r3,#4
 312 0022 BB61     	 str r3,[r7,#24]
 150:../Dave/Generated/USBD/usb/core/xmc4000/usbd_endpoint_stream_xmc4000.c **** 	uint16_t Bytes = 0;
 313              	 .loc 1 150 0
 314 0024 0023     	 movs r3,#0
 315 0026 FB83     	 strh r3,[r7,#30]
 151:../Dave/Generated/USBD/usb/core/xmc4000/usbd_endpoint_stream_xmc4000.c **** 	uint16_t BytesTransfered = 0;
 316              	 .loc 1 151 0
 317 0028 0023     	 movs r3,#0
 318 002a BB83     	 strh r3,[r7,#28]
 152:../Dave/Generated/USBD/usb/core/xmc4000/usbd_endpoint_stream_xmc4000.c **** 	uint8_t ErrorCode;
 153:../Dave/Generated/USBD/usb/core/xmc4000/usbd_endpoint_stream_xmc4000.c **** 
 154:../Dave/Generated/USBD/usb/core/xmc4000/usbd_endpoint_stream_xmc4000.c **** 	if (BytesProcessed!=NULL) 
 319              	 .loc 1 154 0
 320 002c 7B68     	 ldr r3,[r7,#4]
 321 002e 002B     	 cmp r3,#0
 322 0030 07D0     	 beq .L17
 155:../Dave/Generated/USBD/usb/core/xmc4000/usbd_endpoint_stream_xmc4000.c **** 	{
 156:../Dave/Generated/USBD/usb/core/xmc4000/usbd_endpoint_stream_xmc4000.c **** 		Length -= *BytesProcessed;
 323              	 .loc 1 156 0
 324 0032 7B68     	 ldr r3,[r7,#4]
 325 0034 1B88     	 ldrh r3,[r3]
 326 0036 7A89     	 ldrh r2,[r7,#10]
 327 0038 D31A     	 subs r3,r2,r3
 328 003a 7B81     	 strh r3,[r7,#10]
 157:../Dave/Generated/USBD/usb/core/xmc4000/usbd_endpoint_stream_xmc4000.c **** 		BytesTransfered = *BytesProcessed;
 329              	 .loc 1 157 0
 330 003c 7B68     	 ldr r3,[r7,#4]
 331 003e 1B88     	 ldrh r3,[r3]
 332 0040 BB83     	 strh r3,[r7,#28]
 333              	.L17:
 158:../Dave/Generated/USBD/usb/core/xmc4000/usbd_endpoint_stream_xmc4000.c **** 	}
 159:../Dave/Generated/USBD/usb/core/xmc4000/usbd_endpoint_stream_xmc4000.c **** 
 160:../Dave/Generated/USBD/usb/core/xmc4000/usbd_endpoint_stream_xmc4000.c **** 	while (Length) 
 334              	 .loc 1 160 0
 335 0042 50E0     	 b .L18
 336              	.L25:
 161:../Dave/Generated/USBD/usb/core/xmc4000/usbd_endpoint_stream_xmc4000.c **** 	{
 162:../Dave/Generated/USBD/usb/core/xmc4000/usbd_endpoint_stream_xmc4000.c **** 		if (ep->InInUse)
 337              	 .loc 1 162 0
 338 0044 BB69     	 ldr r3,[r7,#24]
 339 0046 5B68     	 ldr r3,[r3,#4]
 340 0048 1B09     	 lsrs r3,r3,#4
 341 004a 03F00103 	 and r3,r3,#1
 342 004e DBB2     	 uxtb r3,r3
 343 0050 002B     	 cmp r3,#0
 344 0052 00D0     	 beq .L19
 163:../Dave/Generated/USBD/usb/core/xmc4000/usbd_endpoint_stream_xmc4000.c **** 		{
 164:../Dave/Generated/USBD/usb/core/xmc4000/usbd_endpoint_stream_xmc4000.c **** 			continue;
 345              	 .loc 1 164 0
 346 0054 47E0     	 b .L18
 347              	.L19:
 165:../Dave/Generated/USBD/usb/core/xmc4000/usbd_endpoint_stream_xmc4000.c **** 		}
 166:../Dave/Generated/USBD/usb/core/xmc4000/usbd_endpoint_stream_xmc4000.c **** 		if (Endpoint_IsReadWriteAllowed()) 
 348              	 .loc 1 166 0
 349 0056 FFF7FEFF 	 bl Endpoint_IsReadWriteAllowed
 350 005a 0346     	 mov r3,r0
 351 005c 002B     	 cmp r3,#0
 352 005e 2FD0     	 beq .L20
 167:../Dave/Generated/USBD/usb/core/xmc4000/usbd_endpoint_stream_xmc4000.c **** 		{
 168:../Dave/Generated/USBD/usb/core/xmc4000/usbd_endpoint_stream_xmc4000.c **** 			if((ep->InBufferLength - ep->InBytesAvailable)  > Length)
 353              	 .loc 1 168 0
 354 0060 BB69     	 ldr r3,[r7,#24]
 355 0062 1A6A     	 ldr r2,[r3,#32]
 356 0064 BB69     	 ldr r3,[r7,#24]
 357 0066 9B69     	 ldr r3,[r3,#24]
 358 0068 D21A     	 subs r2,r2,r3
 359 006a 7B89     	 ldrh r3,[r7,#10]
 360 006c 9A42     	 cmp r2,r3
 361 006e 02D9     	 bls .L21
 169:../Dave/Generated/USBD/usb/core/xmc4000/usbd_endpoint_stream_xmc4000.c **** 			{
 170:../Dave/Generated/USBD/usb/core/xmc4000/usbd_endpoint_stream_xmc4000.c **** 				Bytes = Length;
 362              	 .loc 1 170 0
 363 0070 7B89     	 ldrh r3,[r7,#10]
 364 0072 FB83     	 strh r3,[r7,#30]
 365 0074 07E0     	 b .L22
 366              	.L21:
 171:../Dave/Generated/USBD/usb/core/xmc4000/usbd_endpoint_stream_xmc4000.c **** 			}
 172:../Dave/Generated/USBD/usb/core/xmc4000/usbd_endpoint_stream_xmc4000.c **** 			else
 173:../Dave/Generated/USBD/usb/core/xmc4000/usbd_endpoint_stream_xmc4000.c **** 			{
 174:../Dave/Generated/USBD/usb/core/xmc4000/usbd_endpoint_stream_xmc4000.c **** 				Bytes = (ep->InBufferLength - ep->InBytesAvailable);
 367              	 .loc 1 174 0
 368 0076 BB69     	 ldr r3,[r7,#24]
 369 0078 1B6A     	 ldr r3,[r3,#32]
 370 007a 9AB2     	 uxth r2,r3
 371 007c BB69     	 ldr r3,[r7,#24]
 372 007e 9B69     	 ldr r3,[r3,#24]
 373 0080 9BB2     	 uxth r3,r3
 374 0082 D31A     	 subs r3,r2,r3
 375 0084 FB83     	 strh r3,[r7,#30]
 376              	.L22:
 175:../Dave/Generated/USBD/usb/core/xmc4000/usbd_endpoint_stream_xmc4000.c **** 			}
 176:../Dave/Generated/USBD/usb/core/xmc4000/usbd_endpoint_stream_xmc4000.c **** 
 177:../Dave/Generated/USBD/usb/core/xmc4000/usbd_endpoint_stream_xmc4000.c **** 			SwapCopy(ep->InBuffer + ep->InBytesAvailable,
 377              	 .loc 1 177 0
 378 0086 BB69     	 ldr r3,[r7,#24]
 379 0088 DA69     	 ldr r2,[r3,#28]
 380 008a BB69     	 ldr r3,[r7,#24]
 381 008c 9B69     	 ldr r3,[r3,#24]
 382 008e D118     	 adds r1,r2,r3
 383 0090 BB8B     	 ldrh r3,[r7,#28]
 384 0092 FA68     	 ldr r2,[r7,#12]
 385 0094 1A44     	 add r2,r2,r3
 386 0096 FB8B     	 ldrh r3,[r7,#30]
 387 0098 0846     	 mov r0,r1
 388 009a 1146     	 mov r1,r2
 389 009c 1A46     	 mov r2,r3
 390 009e FFF7FEFF 	 bl SwapCopy
 178:../Dave/Generated/USBD/usb/core/xmc4000/usbd_endpoint_stream_xmc4000.c **** 								(uint8_t*)Buffer + BytesTransfered,Bytes);
 179:../Dave/Generated/USBD/usb/core/xmc4000/usbd_endpoint_stream_xmc4000.c **** 			ep->InBytesAvailable += Bytes;
 391              	 .loc 1 179 0
 392 00a2 BB69     	 ldr r3,[r7,#24]
 393 00a4 9A69     	 ldr r2,[r3,#24]
 394 00a6 FB8B     	 ldrh r3,[r7,#30]
 395 00a8 1A44     	 add r2,r2,r3
 396 00aa BB69     	 ldr r3,[r7,#24]
 397 00ac 9A61     	 str r2,[r3,#24]
 180:../Dave/Generated/USBD/usb/core/xmc4000/usbd_endpoint_stream_xmc4000.c **** 			BytesTransfered += Bytes;
 398              	 .loc 1 180 0
 399 00ae BA8B     	 ldrh r2,[r7,#28]
 400 00b0 FB8B     	 ldrh r3,[r7,#30]
 401 00b2 1344     	 add r3,r3,r2
 402 00b4 BB83     	 strh r3,[r7,#28]
 181:../Dave/Generated/USBD/usb/core/xmc4000/usbd_endpoint_stream_xmc4000.c **** 			Length -= Bytes;
 403              	 .loc 1 181 0
 404 00b6 7A89     	 ldrh r2,[r7,#10]
 405 00b8 FB8B     	 ldrh r3,[r7,#30]
 406 00ba D31A     	 subs r3,r2,r3
 407 00bc 7B81     	 strh r3,[r7,#10]
 408 00be 12E0     	 b .L18
 409              	.L20:
 182:../Dave/Generated/USBD/usb/core/xmc4000/usbd_endpoint_stream_xmc4000.c **** 		}
 183:../Dave/Generated/USBD/usb/core/xmc4000/usbd_endpoint_stream_xmc4000.c **** 		else 
 184:../Dave/Generated/USBD/usb/core/xmc4000/usbd_endpoint_stream_xmc4000.c **** 		{
 185:../Dave/Generated/USBD/usb/core/xmc4000/usbd_endpoint_stream_xmc4000.c **** 			Endpoint_ClearIN();
 410              	 .loc 1 185 0
 411 00c0 FFF7FEFF 	 bl Endpoint_ClearIN
 186:../Dave/Generated/USBD/usb/core/xmc4000/usbd_endpoint_stream_xmc4000.c **** 			if (BytesProcessed!=NULL) 
 412              	 .loc 1 186 0
 413 00c4 7B68     	 ldr r3,[r7,#4]
 414 00c6 002B     	 cmp r3,#0
 415 00c8 04D0     	 beq .L23
 187:../Dave/Generated/USBD/usb/core/xmc4000/usbd_endpoint_stream_xmc4000.c **** 			{
 188:../Dave/Generated/USBD/usb/core/xmc4000/usbd_endpoint_stream_xmc4000.c **** 				*BytesProcessed = BytesTransfered;
 416              	 .loc 1 188 0
 417 00ca 7B68     	 ldr r3,[r7,#4]
 418 00cc BA8B     	 ldrh r2,[r7,#28]
 419 00ce 1A80     	 strh r2,[r3]
 189:../Dave/Generated/USBD/usb/core/xmc4000/usbd_endpoint_stream_xmc4000.c **** 				return ENDPOINT_RWSTREAM_IncompleteTransfer;
 420              	 .loc 1 189 0
 421 00d0 0523     	 movs r3,#5
 422 00d2 0CE0     	 b .L24
 423              	.L23:
 190:../Dave/Generated/USBD/usb/core/xmc4000/usbd_endpoint_stream_xmc4000.c **** 			}
 191:../Dave/Generated/USBD/usb/core/xmc4000/usbd_endpoint_stream_xmc4000.c **** 
 192:../Dave/Generated/USBD/usb/core/xmc4000/usbd_endpoint_stream_xmc4000.c **** 			ErrorCode = Endpoint_WaitUntilReady();
 424              	 .loc 1 192 0
 425 00d4 FFF7FEFF 	 bl Endpoint_WaitUntilReady
 426 00d8 0346     	 mov r3,r0
 427 00da FB75     	 strb r3,[r7,#23]
 193:../Dave/Generated/USBD/usb/core/xmc4000/usbd_endpoint_stream_xmc4000.c **** 			if (ErrorCode) 
 428              	 .loc 1 193 0
 429 00dc FB7D     	 ldrb r3,[r7,#23]
 430 00de 002B     	 cmp r3,#0
 431 00e0 01D0     	 beq .L18
 194:../Dave/Generated/USBD/usb/core/xmc4000/usbd_endpoint_stream_xmc4000.c **** 			{
 195:../Dave/Generated/USBD/usb/core/xmc4000/usbd_endpoint_stream_xmc4000.c **** 				return ErrorCode;
 432              	 .loc 1 195 0
 433 00e2 FB7D     	 ldrb r3,[r7,#23]
 434 00e4 03E0     	 b .L24
 435              	.L18:
 160:../Dave/Generated/USBD/usb/core/xmc4000/usbd_endpoint_stream_xmc4000.c **** 	{
 436              	 .loc 1 160 0
 437 00e6 7B89     	 ldrh r3,[r7,#10]
 438 00e8 002B     	 cmp r3,#0
 439 00ea ABD1     	 bne .L25
 196:../Dave/Generated/USBD/usb/core/xmc4000/usbd_endpoint_stream_xmc4000.c **** 			}
 197:../Dave/Generated/USBD/usb/core/xmc4000/usbd_endpoint_stream_xmc4000.c **** 		}
 198:../Dave/Generated/USBD/usb/core/xmc4000/usbd_endpoint_stream_xmc4000.c **** 	}
 199:../Dave/Generated/USBD/usb/core/xmc4000/usbd_endpoint_stream_xmc4000.c **** 	return ENDPOINT_RWSTREAM_NoError;
 440              	 .loc 1 199 0
 441 00ec 0023     	 movs r3,#0
 442              	.L24:
 200:../Dave/Generated/USBD/usb/core/xmc4000/usbd_endpoint_stream_xmc4000.c **** }
 443              	 .loc 1 200 0
 444 00ee 1846     	 mov r0,r3
 445 00f0 2037     	 adds r7,r7,#32
 446              	 .cfi_def_cfa_offset 8
 447 00f2 BD46     	 mov sp,r7
 448              	 .cfi_def_cfa_register 13
 449              	 
 450 00f4 80BD     	 pop {r7,pc}
 451              	.L27:
 452 00f6 00BF     	 .align 2
 453              	.L26:
 454 00f8 00000000 	 .word device
 455              	 .cfi_endproc
 456              	.LFE193:
 458              	 .section .text.Endpoint_Read_Stream_LE,"ax",%progbits
 459              	 .align 2
 460              	 .global Endpoint_Read_Stream_LE
 461              	 .thumb
 462              	 .thumb_func
 464              	Endpoint_Read_Stream_LE:
 465              	.LFB194:
 201:../Dave/Generated/USBD/usb/core/xmc4000/usbd_endpoint_stream_xmc4000.c **** 
 202:../Dave/Generated/USBD/usb/core/xmc4000/usbd_endpoint_stream_xmc4000.c **** uint8_t	Endpoint_Read_Stream_LE (void *const Buffer, uint16_t Length,
 203:../Dave/Generated/USBD/usb/core/xmc4000/usbd_endpoint_stream_xmc4000.c **** 									uint16_t *const BytesProcessed)
 204:../Dave/Generated/USBD/usb/core/xmc4000/usbd_endpoint_stream_xmc4000.c **** {
 466              	 .loc 1 204 0
 467              	 .cfi_startproc
 468              	 
 469              	 
 470 0000 80B5     	 push {r7,lr}
 471              	 .cfi_def_cfa_offset 8
 472              	 .cfi_offset 7,-8
 473              	 .cfi_offset 14,-4
 474 0002 88B0     	 sub sp,sp,#32
 475              	 .cfi_def_cfa_offset 40
 476 0004 00AF     	 add r7,sp,#0
 477              	 .cfi_def_cfa_register 7
 478 0006 F860     	 str r0,[r7,#12]
 479 0008 0B46     	 mov r3,r1
 480 000a 7A60     	 str r2,[r7,#4]
 481 000c 7B81     	 strh r3,[r7,#10]
 205:../Dave/Generated/USBD/usb/core/xmc4000/usbd_endpoint_stream_xmc4000.c **** 	USBD_Endpoint_t* ep = &device.Endpoints[device.CurrentEndpoint];
 482              	 .loc 1 205 0
 483 000e 394B     	 ldr r3,.L38
 484 0010 93F83C31 	 ldrb r3,[r3,#316]
 485 0014 1A46     	 mov r2,r3
 486 0016 2C23     	 movs r3,#44
 487 0018 03FB02F3 	 mul r3,r3,r2
 488 001c 354A     	 ldr r2,.L38
 489 001e 1344     	 add r3,r3,r2
 490 0020 0433     	 adds r3,r3,#4
 491 0022 BB61     	 str r3,[r7,#24]
 206:../Dave/Generated/USBD/usb/core/xmc4000/usbd_endpoint_stream_xmc4000.c **** 	uint16_t Bytes = 0;
 492              	 .loc 1 206 0
 493 0024 0023     	 movs r3,#0
 494 0026 FB83     	 strh r3,[r7,#30]
 207:../Dave/Generated/USBD/usb/core/xmc4000/usbd_endpoint_stream_xmc4000.c **** 	uint16_t BytesTransfered = 0;
 495              	 .loc 1 207 0
 496 0028 0023     	 movs r3,#0
 497 002a BB83     	 strh r3,[r7,#28]
 208:../Dave/Generated/USBD/usb/core/xmc4000/usbd_endpoint_stream_xmc4000.c **** 	uint8_t ErrorCode;
 209:../Dave/Generated/USBD/usb/core/xmc4000/usbd_endpoint_stream_xmc4000.c **** 
 210:../Dave/Generated/USBD/usb/core/xmc4000/usbd_endpoint_stream_xmc4000.c **** 	if (BytesProcessed!=NULL) 
 498              	 .loc 1 210 0
 499 002c 7B68     	 ldr r3,[r7,#4]
 500 002e 002B     	 cmp r3,#0
 501 0030 07D0     	 beq .L29
 211:../Dave/Generated/USBD/usb/core/xmc4000/usbd_endpoint_stream_xmc4000.c **** 	{
 212:../Dave/Generated/USBD/usb/core/xmc4000/usbd_endpoint_stream_xmc4000.c **** 		Length -= *BytesProcessed;
 502              	 .loc 1 212 0
 503 0032 7B68     	 ldr r3,[r7,#4]
 504 0034 1B88     	 ldrh r3,[r3]
 505 0036 7A89     	 ldrh r2,[r7,#10]
 506 0038 D31A     	 subs r3,r2,r3
 507 003a 7B81     	 strh r3,[r7,#10]
 213:../Dave/Generated/USBD/usb/core/xmc4000/usbd_endpoint_stream_xmc4000.c **** 		BytesTransfered = *BytesProcessed;
 508              	 .loc 1 213 0
 509 003c 7B68     	 ldr r3,[r7,#4]
 510 003e 1B88     	 ldrh r3,[r3]
 511 0040 BB83     	 strh r3,[r7,#28]
 512              	.L29:
 214:../Dave/Generated/USBD/usb/core/xmc4000/usbd_endpoint_stream_xmc4000.c **** 	}
 215:../Dave/Generated/USBD/usb/core/xmc4000/usbd_endpoint_stream_xmc4000.c **** 
 216:../Dave/Generated/USBD/usb/core/xmc4000/usbd_endpoint_stream_xmc4000.c **** 	while (Length) 
 513              	 .loc 1 216 0
 514 0042 4EE0     	 b .L30
 515              	.L37:
 217:../Dave/Generated/USBD/usb/core/xmc4000/usbd_endpoint_stream_xmc4000.c **** 	{
 218:../Dave/Generated/USBD/usb/core/xmc4000/usbd_endpoint_stream_xmc4000.c **** 		if (ep->OutInUse)
 516              	 .loc 1 218 0
 517 0044 BB69     	 ldr r3,[r7,#24]
 518 0046 5B68     	 ldr r3,[r3,#4]
 519 0048 DB08     	 lsrs r3,r3,#3
 520 004a 03F00103 	 and r3,r3,#1
 521 004e DBB2     	 uxtb r3,r3
 522 0050 002B     	 cmp r3,#0
 523 0052 00D0     	 beq .L31
 219:../Dave/Generated/USBD/usb/core/xmc4000/usbd_endpoint_stream_xmc4000.c **** 		{
 220:../Dave/Generated/USBD/usb/core/xmc4000/usbd_endpoint_stream_xmc4000.c **** 			continue;
 524              	 .loc 1 220 0
 525 0054 45E0     	 b .L30
 526              	.L31:
 221:../Dave/Generated/USBD/usb/core/xmc4000/usbd_endpoint_stream_xmc4000.c **** 		}
 222:../Dave/Generated/USBD/usb/core/xmc4000/usbd_endpoint_stream_xmc4000.c **** 		if (Endpoint_IsReadWriteAllowed()) 
 527              	 .loc 1 222 0
 528 0056 FFF7FEFF 	 bl Endpoint_IsReadWriteAllowed
 529 005a 0346     	 mov r3,r0
 530 005c 002B     	 cmp r3,#0
 531 005e 2DD0     	 beq .L32
 223:../Dave/Generated/USBD/usb/core/xmc4000/usbd_endpoint_stream_xmc4000.c **** 		{
 224:../Dave/Generated/USBD/usb/core/xmc4000/usbd_endpoint_stream_xmc4000.c **** 			if(ep->OutBytesAvailable  > Length)
 532              	 .loc 1 224 0
 533 0060 BB69     	 ldr r3,[r7,#24]
 534 0062 9A68     	 ldr r2,[r3,#8]
 535 0064 7B89     	 ldrh r3,[r7,#10]
 536 0066 9A42     	 cmp r2,r3
 537 0068 02D9     	 bls .L33
 225:../Dave/Generated/USBD/usb/core/xmc4000/usbd_endpoint_stream_xmc4000.c **** 			{
 226:../Dave/Generated/USBD/usb/core/xmc4000/usbd_endpoint_stream_xmc4000.c **** 				Bytes = Length;
 538              	 .loc 1 226 0
 539 006a 7B89     	 ldrh r3,[r7,#10]
 540 006c FB83     	 strh r3,[r7,#30]
 541 006e 02E0     	 b .L34
 542              	.L33:
 227:../Dave/Generated/USBD/usb/core/xmc4000/usbd_endpoint_stream_xmc4000.c **** 			}
 228:../Dave/Generated/USBD/usb/core/xmc4000/usbd_endpoint_stream_xmc4000.c **** 			else
 229:../Dave/Generated/USBD/usb/core/xmc4000/usbd_endpoint_stream_xmc4000.c **** 			{
 230:../Dave/Generated/USBD/usb/core/xmc4000/usbd_endpoint_stream_xmc4000.c **** 				Bytes = (uint16_t)ep->OutBytesAvailable;
 543              	 .loc 1 230 0
 544 0070 BB69     	 ldr r3,[r7,#24]
 545 0072 9B68     	 ldr r3,[r3,#8]
 546 0074 FB83     	 strh r3,[r7,#30]
 547              	.L34:
 231:../Dave/Generated/USBD/usb/core/xmc4000/usbd_endpoint_stream_xmc4000.c **** 			}
 232:../Dave/Generated/USBD/usb/core/xmc4000/usbd_endpoint_stream_xmc4000.c **** 
 233:../Dave/Generated/USBD/usb/core/xmc4000/usbd_endpoint_stream_xmc4000.c **** 			memcpy((uint8_t*)Buffer + BytesTransfered,
 548              	 .loc 1 233 0
 549 0076 BB8B     	 ldrh r3,[r7,#28]
 550 0078 FA68     	 ldr r2,[r7,#12]
 551 007a D118     	 adds r1,r2,r3
 234:../Dave/Generated/USBD/usb/core/xmc4000/usbd_endpoint_stream_xmc4000.c **** 									ep->OutBuffer + ep->OutOffset,Bytes);
 552              	 .loc 1 234 0
 553 007c BB69     	 ldr r3,[r7,#24]
 554 007e 1A69     	 ldr r2,[r3,#16]
 555 0080 BB69     	 ldr r3,[r7,#24]
 556 0082 DB68     	 ldr r3,[r3,#12]
 557 0084 1A44     	 add r2,r2,r3
 233:../Dave/Generated/USBD/usb/core/xmc4000/usbd_endpoint_stream_xmc4000.c **** 									ep->OutBuffer + ep->OutOffset,Bytes);
 558              	 .loc 1 233 0
 559 0086 FB8B     	 ldrh r3,[r7,#30]
 560 0088 0846     	 mov r0,r1
 561 008a 1146     	 mov r1,r2
 562 008c 1A46     	 mov r2,r3
 563 008e FFF7FEFF 	 bl memcpy
 235:../Dave/Generated/USBD/usb/core/xmc4000/usbd_endpoint_stream_xmc4000.c **** 			ep->OutBytesAvailable -= Bytes;
 564              	 .loc 1 235 0
 565 0092 BB69     	 ldr r3,[r7,#24]
 566 0094 9A68     	 ldr r2,[r3,#8]
 567 0096 FB8B     	 ldrh r3,[r7,#30]
 568 0098 D21A     	 subs r2,r2,r3
 569 009a BB69     	 ldr r3,[r7,#24]
 570 009c 9A60     	 str r2,[r3,#8]
 236:../Dave/Generated/USBD/usb/core/xmc4000/usbd_endpoint_stream_xmc4000.c **** 			ep->OutOffset += Bytes;
 571              	 .loc 1 236 0
 572 009e BB69     	 ldr r3,[r7,#24]
 573 00a0 DA68     	 ldr r2,[r3,#12]
 574 00a2 FB8B     	 ldrh r3,[r7,#30]
 575 00a4 1A44     	 add r2,r2,r3
 576 00a6 BB69     	 ldr r3,[r7,#24]
 577 00a8 DA60     	 str r2,[r3,#12]
 237:../Dave/Generated/USBD/usb/core/xmc4000/usbd_endpoint_stream_xmc4000.c **** 			BytesTransfered += Bytes;
 578              	 .loc 1 237 0
 579 00aa BA8B     	 ldrh r2,[r7,#28]
 580 00ac FB8B     	 ldrh r3,[r7,#30]
 581 00ae 1344     	 add r3,r3,r2
 582 00b0 BB83     	 strh r3,[r7,#28]
 238:../Dave/Generated/USBD/usb/core/xmc4000/usbd_endpoint_stream_xmc4000.c **** 			Length -= Bytes;
 583              	 .loc 1 238 0
 584 00b2 7A89     	 ldrh r2,[r7,#10]
 585 00b4 FB8B     	 ldrh r3,[r7,#30]
 586 00b6 D31A     	 subs r3,r2,r3
 587 00b8 7B81     	 strh r3,[r7,#10]
 588 00ba 12E0     	 b .L30
 589              	.L32:
 239:../Dave/Generated/USBD/usb/core/xmc4000/usbd_endpoint_stream_xmc4000.c **** 		}
 240:../Dave/Generated/USBD/usb/core/xmc4000/usbd_endpoint_stream_xmc4000.c **** 		else 
 241:../Dave/Generated/USBD/usb/core/xmc4000/usbd_endpoint_stream_xmc4000.c **** 		{
 242:../Dave/Generated/USBD/usb/core/xmc4000/usbd_endpoint_stream_xmc4000.c **** 			Endpoint_ClearOUT();
 590              	 .loc 1 242 0
 591 00bc FFF7FEFF 	 bl Endpoint_ClearOUT
 243:../Dave/Generated/USBD/usb/core/xmc4000/usbd_endpoint_stream_xmc4000.c **** 			if (BytesProcessed != NULL) 
 592              	 .loc 1 243 0
 593 00c0 7B68     	 ldr r3,[r7,#4]
 594 00c2 002B     	 cmp r3,#0
 595 00c4 04D0     	 beq .L35
 244:../Dave/Generated/USBD/usb/core/xmc4000/usbd_endpoint_stream_xmc4000.c **** 			{
 245:../Dave/Generated/USBD/usb/core/xmc4000/usbd_endpoint_stream_xmc4000.c **** 				*BytesProcessed = BytesTransfered;
 596              	 .loc 1 245 0
 597 00c6 7B68     	 ldr r3,[r7,#4]
 598 00c8 BA8B     	 ldrh r2,[r7,#28]
 599 00ca 1A80     	 strh r2,[r3]
 246:../Dave/Generated/USBD/usb/core/xmc4000/usbd_endpoint_stream_xmc4000.c **** 				return ENDPOINT_RWSTREAM_IncompleteTransfer;
 600              	 .loc 1 246 0
 601 00cc 0523     	 movs r3,#5
 602 00ce 0CE0     	 b .L36
 603              	.L35:
 247:../Dave/Generated/USBD/usb/core/xmc4000/usbd_endpoint_stream_xmc4000.c **** 			}
 248:../Dave/Generated/USBD/usb/core/xmc4000/usbd_endpoint_stream_xmc4000.c **** 
 249:../Dave/Generated/USBD/usb/core/xmc4000/usbd_endpoint_stream_xmc4000.c **** 			ErrorCode = Endpoint_WaitUntilReady();
 604              	 .loc 1 249 0
 605 00d0 FFF7FEFF 	 bl Endpoint_WaitUntilReady
 606 00d4 0346     	 mov r3,r0
 607 00d6 FB75     	 strb r3,[r7,#23]
 250:../Dave/Generated/USBD/usb/core/xmc4000/usbd_endpoint_stream_xmc4000.c **** 			if (ErrorCode) 
 608              	 .loc 1 250 0
 609 00d8 FB7D     	 ldrb r3,[r7,#23]
 610 00da 002B     	 cmp r3,#0
 611 00dc 01D0     	 beq .L30
 251:../Dave/Generated/USBD/usb/core/xmc4000/usbd_endpoint_stream_xmc4000.c **** 			{
 252:../Dave/Generated/USBD/usb/core/xmc4000/usbd_endpoint_stream_xmc4000.c **** 				return ErrorCode;
 612              	 .loc 1 252 0
 613 00de FB7D     	 ldrb r3,[r7,#23]
 614 00e0 03E0     	 b .L36
 615              	.L30:
 216:../Dave/Generated/USBD/usb/core/xmc4000/usbd_endpoint_stream_xmc4000.c **** 	{
 616              	 .loc 1 216 0
 617 00e2 7B89     	 ldrh r3,[r7,#10]
 618 00e4 002B     	 cmp r3,#0
 619 00e6 ADD1     	 bne .L37
 253:../Dave/Generated/USBD/usb/core/xmc4000/usbd_endpoint_stream_xmc4000.c **** 			}
 254:../Dave/Generated/USBD/usb/core/xmc4000/usbd_endpoint_stream_xmc4000.c **** 		}
 255:../Dave/Generated/USBD/usb/core/xmc4000/usbd_endpoint_stream_xmc4000.c **** 	}
 256:../Dave/Generated/USBD/usb/core/xmc4000/usbd_endpoint_stream_xmc4000.c **** 	return ENDPOINT_RWSTREAM_NoError;
 620              	 .loc 1 256 0
 621 00e8 0023     	 movs r3,#0
 622              	.L36:
 257:../Dave/Generated/USBD/usb/core/xmc4000/usbd_endpoint_stream_xmc4000.c **** }
 623              	 .loc 1 257 0
 624 00ea 1846     	 mov r0,r3
 625 00ec 2037     	 adds r7,r7,#32
 626              	 .cfi_def_cfa_offset 8
 627 00ee BD46     	 mov sp,r7
 628              	 .cfi_def_cfa_register 13
 629              	 
 630 00f0 80BD     	 pop {r7,pc}
 631              	.L39:
 632 00f2 00BF     	 .align 2
 633              	.L38:
 634 00f4 00000000 	 .word device
 635              	 .cfi_endproc
 636              	.LFE194:
 638              	 .section .text.Endpoint_Read_Stream_BE,"ax",%progbits
 639              	 .align 2
 640              	 .global Endpoint_Read_Stream_BE
 641              	 .thumb
 642              	 .thumb_func
 644              	Endpoint_Read_Stream_BE:
 645              	.LFB195:
 258:../Dave/Generated/USBD/usb/core/xmc4000/usbd_endpoint_stream_xmc4000.c **** 
 259:../Dave/Generated/USBD/usb/core/xmc4000/usbd_endpoint_stream_xmc4000.c **** uint8_t	Endpoint_Read_Stream_BE (void *const Buffer, uint16_t Length,
 260:../Dave/Generated/USBD/usb/core/xmc4000/usbd_endpoint_stream_xmc4000.c **** 									uint16_t *const BytesProcessed)
 261:../Dave/Generated/USBD/usb/core/xmc4000/usbd_endpoint_stream_xmc4000.c **** {
 646              	 .loc 1 261 0
 647              	 .cfi_startproc
 648              	 
 649              	 
 650 0000 80B5     	 push {r7,lr}
 651              	 .cfi_def_cfa_offset 8
 652              	 .cfi_offset 7,-8
 653              	 .cfi_offset 14,-4
 654 0002 88B0     	 sub sp,sp,#32
 655              	 .cfi_def_cfa_offset 40
 656 0004 00AF     	 add r7,sp,#0
 657              	 .cfi_def_cfa_register 7
 658 0006 F860     	 str r0,[r7,#12]
 659 0008 0B46     	 mov r3,r1
 660 000a 7A60     	 str r2,[r7,#4]
 661 000c 7B81     	 strh r3,[r7,#10]
 262:../Dave/Generated/USBD/usb/core/xmc4000/usbd_endpoint_stream_xmc4000.c **** 	USBD_Endpoint_t* ep = &device.Endpoints[device.CurrentEndpoint];
 662              	 .loc 1 262 0
 663 000e 394B     	 ldr r3,.L50
 664 0010 93F83C31 	 ldrb r3,[r3,#316]
 665 0014 1A46     	 mov r2,r3
 666 0016 2C23     	 movs r3,#44
 667 0018 03FB02F3 	 mul r3,r3,r2
 668 001c 354A     	 ldr r2,.L50
 669 001e 1344     	 add r3,r3,r2
 670 0020 0433     	 adds r3,r3,#4
 671 0022 BB61     	 str r3,[r7,#24]
 263:../Dave/Generated/USBD/usb/core/xmc4000/usbd_endpoint_stream_xmc4000.c **** 	uint16_t Bytes = 0;
 672              	 .loc 1 263 0
 673 0024 0023     	 movs r3,#0
 674 0026 FB83     	 strh r3,[r7,#30]
 264:../Dave/Generated/USBD/usb/core/xmc4000/usbd_endpoint_stream_xmc4000.c **** 	uint16_t BytesTransfered = 0;
 675              	 .loc 1 264 0
 676 0028 0023     	 movs r3,#0
 677 002a BB83     	 strh r3,[r7,#28]
 265:../Dave/Generated/USBD/usb/core/xmc4000/usbd_endpoint_stream_xmc4000.c **** 	uint8_t ErrorCode;
 266:../Dave/Generated/USBD/usb/core/xmc4000/usbd_endpoint_stream_xmc4000.c **** 
 267:../Dave/Generated/USBD/usb/core/xmc4000/usbd_endpoint_stream_xmc4000.c **** 	if (BytesProcessed!=NULL) 
 678              	 .loc 1 267 0
 679 002c 7B68     	 ldr r3,[r7,#4]
 680 002e 002B     	 cmp r3,#0
 681 0030 07D0     	 beq .L41
 268:../Dave/Generated/USBD/usb/core/xmc4000/usbd_endpoint_stream_xmc4000.c **** 	{
 269:../Dave/Generated/USBD/usb/core/xmc4000/usbd_endpoint_stream_xmc4000.c **** 		Length -= *BytesProcessed;
 682              	 .loc 1 269 0
 683 0032 7B68     	 ldr r3,[r7,#4]
 684 0034 1B88     	 ldrh r3,[r3]
 685 0036 7A89     	 ldrh r2,[r7,#10]
 686 0038 D31A     	 subs r3,r2,r3
 687 003a 7B81     	 strh r3,[r7,#10]
 270:../Dave/Generated/USBD/usb/core/xmc4000/usbd_endpoint_stream_xmc4000.c **** 		BytesTransfered = *BytesProcessed;
 688              	 .loc 1 270 0
 689 003c 7B68     	 ldr r3,[r7,#4]
 690 003e 1B88     	 ldrh r3,[r3]
 691 0040 BB83     	 strh r3,[r7,#28]
 692              	.L41:
 271:../Dave/Generated/USBD/usb/core/xmc4000/usbd_endpoint_stream_xmc4000.c **** 	}
 272:../Dave/Generated/USBD/usb/core/xmc4000/usbd_endpoint_stream_xmc4000.c **** 
 273:../Dave/Generated/USBD/usb/core/xmc4000/usbd_endpoint_stream_xmc4000.c **** 	while (Length) 
 693              	 .loc 1 273 0
 694 0042 4EE0     	 b .L42
 695              	.L49:
 274:../Dave/Generated/USBD/usb/core/xmc4000/usbd_endpoint_stream_xmc4000.c **** 	{
 275:../Dave/Generated/USBD/usb/core/xmc4000/usbd_endpoint_stream_xmc4000.c **** 		if (ep->InInUse)
 696              	 .loc 1 275 0
 697 0044 BB69     	 ldr r3,[r7,#24]
 698 0046 5B68     	 ldr r3,[r3,#4]
 699 0048 1B09     	 lsrs r3,r3,#4
 700 004a 03F00103 	 and r3,r3,#1
 701 004e DBB2     	 uxtb r3,r3
 702 0050 002B     	 cmp r3,#0
 703 0052 00D0     	 beq .L43
 276:../Dave/Generated/USBD/usb/core/xmc4000/usbd_endpoint_stream_xmc4000.c **** 		{
 277:../Dave/Generated/USBD/usb/core/xmc4000/usbd_endpoint_stream_xmc4000.c **** 			continue;
 704              	 .loc 1 277 0
 705 0054 45E0     	 b .L42
 706              	.L43:
 278:../Dave/Generated/USBD/usb/core/xmc4000/usbd_endpoint_stream_xmc4000.c **** 		}
 279:../Dave/Generated/USBD/usb/core/xmc4000/usbd_endpoint_stream_xmc4000.c **** 		if (Endpoint_IsReadWriteAllowed()) 
 707              	 .loc 1 279 0
 708 0056 FFF7FEFF 	 bl Endpoint_IsReadWriteAllowed
 709 005a 0346     	 mov r3,r0
 710 005c 002B     	 cmp r3,#0
 711 005e 2DD0     	 beq .L44
 280:../Dave/Generated/USBD/usb/core/xmc4000/usbd_endpoint_stream_xmc4000.c **** 		{
 281:../Dave/Generated/USBD/usb/core/xmc4000/usbd_endpoint_stream_xmc4000.c **** 			if(ep->OutBytesAvailable  > Length)
 712              	 .loc 1 281 0
 713 0060 BB69     	 ldr r3,[r7,#24]
 714 0062 9A68     	 ldr r2,[r3,#8]
 715 0064 7B89     	 ldrh r3,[r7,#10]
 716 0066 9A42     	 cmp r2,r3
 717 0068 02D9     	 bls .L45
 282:../Dave/Generated/USBD/usb/core/xmc4000/usbd_endpoint_stream_xmc4000.c **** 			{
 283:../Dave/Generated/USBD/usb/core/xmc4000/usbd_endpoint_stream_xmc4000.c **** 				Bytes = Length;
 718              	 .loc 1 283 0
 719 006a 7B89     	 ldrh r3,[r7,#10]
 720 006c FB83     	 strh r3,[r7,#30]
 721 006e 02E0     	 b .L46
 722              	.L45:
 284:../Dave/Generated/USBD/usb/core/xmc4000/usbd_endpoint_stream_xmc4000.c **** 			}
 285:../Dave/Generated/USBD/usb/core/xmc4000/usbd_endpoint_stream_xmc4000.c **** 			else
 286:../Dave/Generated/USBD/usb/core/xmc4000/usbd_endpoint_stream_xmc4000.c **** 			{
 287:../Dave/Generated/USBD/usb/core/xmc4000/usbd_endpoint_stream_xmc4000.c **** 				Bytes = (uint16_t)ep->OutBytesAvailable;
 723              	 .loc 1 287 0
 724 0070 BB69     	 ldr r3,[r7,#24]
 725 0072 9B68     	 ldr r3,[r3,#8]
 726 0074 FB83     	 strh r3,[r7,#30]
 727              	.L46:
 288:../Dave/Generated/USBD/usb/core/xmc4000/usbd_endpoint_stream_xmc4000.c **** 			}
 289:../Dave/Generated/USBD/usb/core/xmc4000/usbd_endpoint_stream_xmc4000.c **** 
 290:../Dave/Generated/USBD/usb/core/xmc4000/usbd_endpoint_stream_xmc4000.c **** 			SwapCopy((uint8_t*)Buffer + BytesTransfered,
 728              	 .loc 1 290 0
 729 0076 BB8B     	 ldrh r3,[r7,#28]
 730 0078 FA68     	 ldr r2,[r7,#12]
 731 007a D118     	 adds r1,r2,r3
 291:../Dave/Generated/USBD/usb/core/xmc4000/usbd_endpoint_stream_xmc4000.c **** 									ep->OutBuffer + ep->OutOffset,Bytes);
 732              	 .loc 1 291 0
 733 007c BB69     	 ldr r3,[r7,#24]
 734 007e 1A69     	 ldr r2,[r3,#16]
 735 0080 BB69     	 ldr r3,[r7,#24]
 736 0082 DB68     	 ldr r3,[r3,#12]
 290:../Dave/Generated/USBD/usb/core/xmc4000/usbd_endpoint_stream_xmc4000.c **** 									ep->OutBuffer + ep->OutOffset,Bytes);
 737              	 .loc 1 290 0
 738 0084 1A44     	 add r2,r2,r3
 739 0086 FB8B     	 ldrh r3,[r7,#30]
 740 0088 0846     	 mov r0,r1
 741 008a 1146     	 mov r1,r2
 742 008c 1A46     	 mov r2,r3
 743 008e FFF7FEFF 	 bl SwapCopy
 292:../Dave/Generated/USBD/usb/core/xmc4000/usbd_endpoint_stream_xmc4000.c **** 			ep->OutBytesAvailable -= Bytes;
 744              	 .loc 1 292 0
 745 0092 BB69     	 ldr r3,[r7,#24]
 746 0094 9A68     	 ldr r2,[r3,#8]
 747 0096 FB8B     	 ldrh r3,[r7,#30]
 748 0098 D21A     	 subs r2,r2,r3
 749 009a BB69     	 ldr r3,[r7,#24]
 750 009c 9A60     	 str r2,[r3,#8]
 293:../Dave/Generated/USBD/usb/core/xmc4000/usbd_endpoint_stream_xmc4000.c **** 			ep->OutOffset += Bytes;
 751              	 .loc 1 293 0
 752 009e BB69     	 ldr r3,[r7,#24]
 753 00a0 DA68     	 ldr r2,[r3,#12]
 754 00a2 FB8B     	 ldrh r3,[r7,#30]
 755 00a4 1A44     	 add r2,r2,r3
 756 00a6 BB69     	 ldr r3,[r7,#24]
 757 00a8 DA60     	 str r2,[r3,#12]
 294:../Dave/Generated/USBD/usb/core/xmc4000/usbd_endpoint_stream_xmc4000.c **** 			BytesTransfered += Bytes;
 758              	 .loc 1 294 0
 759 00aa BA8B     	 ldrh r2,[r7,#28]
 760 00ac FB8B     	 ldrh r3,[r7,#30]
 761 00ae 1344     	 add r3,r3,r2
 762 00b0 BB83     	 strh r3,[r7,#28]
 295:../Dave/Generated/USBD/usb/core/xmc4000/usbd_endpoint_stream_xmc4000.c **** 			Length -= Bytes;
 763              	 .loc 1 295 0
 764 00b2 7A89     	 ldrh r2,[r7,#10]
 765 00b4 FB8B     	 ldrh r3,[r7,#30]
 766 00b6 D31A     	 subs r3,r2,r3
 767 00b8 7B81     	 strh r3,[r7,#10]
 768 00ba 12E0     	 b .L42
 769              	.L44:
 296:../Dave/Generated/USBD/usb/core/xmc4000/usbd_endpoint_stream_xmc4000.c **** 		}
 297:../Dave/Generated/USBD/usb/core/xmc4000/usbd_endpoint_stream_xmc4000.c **** 		else 
 298:../Dave/Generated/USBD/usb/core/xmc4000/usbd_endpoint_stream_xmc4000.c **** 		{
 299:../Dave/Generated/USBD/usb/core/xmc4000/usbd_endpoint_stream_xmc4000.c **** 			Endpoint_ClearOUT();
 770              	 .loc 1 299 0
 771 00bc FFF7FEFF 	 bl Endpoint_ClearOUT
 300:../Dave/Generated/USBD/usb/core/xmc4000/usbd_endpoint_stream_xmc4000.c **** 			if (BytesProcessed!=NULL) 
 772              	 .loc 1 300 0
 773 00c0 7B68     	 ldr r3,[r7,#4]
 774 00c2 002B     	 cmp r3,#0
 775 00c4 04D0     	 beq .L47
 301:../Dave/Generated/USBD/usb/core/xmc4000/usbd_endpoint_stream_xmc4000.c **** 			{
 302:../Dave/Generated/USBD/usb/core/xmc4000/usbd_endpoint_stream_xmc4000.c **** 				*BytesProcessed = BytesTransfered;
 776              	 .loc 1 302 0
 777 00c6 7B68     	 ldr r3,[r7,#4]
 778 00c8 BA8B     	 ldrh r2,[r7,#28]
 779 00ca 1A80     	 strh r2,[r3]
 303:../Dave/Generated/USBD/usb/core/xmc4000/usbd_endpoint_stream_xmc4000.c **** 				return ENDPOINT_RWSTREAM_IncompleteTransfer;
 780              	 .loc 1 303 0
 781 00cc 0523     	 movs r3,#5
 782 00ce 0CE0     	 b .L48
 783              	.L47:
 304:../Dave/Generated/USBD/usb/core/xmc4000/usbd_endpoint_stream_xmc4000.c **** 			}
 305:../Dave/Generated/USBD/usb/core/xmc4000/usbd_endpoint_stream_xmc4000.c **** 			ErrorCode = Endpoint_WaitUntilReady();
 784              	 .loc 1 305 0
 785 00d0 FFF7FEFF 	 bl Endpoint_WaitUntilReady
 786 00d4 0346     	 mov r3,r0
 787 00d6 FB75     	 strb r3,[r7,#23]
 306:../Dave/Generated/USBD/usb/core/xmc4000/usbd_endpoint_stream_xmc4000.c **** 			if (ErrorCode) 
 788              	 .loc 1 306 0
 789 00d8 FB7D     	 ldrb r3,[r7,#23]
 790 00da 002B     	 cmp r3,#0
 791 00dc 01D0     	 beq .L42
 307:../Dave/Generated/USBD/usb/core/xmc4000/usbd_endpoint_stream_xmc4000.c **** 			{
 308:../Dave/Generated/USBD/usb/core/xmc4000/usbd_endpoint_stream_xmc4000.c **** 				return ErrorCode;
 792              	 .loc 1 308 0
 793 00de FB7D     	 ldrb r3,[r7,#23]
 794 00e0 03E0     	 b .L48
 795              	.L42:
 273:../Dave/Generated/USBD/usb/core/xmc4000/usbd_endpoint_stream_xmc4000.c **** 	{
 796              	 .loc 1 273 0
 797 00e2 7B89     	 ldrh r3,[r7,#10]
 798 00e4 002B     	 cmp r3,#0
 799 00e6 ADD1     	 bne .L49
 309:../Dave/Generated/USBD/usb/core/xmc4000/usbd_endpoint_stream_xmc4000.c **** 			}
 310:../Dave/Generated/USBD/usb/core/xmc4000/usbd_endpoint_stream_xmc4000.c **** 		}
 311:../Dave/Generated/USBD/usb/core/xmc4000/usbd_endpoint_stream_xmc4000.c **** 	}
 312:../Dave/Generated/USBD/usb/core/xmc4000/usbd_endpoint_stream_xmc4000.c **** 	return ENDPOINT_RWSTREAM_NoError;
 800              	 .loc 1 312 0
 801 00e8 0023     	 movs r3,#0
 802              	.L48:
 313:../Dave/Generated/USBD/usb/core/xmc4000/usbd_endpoint_stream_xmc4000.c **** }
 803              	 .loc 1 313 0
 804 00ea 1846     	 mov r0,r3
 805 00ec 2037     	 adds r7,r7,#32
 806              	 .cfi_def_cfa_offset 8
 807 00ee BD46     	 mov sp,r7
 808              	 .cfi_def_cfa_register 13
 809              	 
 810 00f0 80BD     	 pop {r7,pc}
 811              	.L51:
 812 00f2 00BF     	 .align 2
 813              	.L50:
 814 00f4 00000000 	 .word device
 815              	 .cfi_endproc
 816              	.LFE195:
 818              	 .section .text.Endpoint_Write_Control_Stream_LE,"ax",%progbits
 819              	 .align 2
 820              	 .global Endpoint_Write_Control_Stream_LE
 821              	 .thumb
 822              	 .thumb_func
 824              	Endpoint_Write_Control_Stream_LE:
 825              	.LFB196:
 314:../Dave/Generated/USBD/usb/core/xmc4000/usbd_endpoint_stream_xmc4000.c **** 
 315:../Dave/Generated/USBD/usb/core/xmc4000/usbd_endpoint_stream_xmc4000.c **** uint8_t	Endpoint_Write_Control_Stream_LE (const void *const Buffer,
 316:../Dave/Generated/USBD/usb/core/xmc4000/usbd_endpoint_stream_xmc4000.c **** 													uint16_t Length)
 317:../Dave/Generated/USBD/usb/core/xmc4000/usbd_endpoint_stream_xmc4000.c **** {
 826              	 .loc 1 317 0
 827              	 .cfi_startproc
 828              	 
 829              	 
 830 0000 80B5     	 push {r7,lr}
 831              	 .cfi_def_cfa_offset 8
 832              	 .cfi_offset 7,-8
 833              	 .cfi_offset 14,-4
 834 0002 84B0     	 sub sp,sp,#16
 835              	 .cfi_def_cfa_offset 24
 836 0004 00AF     	 add r7,sp,#0
 837              	 .cfi_def_cfa_register 7
 838 0006 7860     	 str r0,[r7,#4]
 839 0008 0B46     	 mov r3,r1
 840 000a 7B80     	 strh r3,[r7,#2]
 318:../Dave/Generated/USBD/usb/core/xmc4000/usbd_endpoint_stream_xmc4000.c **** 	USBD_Endpoint_t *EndPoint = &device.Endpoints[0];
 841              	 .loc 1 318 0
 842 000c 184B     	 ldr r3,.L58
 843 000e BB60     	 str r3,[r7,#8]
 319:../Dave/Generated/USBD/usb/core/xmc4000/usbd_endpoint_stream_xmc4000.c **** 	uint16_t Bytes;
 320:../Dave/Generated/USBD/usb/core/xmc4000/usbd_endpoint_stream_xmc4000.c **** 
 321:../Dave/Generated/USBD/usb/core/xmc4000/usbd_endpoint_stream_xmc4000.c **** 	while (Length) 
 844              	 .loc 1 321 0
 845 0010 26E0     	 b .L53
 846              	.L56:
 322:../Dave/Generated/USBD/usb/core/xmc4000/usbd_endpoint_stream_xmc4000.c **** 	{
 323:../Dave/Generated/USBD/usb/core/xmc4000/usbd_endpoint_stream_xmc4000.c **** 		if (!EndPoint->InInUse) 
 847              	 .loc 1 323 0
 848 0012 BB68     	 ldr r3,[r7,#8]
 849 0014 5B68     	 ldr r3,[r3,#4]
 850 0016 1B09     	 lsrs r3,r3,#4
 851 0018 03F00103 	 and r3,r3,#1
 852 001c DBB2     	 uxtb r3,r3
 853 001e 002B     	 cmp r3,#0
 854 0020 1ED1     	 bne .L53
 324:../Dave/Generated/USBD/usb/core/xmc4000/usbd_endpoint_stream_xmc4000.c **** 		{
 325:../Dave/Generated/USBD/usb/core/xmc4000/usbd_endpoint_stream_xmc4000.c **** 			if (EndPoint->InBufferLength > Length) 
 855              	 .loc 1 325 0
 856 0022 BB68     	 ldr r3,[r7,#8]
 857 0024 1A6A     	 ldr r2,[r3,#32]
 858 0026 7B88     	 ldrh r3,[r7,#2]
 859 0028 9A42     	 cmp r2,r3
 860 002a 02D9     	 bls .L54
 326:../Dave/Generated/USBD/usb/core/xmc4000/usbd_endpoint_stream_xmc4000.c **** 			{
 327:../Dave/Generated/USBD/usb/core/xmc4000/usbd_endpoint_stream_xmc4000.c **** 				Bytes = Length;
 861              	 .loc 1 327 0
 862 002c 7B88     	 ldrh r3,[r7,#2]
 863 002e FB81     	 strh r3,[r7,#14]
 864 0030 02E0     	 b .L55
 865              	.L54:
 328:../Dave/Generated/USBD/usb/core/xmc4000/usbd_endpoint_stream_xmc4000.c **** 			} 
 329:../Dave/Generated/USBD/usb/core/xmc4000/usbd_endpoint_stream_xmc4000.c **** 			else 
 330:../Dave/Generated/USBD/usb/core/xmc4000/usbd_endpoint_stream_xmc4000.c **** 			{
 331:../Dave/Generated/USBD/usb/core/xmc4000/usbd_endpoint_stream_xmc4000.c **** 				Bytes = (uint16_t)EndPoint->InBufferLength;
 866              	 .loc 1 331 0
 867 0032 BB68     	 ldr r3,[r7,#8]
 868 0034 1B6A     	 ldr r3,[r3,#32]
 869 0036 FB81     	 strh r3,[r7,#14]
 870              	.L55:
 332:../Dave/Generated/USBD/usb/core/xmc4000/usbd_endpoint_stream_xmc4000.c **** 			}
 333:../Dave/Generated/USBD/usb/core/xmc4000/usbd_endpoint_stream_xmc4000.c **** 			memcpy(EndPoint->InBuffer,Buffer,Bytes);
 871              	 .loc 1 333 0
 872 0038 BB68     	 ldr r3,[r7,#8]
 873 003a DA69     	 ldr r2,[r3,#28]
 874 003c FB89     	 ldrh r3,[r7,#14]
 875 003e 1046     	 mov r0,r2
 876 0040 7968     	 ldr r1,[r7,#4]
 877 0042 1A46     	 mov r2,r3
 878 0044 FFF7FEFF 	 bl memcpy
 334:../Dave/Generated/USBD/usb/core/xmc4000/usbd_endpoint_stream_xmc4000.c **** 			EndPoint->InBytesAvailable += Bytes;
 879              	 .loc 1 334 0
 880 0048 BB68     	 ldr r3,[r7,#8]
 881 004a 9A69     	 ldr r2,[r3,#24]
 882 004c FB89     	 ldrh r3,[r7,#14]
 883 004e 1A44     	 add r2,r2,r3
 884 0050 BB68     	 ldr r3,[r7,#8]
 885 0052 9A61     	 str r2,[r3,#24]
 335:../Dave/Generated/USBD/usb/core/xmc4000/usbd_endpoint_stream_xmc4000.c **** 			Length -= Bytes;
 886              	 .loc 1 335 0
 887 0054 7A88     	 ldrh r2,[r7,#2]
 888 0056 FB89     	 ldrh r3,[r7,#14]
 889 0058 D31A     	 subs r3,r2,r3
 890 005a 7B80     	 strh r3,[r7,#2]
 336:../Dave/Generated/USBD/usb/core/xmc4000/usbd_endpoint_stream_xmc4000.c **** 
 337:../Dave/Generated/USBD/usb/core/xmc4000/usbd_endpoint_stream_xmc4000.c **** 			Endpoint_ClearIN();
 891              	 .loc 1 337 0
 892 005c FFF7FEFF 	 bl Endpoint_ClearIN
 893              	.L53:
 321:../Dave/Generated/USBD/usb/core/xmc4000/usbd_endpoint_stream_xmc4000.c **** 	{
 894              	 .loc 1 321 0
 895 0060 7B88     	 ldrh r3,[r7,#2]
 896 0062 002B     	 cmp r3,#0
 897 0064 D5D1     	 bne .L56
 338:../Dave/Generated/USBD/usb/core/xmc4000/usbd_endpoint_stream_xmc4000.c **** 		}
 339:../Dave/Generated/USBD/usb/core/xmc4000/usbd_endpoint_stream_xmc4000.c **** 	}
 340:../Dave/Generated/USBD/usb/core/xmc4000/usbd_endpoint_stream_xmc4000.c **** 	return ENDPOINT_RWCSTREAM_NoError;
 898              	 .loc 1 340 0
 899 0066 0023     	 movs r3,#0
 341:../Dave/Generated/USBD/usb/core/xmc4000/usbd_endpoint_stream_xmc4000.c **** }
 900              	 .loc 1 341 0
 901 0068 1846     	 mov r0,r3
 902 006a 1037     	 adds r7,r7,#16
 903              	 .cfi_def_cfa_offset 8
 904 006c BD46     	 mov sp,r7
 905              	 .cfi_def_cfa_register 13
 906              	 
 907 006e 80BD     	 pop {r7,pc}
 908              	.L59:
 909              	 .align 2
 910              	.L58:
 911 0070 04000000 	 .word device+4
 912              	 .cfi_endproc
 913              	.LFE196:
 915              	 .section .text.Endpoint_Write_Control_Stream_BE,"ax",%progbits
 916              	 .align 2
 917              	 .global Endpoint_Write_Control_Stream_BE
 918              	 .thumb
 919              	 .thumb_func
 921              	Endpoint_Write_Control_Stream_BE:
 922              	.LFB197:
 342:../Dave/Generated/USBD/usb/core/xmc4000/usbd_endpoint_stream_xmc4000.c **** 
 343:../Dave/Generated/USBD/usb/core/xmc4000/usbd_endpoint_stream_xmc4000.c **** uint8_t	Endpoint_Write_Control_Stream_BE (const void *const Buffer,
 344:../Dave/Generated/USBD/usb/core/xmc4000/usbd_endpoint_stream_xmc4000.c **** 													uint16_t Length)
 345:../Dave/Generated/USBD/usb/core/xmc4000/usbd_endpoint_stream_xmc4000.c **** {
 923              	 .loc 1 345 0
 924              	 .cfi_startproc
 925              	 
 926              	 
 927 0000 80B5     	 push {r7,lr}
 928              	 .cfi_def_cfa_offset 8
 929              	 .cfi_offset 7,-8
 930              	 .cfi_offset 14,-4
 931 0002 82B0     	 sub sp,sp,#8
 932              	 .cfi_def_cfa_offset 16
 933 0004 00AF     	 add r7,sp,#0
 934              	 .cfi_def_cfa_register 7
 935 0006 7860     	 str r0,[r7,#4]
 936 0008 0B46     	 mov r3,r1
 937 000a 7B80     	 strh r3,[r7,#2]
 346:../Dave/Generated/USBD/usb/core/xmc4000/usbd_endpoint_stream_xmc4000.c **** 	return Endpoint_Write_Control_Stream_LE(Buffer,Length);
 938              	 .loc 1 346 0
 939 000c 7B88     	 ldrh r3,[r7,#2]
 940 000e 7868     	 ldr r0,[r7,#4]
 941 0010 1946     	 mov r1,r3
 942 0012 FFF7FEFF 	 bl Endpoint_Write_Control_Stream_LE
 943 0016 0346     	 mov r3,r0
 347:../Dave/Generated/USBD/usb/core/xmc4000/usbd_endpoint_stream_xmc4000.c **** }
 944              	 .loc 1 347 0
 945 0018 1846     	 mov r0,r3
 946 001a 0837     	 adds r7,r7,#8
 947              	 .cfi_def_cfa_offset 8
 948 001c BD46     	 mov sp,r7
 949              	 .cfi_def_cfa_register 13
 950              	 
 951 001e 80BD     	 pop {r7,pc}
 952              	 .cfi_endproc
 953              	.LFE197:
 955              	 .section .text.Endpoint_Read_Control_Stream_LE,"ax",%progbits
 956              	 .align 2
 957              	 .global Endpoint_Read_Control_Stream_LE
 958              	 .thumb
 959              	 .thumb_func
 961              	Endpoint_Read_Control_Stream_LE:
 962              	.LFB198:
 348:../Dave/Generated/USBD/usb/core/xmc4000/usbd_endpoint_stream_xmc4000.c **** 
 349:../Dave/Generated/USBD/usb/core/xmc4000/usbd_endpoint_stream_xmc4000.c **** uint8_t	Endpoint_Read_Control_Stream_LE (void *const Buffer, uint16_t Length) {
 963              	 .loc 1 349 0
 964              	 .cfi_startproc
 965              	 
 966              	 
 967 0000 80B5     	 push {r7,lr}
 968              	 .cfi_def_cfa_offset 8
 969              	 .cfi_offset 7,-8
 970              	 .cfi_offset 14,-4
 971 0002 84B0     	 sub sp,sp,#16
 972              	 .cfi_def_cfa_offset 24
 973 0004 00AF     	 add r7,sp,#0
 974              	 .cfi_def_cfa_register 7
 975 0006 7860     	 str r0,[r7,#4]
 976 0008 0B46     	 mov r3,r1
 977 000a 7B80     	 strh r3,[r7,#2]
 350:../Dave/Generated/USBD/usb/core/xmc4000/usbd_endpoint_stream_xmc4000.c **** 	USBD_Endpoint_t *EndPoint = &device.Endpoints[0];
 978              	 .loc 1 350 0
 979 000c 184B     	 ldr r3,.L68
 980 000e BB60     	 str r3,[r7,#8]
 351:../Dave/Generated/USBD/usb/core/xmc4000/usbd_endpoint_stream_xmc4000.c **** 	uint16_t Bytes;
 352:../Dave/Generated/USBD/usb/core/xmc4000/usbd_endpoint_stream_xmc4000.c **** 
 353:../Dave/Generated/USBD/usb/core/xmc4000/usbd_endpoint_stream_xmc4000.c **** 	while (Length) 
 981              	 .loc 1 353 0
 982 0010 26E0     	 b .L63
 983              	.L66:
 354:../Dave/Generated/USBD/usb/core/xmc4000/usbd_endpoint_stream_xmc4000.c **** 	{
 355:../Dave/Generated/USBD/usb/core/xmc4000/usbd_endpoint_stream_xmc4000.c **** 		if (EndPoint->IsOutRecieved) 
 984              	 .loc 1 355 0
 985 0012 BB68     	 ldr r3,[r7,#8]
 986 0014 5B68     	 ldr r3,[r3,#4]
 987 0016 5B09     	 lsrs r3,r3,#5
 988 0018 03F00103 	 and r3,r3,#1
 989 001c DBB2     	 uxtb r3,r3
 990 001e 002B     	 cmp r3,#0
 991 0020 1ED0     	 beq .L63
 356:../Dave/Generated/USBD/usb/core/xmc4000/usbd_endpoint_stream_xmc4000.c **** 		{
 357:../Dave/Generated/USBD/usb/core/xmc4000/usbd_endpoint_stream_xmc4000.c **** 			if(EndPoint->OutBytesAvailable > Length)
 992              	 .loc 1 357 0
 993 0022 BB68     	 ldr r3,[r7,#8]
 994 0024 9A68     	 ldr r2,[r3,#8]
 995 0026 7B88     	 ldrh r3,[r7,#2]
 996 0028 9A42     	 cmp r2,r3
 997 002a 02D9     	 bls .L64
 358:../Dave/Generated/USBD/usb/core/xmc4000/usbd_endpoint_stream_xmc4000.c **** 			{
 359:../Dave/Generated/USBD/usb/core/xmc4000/usbd_endpoint_stream_xmc4000.c **** 				Bytes = Length;
 998              	 .loc 1 359 0
 999 002c 7B88     	 ldrh r3,[r7,#2]
 1000 002e FB81     	 strh r3,[r7,#14]
 1001 0030 02E0     	 b .L65
 1002              	.L64:
 360:../Dave/Generated/USBD/usb/core/xmc4000/usbd_endpoint_stream_xmc4000.c **** 			}
 361:../Dave/Generated/USBD/usb/core/xmc4000/usbd_endpoint_stream_xmc4000.c **** 			else
 362:../Dave/Generated/USBD/usb/core/xmc4000/usbd_endpoint_stream_xmc4000.c **** 			{
 363:../Dave/Generated/USBD/usb/core/xmc4000/usbd_endpoint_stream_xmc4000.c **** 				Bytes = (uint16_t)EndPoint->OutBytesAvailable;
 1003              	 .loc 1 363 0
 1004 0032 BB68     	 ldr r3,[r7,#8]
 1005 0034 9B68     	 ldr r3,[r3,#8]
 1006 0036 FB81     	 strh r3,[r7,#14]
 1007              	.L65:
 364:../Dave/Generated/USBD/usb/core/xmc4000/usbd_endpoint_stream_xmc4000.c **** 			}
 365:../Dave/Generated/USBD/usb/core/xmc4000/usbd_endpoint_stream_xmc4000.c **** 
 366:../Dave/Generated/USBD/usb/core/xmc4000/usbd_endpoint_stream_xmc4000.c **** 			memcpy(Buffer,EndPoint->OutBuffer,Bytes);
 1008              	 .loc 1 366 0
 1009 0038 BB68     	 ldr r3,[r7,#8]
 1010 003a 1A69     	 ldr r2,[r3,#16]
 1011 003c FB89     	 ldrh r3,[r7,#14]
 1012 003e 7868     	 ldr r0,[r7,#4]
 1013 0040 1146     	 mov r1,r2
 1014 0042 1A46     	 mov r2,r3
 1015 0044 FFF7FEFF 	 bl memcpy
 367:../Dave/Generated/USBD/usb/core/xmc4000/usbd_endpoint_stream_xmc4000.c **** 			EndPoint->OutBytesAvailable -= Bytes;
 1016              	 .loc 1 367 0
 1017 0048 BB68     	 ldr r3,[r7,#8]
 1018 004a 9A68     	 ldr r2,[r3,#8]
 1019 004c FB89     	 ldrh r3,[r7,#14]
 1020 004e D21A     	 subs r2,r2,r3
 1021 0050 BB68     	 ldr r3,[r7,#8]
 1022 0052 9A60     	 str r2,[r3,#8]
 368:../Dave/Generated/USBD/usb/core/xmc4000/usbd_endpoint_stream_xmc4000.c **** 			Length -= Bytes;
 1023              	 .loc 1 368 0
 1024 0054 7A88     	 ldrh r2,[r7,#2]
 1025 0056 FB89     	 ldrh r3,[r7,#14]
 1026 0058 D31A     	 subs r3,r2,r3
 1027 005a 7B80     	 strh r3,[r7,#2]
 369:../Dave/Generated/USBD/usb/core/xmc4000/usbd_endpoint_stream_xmc4000.c **** 
 370:../Dave/Generated/USBD/usb/core/xmc4000/usbd_endpoint_stream_xmc4000.c **** 			Endpoint_ClearOUT();
 1028              	 .loc 1 370 0
 1029 005c FFF7FEFF 	 bl Endpoint_ClearOUT
 1030              	.L63:
 353:../Dave/Generated/USBD/usb/core/xmc4000/usbd_endpoint_stream_xmc4000.c **** 	{
 1031              	 .loc 1 353 0
 1032 0060 7B88     	 ldrh r3,[r7,#2]
 1033 0062 002B     	 cmp r3,#0
 1034 0064 D5D1     	 bne .L66
 371:../Dave/Generated/USBD/usb/core/xmc4000/usbd_endpoint_stream_xmc4000.c **** 		}
 372:../Dave/Generated/USBD/usb/core/xmc4000/usbd_endpoint_stream_xmc4000.c **** 	}
 373:../Dave/Generated/USBD/usb/core/xmc4000/usbd_endpoint_stream_xmc4000.c **** 	return ENDPOINT_RWCSTREAM_NoError;
 1035              	 .loc 1 373 0
 1036 0066 0023     	 movs r3,#0
 374:../Dave/Generated/USBD/usb/core/xmc4000/usbd_endpoint_stream_xmc4000.c **** }
 1037              	 .loc 1 374 0
 1038 0068 1846     	 mov r0,r3
 1039 006a 1037     	 adds r7,r7,#16
 1040              	 .cfi_def_cfa_offset 8
 1041 006c BD46     	 mov sp,r7
 1042              	 .cfi_def_cfa_register 13
 1043              	 
 1044 006e 80BD     	 pop {r7,pc}
 1045              	.L69:
 1046              	 .align 2
 1047              	.L68:
 1048 0070 04000000 	 .word device+4
 1049              	 .cfi_endproc
 1050              	.LFE198:
 1052              	 .section .text.Endpoint_Read_Control_Stream_BE,"ax",%progbits
 1053              	 .align 2
 1054              	 .global Endpoint_Read_Control_Stream_BE
 1055              	 .thumb
 1056              	 .thumb_func
 1058              	Endpoint_Read_Control_Stream_BE:
 1059              	.LFB199:
 375:../Dave/Generated/USBD/usb/core/xmc4000/usbd_endpoint_stream_xmc4000.c **** 
 376:../Dave/Generated/USBD/usb/core/xmc4000/usbd_endpoint_stream_xmc4000.c **** uint8_t	Endpoint_Read_Control_Stream_BE (void *const Buffer, uint16_t Length) 
 377:../Dave/Generated/USBD/usb/core/xmc4000/usbd_endpoint_stream_xmc4000.c **** {
 1060              	 .loc 1 377 0
 1061              	 .cfi_startproc
 1062              	 
 1063              	 
 1064 0000 80B5     	 push {r7,lr}
 1065              	 .cfi_def_cfa_offset 8
 1066              	 .cfi_offset 7,-8
 1067              	 .cfi_offset 14,-4
 1068 0002 82B0     	 sub sp,sp,#8
 1069              	 .cfi_def_cfa_offset 16
 1070 0004 00AF     	 add r7,sp,#0
 1071              	 .cfi_def_cfa_register 7
 1072 0006 7860     	 str r0,[r7,#4]
 1073 0008 0B46     	 mov r3,r1
 1074 000a 7B80     	 strh r3,[r7,#2]
 378:../Dave/Generated/USBD/usb/core/xmc4000/usbd_endpoint_stream_xmc4000.c **** 	return Endpoint_Read_Control_Stream_LE(Buffer,Length);
 1075              	 .loc 1 378 0
 1076 000c 7B88     	 ldrh r3,[r7,#2]
 1077 000e 7868     	 ldr r0,[r7,#4]
 1078 0010 1946     	 mov r1,r3
 1079 0012 FFF7FEFF 	 bl Endpoint_Read_Control_Stream_LE
 1080 0016 0346     	 mov r3,r0
 379:../Dave/Generated/USBD/usb/core/xmc4000/usbd_endpoint_stream_xmc4000.c **** }
 1081              	 .loc 1 379 0
 1082 0018 1846     	 mov r0,r3
 1083 001a 0837     	 adds r7,r7,#8
 1084              	 .cfi_def_cfa_offset 8
 1085 001c BD46     	 mov sp,r7
 1086              	 .cfi_def_cfa_register 13
 1087              	 
 1088 001e 80BD     	 pop {r7,pc}
 1089              	 .cfi_endproc
 1090              	.LFE199:
 1092              	 .section .text.Endpoint_Null_Stream,"ax",%progbits
 1093              	 .align 2
 1094              	 .global Endpoint_Null_Stream
 1095              	 .thumb
 1096              	 .thumb_func
 1098              	Endpoint_Null_Stream:
 1099              	.LFB200:
 380:../Dave/Generated/USBD/usb/core/xmc4000/usbd_endpoint_stream_xmc4000.c **** 
 381:../Dave/Generated/USBD/usb/core/xmc4000/usbd_endpoint_stream_xmc4000.c **** uint8_t Endpoint_Null_Stream(uint16_t Length,uint16_t* const BytesProcessed)
 382:../Dave/Generated/USBD/usb/core/xmc4000/usbd_endpoint_stream_xmc4000.c **** {
 1100              	 .loc 1 382 0
 1101              	 .cfi_startproc
 1102              	 
 1103              	 
 1104 0000 80B5     	 push {r7,lr}
 1105              	 .cfi_def_cfa_offset 8
 1106              	 .cfi_offset 7,-8
 1107              	 .cfi_offset 14,-4
 1108 0002 86B0     	 sub sp,sp,#24
 1109              	 .cfi_def_cfa_offset 32
 1110 0004 00AF     	 add r7,sp,#0
 1111              	 .cfi_def_cfa_register 7
 1112 0006 0346     	 mov r3,r0
 1113 0008 3960     	 str r1,[r7]
 1114 000a FB80     	 strh r3,[r7,#6]
 383:../Dave/Generated/USBD/usb/core/xmc4000/usbd_endpoint_stream_xmc4000.c **** 	USBD_Endpoint_t* ep = &device.Endpoints[device.CurrentEndpoint];
 1115              	 .loc 1 383 0
 1116 000c 384B     	 ldr r3,.L82
 1117 000e 93F83C31 	 ldrb r3,[r3,#316]
 1118 0012 1A46     	 mov r2,r3
 1119 0014 2C23     	 movs r3,#44
 1120 0016 03FB02F3 	 mul r3,r3,r2
 1121 001a 354A     	 ldr r2,.L82
 1122 001c 1344     	 add r3,r3,r2
 1123 001e 0433     	 adds r3,r3,#4
 1124 0020 3B61     	 str r3,[r7,#16]
 384:../Dave/Generated/USBD/usb/core/xmc4000/usbd_endpoint_stream_xmc4000.c **** 	uint16_t Bytes = 0;
 1125              	 .loc 1 384 0
 1126 0022 0023     	 movs r3,#0
 1127 0024 FB82     	 strh r3,[r7,#22]
 385:../Dave/Generated/USBD/usb/core/xmc4000/usbd_endpoint_stream_xmc4000.c **** 	uint16_t BytesTransfered = 0;
 1128              	 .loc 1 385 0
 1129 0026 0023     	 movs r3,#0
 1130 0028 BB82     	 strh r3,[r7,#20]
 386:../Dave/Generated/USBD/usb/core/xmc4000/usbd_endpoint_stream_xmc4000.c **** 	uint8_t ErrorCode;
 387:../Dave/Generated/USBD/usb/core/xmc4000/usbd_endpoint_stream_xmc4000.c **** 
 388:../Dave/Generated/USBD/usb/core/xmc4000/usbd_endpoint_stream_xmc4000.c **** 	if (BytesProcessed!=NULL) 
 1131              	 .loc 1 388 0
 1132 002a 3B68     	 ldr r3,[r7]
 1133 002c 002B     	 cmp r3,#0
 1134 002e 07D0     	 beq .L73
 389:../Dave/Generated/USBD/usb/core/xmc4000/usbd_endpoint_stream_xmc4000.c **** 	{
 390:../Dave/Generated/USBD/usb/core/xmc4000/usbd_endpoint_stream_xmc4000.c **** 		Length -= *BytesProcessed;
 1135              	 .loc 1 390 0
 1136 0030 3B68     	 ldr r3,[r7]
 1137 0032 1B88     	 ldrh r3,[r3]
 1138 0034 FA88     	 ldrh r2,[r7,#6]
 1139 0036 D31A     	 subs r3,r2,r3
 1140 0038 FB80     	 strh r3,[r7,#6]
 391:../Dave/Generated/USBD/usb/core/xmc4000/usbd_endpoint_stream_xmc4000.c **** 		BytesTransfered = *BytesProcessed;
 1141              	 .loc 1 391 0
 1142 003a 3B68     	 ldr r3,[r7]
 1143 003c 1B88     	 ldrh r3,[r3]
 1144 003e BB82     	 strh r3,[r7,#20]
 1145              	.L73:
 392:../Dave/Generated/USBD/usb/core/xmc4000/usbd_endpoint_stream_xmc4000.c **** 	}
 393:../Dave/Generated/USBD/usb/core/xmc4000/usbd_endpoint_stream_xmc4000.c **** 
 394:../Dave/Generated/USBD/usb/core/xmc4000/usbd_endpoint_stream_xmc4000.c **** 	while (Length) 
 1146              	 .loc 1 394 0
 1147 0040 4DE0     	 b .L74
 1148              	.L81:
 395:../Dave/Generated/USBD/usb/core/xmc4000/usbd_endpoint_stream_xmc4000.c **** 	{
 396:../Dave/Generated/USBD/usb/core/xmc4000/usbd_endpoint_stream_xmc4000.c **** 		if (ep->InInUse)
 1149              	 .loc 1 396 0
 1150 0042 3B69     	 ldr r3,[r7,#16]
 1151 0044 5B68     	 ldr r3,[r3,#4]
 1152 0046 1B09     	 lsrs r3,r3,#4
 1153 0048 03F00103 	 and r3,r3,#1
 1154 004c DBB2     	 uxtb r3,r3
 1155 004e 002B     	 cmp r3,#0
 1156 0050 00D0     	 beq .L75
 397:../Dave/Generated/USBD/usb/core/xmc4000/usbd_endpoint_stream_xmc4000.c **** 		{
 398:../Dave/Generated/USBD/usb/core/xmc4000/usbd_endpoint_stream_xmc4000.c **** 			continue;
 1157              	 .loc 1 398 0
 1158 0052 44E0     	 b .L74
 1159              	.L75:
 399:../Dave/Generated/USBD/usb/core/xmc4000/usbd_endpoint_stream_xmc4000.c **** 		}
 400:../Dave/Generated/USBD/usb/core/xmc4000/usbd_endpoint_stream_xmc4000.c **** 		if (Endpoint_IsReadWriteAllowed()) 
 1160              	 .loc 1 400 0
 1161 0054 FFF7FEFF 	 bl Endpoint_IsReadWriteAllowed
 1162 0058 0346     	 mov r3,r0
 1163 005a 002B     	 cmp r3,#0
 1164 005c 2CD0     	 beq .L76
 401:../Dave/Generated/USBD/usb/core/xmc4000/usbd_endpoint_stream_xmc4000.c **** 		{
 402:../Dave/Generated/USBD/usb/core/xmc4000/usbd_endpoint_stream_xmc4000.c **** 			if((ep->InBufferLength - ep->InBytesAvailable)  > Length)
 1165              	 .loc 1 402 0
 1166 005e 3B69     	 ldr r3,[r7,#16]
 1167 0060 1A6A     	 ldr r2,[r3,#32]
 1168 0062 3B69     	 ldr r3,[r7,#16]
 1169 0064 9B69     	 ldr r3,[r3,#24]
 1170 0066 D21A     	 subs r2,r2,r3
 1171 0068 FB88     	 ldrh r3,[r7,#6]
 1172 006a 9A42     	 cmp r2,r3
 1173 006c 02D9     	 bls .L77
 403:../Dave/Generated/USBD/usb/core/xmc4000/usbd_endpoint_stream_xmc4000.c **** 			{
 404:../Dave/Generated/USBD/usb/core/xmc4000/usbd_endpoint_stream_xmc4000.c **** 				Bytes = Length;
 1174              	 .loc 1 404 0
 1175 006e FB88     	 ldrh r3,[r7,#6]
 1176 0070 FB82     	 strh r3,[r7,#22]
 1177 0072 07E0     	 b .L78
 1178              	.L77:
 405:../Dave/Generated/USBD/usb/core/xmc4000/usbd_endpoint_stream_xmc4000.c **** 			}
 406:../Dave/Generated/USBD/usb/core/xmc4000/usbd_endpoint_stream_xmc4000.c **** 			else
 407:../Dave/Generated/USBD/usb/core/xmc4000/usbd_endpoint_stream_xmc4000.c **** 			{
 408:../Dave/Generated/USBD/usb/core/xmc4000/usbd_endpoint_stream_xmc4000.c **** 				Bytes = (ep->InBufferLength - ep->InBytesAvailable);
 1179              	 .loc 1 408 0
 1180 0074 3B69     	 ldr r3,[r7,#16]
 1181 0076 1B6A     	 ldr r3,[r3,#32]
 1182 0078 9AB2     	 uxth r2,r3
 1183 007a 3B69     	 ldr r3,[r7,#16]
 1184 007c 9B69     	 ldr r3,[r3,#24]
 1185 007e 9BB2     	 uxth r3,r3
 1186 0080 D31A     	 subs r3,r2,r3
 1187 0082 FB82     	 strh r3,[r7,#22]
 1188              	.L78:
 409:../Dave/Generated/USBD/usb/core/xmc4000/usbd_endpoint_stream_xmc4000.c **** 			}
 410:../Dave/Generated/USBD/usb/core/xmc4000/usbd_endpoint_stream_xmc4000.c **** 
 411:../Dave/Generated/USBD/usb/core/xmc4000/usbd_endpoint_stream_xmc4000.c **** 			memset(ep->InBuffer + ep->InBytesAvailable,0x0,Bytes);
 1189              	 .loc 1 411 0
 1190 0084 3B69     	 ldr r3,[r7,#16]
 1191 0086 DA69     	 ldr r2,[r3,#28]
 1192 0088 3B69     	 ldr r3,[r7,#16]
 1193 008a 9B69     	 ldr r3,[r3,#24]
 1194 008c 1A44     	 add r2,r2,r3
 1195 008e FB8A     	 ldrh r3,[r7,#22]
 1196 0090 1046     	 mov r0,r2
 1197 0092 0021     	 movs r1,#0
 1198 0094 1A46     	 mov r2,r3
 1199 0096 FFF7FEFF 	 bl memset
 412:../Dave/Generated/USBD/usb/core/xmc4000/usbd_endpoint_stream_xmc4000.c **** 			ep->InBytesAvailable += Bytes;
 1200              	 .loc 1 412 0
 1201 009a 3B69     	 ldr r3,[r7,#16]
 1202 009c 9A69     	 ldr r2,[r3,#24]
 1203 009e FB8A     	 ldrh r3,[r7,#22]
 1204 00a0 1A44     	 add r2,r2,r3
 1205 00a2 3B69     	 ldr r3,[r7,#16]
 1206 00a4 9A61     	 str r2,[r3,#24]
 413:../Dave/Generated/USBD/usb/core/xmc4000/usbd_endpoint_stream_xmc4000.c **** 			BytesTransfered += Bytes;
 1207              	 .loc 1 413 0
 1208 00a6 BA8A     	 ldrh r2,[r7,#20]
 1209 00a8 FB8A     	 ldrh r3,[r7,#22]
 1210 00aa 1344     	 add r3,r3,r2
 1211 00ac BB82     	 strh r3,[r7,#20]
 414:../Dave/Generated/USBD/usb/core/xmc4000/usbd_endpoint_stream_xmc4000.c **** 			Length -= Bytes;
 1212              	 .loc 1 414 0
 1213 00ae FA88     	 ldrh r2,[r7,#6]
 1214 00b0 FB8A     	 ldrh r3,[r7,#22]
 1215 00b2 D31A     	 subs r3,r2,r3
 1216 00b4 FB80     	 strh r3,[r7,#6]
 1217 00b6 12E0     	 b .L74
 1218              	.L76:
 415:../Dave/Generated/USBD/usb/core/xmc4000/usbd_endpoint_stream_xmc4000.c **** 		}
 416:../Dave/Generated/USBD/usb/core/xmc4000/usbd_endpoint_stream_xmc4000.c **** 		else 
 417:../Dave/Generated/USBD/usb/core/xmc4000/usbd_endpoint_stream_xmc4000.c **** 		{
 418:../Dave/Generated/USBD/usb/core/xmc4000/usbd_endpoint_stream_xmc4000.c **** 			Endpoint_ClearIN();
 1219              	 .loc 1 418 0
 1220 00b8 FFF7FEFF 	 bl Endpoint_ClearIN
 419:../Dave/Generated/USBD/usb/core/xmc4000/usbd_endpoint_stream_xmc4000.c **** 			if (BytesProcessed!=NULL) 
 1221              	 .loc 1 419 0
 1222 00bc 3B68     	 ldr r3,[r7]
 1223 00be 002B     	 cmp r3,#0
 1224 00c0 04D0     	 beq .L79
 420:../Dave/Generated/USBD/usb/core/xmc4000/usbd_endpoint_stream_xmc4000.c **** 			{
 421:../Dave/Generated/USBD/usb/core/xmc4000/usbd_endpoint_stream_xmc4000.c **** 				*BytesProcessed = BytesTransfered;
 1225              	 .loc 1 421 0
 1226 00c2 3B68     	 ldr r3,[r7]
 1227 00c4 BA8A     	 ldrh r2,[r7,#20]
 1228 00c6 1A80     	 strh r2,[r3]
 422:../Dave/Generated/USBD/usb/core/xmc4000/usbd_endpoint_stream_xmc4000.c **** 				return ENDPOINT_RWSTREAM_IncompleteTransfer;
 1229              	 .loc 1 422 0
 1230 00c8 0523     	 movs r3,#5
 1231 00ca 0CE0     	 b .L80
 1232              	.L79:
 423:../Dave/Generated/USBD/usb/core/xmc4000/usbd_endpoint_stream_xmc4000.c **** 			}
 424:../Dave/Generated/USBD/usb/core/xmc4000/usbd_endpoint_stream_xmc4000.c **** 
 425:../Dave/Generated/USBD/usb/core/xmc4000/usbd_endpoint_stream_xmc4000.c **** 			ErrorCode = Endpoint_WaitUntilReady();
 1233              	 .loc 1 425 0
 1234 00cc FFF7FEFF 	 bl Endpoint_WaitUntilReady
 1235 00d0 0346     	 mov r3,r0
 1236 00d2 FB73     	 strb r3,[r7,#15]
 426:../Dave/Generated/USBD/usb/core/xmc4000/usbd_endpoint_stream_xmc4000.c **** 			if (ErrorCode) 
 1237              	 .loc 1 426 0
 1238 00d4 FB7B     	 ldrb r3,[r7,#15]
 1239 00d6 002B     	 cmp r3,#0
 1240 00d8 01D0     	 beq .L74
 427:../Dave/Generated/USBD/usb/core/xmc4000/usbd_endpoint_stream_xmc4000.c **** 			{
 428:../Dave/Generated/USBD/usb/core/xmc4000/usbd_endpoint_stream_xmc4000.c **** 				return ErrorCode;
 1241              	 .loc 1 428 0
 1242 00da FB7B     	 ldrb r3,[r7,#15]
 1243 00dc 03E0     	 b .L80
 1244              	.L74:
 394:../Dave/Generated/USBD/usb/core/xmc4000/usbd_endpoint_stream_xmc4000.c **** 	{
 1245              	 .loc 1 394 0
 1246 00de FB88     	 ldrh r3,[r7,#6]
 1247 00e0 002B     	 cmp r3,#0
 1248 00e2 AED1     	 bne .L81
 429:../Dave/Generated/USBD/usb/core/xmc4000/usbd_endpoint_stream_xmc4000.c **** 			}
 430:../Dave/Generated/USBD/usb/core/xmc4000/usbd_endpoint_stream_xmc4000.c **** 		}
 431:../Dave/Generated/USBD/usb/core/xmc4000/usbd_endpoint_stream_xmc4000.c **** 	}
 432:../Dave/Generated/USBD/usb/core/xmc4000/usbd_endpoint_stream_xmc4000.c **** 	return ENDPOINT_RWSTREAM_NoError;
 1249              	 .loc 1 432 0
 1250 00e4 0023     	 movs r3,#0
 1251              	.L80:
 433:../Dave/Generated/USBD/usb/core/xmc4000/usbd_endpoint_stream_xmc4000.c **** }
 1252              	 .loc 1 433 0
 1253 00e6 1846     	 mov r0,r3
 1254 00e8 1837     	 adds r7,r7,#24
 1255              	 .cfi_def_cfa_offset 8
 1256 00ea BD46     	 mov sp,r7
 1257              	 .cfi_def_cfa_register 13
 1258              	 
 1259 00ec 80BD     	 pop {r7,pc}
 1260              	.L83:
 1261 00ee 00BF     	 .align 2
 1262              	.L82:
 1263 00f0 00000000 	 .word device
 1264              	 .cfi_endproc
 1265              	.LFE200:
 1267              	 .text
 1268              	.Letext0:
 1269              	 .file 2 "c:\\infineon\\tools\\dave ide\\4.5.0.202105191637\\eclipse\\arm-gcc-49\\arm-none-eabi\\include\\machine\\_default_types.h"
 1270              	 .file 3 "c:\\infineon\\tools\\dave ide\\4.5.0.202105191637\\eclipse\\arm-gcc-49\\arm-none-eabi\\include\\stdint.h"
 1271              	 .file 4 "C:/Infineon/Tools/DAVE IDE/4.5.0.202105191637/eclipse/workspace/xmc4800-CE/Libraries/CMSIS/Infineon/XMC4800_series/Include/XMC4800.h"
 1272              	 .file 5 "C:/Infineon/Tools/DAVE IDE/4.5.0.202105191637/eclipse/workspace/xmc4800-CE/Libraries/XMCLib/inc/xmc_usbd_regs.h"
 1273              	 .file 6 "C:/Infineon/Tools/DAVE IDE/4.5.0.202105191637/eclipse/workspace/xmc4800-CE/Libraries/XMCLib/inc/xmc_usbd.h"
 1274              	 .file 7 "../Dave/Generated/USBD/usb/core/xmc4000/../../../usbd.h"
 1275              	 .file 8 "../Dave/Generated/USBD/usb/core/xmc4000/../endpoint_stream.h"
 1276              	 .file 9 "C:/Infineon/Tools/DAVE IDE/4.5.0.202105191637/eclipse/workspace/xmc4800-CE/Libraries/CMSIS/Include/cmsis_gcc.h"
 1277              	 .file 10 "C:/Infineon/Tools/DAVE IDE/4.5.0.202105191637/eclipse/workspace/xmc4800-CE/Libraries/CMSIS/Include/core_cm4.h"
 1278              	 .file 11 "C:/Infineon/Tools/DAVE IDE/4.5.0.202105191637/eclipse/workspace/xmc4800-CE/Libraries/CMSIS/Infineon/XMC4800_series/Include/system_XMC4800.h"
 1279              	 .file 12 "../Dave/Generated/USBD/usb/core/xmc4000/../../../usbd_extern.h"
DEFINED SYMBOLS
                            *ABS*:00000000 usbd_endpoint_stream_xmc4000.c
    {standard input}:23     .bss.zlp_flag:00000000 zlp_flag
    {standard input}:24     .bss.zlp_flag:00000000 $d
    {standard input}:26     .text.Endpoint_Write_Stream_LE:00000000 $t
    {standard input}:31     .text.Endpoint_Write_Stream_LE:00000000 Endpoint_Write_Stream_LE
    {standard input}:209    .text.Endpoint_Write_Stream_LE:00000108 $d
    {standard input}:214    .text.SwapCopy:00000000 $t
    {standard input}:219    .text.SwapCopy:00000000 SwapCopy
    {standard input}:280    .text.Endpoint_Write_Stream_BE:00000000 $t
    {standard input}:285    .text.Endpoint_Write_Stream_BE:00000000 Endpoint_Write_Stream_BE
    {standard input}:454    .text.Endpoint_Write_Stream_BE:000000f8 $d
    {standard input}:459    .text.Endpoint_Read_Stream_LE:00000000 $t
    {standard input}:464    .text.Endpoint_Read_Stream_LE:00000000 Endpoint_Read_Stream_LE
    {standard input}:634    .text.Endpoint_Read_Stream_LE:000000f4 $d
    {standard input}:639    .text.Endpoint_Read_Stream_BE:00000000 $t
    {standard input}:644    .text.Endpoint_Read_Stream_BE:00000000 Endpoint_Read_Stream_BE
    {standard input}:814    .text.Endpoint_Read_Stream_BE:000000f4 $d
    {standard input}:819    .text.Endpoint_Write_Control_Stream_LE:00000000 $t
    {standard input}:824    .text.Endpoint_Write_Control_Stream_LE:00000000 Endpoint_Write_Control_Stream_LE
    {standard input}:911    .text.Endpoint_Write_Control_Stream_LE:00000070 $d
    {standard input}:916    .text.Endpoint_Write_Control_Stream_BE:00000000 $t
    {standard input}:921    .text.Endpoint_Write_Control_Stream_BE:00000000 Endpoint_Write_Control_Stream_BE
    {standard input}:956    .text.Endpoint_Read_Control_Stream_LE:00000000 $t
    {standard input}:961    .text.Endpoint_Read_Control_Stream_LE:00000000 Endpoint_Read_Control_Stream_LE
    {standard input}:1048   .text.Endpoint_Read_Control_Stream_LE:00000070 $d
    {standard input}:1053   .text.Endpoint_Read_Control_Stream_BE:00000000 $t
    {standard input}:1058   .text.Endpoint_Read_Control_Stream_BE:00000000 Endpoint_Read_Control_Stream_BE
    {standard input}:1093   .text.Endpoint_Null_Stream:00000000 $t
    {standard input}:1098   .text.Endpoint_Null_Stream:00000000 Endpoint_Null_Stream
    {standard input}:1263   .text.Endpoint_Null_Stream:000000f0 $d
                     .debug_frame:00000010 $d

UNDEFINED SYMBOLS
Endpoint_IsReadWriteAllowed
memcpy
Endpoint_ClearIN
Endpoint_WaitUntilReady
device
Endpoint_ClearOUT
memset
