   1              	 .syntax unified
   2              	 .cpu cortex-m4
   3              	 .eabi_attribute 27,3
   4              	 .fpu fpv4-sp-d16
   5              	 .eabi_attribute 20,1
   6              	 .eabi_attribute 21,1
   7              	 .eabi_attribute 23,3
   8              	 .eabi_attribute 24,1
   9              	 .eabi_attribute 25,1
  10              	 .eabi_attribute 26,1
  11              	 .eabi_attribute 30,6
  12              	 .eabi_attribute 34,1
  13              	 .eabi_attribute 18,4
  14              	 .thumb
  15              	 .file "xmc4_eru.c"
  16              	 .text
  17              	.Ltext0:
  18              	 .cfi_sections .debug_frame
  19              	 .section .text.XMC_ERU_Enable,"ax",%progbits
  20              	 .align 2
  21              	 .global XMC_ERU_Enable
  22              	 .thumb
  23              	 .thumb_func
  25              	XMC_ERU_Enable:
  26              	.LFB178:
  27              	 .file 1 "../Libraries/XMCLib/src/xmc4_eru.c"
   1:../Libraries/XMCLib/src/xmc4_eru.c **** /**
   2:../Libraries/XMCLib/src/xmc4_eru.c ****  * @file xmc4_eru.c
   3:../Libraries/XMCLib/src/xmc4_eru.c ****  * @date 2015-02-20
   4:../Libraries/XMCLib/src/xmc4_eru.c ****  *
   5:../Libraries/XMCLib/src/xmc4_eru.c ****  * @cond
   6:../Libraries/XMCLib/src/xmc4_eru.c ****  *****************************************************************************
   7:../Libraries/XMCLib/src/xmc4_eru.c ****  * XMClib v2.2.0 - XMC Peripheral Driver Library
   8:../Libraries/XMCLib/src/xmc4_eru.c ****  *
   9:../Libraries/XMCLib/src/xmc4_eru.c ****  * Copyright (c) 2015-2020, Infineon Technologies AG
  10:../Libraries/XMCLib/src/xmc4_eru.c ****  * All rights reserved.
  11:../Libraries/XMCLib/src/xmc4_eru.c ****  *
  12:../Libraries/XMCLib/src/xmc4_eru.c ****  * Boost Software License - Version 1.0 - August 17th, 2003
  13:../Libraries/XMCLib/src/xmc4_eru.c ****  *
  14:../Libraries/XMCLib/src/xmc4_eru.c ****  * Permission is hereby granted, free of charge, to any person or organization
  15:../Libraries/XMCLib/src/xmc4_eru.c ****  * obtaining a copy of the software and accompanying documentation covered by
  16:../Libraries/XMCLib/src/xmc4_eru.c ****  * this license (the "Software") to use, reproduce, display, distribute,
  17:../Libraries/XMCLib/src/xmc4_eru.c ****  * execute, and transmit the Software, and to prepare derivative works of the
  18:../Libraries/XMCLib/src/xmc4_eru.c ****  * Software, and to permit third-parties to whom the Software is furnished to
  19:../Libraries/XMCLib/src/xmc4_eru.c ****  * do so, all subject to the following:
  20:../Libraries/XMCLib/src/xmc4_eru.c ****  *
  21:../Libraries/XMCLib/src/xmc4_eru.c ****  * The copyright notices in the Software and this entire statement, including
  22:../Libraries/XMCLib/src/xmc4_eru.c ****  * the above license grant, this restriction and the following disclaimer,
  23:../Libraries/XMCLib/src/xmc4_eru.c ****  * must be included in all copies of the Software, in whole or in part, and
  24:../Libraries/XMCLib/src/xmc4_eru.c ****  * all derivative works of the Software, unless such copies or derivative
  25:../Libraries/XMCLib/src/xmc4_eru.c ****  * works are solely in the form of machine-executable object code generated by
  26:../Libraries/XMCLib/src/xmc4_eru.c ****  * a source language processor.
  27:../Libraries/XMCLib/src/xmc4_eru.c ****  *
  28:../Libraries/XMCLib/src/xmc4_eru.c ****  * THE SOFTWARE IS PROVIDED "AS IS", WITHOUT WARRANTY OF ANY KIND, EXPRESS OR
  29:../Libraries/XMCLib/src/xmc4_eru.c ****  * IMPLIED, INCLUDING BUT NOT LIMITED TO THE WARRANTIES OF MERCHANTABILITY,
  30:../Libraries/XMCLib/src/xmc4_eru.c ****  * FITNESS FOR A PARTICULAR PURPOSE, TITLE AND NON-INFRINGEMENT. IN NO EVENT
  31:../Libraries/XMCLib/src/xmc4_eru.c ****  * SHALL THE COPYRIGHT HOLDERS OR ANYONE DISTRIBUTING THE SOFTWARE BE LIABLE
  32:../Libraries/XMCLib/src/xmc4_eru.c ****  * FOR ANY DAMAGES OR OTHER LIABILITY, WHETHER IN CONTRACT, TORT OR OTHERWISE,
  33:../Libraries/XMCLib/src/xmc4_eru.c ****  * ARISING FROM, OUT OF OR IN CONNECTION WITH THE SOFTWARE OR THE USE OR OTHER
  34:../Libraries/XMCLib/src/xmc4_eru.c ****  * DEALINGS IN THE SOFTWARE.
  35:../Libraries/XMCLib/src/xmc4_eru.c ****  *
  36:../Libraries/XMCLib/src/xmc4_eru.c ****  * To improve the quality of the software, users are encouraged to share
  37:../Libraries/XMCLib/src/xmc4_eru.c ****  * modifications, enhancements or bug fixes with Infineon Technologies AG
  38:../Libraries/XMCLib/src/xmc4_eru.c ****  * at XMCSupport@infineon.com.
  39:../Libraries/XMCLib/src/xmc4_eru.c ****  *****************************************************************************
  40:../Libraries/XMCLib/src/xmc4_eru.c ****  *
  41:../Libraries/XMCLib/src/xmc4_eru.c ****  * Change History
  42:../Libraries/XMCLib/src/xmc4_eru.c ****  * --------------
  43:../Libraries/XMCLib/src/xmc4_eru.c ****  *
  44:../Libraries/XMCLib/src/xmc4_eru.c ****  * 2015-02-20:
  45:../Libraries/XMCLib/src/xmc4_eru.c ****  *     - Initial <br>
  46:../Libraries/XMCLib/src/xmc4_eru.c ****  *
  47:../Libraries/XMCLib/src/xmc4_eru.c ****  * @endcond
  48:../Libraries/XMCLib/src/xmc4_eru.c ****  */
  49:../Libraries/XMCLib/src/xmc4_eru.c **** #include "xmc_eru.h"
  50:../Libraries/XMCLib/src/xmc4_eru.c **** 
  51:../Libraries/XMCLib/src/xmc4_eru.c **** #if UC_FAMILY == XMC4
  52:../Libraries/XMCLib/src/xmc4_eru.c **** #include "xmc_scu.h"
  53:../Libraries/XMCLib/src/xmc4_eru.c **** 
  54:../Libraries/XMCLib/src/xmc4_eru.c **** /**************************************************************************************************
  55:../Libraries/XMCLib/src/xmc4_eru.c ****  * API IMPLEMENTATION
  56:../Libraries/XMCLib/src/xmc4_eru.c ****  **************************************************************************************************
  57:../Libraries/XMCLib/src/xmc4_eru.c **** /* Enable the clock and De-assert the ERU module from the reset state. */
  58:../Libraries/XMCLib/src/xmc4_eru.c **** void XMC_ERU_Enable(XMC_ERU_t *const eru)
  59:../Libraries/XMCLib/src/xmc4_eru.c **** {
  28              	 .loc 1 59 0
  29              	 .cfi_startproc
  30              	 
  31              	 
  32 0000 80B5     	 push {r7,lr}
  33              	 .cfi_def_cfa_offset 8
  34              	 .cfi_offset 7,-8
  35              	 .cfi_offset 14,-4
  36 0002 82B0     	 sub sp,sp,#8
  37              	 .cfi_def_cfa_offset 16
  38 0004 00AF     	 add r7,sp,#0
  39              	 .cfi_def_cfa_register 7
  40 0006 7860     	 str r0,[r7,#4]
  60:../Libraries/XMCLib/src/xmc4_eru.c **** #if defined(XMC_ERU1)
  61:../Libraries/XMCLib/src/xmc4_eru.c ****   if (eru == XMC_ERU1)
  41              	 .loc 1 61 0
  42 0008 7B68     	 ldr r3,[r7,#4]
  43 000a 074A     	 ldr r2,.L3
  44 000c 9342     	 cmp r3,r2
  45 000e 07D1     	 bne .L1
  62:../Libraries/XMCLib/src/xmc4_eru.c ****   {
  63:../Libraries/XMCLib/src/xmc4_eru.c **** #if defined(CLOCK_GATING_SUPPORTED)
  64:../Libraries/XMCLib/src/xmc4_eru.c ****     XMC_SCU_CLOCK_UngatePeripheralClock(XMC_SCU_PERIPHERAL_CLOCK_ERU1);
  46              	 .loc 1 64 0
  47 0010 4FF48030 	 mov r0,#65536
  48 0014 FFF7FEFF 	 bl XMC_SCU_CLOCK_UngatePeripheralClock
  65:../Libraries/XMCLib/src/xmc4_eru.c **** #endif
  66:../Libraries/XMCLib/src/xmc4_eru.c ****     XMC_SCU_RESET_DeassertPeripheralReset(XMC_SCU_PERIPHERAL_RESET_ERU1);
  49              	 .loc 1 66 0
  50 0018 4FF48030 	 mov r0,#65536
  51 001c FFF7FEFF 	 bl XMC_SCU_RESET_DeassertPeripheralReset
  52              	.L1:
  67:../Libraries/XMCLib/src/xmc4_eru.c ****   }
  68:../Libraries/XMCLib/src/xmc4_eru.c **** #else
  69:../Libraries/XMCLib/src/xmc4_eru.c ****   XMC_UNUSED_ARG(eru);
  70:../Libraries/XMCLib/src/xmc4_eru.c **** #endif
  71:../Libraries/XMCLib/src/xmc4_eru.c **** }
  53              	 .loc 1 71 0
  54 0020 0837     	 adds r7,r7,#8
  55              	 .cfi_def_cfa_offset 8
  56 0022 BD46     	 mov sp,r7
  57              	 .cfi_def_cfa_register 13
  58              	 
  59 0024 80BD     	 pop {r7,pc}
  60              	.L4:
  61 0026 00BF     	 .align 2
  62              	.L3:
  63 0028 00400440 	 .word 1074020352
  64              	 .cfi_endproc
  65              	.LFE178:
  67              	 .section .text.XMC_ERU_Disable,"ax",%progbits
  68              	 .align 2
  69              	 .global XMC_ERU_Disable
  70              	 .thumb
  71              	 .thumb_func
  73              	XMC_ERU_Disable:
  74              	.LFB179:
  72:../Libraries/XMCLib/src/xmc4_eru.c **** 
  73:../Libraries/XMCLib/src/xmc4_eru.c **** /* Disable the clock and Reset the ERU module. */
  74:../Libraries/XMCLib/src/xmc4_eru.c **** void XMC_ERU_Disable(XMC_ERU_t *const eru)
  75:../Libraries/XMCLib/src/xmc4_eru.c **** {
  75              	 .loc 1 75 0
  76              	 .cfi_startproc
  77              	 
  78              	 
  79 0000 80B5     	 push {r7,lr}
  80              	 .cfi_def_cfa_offset 8
  81              	 .cfi_offset 7,-8
  82              	 .cfi_offset 14,-4
  83 0002 82B0     	 sub sp,sp,#8
  84              	 .cfi_def_cfa_offset 16
  85 0004 00AF     	 add r7,sp,#0
  86              	 .cfi_def_cfa_register 7
  87 0006 7860     	 str r0,[r7,#4]
  76:../Libraries/XMCLib/src/xmc4_eru.c **** #if defined(XMC_ERU1)
  77:../Libraries/XMCLib/src/xmc4_eru.c ****   if (eru == XMC_ERU1)
  88              	 .loc 1 77 0
  89 0008 7B68     	 ldr r3,[r7,#4]
  90 000a 074A     	 ldr r2,.L7
  91 000c 9342     	 cmp r3,r2
  92 000e 07D1     	 bne .L5
  78:../Libraries/XMCLib/src/xmc4_eru.c ****   {
  79:../Libraries/XMCLib/src/xmc4_eru.c ****     XMC_SCU_RESET_AssertPeripheralReset(XMC_SCU_PERIPHERAL_RESET_ERU1);
  93              	 .loc 1 79 0
  94 0010 4FF48030 	 mov r0,#65536
  95 0014 FFF7FEFF 	 bl XMC_SCU_RESET_AssertPeripheralReset
  80:../Libraries/XMCLib/src/xmc4_eru.c **** #if defined(CLOCK_GATING_SUPPORTED)
  81:../Libraries/XMCLib/src/xmc4_eru.c ****     XMC_SCU_CLOCK_GatePeripheralClock(XMC_SCU_PERIPHERAL_CLOCK_ERU1);
  96              	 .loc 1 81 0
  97 0018 4FF48030 	 mov r0,#65536
  98 001c FFF7FEFF 	 bl XMC_SCU_CLOCK_GatePeripheralClock
  99              	.L5:
  82:../Libraries/XMCLib/src/xmc4_eru.c **** #endif
  83:../Libraries/XMCLib/src/xmc4_eru.c ****   }
  84:../Libraries/XMCLib/src/xmc4_eru.c **** #else
  85:../Libraries/XMCLib/src/xmc4_eru.c ****   XMC_UNUSED_ARG(eru);
  86:../Libraries/XMCLib/src/xmc4_eru.c **** #endif
  87:../Libraries/XMCLib/src/xmc4_eru.c **** }
 100              	 .loc 1 87 0
 101 0020 0837     	 adds r7,r7,#8
 102              	 .cfi_def_cfa_offset 8
 103 0022 BD46     	 mov sp,r7
 104              	 .cfi_def_cfa_register 13
 105              	 
 106 0024 80BD     	 pop {r7,pc}
 107              	.L8:
 108 0026 00BF     	 .align 2
 109              	.L7:
 110 0028 00400440 	 .word 1074020352
 111              	 .cfi_endproc
 112              	.LFE179:
 114              	 .text
 115              	.Letext0:
 116              	 .file 2 "c:\\infineon\\tools\\dave ide\\4.5.0.202105191637\\eclipse\\arm-gcc-49\\arm-none-eabi\\include\\machine\\_default_types.h"
 117              	 .file 3 "c:\\infineon\\tools\\dave ide\\4.5.0.202105191637\\eclipse\\arm-gcc-49\\arm-none-eabi\\include\\stdint.h"
 118              	 .file 4 "C:/Infineon/Tools/DAVE IDE/4.5.0.202105191637/eclipse/workspace/xmc4800-CE/Libraries/XMCLib/inc/xmc_eru.h"
 119              	 .file 5 "C:/Infineon/Tools/DAVE IDE/4.5.0.202105191637/eclipse/workspace/xmc4800-CE/Libraries/XMCLib/inc/xmc4_scu.h"
 120              	 .file 6 "C:/Infineon/Tools/DAVE IDE/4.5.0.202105191637/eclipse/workspace/xmc4800-CE/Libraries/CMSIS/Include/cmsis_gcc.h"
 121              	 .file 7 "C:/Infineon/Tools/DAVE IDE/4.5.0.202105191637/eclipse/workspace/xmc4800-CE/Libraries/CMSIS/Include/core_cm4.h"
 122              	 .file 8 "C:/Infineon/Tools/DAVE IDE/4.5.0.202105191637/eclipse/workspace/xmc4800-CE/Libraries/CMSIS/Infineon/XMC4800_series/Include/system_XMC4800.h"
DEFINED SYMBOLS
                            *ABS*:00000000 xmc4_eru.c
    {standard input}:20     .text.XMC_ERU_Enable:00000000 $t
    {standard input}:25     .text.XMC_ERU_Enable:00000000 XMC_ERU_Enable
    {standard input}:63     .text.XMC_ERU_Enable:00000028 $d
    {standard input}:68     .text.XMC_ERU_Disable:00000000 $t
    {standard input}:73     .text.XMC_ERU_Disable:00000000 XMC_ERU_Disable
    {standard input}:110    .text.XMC_ERU_Disable:00000028 $d
                     .debug_frame:00000010 $d

UNDEFINED SYMBOLS
XMC_SCU_CLOCK_UngatePeripheralClock
XMC_SCU_RESET_DeassertPeripheralReset
XMC_SCU_RESET_AssertPeripheralReset
XMC_SCU_CLOCK_GatePeripheralClock
