   1              	 .syntax unified
   2              	 .cpu cortex-m4
   3              	 .eabi_attribute 27,3
   4              	 .fpu fpv4-sp-d16
   5              	 .eabi_attribute 20,1
   6              	 .eabi_attribute 21,1
   7              	 .eabi_attribute 23,3
   8              	 .eabi_attribute 24,1
   9              	 .eabi_attribute 25,1
  10              	 .eabi_attribute 26,1
  11              	 .eabi_attribute 30,6
  12              	 .eabi_attribute 34,1
  13              	 .eabi_attribute 18,4
  14              	 .thumb
  15              	 .file "xmc_wdt.c"
  16              	 .text
  17              	.Ltext0:
  18              	 .cfi_sections .debug_frame
  19              	 .section .text.XMC_WDT_Enable,"ax",%progbits
  20              	 .align 2
  21              	 .global XMC_WDT_Enable
  22              	 .thumb
  23              	 .thumb_func
  25              	XMC_WDT_Enable:
  26              	.LFB183:
  27              	 .file 1 "../Libraries/XMCLib/src/xmc_wdt.c"
   1:../Libraries/XMCLib/src/xmc_wdt.c **** /**
   2:../Libraries/XMCLib/src/xmc_wdt.c ****  * @file xmc_wdt.c
   3:../Libraries/XMCLib/src/xmc_wdt.c ****  * @date 2015-06-20
   4:../Libraries/XMCLib/src/xmc_wdt.c ****  *
   5:../Libraries/XMCLib/src/xmc_wdt.c ****  * @cond
   6:../Libraries/XMCLib/src/xmc_wdt.c ****  *****************************************************************************
   7:../Libraries/XMCLib/src/xmc_wdt.c ****  * XMClib v2.2.0 - XMC Peripheral Driver Library
   8:../Libraries/XMCLib/src/xmc_wdt.c ****  *
   9:../Libraries/XMCLib/src/xmc_wdt.c ****  * Copyright (c) 2015-2020, Infineon Technologies AG
  10:../Libraries/XMCLib/src/xmc_wdt.c ****  * All rights reserved.
  11:../Libraries/XMCLib/src/xmc_wdt.c ****  *
  12:../Libraries/XMCLib/src/xmc_wdt.c ****  * Boost Software License - Version 1.0 - August 17th, 2003
  13:../Libraries/XMCLib/src/xmc_wdt.c ****  *
  14:../Libraries/XMCLib/src/xmc_wdt.c ****  * Permission is hereby granted, free of charge, to any person or organization
  15:../Libraries/XMCLib/src/xmc_wdt.c ****  * obtaining a copy of the software and accompanying documentation covered by
  16:../Libraries/XMCLib/src/xmc_wdt.c ****  * this license (the "Software") to use, reproduce, display, distribute,
  17:../Libraries/XMCLib/src/xmc_wdt.c ****  * execute, and transmit the Software, and to prepare derivative works of the
  18:../Libraries/XMCLib/src/xmc_wdt.c ****  * Software, and to permit third-parties to whom the Software is furnished to
  19:../Libraries/XMCLib/src/xmc_wdt.c ****  * do so, all subject to the following:
  20:../Libraries/XMCLib/src/xmc_wdt.c ****  *
  21:../Libraries/XMCLib/src/xmc_wdt.c ****  * The copyright notices in the Software and this entire statement, including
  22:../Libraries/XMCLib/src/xmc_wdt.c ****  * the above license grant, this restriction and the following disclaimer,
  23:../Libraries/XMCLib/src/xmc_wdt.c ****  * must be included in all copies of the Software, in whole or in part, and
  24:../Libraries/XMCLib/src/xmc_wdt.c ****  * all derivative works of the Software, unless such copies or derivative
  25:../Libraries/XMCLib/src/xmc_wdt.c ****  * works are solely in the form of machine-executable object code generated by
  26:../Libraries/XMCLib/src/xmc_wdt.c ****  * a source language processor.
  27:../Libraries/XMCLib/src/xmc_wdt.c ****  *
  28:../Libraries/XMCLib/src/xmc_wdt.c ****  * THE SOFTWARE IS PROVIDED "AS IS", WITHOUT WARRANTY OF ANY KIND, EXPRESS OR
  29:../Libraries/XMCLib/src/xmc_wdt.c ****  * IMPLIED, INCLUDING BUT NOT LIMITED TO THE WARRANTIES OF MERCHANTABILITY,
  30:../Libraries/XMCLib/src/xmc_wdt.c ****  * FITNESS FOR A PARTICULAR PURPOSE, TITLE AND NON-INFRINGEMENT. IN NO EVENT
  31:../Libraries/XMCLib/src/xmc_wdt.c ****  * SHALL THE COPYRIGHT HOLDERS OR ANYONE DISTRIBUTING THE SOFTWARE BE LIABLE
  32:../Libraries/XMCLib/src/xmc_wdt.c ****  * FOR ANY DAMAGES OR OTHER LIABILITY, WHETHER IN CONTRACT, TORT OR OTHERWISE,
  33:../Libraries/XMCLib/src/xmc_wdt.c ****  * ARISING FROM, OUT OF OR IN CONNECTION WITH THE SOFTWARE OR THE USE OR OTHER
  34:../Libraries/XMCLib/src/xmc_wdt.c ****  * DEALINGS IN THE SOFTWARE.
  35:../Libraries/XMCLib/src/xmc_wdt.c ****  *
  36:../Libraries/XMCLib/src/xmc_wdt.c ****  * To improve the quality of the software, users are encouraged to share
  37:../Libraries/XMCLib/src/xmc_wdt.c ****  * modifications, enhancements or bug fixes with Infineon Technologies AG
  38:../Libraries/XMCLib/src/xmc_wdt.c ****  * at XMCSupport@infineon.com.
  39:../Libraries/XMCLib/src/xmc_wdt.c ****  *****************************************************************************
  40:../Libraries/XMCLib/src/xmc_wdt.c ****  *
  41:../Libraries/XMCLib/src/xmc_wdt.c ****  * Change History
  42:../Libraries/XMCLib/src/xmc_wdt.c ****  * --------------
  43:../Libraries/XMCLib/src/xmc_wdt.c ****  *
  44:../Libraries/XMCLib/src/xmc_wdt.c ****  * 2015-02-20:
  45:../Libraries/XMCLib/src/xmc_wdt.c ****  *     - Initial <br>
  46:../Libraries/XMCLib/src/xmc_wdt.c ****  *
  47:../Libraries/XMCLib/src/xmc_wdt.c ****  * 2015-06-20:
  48:../Libraries/XMCLib/src/xmc_wdt.c ****  *     - Removed definition of GetDriverVersion API <br>
  49:../Libraries/XMCLib/src/xmc_wdt.c ****  *
  50:../Libraries/XMCLib/src/xmc_wdt.c ****  * @endcond
  51:../Libraries/XMCLib/src/xmc_wdt.c ****  */
  52:../Libraries/XMCLib/src/xmc_wdt.c **** 
  53:../Libraries/XMCLib/src/xmc_wdt.c **** /**************************************************************************************************
  54:../Libraries/XMCLib/src/xmc_wdt.c ****  * HEADER FILES
  55:../Libraries/XMCLib/src/xmc_wdt.c ****  **************************************************************************************************
  56:../Libraries/XMCLib/src/xmc_wdt.c **** #include "xmc_wdt.h"
  57:../Libraries/XMCLib/src/xmc_wdt.c **** #include "xmc_scu.h"
  58:../Libraries/XMCLib/src/xmc_wdt.c **** 
  59:../Libraries/XMCLib/src/xmc_wdt.c **** /**************************************************************************************************
  60:../Libraries/XMCLib/src/xmc_wdt.c ****  * API IMPLEMENTATION
  61:../Libraries/XMCLib/src/xmc_wdt.c ****   *************************************************************************************************
  62:../Libraries/XMCLib/src/xmc_wdt.c **** 
  63:../Libraries/XMCLib/src/xmc_wdt.c **** /* Enables watchdog clock and releases watchdog reset. */
  64:../Libraries/XMCLib/src/xmc_wdt.c **** void XMC_WDT_Enable(void)
  65:../Libraries/XMCLib/src/xmc_wdt.c **** {
  28              	 .loc 1 65 0
  29              	 .cfi_startproc
  30              	 
  31              	 
  32 0000 80B5     	 push {r7,lr}
  33              	 .cfi_def_cfa_offset 8
  34              	 .cfi_offset 7,-8
  35              	 .cfi_offset 14,-4
  36 0002 00AF     	 add r7,sp,#0
  37              	 .cfi_def_cfa_register 7
  66:../Libraries/XMCLib/src/xmc_wdt.c **** #if UC_FAMILY == XMC4
  67:../Libraries/XMCLib/src/xmc_wdt.c ****   XMC_SCU_CLOCK_EnableClock(XMC_SCU_CLOCK_WDT);
  38              	 .loc 1 67 0
  39 0004 2020     	 movs r0,#32
  40 0006 FFF7FEFF 	 bl XMC_SCU_CLOCK_EnableClock
  68:../Libraries/XMCLib/src/xmc_wdt.c **** #endif
  69:../Libraries/XMCLib/src/xmc_wdt.c **** 
  70:../Libraries/XMCLib/src/xmc_wdt.c **** #if defined(CLOCK_GATING_SUPPORTED)
  71:../Libraries/XMCLib/src/xmc_wdt.c ****   XMC_SCU_CLOCK_UngatePeripheralClock(XMC_SCU_PERIPHERAL_CLOCK_WDT);
  41              	 .loc 1 71 0
  42 000a 0348     	 ldr r0,.L2
  43 000c FFF7FEFF 	 bl XMC_SCU_CLOCK_UngatePeripheralClock
  72:../Libraries/XMCLib/src/xmc_wdt.c **** #endif
  73:../Libraries/XMCLib/src/xmc_wdt.c **** #if defined(PERIPHERAL_RESET_SUPPORTED)
  74:../Libraries/XMCLib/src/xmc_wdt.c ****   XMC_SCU_RESET_DeassertPeripheralReset(XMC_SCU_PERIPHERAL_RESET_WDT);
  44              	 .loc 1 74 0
  45 0010 0148     	 ldr r0,.L2
  46 0012 FFF7FEFF 	 bl XMC_SCU_RESET_DeassertPeripheralReset
  75:../Libraries/XMCLib/src/xmc_wdt.c **** #endif
  76:../Libraries/XMCLib/src/xmc_wdt.c **** }
  47              	 .loc 1 76 0
  48 0016 80BD     	 pop {r7,pc}
  49              	.L3:
  50              	 .align 2
  51              	.L2:
  52 0018 02000020 	 .word 536870914
  53              	 .cfi_endproc
  54              	.LFE183:
  56              	 .section .text.XMC_WDT_Disable,"ax",%progbits
  57              	 .align 2
  58              	 .global XMC_WDT_Disable
  59              	 .thumb
  60              	 .thumb_func
  62              	XMC_WDT_Disable:
  63              	.LFB184:
  77:../Libraries/XMCLib/src/xmc_wdt.c **** 
  78:../Libraries/XMCLib/src/xmc_wdt.c **** /* Disables watchdog clock and resets watchdog. */
  79:../Libraries/XMCLib/src/xmc_wdt.c **** void XMC_WDT_Disable(void)
  80:../Libraries/XMCLib/src/xmc_wdt.c **** {
  64              	 .loc 1 80 0
  65              	 .cfi_startproc
  66              	 
  67              	 
  68 0000 80B5     	 push {r7,lr}
  69              	 .cfi_def_cfa_offset 8
  70              	 .cfi_offset 7,-8
  71              	 .cfi_offset 14,-4
  72 0002 00AF     	 add r7,sp,#0
  73              	 .cfi_def_cfa_register 7
  81:../Libraries/XMCLib/src/xmc_wdt.c **** #if defined(PERIPHERAL_RESET_SUPPORTED)
  82:../Libraries/XMCLib/src/xmc_wdt.c ****   XMC_SCU_RESET_AssertPeripheralReset(XMC_SCU_PERIPHERAL_RESET_WDT);
  74              	 .loc 1 82 0
  75 0004 0448     	 ldr r0,.L5
  76 0006 FFF7FEFF 	 bl XMC_SCU_RESET_AssertPeripheralReset
  83:../Libraries/XMCLib/src/xmc_wdt.c **** #endif
  84:../Libraries/XMCLib/src/xmc_wdt.c **** #if defined(CLOCK_GATING_SUPPORTED)
  85:../Libraries/XMCLib/src/xmc_wdt.c ****   XMC_SCU_CLOCK_GatePeripheralClock(XMC_SCU_PERIPHERAL_CLOCK_WDT);
  77              	 .loc 1 85 0
  78 000a 0348     	 ldr r0,.L5
  79 000c FFF7FEFF 	 bl XMC_SCU_CLOCK_GatePeripheralClock
  86:../Libraries/XMCLib/src/xmc_wdt.c **** #endif
  87:../Libraries/XMCLib/src/xmc_wdt.c **** 
  88:../Libraries/XMCLib/src/xmc_wdt.c **** #if UC_FAMILY == XMC4
  89:../Libraries/XMCLib/src/xmc_wdt.c ****   XMC_SCU_CLOCK_DisableClock(XMC_SCU_CLOCK_WDT);
  80              	 .loc 1 89 0
  81 0010 2020     	 movs r0,#32
  82 0012 FFF7FEFF 	 bl XMC_SCU_CLOCK_DisableClock
  90:../Libraries/XMCLib/src/xmc_wdt.c **** #endif
  91:../Libraries/XMCLib/src/xmc_wdt.c **** }
  83              	 .loc 1 91 0
  84 0016 80BD     	 pop {r7,pc}
  85              	.L6:
  86              	 .align 2
  87              	.L5:
  88 0018 02000020 	 .word 536870914
  89              	 .cfi_endproc
  90              	.LFE184:
  92              	 .section .text.XMC_WDT_Init,"ax",%progbits
  93              	 .align 2
  94              	 .global XMC_WDT_Init
  95              	 .thumb
  96              	 .thumb_func
  98              	XMC_WDT_Init:
  99              	.LFB185:
  92:../Libraries/XMCLib/src/xmc_wdt.c **** /* Initializes and configures watchdog with configuration data pointed by \a config. */
  93:../Libraries/XMCLib/src/xmc_wdt.c **** void XMC_WDT_Init(const XMC_WDT_CONFIG_t *const config)
  94:../Libraries/XMCLib/src/xmc_wdt.c **** {
 100              	 .loc 1 94 0
 101              	 .cfi_startproc
 102              	 
 103              	 
 104 0000 80B5     	 push {r7,lr}
 105              	 .cfi_def_cfa_offset 8
 106              	 .cfi_offset 7,-8
 107              	 .cfi_offset 14,-4
 108 0002 82B0     	 sub sp,sp,#8
 109              	 .cfi_def_cfa_offset 16
 110 0004 00AF     	 add r7,sp,#0
 111              	 .cfi_def_cfa_register 7
 112 0006 7860     	 str r0,[r7,#4]
  95:../Libraries/XMCLib/src/xmc_wdt.c ****   XMC_WDT_Enable();
 113              	 .loc 1 95 0
 114 0008 FFF7FEFF 	 bl XMC_WDT_Enable
  96:../Libraries/XMCLib/src/xmc_wdt.c ****   WDT->CTR = config->wdt_ctr;
 115              	 .loc 1 96 0
 116 000c 074A     	 ldr r2,.L8
 117 000e 7B68     	 ldr r3,[r7,#4]
 118 0010 9B68     	 ldr r3,[r3,#8]
 119 0012 5360     	 str r3,[r2,#4]
  97:../Libraries/XMCLib/src/xmc_wdt.c ****   WDT->WLB = config->window_lower_bound;
 120              	 .loc 1 97 0
 121 0014 054A     	 ldr r2,.L8
 122 0016 7B68     	 ldr r3,[r7,#4]
 123 0018 5B68     	 ldr r3,[r3,#4]
 124 001a 1361     	 str r3,[r2,#16]
  98:../Libraries/XMCLib/src/xmc_wdt.c ****   WDT->WUB = config->window_upper_bound;
 125              	 .loc 1 98 0
 126 001c 034A     	 ldr r2,.L8
 127 001e 7B68     	 ldr r3,[r7,#4]
 128 0020 1B68     	 ldr r3,[r3]
 129 0022 5361     	 str r3,[r2,#20]
  99:../Libraries/XMCLib/src/xmc_wdt.c **** }
 130              	 .loc 1 99 0
 131 0024 0837     	 adds r7,r7,#8
 132              	 .cfi_def_cfa_offset 8
 133 0026 BD46     	 mov sp,r7
 134              	 .cfi_def_cfa_register 13
 135              	 
 136 0028 80BD     	 pop {r7,pc}
 137              	.L9:
 138 002a 00BF     	 .align 2
 139              	.L8:
 140 002c 00800050 	 .word 1342210048
 141              	 .cfi_endproc
 142              	.LFE185:
 144              	 .text
 145              	.Letext0:
 146              	 .file 2 "c:\\infineon\\tools\\dave ide\\4.5.0.202105191637\\eclipse\\arm-gcc-49\\arm-none-eabi\\include\\machine\\_default_types.h"
 147              	 .file 3 "c:\\infineon\\tools\\dave ide\\4.5.0.202105191637\\eclipse\\arm-gcc-49\\arm-none-eabi\\include\\stdint.h"
 148              	 .file 4 "C:/Infineon/Tools/DAVE IDE/4.5.0.202105191637/eclipse/workspace/xmc4800-CE/Libraries/CMSIS/Infineon/XMC4800_series/Include/XMC4800.h"
 149              	 .file 5 "C:/Infineon/Tools/DAVE IDE/4.5.0.202105191637/eclipse/workspace/xmc4800-CE/Libraries/XMCLib/inc/xmc4_scu.h"
 150              	 .file 6 "C:/Infineon/Tools/DAVE IDE/4.5.0.202105191637/eclipse/workspace/xmc4800-CE/Libraries/XMCLib/inc/xmc_wdt.h"
 151              	 .file 7 "C:/Infineon/Tools/DAVE IDE/4.5.0.202105191637/eclipse/workspace/xmc4800-CE/Libraries/CMSIS/Include/cmsis_gcc.h"
 152              	 .file 8 "C:/Infineon/Tools/DAVE IDE/4.5.0.202105191637/eclipse/workspace/xmc4800-CE/Libraries/CMSIS/Include/core_cm4.h"
 153              	 .file 9 "C:/Infineon/Tools/DAVE IDE/4.5.0.202105191637/eclipse/workspace/xmc4800-CE/Libraries/CMSIS/Infineon/XMC4800_series/Include/system_XMC4800.h"
DEFINED SYMBOLS
                            *ABS*:00000000 xmc_wdt.c
    {standard input}:20     .text.XMC_WDT_Enable:00000000 $t
    {standard input}:25     .text.XMC_WDT_Enable:00000000 XMC_WDT_Enable
    {standard input}:52     .text.XMC_WDT_Enable:00000018 $d
    {standard input}:57     .text.XMC_WDT_Disable:00000000 $t
    {standard input}:62     .text.XMC_WDT_Disable:00000000 XMC_WDT_Disable
    {standard input}:88     .text.XMC_WDT_Disable:00000018 $d
    {standard input}:93     .text.XMC_WDT_Init:00000000 $t
    {standard input}:98     .text.XMC_WDT_Init:00000000 XMC_WDT_Init
    {standard input}:140    .text.XMC_WDT_Init:0000002c $d
                     .debug_frame:00000010 $d

UNDEFINED SYMBOLS
XMC_SCU_CLOCK_EnableClock
XMC_SCU_CLOCK_UngatePeripheralClock
XMC_SCU_RESET_DeassertPeripheralReset
XMC_SCU_RESET_AssertPeripheralReset
XMC_SCU_CLOCK_GatePeripheralClock
XMC_SCU_CLOCK_DisableClock
