   1              	 .syntax unified
   2              	 .cpu cortex-m4
   3              	 .eabi_attribute 27,3
   4              	 .fpu fpv4-sp-d16
   5              	 .eabi_attribute 20,1
   6              	 .eabi_attribute 21,1
   7              	 .eabi_attribute 23,3
   8              	 .eabi_attribute 24,1
   9              	 .eabi_attribute 25,1
  10              	 .eabi_attribute 26,1
  11              	 .eabi_attribute 30,6
  12              	 .eabi_attribute 34,1
  13              	 .eabi_attribute 18,4
  14              	 .thumb
  15              	 .file "xmc_dsd.c"
  16              	 .text
  17              	.Ltext0:
  18              	 .cfi_sections .debug_frame
  19              	 .section .text.XMC_DSD_Enable,"ax",%progbits
  20              	 .align 2
  21              	 .global XMC_DSD_Enable
  22              	 .thumb
  23              	 .thumb_func
  25              	XMC_DSD_Enable:
  26              	.LFB192:
  27              	 .file 1 "../Libraries/XMCLib/src/xmc_dsd.c"
   1:../Libraries/XMCLib/src/xmc_dsd.c **** /**
   2:../Libraries/XMCLib/src/xmc_dsd.c ****  * @file xmc_dsd.c
   3:../Libraries/XMCLib/src/xmc_dsd.c ****  * @date 2019-05-07
   4:../Libraries/XMCLib/src/xmc_dsd.c ****  *
   5:../Libraries/XMCLib/src/xmc_dsd.c ****  * @cond
   6:../Libraries/XMCLib/src/xmc_dsd.c ****  *****************************************************************************
   7:../Libraries/XMCLib/src/xmc_dsd.c ****  * XMClib v2.2.0 - XMC Peripheral Driver Library
   8:../Libraries/XMCLib/src/xmc_dsd.c ****  *
   9:../Libraries/XMCLib/src/xmc_dsd.c ****  * Copyright (c) 2015-2020, Infineon Technologies AG
  10:../Libraries/XMCLib/src/xmc_dsd.c ****  * All rights reserved.
  11:../Libraries/XMCLib/src/xmc_dsd.c ****  *
  12:../Libraries/XMCLib/src/xmc_dsd.c ****  * Boost Software License - Version 1.0 - August 17th, 2003
  13:../Libraries/XMCLib/src/xmc_dsd.c ****  *
  14:../Libraries/XMCLib/src/xmc_dsd.c ****  * Permission is hereby granted, free of charge, to any person or organization
  15:../Libraries/XMCLib/src/xmc_dsd.c ****  * obtaining a copy of the software and accompanying documentation covered by
  16:../Libraries/XMCLib/src/xmc_dsd.c ****  * this license (the "Software") to use, reproduce, display, distribute,
  17:../Libraries/XMCLib/src/xmc_dsd.c ****  * execute, and transmit the Software, and to prepare derivative works of the
  18:../Libraries/XMCLib/src/xmc_dsd.c ****  * Software, and to permit third-parties to whom the Software is furnished to
  19:../Libraries/XMCLib/src/xmc_dsd.c ****  * do so, all subject to the following:
  20:../Libraries/XMCLib/src/xmc_dsd.c ****  *
  21:../Libraries/XMCLib/src/xmc_dsd.c ****  * The copyright notices in the Software and this entire statement, including
  22:../Libraries/XMCLib/src/xmc_dsd.c ****  * the above license grant, this restriction and the following disclaimer,
  23:../Libraries/XMCLib/src/xmc_dsd.c ****  * must be included in all copies of the Software, in whole or in part, and
  24:../Libraries/XMCLib/src/xmc_dsd.c ****  * all derivative works of the Software, unless such copies or derivative
  25:../Libraries/XMCLib/src/xmc_dsd.c ****  * works are solely in the form of machine-executable object code generated by
  26:../Libraries/XMCLib/src/xmc_dsd.c ****  * a source language processor.
  27:../Libraries/XMCLib/src/xmc_dsd.c ****  *
  28:../Libraries/XMCLib/src/xmc_dsd.c ****  * THE SOFTWARE IS PROVIDED "AS IS", WITHOUT WARRANTY OF ANY KIND, EXPRESS OR
  29:../Libraries/XMCLib/src/xmc_dsd.c ****  * IMPLIED, INCLUDING BUT NOT LIMITED TO THE WARRANTIES OF MERCHANTABILITY,
  30:../Libraries/XMCLib/src/xmc_dsd.c ****  * FITNESS FOR A PARTICULAR PURPOSE, TITLE AND NON-INFRINGEMENT. IN NO EVENT
  31:../Libraries/XMCLib/src/xmc_dsd.c ****  * SHALL THE COPYRIGHT HOLDERS OR ANYONE DISTRIBUTING THE SOFTWARE BE LIABLE
  32:../Libraries/XMCLib/src/xmc_dsd.c ****  * FOR ANY DAMAGES OR OTHER LIABILITY, WHETHER IN CONTRACT, TORT OR OTHERWISE,
  33:../Libraries/XMCLib/src/xmc_dsd.c ****  * ARISING FROM, OUT OF OR IN CONNECTION WITH THE SOFTWARE OR THE USE OR OTHER
  34:../Libraries/XMCLib/src/xmc_dsd.c ****  * DEALINGS IN THE SOFTWARE.
  35:../Libraries/XMCLib/src/xmc_dsd.c ****  *
  36:../Libraries/XMCLib/src/xmc_dsd.c ****  * To improve the quality of the software, users are encouraged to share
  37:../Libraries/XMCLib/src/xmc_dsd.c ****  * modifications, enhancements or bug fixes with Infineon Technologies AG
  38:../Libraries/XMCLib/src/xmc_dsd.c ****  * at XMCSupport@infineon.com.
  39:../Libraries/XMCLib/src/xmc_dsd.c ****  *****************************************************************************
  40:../Libraries/XMCLib/src/xmc_dsd.c ****  *
  41:../Libraries/XMCLib/src/xmc_dsd.c ****  * Change History
  42:../Libraries/XMCLib/src/xmc_dsd.c ****  * --------------
  43:../Libraries/XMCLib/src/xmc_dsd.c ****  *
  44:../Libraries/XMCLib/src/xmc_dsd.c ****  * 2015-03-30:
  45:../Libraries/XMCLib/src/xmc_dsd.c ****  *     - Initial version
  46:../Libraries/XMCLib/src/xmc_dsd.c ****  *
  47:../Libraries/XMCLib/src/xmc_dsd.c ****  * 2015-06-19:
  48:../Libraries/XMCLib/src/xmc_dsd.c ****  *     - Removed GetDriverVersion API <BR>
  49:../Libraries/XMCLib/src/xmc_dsd.c ****  *
  50:../Libraries/XMCLib/src/xmc_dsd.c ****  * 2015-09-18:
  51:../Libraries/XMCLib/src/xmc_dsd.c ****  *     - Support added for XMC4800 microcontroller family <BR>
  52:../Libraries/XMCLib/src/xmc_dsd.c ****  *
  53:../Libraries/XMCLib/src/xmc_dsd.c ****  * 2019-05-07:
  54:../Libraries/XMCLib/src/xmc_dsd.c ****  *     - Fixed compilation warnings
  55:../Libraries/XMCLib/src/xmc_dsd.c ****  *
  56:../Libraries/XMCLib/src/xmc_dsd.c ****  * @endcond
  57:../Libraries/XMCLib/src/xmc_dsd.c ****  *
  58:../Libraries/XMCLib/src/xmc_dsd.c ****  */
  59:../Libraries/XMCLib/src/xmc_dsd.c **** 
  60:../Libraries/XMCLib/src/xmc_dsd.c **** /**************************************************************************************************
  61:../Libraries/XMCLib/src/xmc_dsd.c ****  * HEADER FILES
  62:../Libraries/XMCLib/src/xmc_dsd.c ****  **************************************************************************************************
  63:../Libraries/XMCLib/src/xmc_dsd.c **** #include "xmc_dsd.h"
  64:../Libraries/XMCLib/src/xmc_dsd.c **** 
  65:../Libraries/XMCLib/src/xmc_dsd.c **** #if defined(DSD)
  66:../Libraries/XMCLib/src/xmc_dsd.c **** 
  67:../Libraries/XMCLib/src/xmc_dsd.c **** /**************************************************************************************************
  68:../Libraries/XMCLib/src/xmc_dsd.c ****  * MACROS
  69:../Libraries/XMCLib/src/xmc_dsd.c ****  **************************************************************************************************
  70:../Libraries/XMCLib/src/xmc_dsd.c **** 
  71:../Libraries/XMCLib/src/xmc_dsd.c **** #define XMC_DSD_MIN_FILTER_START  (4U)
  72:../Libraries/XMCLib/src/xmc_dsd.c **** #define XMC_DSD_MIN_DECIMATION_FACTOR (4U)
  73:../Libraries/XMCLib/src/xmc_dsd.c **** #define XMC_DSD_MAX_DECIMATION_FACTOR (256U)
  74:../Libraries/XMCLib/src/xmc_dsd.c **** #define XMC_DSD_MAX_DECIMATION_FACTOR_AUX (32U)
  75:../Libraries/XMCLib/src/xmc_dsd.c **** 
  76:../Libraries/XMCLib/src/xmc_dsd.c **** /**************************************************************************************************
  77:../Libraries/XMCLib/src/xmc_dsd.c ****  * API IMPLEMENTATION
  78:../Libraries/XMCLib/src/xmc_dsd.c ****  **************************************************************************************************
  79:../Libraries/XMCLib/src/xmc_dsd.c **** 
  80:../Libraries/XMCLib/src/xmc_dsd.c **** /*Enable the DSD Module*/
  81:../Libraries/XMCLib/src/xmc_dsd.c **** void XMC_DSD_Enable(XMC_DSD_t *const dsd)
  82:../Libraries/XMCLib/src/xmc_dsd.c **** {
  28              	 .loc 1 82 0
  29              	 .cfi_startproc
  30              	 
  31              	 
  32 0000 80B5     	 push {r7,lr}
  33              	 .cfi_def_cfa_offset 8
  34              	 .cfi_offset 7,-8
  35              	 .cfi_offset 14,-4
  36 0002 82B0     	 sub sp,sp,#8
  37              	 .cfi_def_cfa_offset 16
  38 0004 00AF     	 add r7,sp,#0
  39              	 .cfi_def_cfa_register 7
  40 0006 7860     	 str r0,[r7,#4]
  83:../Libraries/XMCLib/src/xmc_dsd.c ****   XMC_ASSERT("XMC_DSD_Enable:Invalid module pointer", XMC_DSD_CHECK_MODULE_PTR(dsd));
  84:../Libraries/XMCLib/src/xmc_dsd.c ****   XMC_UNUSED_ARG(dsd);
  85:../Libraries/XMCLib/src/xmc_dsd.c **** 
  86:../Libraries/XMCLib/src/xmc_dsd.c **** #if defined(CLOCK_GATING_SUPPORTED)
  87:../Libraries/XMCLib/src/xmc_dsd.c ****   XMC_SCU_CLOCK_UngatePeripheralClock(XMC_SCU_PERIPHERAL_CLOCK_DSD);
  41              	 .loc 1 87 0
  42 0008 0220     	 movs r0,#2
  43 000a FFF7FEFF 	 bl XMC_SCU_CLOCK_UngatePeripheralClock
  88:../Libraries/XMCLib/src/xmc_dsd.c **** #endif
  89:../Libraries/XMCLib/src/xmc_dsd.c ****   XMC_SCU_RESET_DeassertPeripheralReset(XMC_SCU_PERIPHERAL_RESET_DSD);
  44              	 .loc 1 89 0
  45 000e 0220     	 movs r0,#2
  46 0010 FFF7FEFF 	 bl XMC_SCU_RESET_DeassertPeripheralReset
  90:../Libraries/XMCLib/src/xmc_dsd.c **** }
  47              	 .loc 1 90 0
  48 0014 0837     	 adds r7,r7,#8
  49              	 .cfi_def_cfa_offset 8
  50 0016 BD46     	 mov sp,r7
  51              	 .cfi_def_cfa_register 13
  52              	 
  53 0018 80BD     	 pop {r7,pc}
  54              	 .cfi_endproc
  55              	.LFE192:
  57 001a 00BF     	 .section .text.XMC_DSD_Disable,"ax",%progbits
  58              	 .align 2
  59              	 .global XMC_DSD_Disable
  60              	 .thumb
  61              	 .thumb_func
  63              	XMC_DSD_Disable:
  64              	.LFB193:
  91:../Libraries/XMCLib/src/xmc_dsd.c **** 
  92:../Libraries/XMCLib/src/xmc_dsd.c **** /*Disable the DSD Module*/
  93:../Libraries/XMCLib/src/xmc_dsd.c **** void XMC_DSD_Disable(XMC_DSD_t *const dsd)
  94:../Libraries/XMCLib/src/xmc_dsd.c **** {
  65              	 .loc 1 94 0
  66              	 .cfi_startproc
  67              	 
  68              	 
  69 0000 80B5     	 push {r7,lr}
  70              	 .cfi_def_cfa_offset 8
  71              	 .cfi_offset 7,-8
  72              	 .cfi_offset 14,-4
  73 0002 82B0     	 sub sp,sp,#8
  74              	 .cfi_def_cfa_offset 16
  75 0004 00AF     	 add r7,sp,#0
  76              	 .cfi_def_cfa_register 7
  77 0006 7860     	 str r0,[r7,#4]
  95:../Libraries/XMCLib/src/xmc_dsd.c ****   XMC_ASSERT("XMC_DSD_Disable:Invalid module pointer", XMC_DSD_CHECK_MODULE_PTR(dsd));
  96:../Libraries/XMCLib/src/xmc_dsd.c ****   XMC_UNUSED_ARG(dsd);
  97:../Libraries/XMCLib/src/xmc_dsd.c **** 
  98:../Libraries/XMCLib/src/xmc_dsd.c ****   XMC_SCU_RESET_AssertPeripheralReset(XMC_SCU_PERIPHERAL_RESET_DSD);
  78              	 .loc 1 98 0
  79 0008 0220     	 movs r0,#2
  80 000a FFF7FEFF 	 bl XMC_SCU_RESET_AssertPeripheralReset
  99:../Libraries/XMCLib/src/xmc_dsd.c **** #if defined(CLOCK_GATING_SUPPORTED)
 100:../Libraries/XMCLib/src/xmc_dsd.c ****   XMC_SCU_CLOCK_GatePeripheralClock(XMC_SCU_PERIPHERAL_CLOCK_DSD);
  81              	 .loc 1 100 0
  82 000e 0220     	 movs r0,#2
  83 0010 FFF7FEFF 	 bl XMC_SCU_CLOCK_GatePeripheralClock
 101:../Libraries/XMCLib/src/xmc_dsd.c **** #endif
 102:../Libraries/XMCLib/src/xmc_dsd.c **** }
  84              	 .loc 1 102 0
  85 0014 0837     	 adds r7,r7,#8
  86              	 .cfi_def_cfa_offset 8
  87 0016 BD46     	 mov sp,r7
  88              	 .cfi_def_cfa_register 13
  89              	 
  90 0018 80BD     	 pop {r7,pc}
  91              	 .cfi_endproc
  92              	.LFE193:
  94 001a 00BF     	 .section .text.XMC_DSD_EnableClock,"ax",%progbits
  95              	 .align 2
  96              	 .global XMC_DSD_EnableClock
  97              	 .thumb
  98              	 .thumb_func
 100              	XMC_DSD_EnableClock:
 101              	.LFB194:
 103:../Libraries/XMCLib/src/xmc_dsd.c **** 
 104:../Libraries/XMCLib/src/xmc_dsd.c **** /* Enable the module clock*/
 105:../Libraries/XMCLib/src/xmc_dsd.c **** void XMC_DSD_EnableClock(XMC_DSD_t *const dsd)
 106:../Libraries/XMCLib/src/xmc_dsd.c **** {
 102              	 .loc 1 106 0
 103              	 .cfi_startproc
 104              	 
 105              	 
 106              	 
 107 0000 80B4     	 push {r7}
 108              	 .cfi_def_cfa_offset 4
 109              	 .cfi_offset 7,-4
 110 0002 83B0     	 sub sp,sp,#12
 111              	 .cfi_def_cfa_offset 16
 112 0004 00AF     	 add r7,sp,#0
 113              	 .cfi_def_cfa_register 7
 114 0006 7860     	 str r0,[r7,#4]
 107:../Libraries/XMCLib/src/xmc_dsd.c ****   XMC_ASSERT("XMC_DSD_EnableClock:Invalid module pointer", XMC_DSD_CHECK_MODULE_PTR(dsd));
 108:../Libraries/XMCLib/src/xmc_dsd.c ****   /* Enable the module clock */
 109:../Libraries/XMCLib/src/xmc_dsd.c ****   dsd->CLC &= ~(uint32_t)DSD_CLC_DISR_Msk;
 115              	 .loc 1 109 0
 116 0008 7B68     	 ldr r3,[r7,#4]
 117 000a 1B68     	 ldr r3,[r3]
 118 000c 23F00102 	 bic r2,r3,#1
 119 0010 7B68     	 ldr r3,[r7,#4]
 120 0012 1A60     	 str r2,[r3]
 110:../Libraries/XMCLib/src/xmc_dsd.c ****   /* enable internal module clock */
 111:../Libraries/XMCLib/src/xmc_dsd.c ****   dsd ->GLOBCFG |= (uint32_t)0x01;
 121              	 .loc 1 111 0
 122 0014 7B68     	 ldr r3,[r7,#4]
 123 0016 D3F88030 	 ldr r3,[r3,#128]
 124 001a 43F00102 	 orr r2,r3,#1
 125 001e 7B68     	 ldr r3,[r7,#4]
 126 0020 C3F88020 	 str r2,[r3,#128]
 112:../Libraries/XMCLib/src/xmc_dsd.c **** }
 127              	 .loc 1 112 0
 128 0024 0C37     	 adds r7,r7,#12
 129              	 .cfi_def_cfa_offset 4
 130 0026 BD46     	 mov sp,r7
 131              	 .cfi_def_cfa_register 13
 132              	 
 133 0028 5DF8047B 	 ldr r7,[sp],#4
 134              	 .cfi_restore 7
 135              	 .cfi_def_cfa_offset 0
 136 002c 7047     	 bx lr
 137              	 .cfi_endproc
 138              	.LFE194:
 140 002e 00BF     	 .section .text.XMC_DSD_DisableClock,"ax",%progbits
 141              	 .align 2
 142              	 .global XMC_DSD_DisableClock
 143              	 .thumb
 144              	 .thumb_func
 146              	XMC_DSD_DisableClock:
 147              	.LFB195:
 113:../Libraries/XMCLib/src/xmc_dsd.c **** 
 114:../Libraries/XMCLib/src/xmc_dsd.c **** void XMC_DSD_DisableClock(XMC_DSD_t *const dsd)
 115:../Libraries/XMCLib/src/xmc_dsd.c **** {
 148              	 .loc 1 115 0
 149              	 .cfi_startproc
 150              	 
 151              	 
 152              	 
 153 0000 80B4     	 push {r7}
 154              	 .cfi_def_cfa_offset 4
 155              	 .cfi_offset 7,-4
 156 0002 83B0     	 sub sp,sp,#12
 157              	 .cfi_def_cfa_offset 16
 158 0004 00AF     	 add r7,sp,#0
 159              	 .cfi_def_cfa_register 7
 160 0006 7860     	 str r0,[r7,#4]
 116:../Libraries/XMCLib/src/xmc_dsd.c ****   XMC_ASSERT("XMC_DSD_DisableClock:Invalid module pointer", XMC_DSD_CHECK_MODULE_PTR(dsd));
 117:../Libraries/XMCLib/src/xmc_dsd.c **** 
 118:../Libraries/XMCLib/src/xmc_dsd.c ****   /* disable internal module clock */
 119:../Libraries/XMCLib/src/xmc_dsd.c ****   dsd->GLOBCFG &= ~(uint32_t)DSD_GLOBCFG_MCSEL_Msk;
 161              	 .loc 1 119 0
 162 0008 7B68     	 ldr r3,[r7,#4]
 163 000a D3F88030 	 ldr r3,[r3,#128]
 164 000e 23F00702 	 bic r2,r3,#7
 165 0012 7B68     	 ldr r3,[r7,#4]
 166 0014 C3F88020 	 str r2,[r3,#128]
 120:../Libraries/XMCLib/src/xmc_dsd.c **** 
 121:../Libraries/XMCLib/src/xmc_dsd.c ****   /* stop the module clock */
 122:../Libraries/XMCLib/src/xmc_dsd.c ****   dsd->CLC |= (uint32_t)DSD_CLC_DISR_Msk;
 167              	 .loc 1 122 0
 168 0018 7B68     	 ldr r3,[r7,#4]
 169 001a 1B68     	 ldr r3,[r3]
 170 001c 43F00102 	 orr r2,r3,#1
 171 0020 7B68     	 ldr r3,[r7,#4]
 172 0022 1A60     	 str r2,[r3]
 123:../Libraries/XMCLib/src/xmc_dsd.c **** 
 124:../Libraries/XMCLib/src/xmc_dsd.c **** }
 173              	 .loc 1 124 0
 174 0024 0C37     	 adds r7,r7,#12
 175              	 .cfi_def_cfa_offset 4
 176 0026 BD46     	 mov sp,r7
 177              	 .cfi_def_cfa_register 13
 178              	 
 179 0028 5DF8047B 	 ldr r7,[sp],#4
 180              	 .cfi_restore 7
 181              	 .cfi_def_cfa_offset 0
 182 002c 7047     	 bx lr
 183              	 .cfi_endproc
 184              	.LFE195:
 186 002e 00BF     	 .section .text.XMC_DSD_Init,"ax",%progbits
 187              	 .align 2
 188              	 .global XMC_DSD_Init
 189              	 .thumb
 190              	 .thumb_func
 192              	XMC_DSD_Init:
 193              	.LFB196:
 125:../Libraries/XMCLib/src/xmc_dsd.c **** 
 126:../Libraries/XMCLib/src/xmc_dsd.c **** /* Enable the DSD module and clock */
 127:../Libraries/XMCLib/src/xmc_dsd.c **** void XMC_DSD_Init(XMC_DSD_t *const dsd)
 128:../Libraries/XMCLib/src/xmc_dsd.c **** {
 194              	 .loc 1 128 0
 195              	 .cfi_startproc
 196              	 
 197              	 
 198 0000 80B5     	 push {r7,lr}
 199              	 .cfi_def_cfa_offset 8
 200              	 .cfi_offset 7,-8
 201              	 .cfi_offset 14,-4
 202 0002 82B0     	 sub sp,sp,#8
 203              	 .cfi_def_cfa_offset 16
 204 0004 00AF     	 add r7,sp,#0
 205              	 .cfi_def_cfa_register 7
 206 0006 7860     	 str r0,[r7,#4]
 129:../Libraries/XMCLib/src/xmc_dsd.c ****   XMC_ASSERT("XMC_DSD_Init:Invalid module pointer", XMC_DSD_CHECK_MODULE_PTR(dsd));
 130:../Libraries/XMCLib/src/xmc_dsd.c ****   XMC_DSD_Enable(dsd);
 207              	 .loc 1 130 0
 208 0008 7868     	 ldr r0,[r7,#4]
 209 000a FFF7FEFF 	 bl XMC_DSD_Enable
 131:../Libraries/XMCLib/src/xmc_dsd.c ****   XMC_DSD_EnableClock(dsd);
 210              	 .loc 1 131 0
 211 000e 7868     	 ldr r0,[r7,#4]
 212 0010 FFF7FEFF 	 bl XMC_DSD_EnableClock
 132:../Libraries/XMCLib/src/xmc_dsd.c **** }
 213              	 .loc 1 132 0
 214 0014 0837     	 adds r7,r7,#8
 215              	 .cfi_def_cfa_offset 8
 216 0016 BD46     	 mov sp,r7
 217              	 .cfi_def_cfa_register 13
 218              	 
 219 0018 80BD     	 pop {r7,pc}
 220              	 .cfi_endproc
 221              	.LFE196:
 223 001a 00BF     	 .section .text.XMC_DSD_IsEnabled,"ax",%progbits
 224              	 .align 2
 225              	 .global XMC_DSD_IsEnabled
 226              	 .thumb
 227              	 .thumb_func
 229              	XMC_DSD_IsEnabled:
 230              	.LFB197:
 133:../Libraries/XMCLib/src/xmc_dsd.c **** 
 134:../Libraries/XMCLib/src/xmc_dsd.c **** bool XMC_DSD_IsEnabled(XMC_DSD_t *const dsd)
 135:../Libraries/XMCLib/src/xmc_dsd.c **** {
 231              	 .loc 1 135 0
 232              	 .cfi_startproc
 233              	 
 234              	 
 235 0000 80B5     	 push {r7,lr}
 236              	 .cfi_def_cfa_offset 8
 237              	 .cfi_offset 7,-8
 238              	 .cfi_offset 14,-4
 239 0002 84B0     	 sub sp,sp,#16
 240              	 .cfi_def_cfa_offset 24
 241 0004 00AF     	 add r7,sp,#0
 242              	 .cfi_def_cfa_register 7
 243 0006 7860     	 str r0,[r7,#4]
 136:../Libraries/XMCLib/src/xmc_dsd.c ****   bool status;
 137:../Libraries/XMCLib/src/xmc_dsd.c ****   XMC_ASSERT("XMC_DSD_Disable:Invalid module pointer", XMC_DSD_CHECK_MODULE_PTR(dsd));
 138:../Libraries/XMCLib/src/xmc_dsd.c ****   XMC_UNUSED_ARG(dsd);
 139:../Libraries/XMCLib/src/xmc_dsd.c **** 
 140:../Libraries/XMCLib/src/xmc_dsd.c **** #if ((UC_SERIES == XMC44) || (UC_SERIES == XMC48)||(UC_SERIES == XMC47))
 141:../Libraries/XMCLib/src/xmc_dsd.c ****   if (XMC_SCU_RESET_IsPeripheralResetAsserted(XMC_SCU_PERIPHERAL_RESET_DSD) == false)
 244              	 .loc 1 141 0
 245 0008 0220     	 movs r0,#2
 246 000a FFF7FEFF 	 bl XMC_SCU_RESET_IsPeripheralResetAsserted
 247 000e 0346     	 mov r3,r0
 248 0010 83F00103 	 eor r3,r3,#1
 249 0014 DBB2     	 uxtb r3,r3
 250 0016 002B     	 cmp r3,#0
 251 0018 0ED0     	 beq .L7
 142:../Libraries/XMCLib/src/xmc_dsd.c ****   {
 143:../Libraries/XMCLib/src/xmc_dsd.c ****     if (XMC_SCU_CLOCK_IsPeripheralClockGated(XMC_SCU_PERIPHERAL_CLOCK_DSD) == false)
 252              	 .loc 1 143 0
 253 001a 0220     	 movs r0,#2
 254 001c FFF7FEFF 	 bl XMC_SCU_CLOCK_IsPeripheralClockGated
 255 0020 0346     	 mov r3,r0
 256 0022 83F00103 	 eor r3,r3,#1
 257 0026 DBB2     	 uxtb r3,r3
 258 0028 002B     	 cmp r3,#0
 259 002a 02D0     	 beq .L8
 144:../Libraries/XMCLib/src/xmc_dsd.c ****     {
 145:../Libraries/XMCLib/src/xmc_dsd.c ****       status = true;
 260              	 .loc 1 145 0
 261 002c 0123     	 movs r3,#1
 262 002e FB73     	 strb r3,[r7,#15]
 263 0030 04E0     	 b .L10
 264              	.L8:
 146:../Libraries/XMCLib/src/xmc_dsd.c ****     }
 147:../Libraries/XMCLib/src/xmc_dsd.c ****     else
 148:../Libraries/XMCLib/src/xmc_dsd.c ****     {
 149:../Libraries/XMCLib/src/xmc_dsd.c ****       status = false;
 265              	 .loc 1 149 0
 266 0032 0023     	 movs r3,#0
 267 0034 FB73     	 strb r3,[r7,#15]
 268 0036 01E0     	 b .L10
 269              	.L7:
 150:../Libraries/XMCLib/src/xmc_dsd.c ****     }
 151:../Libraries/XMCLib/src/xmc_dsd.c ****   }
 152:../Libraries/XMCLib/src/xmc_dsd.c ****   else
 153:../Libraries/XMCLib/src/xmc_dsd.c ****   {
 154:../Libraries/XMCLib/src/xmc_dsd.c ****     status = false;
 270              	 .loc 1 154 0
 271 0038 0023     	 movs r3,#0
 272 003a FB73     	 strb r3,[r7,#15]
 273              	.L10:
 155:../Libraries/XMCLib/src/xmc_dsd.c ****   }
 156:../Libraries/XMCLib/src/xmc_dsd.c **** #else
 157:../Libraries/XMCLib/src/xmc_dsd.c ****   if (XMC_SCU_RESET_IsPeripheralResetAsserted(XMC_SCU_PERIPHERAL_RESET_DSD) == false)
 158:../Libraries/XMCLib/src/xmc_dsd.c ****   {
 159:../Libraries/XMCLib/src/xmc_dsd.c ****     status = true;
 160:../Libraries/XMCLib/src/xmc_dsd.c ****   }
 161:../Libraries/XMCLib/src/xmc_dsd.c ****   else
 162:../Libraries/XMCLib/src/xmc_dsd.c ****   {
 163:../Libraries/XMCLib/src/xmc_dsd.c ****     status = false;
 164:../Libraries/XMCLib/src/xmc_dsd.c ****   }
 165:../Libraries/XMCLib/src/xmc_dsd.c **** #endif
 166:../Libraries/XMCLib/src/xmc_dsd.c **** 
 167:../Libraries/XMCLib/src/xmc_dsd.c ****   return (status);
 274              	 .loc 1 167 0
 275 003c FB7B     	 ldrb r3,[r7,#15]
 168:../Libraries/XMCLib/src/xmc_dsd.c **** }
 276              	 .loc 1 168 0
 277 003e 1846     	 mov r0,r3
 278 0040 1037     	 adds r7,r7,#16
 279              	 .cfi_def_cfa_offset 8
 280 0042 BD46     	 mov sp,r7
 281              	 .cfi_def_cfa_register 13
 282              	 
 283 0044 80BD     	 pop {r7,pc}
 284              	 .cfi_endproc
 285              	.LFE197:
 287 0046 00BF     	 .section .text.XMC_DSD_Generator_Init,"ax",%progbits
 288              	 .align 2
 289              	 .global XMC_DSD_Generator_Init
 290              	 .thumb
 291              	 .thumb_func
 293              	XMC_DSD_Generator_Init:
 294              	.LFB198:
 169:../Libraries/XMCLib/src/xmc_dsd.c **** 
 170:../Libraries/XMCLib/src/xmc_dsd.c **** /*Initializes the Waveform Generator*/
 171:../Libraries/XMCLib/src/xmc_dsd.c **** void XMC_DSD_Generator_Init(XMC_DSD_t *const dsd, const XMC_DSD_GENERATOR_CONFIG_t *const config)
 172:../Libraries/XMCLib/src/xmc_dsd.c **** {
 295              	 .loc 1 172 0
 296              	 .cfi_startproc
 297              	 
 298              	 
 299              	 
 300 0000 80B4     	 push {r7}
 301              	 .cfi_def_cfa_offset 4
 302              	 .cfi_offset 7,-4
 303 0002 83B0     	 sub sp,sp,#12
 304              	 .cfi_def_cfa_offset 16
 305 0004 00AF     	 add r7,sp,#0
 306              	 .cfi_def_cfa_register 7
 307 0006 7860     	 str r0,[r7,#4]
 308 0008 3960     	 str r1,[r7]
 173:../Libraries/XMCLib/src/xmc_dsd.c ****   XMC_ASSERT("XMC_DSD_GENERATOR_Init:Invalid module pointer", XMC_DSD_CHECK_MODULE_PTR(dsd));
 174:../Libraries/XMCLib/src/xmc_dsd.c ****   XMC_ASSERT("XMC_DSD_GENERATOR_Init:NULL Pointer", (config != (XMC_DSD_GENERATOR_CONFIG_t *)NULL) 
 175:../Libraries/XMCLib/src/xmc_dsd.c ****   /* Reset Generator */
 176:../Libraries/XMCLib/src/xmc_dsd.c ****   dsd ->CGCFG &= ~((uint32_t)DSD_CGCFG_CGMOD_Msk | (uint32_t)DSD_CGCFG_BREV_Msk | (uint32_t)DSD_CGC
 309              	 .loc 1 176 0
 310 000a 7B68     	 ldr r3,[r7,#4]
 311 000c D3F8A030 	 ldr r3,[r3,#160]
 312 0010 23F0FF02 	 bic r2,r3,#255
 313 0014 7B68     	 ldr r3,[r7,#4]
 314 0016 C3F8A020 	 str r2,[r3,#160]
 177:../Libraries/XMCLib/src/xmc_dsd.c **** 
 178:../Libraries/XMCLib/src/xmc_dsd.c ****   /* Generator configuration */
 179:../Libraries/XMCLib/src/xmc_dsd.c ****   dsd ->CGCFG = config->generator_conf;
 315              	 .loc 1 179 0
 316 001a 3B68     	 ldr r3,[r7]
 317 001c 1A68     	 ldr r2,[r3]
 318 001e 7B68     	 ldr r3,[r7,#4]
 319 0020 C3F8A020 	 str r2,[r3,#160]
 180:../Libraries/XMCLib/src/xmc_dsd.c **** }
 320              	 .loc 1 180 0
 321 0024 0C37     	 adds r7,r7,#12
 322              	 .cfi_def_cfa_offset 4
 323 0026 BD46     	 mov sp,r7
 324              	 .cfi_def_cfa_register 13
 325              	 
 326 0028 5DF8047B 	 ldr r7,[sp],#4
 327              	 .cfi_restore 7
 328              	 .cfi_def_cfa_offset 0
 329 002c 7047     	 bx lr
 330              	 .cfi_endproc
 331              	.LFE198:
 333 002e 00BF     	 .section .text.XMC_DSD_CH_Init,"ax",%progbits
 334              	 .align 2
 335              	 .global XMC_DSD_CH_Init
 336              	 .thumb
 337              	 .thumb_func
 339              	XMC_DSD_CH_Init:
 340              	.LFB199:
 181:../Libraries/XMCLib/src/xmc_dsd.c **** 
 182:../Libraries/XMCLib/src/xmc_dsd.c **** /* Initialize main filter,auxiliary filter,integrator, rectifier and timestamp of DSD*/
 183:../Libraries/XMCLib/src/xmc_dsd.c **** XMC_DSD_STATUS_t XMC_DSD_CH_Init( XMC_DSD_CH_t *const channel, const XMC_DSD_CH_CONFIG_t *const con
 184:../Libraries/XMCLib/src/xmc_dsd.c **** {
 341              	 .loc 1 184 0
 342              	 .cfi_startproc
 343              	 
 344              	 
 345 0000 80B5     	 push {r7,lr}
 346              	 .cfi_def_cfa_offset 8
 347              	 .cfi_offset 7,-8
 348              	 .cfi_offset 14,-4
 349 0002 84B0     	 sub sp,sp,#16
 350              	 .cfi_def_cfa_offset 24
 351 0004 00AF     	 add r7,sp,#0
 352              	 .cfi_def_cfa_register 7
 353 0006 7860     	 str r0,[r7,#4]
 354 0008 3960     	 str r1,[r7]
 185:../Libraries/XMCLib/src/xmc_dsd.c ****   XMC_DSD_STATUS_t status;
 186:../Libraries/XMCLib/src/xmc_dsd.c **** 
 187:../Libraries/XMCLib/src/xmc_dsd.c ****   XMC_ASSERT("XMC_DSD_CH_Init:Invalid module pointer", XMC_DSD_CHECK_CHANNEL_PTR(channel));
 188:../Libraries/XMCLib/src/xmc_dsd.c ****   XMC_ASSERT("XMC_DSD_CH_Init:NULL Pointer", (config != (XMC_DSD_CH_CONFIG_t *)NULL) );
 189:../Libraries/XMCLib/src/xmc_dsd.c **** 
 190:../Libraries/XMCLib/src/xmc_dsd.c ****   if (config->filter != (XMC_DSD_CH_FILTER_CONFIG_t *)NULL)
 355              	 .loc 1 190 0
 356 000a 3B68     	 ldr r3,[r7]
 357 000c 1B68     	 ldr r3,[r3]
 358 000e 002B     	 cmp r3,#0
 359 0010 30D0     	 beq .L14
 191:../Libraries/XMCLib/src/xmc_dsd.c ****   {
 192:../Libraries/XMCLib/src/xmc_dsd.c ****     XMC_DSD_CH_MainFilter_Init(channel, config->filter);
 360              	 .loc 1 192 0
 361 0012 3B68     	 ldr r3,[r7]
 362 0014 1B68     	 ldr r3,[r3]
 363 0016 7868     	 ldr r0,[r7,#4]
 364 0018 1946     	 mov r1,r3
 365 001a FFF7FEFF 	 bl XMC_DSD_CH_MainFilter_Init
 193:../Libraries/XMCLib/src/xmc_dsd.c **** 
 194:../Libraries/XMCLib/src/xmc_dsd.c ****     if (config->aux != (XMC_DSD_CH_AUX_FILTER_CONFIG_t *)NULL)
 366              	 .loc 1 194 0
 367 001e 3B68     	 ldr r3,[r7]
 368 0020 DB68     	 ldr r3,[r3,#12]
 369 0022 002B     	 cmp r3,#0
 370 0024 05D0     	 beq .L15
 195:../Libraries/XMCLib/src/xmc_dsd.c ****     {
 196:../Libraries/XMCLib/src/xmc_dsd.c ****       XMC_DSD_CH_AuxFilter_Init(channel, config->aux);
 371              	 .loc 1 196 0
 372 0026 3B68     	 ldr r3,[r7]
 373 0028 DB68     	 ldr r3,[r3,#12]
 374 002a 7868     	 ldr r0,[r7,#4]
 375 002c 1946     	 mov r1,r3
 376 002e FFF7FEFF 	 bl XMC_DSD_CH_AuxFilter_Init
 377              	.L15:
 197:../Libraries/XMCLib/src/xmc_dsd.c ****     }
 198:../Libraries/XMCLib/src/xmc_dsd.c ****     if (config->integrator != (XMC_DSD_CH_INTEGRATOR_CONFIG_t *)NULL)
 378              	 .loc 1 198 0
 379 0032 3B68     	 ldr r3,[r7]
 380 0034 5B68     	 ldr r3,[r3,#4]
 381 0036 002B     	 cmp r3,#0
 382 0038 05D0     	 beq .L16
 199:../Libraries/XMCLib/src/xmc_dsd.c ****     {
 200:../Libraries/XMCLib/src/xmc_dsd.c ****       XMC_DSD_CH_Integrator_Init(channel, config->integrator);
 383              	 .loc 1 200 0
 384 003a 3B68     	 ldr r3,[r7]
 385 003c 5B68     	 ldr r3,[r3,#4]
 386 003e 7868     	 ldr r0,[r7,#4]
 387 0040 1946     	 mov r1,r3
 388 0042 FFF7FEFF 	 bl XMC_DSD_CH_Integrator_Init
 389              	.L16:
 201:../Libraries/XMCLib/src/xmc_dsd.c ****     }
 202:../Libraries/XMCLib/src/xmc_dsd.c ****     if (config->rectify != (XMC_DSD_CH_RECTIFY_CONFIG_t *)NULL)
 390              	 .loc 1 202 0
 391 0046 3B68     	 ldr r3,[r7]
 392 0048 1B69     	 ldr r3,[r3,#16]
 393 004a 002B     	 cmp r3,#0
 394 004c 05D0     	 beq .L17
 203:../Libraries/XMCLib/src/xmc_dsd.c ****     {
 204:../Libraries/XMCLib/src/xmc_dsd.c ****       XMC_DSD_CH_Rectify_Init(channel, config->rectify);
 395              	 .loc 1 204 0
 396 004e 3B68     	 ldr r3,[r7]
 397 0050 1B69     	 ldr r3,[r3,#16]
 398 0052 7868     	 ldr r0,[r7,#4]
 399 0054 1946     	 mov r1,r3
 400 0056 FFF7FEFF 	 bl XMC_DSD_CH_Rectify_Init
 401              	.L17:
 205:../Libraries/XMCLib/src/xmc_dsd.c ****     }
 206:../Libraries/XMCLib/src/xmc_dsd.c ****     if (config->timestamp != (XMC_DSD_CH_TIMESTAMP_CONFIG_t *)NULL)
 402              	 .loc 1 206 0
 403 005a 3B68     	 ldr r3,[r7]
 404 005c 9B68     	 ldr r3,[r3,#8]
 405 005e 002B     	 cmp r3,#0
 406 0060 05D0     	 beq .L18
 207:../Libraries/XMCLib/src/xmc_dsd.c ****     {
 208:../Libraries/XMCLib/src/xmc_dsd.c ****       XMC_DSD_CH_Timestamp_Init(channel, config->timestamp);
 407              	 .loc 1 208 0
 408 0062 3B68     	 ldr r3,[r7]
 409 0064 9B68     	 ldr r3,[r3,#8]
 410 0066 7868     	 ldr r0,[r7,#4]
 411 0068 1946     	 mov r1,r3
 412 006a FFF7FEFF 	 bl XMC_DSD_CH_Timestamp_Init
 413              	.L18:
 209:../Libraries/XMCLib/src/xmc_dsd.c ****     }
 210:../Libraries/XMCLib/src/xmc_dsd.c ****     status =  XMC_DSD_STATUS_OK;
 414              	 .loc 1 210 0
 415 006e 0023     	 movs r3,#0
 416 0070 FB73     	 strb r3,[r7,#15]
 417 0072 01E0     	 b .L19
 418              	.L14:
 211:../Libraries/XMCLib/src/xmc_dsd.c ****   }
 212:../Libraries/XMCLib/src/xmc_dsd.c ****   else
 213:../Libraries/XMCLib/src/xmc_dsd.c ****   {
 214:../Libraries/XMCLib/src/xmc_dsd.c ****     status =  XMC_DSD_STATUS_ERROR;
 419              	 .loc 1 214 0
 420 0074 0123     	 movs r3,#1
 421 0076 FB73     	 strb r3,[r7,#15]
 422              	.L19:
 215:../Libraries/XMCLib/src/xmc_dsd.c ****   }
 216:../Libraries/XMCLib/src/xmc_dsd.c ****   return (status);
 423              	 .loc 1 216 0
 424 0078 FB7B     	 ldrb r3,[r7,#15]
 217:../Libraries/XMCLib/src/xmc_dsd.c **** 
 218:../Libraries/XMCLib/src/xmc_dsd.c **** }
 425              	 .loc 1 218 0
 426 007a 1846     	 mov r0,r3
 427 007c 1037     	 adds r7,r7,#16
 428              	 .cfi_def_cfa_offset 8
 429 007e BD46     	 mov sp,r7
 430              	 .cfi_def_cfa_register 13
 431              	 
 432 0080 80BD     	 pop {r7,pc}
 433              	 .cfi_endproc
 434              	.LFE199:
 436 0082 00BF     	 .section .text.XMC_DSD_CH_MainFilter_Init,"ax",%progbits
 437              	 .align 2
 438              	 .global XMC_DSD_CH_MainFilter_Init
 439              	 .thumb
 440              	 .thumb_func
 442              	XMC_DSD_CH_MainFilter_Init:
 443              	.LFB200:
 219:../Libraries/XMCLib/src/xmc_dsd.c **** 
 220:../Libraries/XMCLib/src/xmc_dsd.c **** /* Initialize main filter of DSD */
 221:../Libraries/XMCLib/src/xmc_dsd.c **** void XMC_DSD_CH_MainFilter_Init(XMC_DSD_CH_t *const channel, const XMC_DSD_CH_FILTER_CONFIG_t *cons
 222:../Libraries/XMCLib/src/xmc_dsd.c **** {
 444              	 .loc 1 222 0
 445              	 .cfi_startproc
 446              	 
 447              	 
 448              	 
 449 0000 80B4     	 push {r7}
 450              	 .cfi_def_cfa_offset 4
 451              	 .cfi_offset 7,-4
 452 0002 85B0     	 sub sp,sp,#20
 453              	 .cfi_def_cfa_offset 24
 454 0004 00AF     	 add r7,sp,#0
 455              	 .cfi_def_cfa_register 7
 456 0006 7860     	 str r0,[r7,#4]
 457 0008 3960     	 str r1,[r7]
 223:../Libraries/XMCLib/src/xmc_dsd.c ****   uint32_t decimation_factor_temp;
 224:../Libraries/XMCLib/src/xmc_dsd.c ****   uint32_t filter_start_value_temp;
 225:../Libraries/XMCLib/src/xmc_dsd.c **** 
 226:../Libraries/XMCLib/src/xmc_dsd.c ****   XMC_ASSERT("XMC_DSD_MAIN_FILTER_Init:Invalid module pointer", XMC_DSD_CHECK_CHANNEL_PTR(channel))
 227:../Libraries/XMCLib/src/xmc_dsd.c ****   XMC_ASSERT("XMC_DSD_MAIN_FILTER_Init:NULL Pointer", (config != (XMC_DSD_CH_FILTER_CONFIG_t *)NULL
 228:../Libraries/XMCLib/src/xmc_dsd.c ****   XMC_ASSERT("XMC_DSD_MAIN_FILTER_Init:Invalid Filter Start Value", (config->filter_start_value >= 
 229:../Libraries/XMCLib/src/xmc_dsd.c ****   XMC_ASSERT("XMC_DSD_MAIN_FILTER_Init:Invalid Filter Start Value", (config->filter_start_value <= 
 230:../Libraries/XMCLib/src/xmc_dsd.c ****   XMC_ASSERT("XMC_DSD_MAIN_FILTER_Init:Invalid Decimation Factor",
 231:../Libraries/XMCLib/src/xmc_dsd.c ****              ((config->decimation_factor >= XMC_DSD_MIN_DECIMATION_FACTOR) && (config->decimation_f
 232:../Libraries/XMCLib/src/xmc_dsd.c **** 
 233:../Libraries/XMCLib/src/xmc_dsd.c ****   /*Set Channel frequency*/
 234:../Libraries/XMCLib/src/xmc_dsd.c ****   channel->MODCFG = ((uint32_t)config->clock_divider << DSD_CH_MODCFG_DIVM_Pos) | (uint32_t)DSD_CH_
 458              	 .loc 1 234 0
 459 000a 3B68     	 ldr r3,[r7]
 460 000c 1B78     	 ldrb r3,[r3]
 461 000e C3F30303 	 ubfx r3,r3,#0,#4
 462 0012 DBB2     	 uxtb r3,r3
 463 0014 1B04     	 lsls r3,r3,#16
 464 0016 43F40002 	 orr r2,r3,#8388608
 465 001a 7B68     	 ldr r3,[r7,#4]
 466 001c 1A60     	 str r2,[r3]
 235:../Libraries/XMCLib/src/xmc_dsd.c **** 
 236:../Libraries/XMCLib/src/xmc_dsd.c ****   /* Input Data/Clk */
 237:../Libraries/XMCLib/src/xmc_dsd.c ****   channel->DICFG = config->demodulator_conf | (uint32_t)DSD_CH_DICFG_DSWC_Msk | (uint32_t)DSD_CH_DI
 467              	 .loc 1 237 0
 468 001e 3B68     	 ldr r3,[r7]
 469 0020 5B68     	 ldr r3,[r3,#4]
 470 0022 43F00043 	 orr r3,r3,#-2147483648
 471 0026 43F08003 	 orr r3,r3,#128
 472 002a 7A68     	 ldr r2,[r7,#4]
 473 002c 9360     	 str r3,[r2,#8]
 238:../Libraries/XMCLib/src/xmc_dsd.c **** 
 239:../Libraries/XMCLib/src/xmc_dsd.c ****   /*The decimation factor of the Main CIC filter is CFMDF + 1.*/
 240:../Libraries/XMCLib/src/xmc_dsd.c ****   decimation_factor_temp = config->decimation_factor - 1U;
 474              	 .loc 1 240 0
 475 002e 3B68     	 ldr r3,[r7]
 476 0030 DB68     	 ldr r3,[r3,#12]
 477 0032 013B     	 subs r3,r3,#1
 478 0034 FB60     	 str r3,[r7,#12]
 241:../Libraries/XMCLib/src/xmc_dsd.c ****   filter_start_value_temp = config->filter_start_value - 1U;
 479              	 .loc 1 241 0
 480 0036 3B68     	 ldr r3,[r7]
 481 0038 1B69     	 ldr r3,[r3,#16]
 482 003a 013B     	 subs r3,r3,#1
 483 003c BB60     	 str r3,[r7,#8]
 242:../Libraries/XMCLib/src/xmc_dsd.c **** 
 243:../Libraries/XMCLib/src/xmc_dsd.c ****   /* Filter setup*/
 244:../Libraries/XMCLib/src/xmc_dsd.c ****   channel->FCFGC = (decimation_factor_temp |
 245:../Libraries/XMCLib/src/xmc_dsd.c ****                     (filter_start_value_temp << (uint32_t)DSD_CH_FCFGC_CFMSV_Pos) |
 484              	 .loc 1 245 0
 485 003e BB68     	 ldr r3,[r7,#8]
 486 0040 1A04     	 lsls r2,r3,#16
 244:../Libraries/XMCLib/src/xmc_dsd.c ****                     (filter_start_value_temp << (uint32_t)DSD_CH_FCFGC_CFMSV_Pos) |
 487              	 .loc 1 244 0
 488 0042 FB68     	 ldr r3,[r7,#12]
 489 0044 1A43     	 orrs r2,r2,r3
 246:../Libraries/XMCLib/src/xmc_dsd.c ****                     config->main_filter_conf |
 490              	 .loc 1 246 0
 491 0046 3B68     	 ldr r3,[r7]
 492 0048 9B68     	 ldr r3,[r3,#8]
 245:../Libraries/XMCLib/src/xmc_dsd.c ****                     config->main_filter_conf |
 493              	 .loc 1 245 0
 494 004a 1343     	 orrs r3,r3,r2
 495              	 .loc 1 246 0
 496 004c 43F48062 	 orr r2,r3,#1024
 244:../Libraries/XMCLib/src/xmc_dsd.c ****                     (filter_start_value_temp << (uint32_t)DSD_CH_FCFGC_CFMSV_Pos) |
 497              	 .loc 1 244 0
 498 0050 7B68     	 ldr r3,[r7,#4]
 499 0052 5A61     	 str r2,[r3,#20]
 247:../Libraries/XMCLib/src/xmc_dsd.c ****                     (uint32_t)DSD_CH_FCFGC_CFEN_Msk);
 248:../Libraries/XMCLib/src/xmc_dsd.c **** 
 249:../Libraries/XMCLib/src/xmc_dsd.c ****   /* Offset */
 250:../Libraries/XMCLib/src/xmc_dsd.c ****   channel->OFFM = (uint16_t)config->offset;
 500              	 .loc 1 250 0
 501 0054 3B68     	 ldr r3,[r7]
 502 0056 5B88     	 ldrh r3,[r3,#2]
 503 0058 9BB2     	 uxth r3,r3
 504 005a 1A46     	 mov r2,r3
 505 005c 7B68     	 ldr r3,[r7,#4]
 506 005e 9A63     	 str r2,[r3,#56]
 251:../Libraries/XMCLib/src/xmc_dsd.c **** }
 507              	 .loc 1 251 0
 508 0060 1437     	 adds r7,r7,#20
 509              	 .cfi_def_cfa_offset 4
 510 0062 BD46     	 mov sp,r7
 511              	 .cfi_def_cfa_register 13
 512              	 
 513 0064 5DF8047B 	 ldr r7,[sp],#4
 514              	 .cfi_restore 7
 515              	 .cfi_def_cfa_offset 0
 516 0068 7047     	 bx lr
 517              	 .cfi_endproc
 518              	.LFE200:
 520 006a 00BF     	 .section .text.XMC_DSD_CH_Timestamp_Init,"ax",%progbits
 521              	 .align 2
 522              	 .global XMC_DSD_CH_Timestamp_Init
 523              	 .thumb
 524              	 .thumb_func
 526              	XMC_DSD_CH_Timestamp_Init:
 527              	.LFB201:
 252:../Libraries/XMCLib/src/xmc_dsd.c **** 
 253:../Libraries/XMCLib/src/xmc_dsd.c **** /* Initialize timestamp mode of DSD */
 254:../Libraries/XMCLib/src/xmc_dsd.c **** void XMC_DSD_CH_Timestamp_Init(XMC_DSD_CH_t *const channel, const XMC_DSD_CH_TIMESTAMP_CONFIG_t *co
 255:../Libraries/XMCLib/src/xmc_dsd.c **** {
 528              	 .loc 1 255 0
 529              	 .cfi_startproc
 530              	 
 531              	 
 532              	 
 533 0000 80B4     	 push {r7}
 534              	 .cfi_def_cfa_offset 4
 535              	 .cfi_offset 7,-4
 536 0002 85B0     	 sub sp,sp,#20
 537              	 .cfi_def_cfa_offset 24
 538 0004 00AF     	 add r7,sp,#0
 539              	 .cfi_def_cfa_register 7
 540 0006 7860     	 str r0,[r7,#4]
 541 0008 3960     	 str r1,[r7]
 256:../Libraries/XMCLib/src/xmc_dsd.c ****   uint32_t temp;
 257:../Libraries/XMCLib/src/xmc_dsd.c ****   XMC_ASSERT("XMC_DSD_MAIN_FILTER_Init:Invalid module pointer", XMC_DSD_CHECK_CHANNEL_PTR(channel))
 258:../Libraries/XMCLib/src/xmc_dsd.c ****   XMC_ASSERT("XMC_DSD_MAIN_FILTER_Init:NULL Pointer", (config != (XMC_DSD_CH_TIMESTAMP_CONFIG_t *)N
 259:../Libraries/XMCLib/src/xmc_dsd.c **** 
 260:../Libraries/XMCLib/src/xmc_dsd.c ****   temp = (channel->DICFG | (uint32_t)DSD_CH_DICFG_TRWC_Msk);
 542              	 .loc 1 260 0
 543 000a 7B68     	 ldr r3,[r7,#4]
 544 000c 9B68     	 ldr r3,[r3,#8]
 545 000e 43F40043 	 orr r3,r3,#32768
 546 0012 FB60     	 str r3,[r7,#12]
 261:../Libraries/XMCLib/src/xmc_dsd.c ****   temp &= ~((uint32_t)DSD_CH_DICFG_TSTRMODE_Msk | (uint32_t)DSD_CH_DICFG_TRSEL_Msk);
 547              	 .loc 1 261 0
 548 0014 FB68     	 ldr r3,[r7,#12]
 549 0016 23F4F843 	 bic r3,r3,#31744
 550 001a FB60     	 str r3,[r7,#12]
 262:../Libraries/XMCLib/src/xmc_dsd.c ****   temp |= config->timestamp_conf;
 551              	 .loc 1 262 0
 552 001c 3B68     	 ldr r3,[r7]
 553 001e 1B68     	 ldr r3,[r3]
 554 0020 FA68     	 ldr r2,[r7,#12]
 555 0022 1343     	 orrs r3,r3,r2
 556 0024 FB60     	 str r3,[r7,#12]
 263:../Libraries/XMCLib/src/xmc_dsd.c ****   channel->DICFG = temp;
 557              	 .loc 1 263 0
 558 0026 7B68     	 ldr r3,[r7,#4]
 559 0028 FA68     	 ldr r2,[r7,#12]
 560 002a 9A60     	 str r2,[r3,#8]
 264:../Libraries/XMCLib/src/xmc_dsd.c **** }
 561              	 .loc 1 264 0
 562 002c 1437     	 adds r7,r7,#20
 563              	 .cfi_def_cfa_offset 4
 564 002e BD46     	 mov sp,r7
 565              	 .cfi_def_cfa_register 13
 566              	 
 567 0030 5DF8047B 	 ldr r7,[sp],#4
 568              	 .cfi_restore 7
 569              	 .cfi_def_cfa_offset 0
 570 0034 7047     	 bx lr
 571              	 .cfi_endproc
 572              	.LFE201:
 574 0036 00BF     	 .section .text.XMC_DSD_CH_AuxFilter_Init,"ax",%progbits
 575              	 .align 2
 576              	 .global XMC_DSD_CH_AuxFilter_Init
 577              	 .thumb
 578              	 .thumb_func
 580              	XMC_DSD_CH_AuxFilter_Init:
 581              	.LFB202:
 265:../Libraries/XMCLib/src/xmc_dsd.c **** 
 266:../Libraries/XMCLib/src/xmc_dsd.c **** /* Initialize auxiliary filter of DSD */
 267:../Libraries/XMCLib/src/xmc_dsd.c **** void XMC_DSD_CH_AuxFilter_Init(XMC_DSD_CH_t *const channel, const XMC_DSD_CH_AUX_FILTER_CONFIG_t *c
 268:../Libraries/XMCLib/src/xmc_dsd.c **** {
 582              	 .loc 1 268 0
 583              	 .cfi_startproc
 584              	 
 585              	 
 586              	 
 587 0000 80B4     	 push {r7}
 588              	 .cfi_def_cfa_offset 4
 589              	 .cfi_offset 7,-4
 590 0002 85B0     	 sub sp,sp,#20
 591              	 .cfi_def_cfa_offset 24
 592 0004 00AF     	 add r7,sp,#0
 593              	 .cfi_def_cfa_register 7
 594 0006 7860     	 str r0,[r7,#4]
 595 0008 3960     	 str r1,[r7]
 269:../Libraries/XMCLib/src/xmc_dsd.c ****   uint32_t decimation_factor_temp;
 270:../Libraries/XMCLib/src/xmc_dsd.c **** 
 271:../Libraries/XMCLib/src/xmc_dsd.c ****   XMC_ASSERT("XMC_DSD_AUX_FILTER_Init:Invalid module pointer", XMC_DSD_CHECK_CHANNEL_PTR(channel));
 272:../Libraries/XMCLib/src/xmc_dsd.c ****   XMC_ASSERT("XMC_DSD_AUX_FILTER_Init:NULL Pointer", (config != (XMC_DSD_CH_AUX_FILTER_CONFIG_t *)N
 273:../Libraries/XMCLib/src/xmc_dsd.c ****   XMC_ASSERT("XMC_DSD_AUX_FILTER_Init:Invalid Decimation Factor",
 274:../Libraries/XMCLib/src/xmc_dsd.c ****              ((config->decimation_factor >= XMC_DSD_MIN_DECIMATION_FACTOR) && (config->decimation_f
 275:../Libraries/XMCLib/src/xmc_dsd.c **** 
 276:../Libraries/XMCLib/src/xmc_dsd.c ****   channel->BOUNDSEL = config->boundary_conf;
 596              	 .loc 1 276 0
 597 000a 3B68     	 ldr r3,[r7]
 598 000c 5A68     	 ldr r2,[r3,#4]
 599 000e 7B68     	 ldr r3,[r7,#4]
 600 0010 9A62     	 str r2,[r3,#40]
 277:../Libraries/XMCLib/src/xmc_dsd.c ****   /*The decimation factor of the Aux CIC filter is CFMDF + 1.*/
 278:../Libraries/XMCLib/src/xmc_dsd.c ****   decimation_factor_temp = config->decimation_factor - 1U;
 601              	 .loc 1 278 0
 602 0012 3B68     	 ldr r3,[r7]
 603 0014 9B68     	 ldr r3,[r3,#8]
 604 0016 013B     	 subs r3,r3,#1
 605 0018 FB60     	 str r3,[r7,#12]
 279:../Libraries/XMCLib/src/xmc_dsd.c ****   channel->FCFGA = (decimation_factor_temp | config->aux_filter_conf);
 606              	 .loc 1 279 0
 607 001a 3B68     	 ldr r3,[r7]
 608 001c 1A68     	 ldr r2,[r3]
 609 001e FB68     	 ldr r3,[r7,#12]
 610 0020 1A43     	 orrs r2,r2,r3
 611 0022 7B68     	 ldr r3,[r7,#4]
 612 0024 9A61     	 str r2,[r3,#24]
 280:../Libraries/XMCLib/src/xmc_dsd.c **** }
 613              	 .loc 1 280 0
 614 0026 1437     	 adds r7,r7,#20
 615              	 .cfi_def_cfa_offset 4
 616 0028 BD46     	 mov sp,r7
 617              	 .cfi_def_cfa_register 13
 618              	 
 619 002a 5DF8047B 	 ldr r7,[sp],#4
 620              	 .cfi_restore 7
 621              	 .cfi_def_cfa_offset 0
 622 002e 7047     	 bx lr
 623              	 .cfi_endproc
 624              	.LFE202:
 626              	 .section .text.XMC_DSD_CH_Integrator_Init,"ax",%progbits
 627              	 .align 2
 628              	 .global XMC_DSD_CH_Integrator_Init
 629              	 .thumb
 630              	 .thumb_func
 632              	XMC_DSD_CH_Integrator_Init:
 633              	.LFB203:
 281:../Libraries/XMCLib/src/xmc_dsd.c **** 
 282:../Libraries/XMCLib/src/xmc_dsd.c **** /* Integrator initialization of DSD */
 283:../Libraries/XMCLib/src/xmc_dsd.c **** void XMC_DSD_CH_Integrator_Init(XMC_DSD_CH_t *const channel, const XMC_DSD_CH_INTEGRATOR_CONFIG_t *
 284:../Libraries/XMCLib/src/xmc_dsd.c **** {
 634              	 .loc 1 284 0
 635              	 .cfi_startproc
 636              	 
 637              	 
 638              	 
 639 0000 80B4     	 push {r7}
 640              	 .cfi_def_cfa_offset 4
 641              	 .cfi_offset 7,-4
 642 0002 85B0     	 sub sp,sp,#20
 643              	 .cfi_def_cfa_offset 24
 644 0004 00AF     	 add r7,sp,#0
 645              	 .cfi_def_cfa_register 7
 646 0006 7860     	 str r0,[r7,#4]
 647 0008 3960     	 str r1,[r7]
 285:../Libraries/XMCLib/src/xmc_dsd.c ****   uint32_t temp;
 286:../Libraries/XMCLib/src/xmc_dsd.c ****   XMC_ASSERT("XMC_DSD_INTEGRATOR_Init:Invalid module pointer", XMC_DSD_CHECK_CHANNEL_PTR(channel));
 287:../Libraries/XMCLib/src/xmc_dsd.c ****   XMC_ASSERT("XMC_DSD_INTEGRATOR_Init:NULL Pointer", (config != (XMC_DSD_CH_INTEGRATOR_CONFIG_t *)N
 288:../Libraries/XMCLib/src/xmc_dsd.c ****   XMC_ASSERT("XMC_DSD_INTEGRATOR_Init:Invalid integration_loop", (config->integration_loop > 0U ));
 289:../Libraries/XMCLib/src/xmc_dsd.c ****   XMC_ASSERT("XMC_DSD_INTEGRATOR_Init:Invalid counted_values", (config->counted_values > 0U ));
 290:../Libraries/XMCLib/src/xmc_dsd.c **** 
 291:../Libraries/XMCLib/src/xmc_dsd.c ****   channel->IWCTR = ((config->integration_loop - 1U) << DSD_CH_IWCTR_REPVAL_Pos)
 648              	 .loc 1 291 0
 649 000a 3B68     	 ldr r3,[r7]
 650 000c 5B68     	 ldr r3,[r3,#4]
 651 000e 013B     	 subs r3,r3,#1
 652 0010 1A03     	 lsls r2,r3,#12
 292:../Libraries/XMCLib/src/xmc_dsd.c ****                    | (config->discarded_values << DSD_CH_IWCTR_NVALDIS_Pos)
 653              	 .loc 1 292 0
 654 0012 3B68     	 ldr r3,[r7]
 655 0014 9B68     	 ldr r3,[r3,#8]
 656 0016 1B04     	 lsls r3,r3,#16
 657 0018 1A43     	 orrs r2,r2,r3
 293:../Libraries/XMCLib/src/xmc_dsd.c ****                    | (config->stop_condition << DSD_CH_IWCTR_IWS_Pos)
 658              	 .loc 1 293 0
 659 001a 3B68     	 ldr r3,[r7]
 660 001c DB68     	 ldr r3,[r3,#12]
 661 001e DB05     	 lsls r3,r3,#23
 662 0020 1A43     	 orrs r2,r2,r3
 294:../Libraries/XMCLib/src/xmc_dsd.c ****                    | ((config->counted_values - 1U) << DSD_CH_IWCTR_NVALINT_Pos);
 663              	 .loc 1 294 0
 664 0022 3B68     	 ldr r3,[r7]
 665 0024 1B69     	 ldr r3,[r3,#16]
 666 0026 013B     	 subs r3,r3,#1
 667 0028 1B06     	 lsls r3,r3,#24
 668 002a 1A43     	 orrs r2,r2,r3
 291:../Libraries/XMCLib/src/xmc_dsd.c ****                    | (config->discarded_values << DSD_CH_IWCTR_NVALDIS_Pos)
 669              	 .loc 1 291 0
 670 002c 7B68     	 ldr r3,[r7,#4]
 671 002e 1A62     	 str r2,[r3,#32]
 295:../Libraries/XMCLib/src/xmc_dsd.c **** 
 296:../Libraries/XMCLib/src/xmc_dsd.c ****   /*To ensure proper operation, ensure that bit field ITRMODE is zero before selecting any other tr
 297:../Libraries/XMCLib/src/xmc_dsd.c ****   temp = (channel->DICFG & ~((uint32_t)DSD_CH_DICFG_ITRMODE_Msk | (uint32_t)DSD_CH_DICFG_TRSEL_Msk)
 672              	 .loc 1 297 0
 673 0030 7B68     	 ldr r3,[r7,#4]
 674 0032 9B68     	 ldr r3,[r3,#8]
 675 0034 23F47343 	 bic r3,r3,#62208
 676 0038 43F40043 	 orr r3,r3,#32768
 677 003c FB60     	 str r3,[r7,#12]
 298:../Libraries/XMCLib/src/xmc_dsd.c **** 
 299:../Libraries/XMCLib/src/xmc_dsd.c ****   channel->DICFG = temp;
 678              	 .loc 1 299 0
 679 003e 7B68     	 ldr r3,[r7,#4]
 680 0040 FA68     	 ldr r2,[r7,#12]
 681 0042 9A60     	 str r2,[r3,#8]
 300:../Libraries/XMCLib/src/xmc_dsd.c **** 
 301:../Libraries/XMCLib/src/xmc_dsd.c ****   temp |=  config->integrator_trigger;
 682              	 .loc 1 301 0
 683 0044 3B68     	 ldr r3,[r7]
 684 0046 1B68     	 ldr r3,[r3]
 685 0048 FA68     	 ldr r2,[r7,#12]
 686 004a 1343     	 orrs r3,r3,r2
 687 004c FB60     	 str r3,[r7,#12]
 302:../Libraries/XMCLib/src/xmc_dsd.c ****   channel->DICFG = temp;
 688              	 .loc 1 302 0
 689 004e 7B68     	 ldr r3,[r7,#4]
 690 0050 FA68     	 ldr r2,[r7,#12]
 691 0052 9A60     	 str r2,[r3,#8]
 303:../Libraries/XMCLib/src/xmc_dsd.c **** }
 692              	 .loc 1 303 0
 693 0054 1437     	 adds r7,r7,#20
 694              	 .cfi_def_cfa_offset 4
 695 0056 BD46     	 mov sp,r7
 696              	 .cfi_def_cfa_register 13
 697              	 
 698 0058 5DF8047B 	 ldr r7,[sp],#4
 699              	 .cfi_restore 7
 700              	 .cfi_def_cfa_offset 0
 701 005c 7047     	 bx lr
 702              	 .cfi_endproc
 703              	.LFE203:
 705 005e 00BF     	 .section .text.XMC_DSD_CH_Rectify_Init,"ax",%progbits
 706              	 .align 2
 707              	 .global XMC_DSD_CH_Rectify_Init
 708              	 .thumb
 709              	 .thumb_func
 711              	XMC_DSD_CH_Rectify_Init:
 712              	.LFB204:
 304:../Libraries/XMCLib/src/xmc_dsd.c **** 
 305:../Libraries/XMCLib/src/xmc_dsd.c **** /* Rectifier initialization of DSD */
 306:../Libraries/XMCLib/src/xmc_dsd.c **** void XMC_DSD_CH_Rectify_Init(XMC_DSD_CH_t *const channel, const XMC_DSD_CH_RECTIFY_CONFIG_t *const 
 307:../Libraries/XMCLib/src/xmc_dsd.c **** {
 713              	 .loc 1 307 0
 714              	 .cfi_startproc
 715              	 
 716              	 
 717              	 
 718 0000 80B4     	 push {r7}
 719              	 .cfi_def_cfa_offset 4
 720              	 .cfi_offset 7,-4
 721 0002 83B0     	 sub sp,sp,#12
 722              	 .cfi_def_cfa_offset 16
 723 0004 00AF     	 add r7,sp,#0
 724              	 .cfi_def_cfa_register 7
 725 0006 7860     	 str r0,[r7,#4]
 726 0008 3960     	 str r1,[r7]
 308:../Libraries/XMCLib/src/xmc_dsd.c ****   XMC_ASSERT("XMC_DSD_RECTIFY_Init:Invalid module pointer", XMC_DSD_CHECK_CHANNEL_PTR(channel));
 309:../Libraries/XMCLib/src/xmc_dsd.c ****   XMC_ASSERT("XMC_DSD_RECTIFY_Init:NULL Pointer", (config != (XMC_DSD_CH_RECTIFY_CONFIG_t *)NULL));
 310:../Libraries/XMCLib/src/xmc_dsd.c ****   XMC_ASSERT("XMC_DSD_RECTIFY_Init:NULL Pointer", (((uint16_t)config->delay + (uint16_t)config->hal
 311:../Libraries/XMCLib/src/xmc_dsd.c **** 
 312:../Libraries/XMCLib/src/xmc_dsd.c ****   channel->RECTCFG = config->rectify_config | (uint32_t)DSD_CH_RECTCFG_RFEN_Msk;
 727              	 .loc 1 312 0
 728 000a 3B68     	 ldr r3,[r7]
 729 000c 1B68     	 ldr r3,[r3]
 730 000e 43F00102 	 orr r2,r3,#1
 731 0012 7B68     	 ldr r3,[r7,#4]
 732 0014 C3F8A820 	 str r2,[r3,#168]
 313:../Libraries/XMCLib/src/xmc_dsd.c ****   channel->CGSYNC = (((uint32_t) config->delay << (uint32_t)DSD_CH_CGSYNC_SDPOS_Pos)
 733              	 .loc 1 313 0
 734 0018 3B68     	 ldr r3,[r7]
 735 001a 1B79     	 ldrb r3,[r3,#4]
 736 001c 1A04     	 lsls r2,r3,#16
 314:../Libraries/XMCLib/src/xmc_dsd.c ****                      | (((uint32_t)config->delay + (uint32_t)config->half_cycle) << (uint32_t)DSD_C
 737              	 .loc 1 314 0
 738 001e 3B68     	 ldr r3,[r7]
 739 0020 1B79     	 ldrb r3,[r3,#4]
 740 0022 1946     	 mov r1,r3
 741 0024 3B68     	 ldr r3,[r7]
 742 0026 5B79     	 ldrb r3,[r3,#5]
 743 0028 0B44     	 add r3,r3,r1
 744 002a 1B06     	 lsls r3,r3,#24
 745 002c 1A43     	 orrs r2,r2,r3
 313:../Libraries/XMCLib/src/xmc_dsd.c ****   channel->CGSYNC = (((uint32_t) config->delay << (uint32_t)DSD_CH_CGSYNC_SDPOS_Pos)
 746              	 .loc 1 313 0
 747 002e 7B68     	 ldr r3,[r7,#4]
 748 0030 C3F8A020 	 str r2,[r3,#160]
 315:../Libraries/XMCLib/src/xmc_dsd.c **** }
 749              	 .loc 1 315 0
 750 0034 0C37     	 adds r7,r7,#12
 751              	 .cfi_def_cfa_offset 4
 752 0036 BD46     	 mov sp,r7
 753              	 .cfi_def_cfa_register 13
 754              	 
 755 0038 5DF8047B 	 ldr r7,[sp],#4
 756              	 .cfi_restore 7
 757              	 .cfi_def_cfa_offset 0
 758 003c 7047     	 bx lr
 759              	 .cfi_endproc
 760              	.LFE204:
 762 003e 00BF     	 .section .text.XMC_DSD_CH_GetResult_TS,"ax",%progbits
 763              	 .align 2
 764              	 .global XMC_DSD_CH_GetResult_TS
 765              	 .thumb
 766              	 .thumb_func
 768              	XMC_DSD_CH_GetResult_TS:
 769              	.LFB205:
 316:../Libraries/XMCLib/src/xmc_dsd.c **** 
 317:../Libraries/XMCLib/src/xmc_dsd.c **** /* API to get the result of the last conversion */
 318:../Libraries/XMCLib/src/xmc_dsd.c **** void XMC_DSD_CH_GetResult_TS(XMC_DSD_CH_t *const channel,
 319:../Libraries/XMCLib/src/xmc_dsd.c ****                              int16_t *dsd_result,
 320:../Libraries/XMCLib/src/xmc_dsd.c ****                              uint8_t *dsd_filter_count,
 321:../Libraries/XMCLib/src/xmc_dsd.c ****                              uint8_t *dsd_integration_count)
 322:../Libraries/XMCLib/src/xmc_dsd.c **** {
 770              	 .loc 1 322 0
 771              	 .cfi_startproc
 772              	 
 773              	 
 774              	 
 775 0000 80B4     	 push {r7}
 776              	 .cfi_def_cfa_offset 4
 777              	 .cfi_offset 7,-4
 778 0002 87B0     	 sub sp,sp,#28
 779              	 .cfi_def_cfa_offset 32
 780 0004 00AF     	 add r7,sp,#0
 781              	 .cfi_def_cfa_register 7
 782 0006 F860     	 str r0,[r7,#12]
 783 0008 B960     	 str r1,[r7,#8]
 784 000a 7A60     	 str r2,[r7,#4]
 785 000c 3B60     	 str r3,[r7]
 323:../Libraries/XMCLib/src/xmc_dsd.c ****   uint32_t timestamp;
 324:../Libraries/XMCLib/src/xmc_dsd.c ****   uint16_t result;
 325:../Libraries/XMCLib/src/xmc_dsd.c **** 
 326:../Libraries/XMCLib/src/xmc_dsd.c ****   timestamp = channel->TSTMP;
 786              	 .loc 1 326 0
 787 000e FB68     	 ldr r3,[r7,#12]
 788 0010 1B6D     	 ldr r3,[r3,#80]
 789 0012 7B61     	 str r3,[r7,#20]
 327:../Libraries/XMCLib/src/xmc_dsd.c ****   result = (uint16_t)((uint32_t)timestamp & DSD_CH_TSTMP_RESULT_Msk);
 790              	 .loc 1 327 0
 791 0014 7B69     	 ldr r3,[r7,#20]
 792 0016 7B82     	 strh r3,[r7,#18]
 328:../Libraries/XMCLib/src/xmc_dsd.c ****   *dsd_result = (int16_t)(result);
 793              	 .loc 1 328 0
 794 0018 7A8A     	 ldrh r2,[r7,#18]
 795 001a BB68     	 ldr r3,[r7,#8]
 796 001c 1A80     	 strh r2,[r3]
 329:../Libraries/XMCLib/src/xmc_dsd.c ****   *dsd_filter_count = (uint8_t) ((timestamp & (uint32_t)DSD_CH_TSTMP_CFMDCNT_Msk) >> (uint32_t)DSD_
 797              	 .loc 1 329 0
 798 001e 7B69     	 ldr r3,[r7,#20]
 799 0020 03F47F03 	 and r3,r3,#16711680
 800 0024 1B0C     	 lsrs r3,r3,#16
 801 0026 DAB2     	 uxtb r2,r3
 802 0028 7B68     	 ldr r3,[r7,#4]
 803 002a 1A70     	 strb r2,[r3]
 330:../Libraries/XMCLib/src/xmc_dsd.c ****   *dsd_integration_count = (uint8_t) ((timestamp & (uint32_t)DSD_CH_TSTMP_NVALCNT_Msk) >> (uint32_t
 804              	 .loc 1 330 0
 805 002c 7B69     	 ldr r3,[r7,#20]
 806 002e 03F07C53 	 and r3,r3,#1056964608
 807 0032 1B0E     	 lsrs r3,r3,#24
 808 0034 DAB2     	 uxtb r2,r3
 809 0036 3B68     	 ldr r3,[r7]
 810 0038 1A70     	 strb r2,[r3]
 331:../Libraries/XMCLib/src/xmc_dsd.c **** }
 811              	 .loc 1 331 0
 812 003a 1C37     	 adds r7,r7,#28
 813              	 .cfi_def_cfa_offset 4
 814 003c BD46     	 mov sp,r7
 815              	 .cfi_def_cfa_register 13
 816              	 
 817 003e 5DF8047B 	 ldr r7,[sp],#4
 818              	 .cfi_restore 7
 819              	 .cfi_def_cfa_offset 0
 820 0042 7047     	 bx lr
 821              	 .cfi_endproc
 822              	.LFE205:
 824              	 .section .text.XMC_DSD_CH_GetResult_TS_Time,"ax",%progbits
 825              	 .align 2
 826              	 .global XMC_DSD_CH_GetResult_TS_Time
 827              	 .thumb
 828              	 .thumb_func
 830              	XMC_DSD_CH_GetResult_TS_Time:
 831              	.LFB206:
 332:../Libraries/XMCLib/src/xmc_dsd.c **** 
 333:../Libraries/XMCLib/src/xmc_dsd.c **** /* API to get the result of the last conversion with the time */
 334:../Libraries/XMCLib/src/xmc_dsd.c **** void XMC_DSD_CH_GetResult_TS_Time(XMC_DSD_CH_t *const channel, int16_t *dsd_Result, uint32_t *time)
 335:../Libraries/XMCLib/src/xmc_dsd.c **** {
 832              	 .loc 1 335 0
 833              	 .cfi_startproc
 834              	 
 835              	 
 836              	 
 837 0000 80B4     	 push {r7}
 838              	 .cfi_def_cfa_offset 4
 839              	 .cfi_offset 7,-4
 840 0002 89B0     	 sub sp,sp,#36
 841              	 .cfi_def_cfa_offset 40
 842 0004 00AF     	 add r7,sp,#0
 843              	 .cfi_def_cfa_register 7
 844 0006 F860     	 str r0,[r7,#12]
 845 0008 B960     	 str r1,[r7,#8]
 846 000a 7A60     	 str r2,[r7,#4]
 336:../Libraries/XMCLib/src/xmc_dsd.c ****   uint32_t timestamp;
 337:../Libraries/XMCLib/src/xmc_dsd.c ****   uint16_t filter_count;
 338:../Libraries/XMCLib/src/xmc_dsd.c ****   uint16_t integrator_count;
 339:../Libraries/XMCLib/src/xmc_dsd.c ****   uint16_t decimation;
 340:../Libraries/XMCLib/src/xmc_dsd.c ****   uint16_t result;
 341:../Libraries/XMCLib/src/xmc_dsd.c **** 
 342:../Libraries/XMCLib/src/xmc_dsd.c ****   timestamp = channel->TSTMP;
 847              	 .loc 1 342 0
 848 000c FB68     	 ldr r3,[r7,#12]
 849 000e 1B6D     	 ldr r3,[r3,#80]
 850 0010 BB61     	 str r3,[r7,#24]
 343:../Libraries/XMCLib/src/xmc_dsd.c ****   decimation = (uint16_t)(channel->FCFGC & DSD_CH_FCFGC_CFMDF_Msk);
 851              	 .loc 1 343 0
 852 0012 FB68     	 ldr r3,[r7,#12]
 853 0014 5B69     	 ldr r3,[r3,#20]
 854 0016 9BB2     	 uxth r3,r3
 855 0018 DBB2     	 uxtb r3,r3
 856 001a FB82     	 strh r3,[r7,#22]
 344:../Libraries/XMCLib/src/xmc_dsd.c ****   filter_count = (uint16_t)((timestamp & DSD_CH_TSTMP_CFMDCNT_Msk) >> DSD_CH_TSTMP_CFMDCNT_Pos);
 857              	 .loc 1 344 0
 858 001c BB69     	 ldr r3,[r7,#24]
 859 001e 03F47F03 	 and r3,r3,#16711680
 860 0022 1B0C     	 lsrs r3,r3,#16
 861 0024 BB82     	 strh r3,[r7,#20]
 345:../Libraries/XMCLib/src/xmc_dsd.c **** 
 346:../Libraries/XMCLib/src/xmc_dsd.c ****   /* Integration enabled? */
 347:../Libraries/XMCLib/src/xmc_dsd.c ****   if ((channel->IWCTR & DSD_CH_IWCTR_INTEN_Msk))
 862              	 .loc 1 347 0
 863 0026 FB68     	 ldr r3,[r7,#12]
 864 0028 1B6A     	 ldr r3,[r3,#32]
 865 002a 03F08003 	 and r3,r3,#128
 866 002e 002B     	 cmp r3,#0
 867 0030 17D0     	 beq .L28
 348:../Libraries/XMCLib/src/xmc_dsd.c ****   {
 349:../Libraries/XMCLib/src/xmc_dsd.c ****     integrator_count = (uint16_t) ((timestamp & DSD_CH_TSTMP_NVALCNT_Msk) >> DSD_CH_TSTMP_NVALCNT_P
 868              	 .loc 1 349 0
 869 0032 BB69     	 ldr r3,[r7,#24]
 870 0034 03F07C53 	 and r3,r3,#1056964608
 871 0038 1B0E     	 lsrs r3,r3,#24
 872 003a FB83     	 strh r3,[r7,#30]
 350:../Libraries/XMCLib/src/xmc_dsd.c **** 
 351:../Libraries/XMCLib/src/xmc_dsd.c ****     /*See Errata number: xxyy */
 352:../Libraries/XMCLib/src/xmc_dsd.c ****     if (filter_count == decimation)
 873              	 .loc 1 352 0
 874 003c BA8A     	 ldrh r2,[r7,#20]
 875 003e FB8A     	 ldrh r3,[r7,#22]
 876 0040 9A42     	 cmp r2,r3
 877 0042 02D1     	 bne .L29
 353:../Libraries/XMCLib/src/xmc_dsd.c ****     {
 354:../Libraries/XMCLib/src/xmc_dsd.c ****       integrator_count++;
 878              	 .loc 1 354 0
 879 0044 FB8B     	 ldrh r3,[r7,#30]
 880 0046 0133     	 adds r3,r3,#1
 881 0048 FB83     	 strh r3,[r7,#30]
 882              	.L29:
 355:../Libraries/XMCLib/src/xmc_dsd.c ****     }
 356:../Libraries/XMCLib/src/xmc_dsd.c ****     *time = (uint32_t)(((uint32_t) integrator_count * ((uint32_t) decimation + 1U)) + (uint32_t) ((
 883              	 .loc 1 356 0
 884 004a FB8B     	 ldrh r3,[r7,#30]
 885 004c FA8A     	 ldrh r2,[r7,#22]
 886 004e 0132     	 adds r2,r2,#1
 887 0050 02FB03F2 	 mul r2,r2,r3
 888 0054 F98A     	 ldrh r1,[r7,#22]
 889 0056 BB8A     	 ldrh r3,[r7,#20]
 890 0058 CB1A     	 subs r3,r1,r3
 891 005a 1A44     	 add r2,r2,r3
 892 005c 7B68     	 ldr r3,[r7,#4]
 893 005e 1A60     	 str r2,[r3]
 894 0060 04E0     	 b .L30
 895              	.L28:
 357:../Libraries/XMCLib/src/xmc_dsd.c ****   }
 358:../Libraries/XMCLib/src/xmc_dsd.c ****   else
 359:../Libraries/XMCLib/src/xmc_dsd.c ****   {
 360:../Libraries/XMCLib/src/xmc_dsd.c ****     *time = (uint32_t) ((uint32_t)decimation - filter_count);
 896              	 .loc 1 360 0
 897 0062 FA8A     	 ldrh r2,[r7,#22]
 898 0064 BB8A     	 ldrh r3,[r7,#20]
 899 0066 D21A     	 subs r2,r2,r3
 900 0068 7B68     	 ldr r3,[r7,#4]
 901 006a 1A60     	 str r2,[r3]
 902              	.L30:
 361:../Libraries/XMCLib/src/xmc_dsd.c ****   }
 362:../Libraries/XMCLib/src/xmc_dsd.c ****   result = (uint16_t)((uint32_t)timestamp & DSD_CH_TSTMP_RESULT_Msk);
 903              	 .loc 1 362 0
 904 006c BB69     	 ldr r3,[r7,#24]
 905 006e 7B82     	 strh r3,[r7,#18]
 363:../Libraries/XMCLib/src/xmc_dsd.c ****   *dsd_Result = (int16_t)(result);
 906              	 .loc 1 363 0
 907 0070 7A8A     	 ldrh r2,[r7,#18]
 908 0072 BB68     	 ldr r3,[r7,#8]
 909 0074 1A80     	 strh r2,[r3]
 364:../Libraries/XMCLib/src/xmc_dsd.c **** }
 910              	 .loc 1 364 0
 911 0076 2437     	 adds r7,r7,#36
 912              	 .cfi_def_cfa_offset 4
 913 0078 BD46     	 mov sp,r7
 914              	 .cfi_def_cfa_register 13
 915              	 
 916 007a 5DF8047B 	 ldr r7,[sp],#4
 917              	 .cfi_restore 7
 918              	 .cfi_def_cfa_offset 0
 919 007e 7047     	 bx lr
 920              	 .cfi_endproc
 921              	.LFE206:
 923              	 .text
 924              	.Letext0:
 925              	 .file 2 "c:\\infineon\\tools\\dave ide\\4.5.0.202105191637\\eclipse\\arm-gcc-49\\arm-none-eabi\\include\\machine\\_default_types.h"
 926              	 .file 3 "c:\\infineon\\tools\\dave ide\\4.5.0.202105191637\\eclipse\\arm-gcc-49\\arm-none-eabi\\include\\stdint.h"
 927              	 .file 4 "C:/Infineon/Tools/DAVE IDE/4.5.0.202105191637/eclipse/workspace/xmc4800-CE/Libraries/CMSIS/Infineon/XMC4800_series/Include/XMC4800.h"
 928              	 .file 5 "C:/Infineon/Tools/DAVE IDE/4.5.0.202105191637/eclipse/workspace/xmc4800-CE/Libraries/XMCLib/inc/xmc4_scu.h"
 929              	 .file 6 "C:/Infineon/Tools/DAVE IDE/4.5.0.202105191637/eclipse/workspace/xmc4800-CE/Libraries/XMCLib/inc/xmc_dsd.h"
 930              	 .file 7 "C:/Infineon/Tools/DAVE IDE/4.5.0.202105191637/eclipse/workspace/xmc4800-CE/Libraries/CMSIS/Include/cmsis_gcc.h"
 931              	 .file 8 "C:/Infineon/Tools/DAVE IDE/4.5.0.202105191637/eclipse/workspace/xmc4800-CE/Libraries/CMSIS/Include/core_cm4.h"
 932              	 .file 9 "C:/Infineon/Tools/DAVE IDE/4.5.0.202105191637/eclipse/workspace/xmc4800-CE/Libraries/CMSIS/Infineon/XMC4800_series/Include/system_XMC4800.h"
DEFINED SYMBOLS
                            *ABS*:00000000 xmc_dsd.c
    {standard input}:20     .text.XMC_DSD_Enable:00000000 $t
    {standard input}:25     .text.XMC_DSD_Enable:00000000 XMC_DSD_Enable
    {standard input}:58     .text.XMC_DSD_Disable:00000000 $t
    {standard input}:63     .text.XMC_DSD_Disable:00000000 XMC_DSD_Disable
    {standard input}:95     .text.XMC_DSD_EnableClock:00000000 $t
    {standard input}:100    .text.XMC_DSD_EnableClock:00000000 XMC_DSD_EnableClock
    {standard input}:141    .text.XMC_DSD_DisableClock:00000000 $t
    {standard input}:146    .text.XMC_DSD_DisableClock:00000000 XMC_DSD_DisableClock
    {standard input}:187    .text.XMC_DSD_Init:00000000 $t
    {standard input}:192    .text.XMC_DSD_Init:00000000 XMC_DSD_Init
    {standard input}:224    .text.XMC_DSD_IsEnabled:00000000 $t
    {standard input}:229    .text.XMC_DSD_IsEnabled:00000000 XMC_DSD_IsEnabled
    {standard input}:288    .text.XMC_DSD_Generator_Init:00000000 $t
    {standard input}:293    .text.XMC_DSD_Generator_Init:00000000 XMC_DSD_Generator_Init
    {standard input}:334    .text.XMC_DSD_CH_Init:00000000 $t
    {standard input}:339    .text.XMC_DSD_CH_Init:00000000 XMC_DSD_CH_Init
    {standard input}:442    .text.XMC_DSD_CH_MainFilter_Init:00000000 XMC_DSD_CH_MainFilter_Init
    {standard input}:580    .text.XMC_DSD_CH_AuxFilter_Init:00000000 XMC_DSD_CH_AuxFilter_Init
    {standard input}:632    .text.XMC_DSD_CH_Integrator_Init:00000000 XMC_DSD_CH_Integrator_Init
    {standard input}:711    .text.XMC_DSD_CH_Rectify_Init:00000000 XMC_DSD_CH_Rectify_Init
    {standard input}:526    .text.XMC_DSD_CH_Timestamp_Init:00000000 XMC_DSD_CH_Timestamp_Init
    {standard input}:437    .text.XMC_DSD_CH_MainFilter_Init:00000000 $t
    {standard input}:521    .text.XMC_DSD_CH_Timestamp_Init:00000000 $t
    {standard input}:575    .text.XMC_DSD_CH_AuxFilter_Init:00000000 $t
    {standard input}:627    .text.XMC_DSD_CH_Integrator_Init:00000000 $t
    {standard input}:706    .text.XMC_DSD_CH_Rectify_Init:00000000 $t
    {standard input}:763    .text.XMC_DSD_CH_GetResult_TS:00000000 $t
    {standard input}:768    .text.XMC_DSD_CH_GetResult_TS:00000000 XMC_DSD_CH_GetResult_TS
    {standard input}:825    .text.XMC_DSD_CH_GetResult_TS_Time:00000000 $t
    {standard input}:830    .text.XMC_DSD_CH_GetResult_TS_Time:00000000 XMC_DSD_CH_GetResult_TS_Time
                     .debug_frame:00000010 $d

UNDEFINED SYMBOLS
XMC_SCU_CLOCK_UngatePeripheralClock
XMC_SCU_RESET_DeassertPeripheralReset
XMC_SCU_RESET_AssertPeripheralReset
XMC_SCU_CLOCK_GatePeripheralClock
XMC_SCU_RESET_IsPeripheralResetAsserted
XMC_SCU_CLOCK_IsPeripheralClockGated
