   1              	 .syntax unified
   2              	 .cpu cortex-m4
   3              	 .eabi_attribute 27,3
   4              	 .fpu fpv4-sp-d16
   5              	 .eabi_attribute 20,1
   6              	 .eabi_attribute 21,1
   7              	 .eabi_attribute 23,3
   8              	 .eabi_attribute 24,1
   9              	 .eabi_attribute 25,1
  10              	 .eabi_attribute 26,1
  11              	 .eabi_attribute 30,6
  12              	 .eabi_attribute 34,1
  13              	 .eabi_attribute 18,4
  14              	 .thumb
  15              	 .file "xmc_ledts.c"
  16              	 .text
  17              	.Ltext0:
  18              	 .cfi_sections .debug_frame
  19              	 .section .text.XMC_LEDTS_InitGlobal,"ax",%progbits
  20              	 .align 2
  21              	 .global XMC_LEDTS_InitGlobal
  22              	 .thumb
  23              	 .thumb_func
  25              	XMC_LEDTS_InitGlobal:
  26              	.LFB176:
  27              	 .file 1 "../Libraries/XMCLib/src/xmc_ledts.c"
   1:../Libraries/XMCLib/src/xmc_ledts.c **** /**
   2:../Libraries/XMCLib/src/xmc_ledts.c ****  * @file xmc_ledts.c
   3:../Libraries/XMCLib/src/xmc_ledts.c ****  * @date 2019-12-16
   4:../Libraries/XMCLib/src/xmc_ledts.c ****  *
   5:../Libraries/XMCLib/src/xmc_ledts.c ****  * @cond
   6:../Libraries/XMCLib/src/xmc_ledts.c ****  *****************************************************************************
   7:../Libraries/XMCLib/src/xmc_ledts.c ****  * XMClib v2.2.0 - XMC Peripheral Driver Library
   8:../Libraries/XMCLib/src/xmc_ledts.c ****  *
   9:../Libraries/XMCLib/src/xmc_ledts.c ****  * Copyright (c) 2015-2020, Infineon Technologies AG
  10:../Libraries/XMCLib/src/xmc_ledts.c ****  * All rights reserved.
  11:../Libraries/XMCLib/src/xmc_ledts.c ****  *
  12:../Libraries/XMCLib/src/xmc_ledts.c ****  * Boost Software License - Version 1.0 - August 17th, 2003
  13:../Libraries/XMCLib/src/xmc_ledts.c ****  *
  14:../Libraries/XMCLib/src/xmc_ledts.c ****  * Permission is hereby granted, free of charge, to any person or organization
  15:../Libraries/XMCLib/src/xmc_ledts.c ****  * obtaining a copy of the software and accompanying documentation covered by
  16:../Libraries/XMCLib/src/xmc_ledts.c ****  * this license (the "Software") to use, reproduce, display, distribute,
  17:../Libraries/XMCLib/src/xmc_ledts.c ****  * execute, and transmit the Software, and to prepare derivative works of the
  18:../Libraries/XMCLib/src/xmc_ledts.c ****  * Software, and to permit third-parties to whom the Software is furnished to
  19:../Libraries/XMCLib/src/xmc_ledts.c ****  * do so, all subject to the following:
  20:../Libraries/XMCLib/src/xmc_ledts.c ****  *
  21:../Libraries/XMCLib/src/xmc_ledts.c ****  * The copyright notices in the Software and this entire statement, including
  22:../Libraries/XMCLib/src/xmc_ledts.c ****  * the above license grant, this restriction and the following disclaimer,
  23:../Libraries/XMCLib/src/xmc_ledts.c ****  * must be included in all copies of the Software, in whole or in part, and
  24:../Libraries/XMCLib/src/xmc_ledts.c ****  * all derivative works of the Software, unless such copies or derivative
  25:../Libraries/XMCLib/src/xmc_ledts.c ****  * works are solely in the form of machine-executable object code generated by
  26:../Libraries/XMCLib/src/xmc_ledts.c ****  * a source language processor.
  27:../Libraries/XMCLib/src/xmc_ledts.c ****  *
  28:../Libraries/XMCLib/src/xmc_ledts.c ****  * THE SOFTWARE IS PROVIDED "AS IS", WITHOUT WARRANTY OF ANY KIND, EXPRESS OR
  29:../Libraries/XMCLib/src/xmc_ledts.c ****  * IMPLIED, INCLUDING BUT NOT LIMITED TO THE WARRANTIES OF MERCHANTABILITY,
  30:../Libraries/XMCLib/src/xmc_ledts.c ****  * FITNESS FOR A PARTICULAR PURPOSE, TITLE AND NON-INFRINGEMENT. IN NO EVENT
  31:../Libraries/XMCLib/src/xmc_ledts.c ****  * SHALL THE COPYRIGHT HOLDERS OR ANYONE DISTRIBUTING THE SOFTWARE BE LIABLE
  32:../Libraries/XMCLib/src/xmc_ledts.c ****  * FOR ANY DAMAGES OR OTHER LIABILITY, WHETHER IN CONTRACT, TORT OR OTHERWISE,
  33:../Libraries/XMCLib/src/xmc_ledts.c ****  * ARISING FROM, OUT OF OR IN CONNECTION WITH THE SOFTWARE OR THE USE OR OTHER
  34:../Libraries/XMCLib/src/xmc_ledts.c ****  * DEALINGS IN THE SOFTWARE.
  35:../Libraries/XMCLib/src/xmc_ledts.c ****  *
  36:../Libraries/XMCLib/src/xmc_ledts.c ****  * To improve the quality of the software, users are encouraged to share
  37:../Libraries/XMCLib/src/xmc_ledts.c ****  * modifications, enhancements or bug fixes with Infineon Technologies AG
  38:../Libraries/XMCLib/src/xmc_ledts.c ****  * at XMCSupport@infineon.com.
  39:../Libraries/XMCLib/src/xmc_ledts.c ****  *****************************************************************************
  40:../Libraries/XMCLib/src/xmc_ledts.c ****  *
  41:../Libraries/XMCLib/src/xmc_ledts.c ****  * Change History
  42:../Libraries/XMCLib/src/xmc_ledts.c ****  * --------------
  43:../Libraries/XMCLib/src/xmc_ledts.c ****  *
  44:../Libraries/XMCLib/src/xmc_ledts.c ****  * 2015-02-20:
  45:../Libraries/XMCLib/src/xmc_ledts.c ****  *     - Initial draft <br>
  46:../Libraries/XMCLib/src/xmc_ledts.c ****  *     - New API added: XMC_LEDTS_SetActivePADNo() <br>
  47:../Libraries/XMCLib/src/xmc_ledts.c ****  *
  48:../Libraries/XMCLib/src/xmc_ledts.c ****  * 2015-06-20:
  49:../Libraries/XMCLib/src/xmc_ledts.c ****  *     - Removed version macros and declaration of GetDriverVersion API
  50:../Libraries/XMCLib/src/xmc_ledts.c ****  *
  51:../Libraries/XMCLib/src/xmc_ledts.c ****  * 2017-02-25:
  52:../Libraries/XMCLib/src/xmc_ledts.c ****  *     - XMC_LEDTS_InitGlobal() fixed compilation warnings
  53:../Libraries/XMCLib/src/xmc_ledts.c ****  *
  54:../Libraries/XMCLib/src/xmc_ledts.c ****  * 2019-12-16:
  55:../Libraries/XMCLib/src/xmc_ledts.c ****  *     - Fix including files following the convention: angle brackets are used for standard include
  56:../Libraries/XMCLib/src/xmc_ledts.c ****  *
  57:../Libraries/XMCLib/src/xmc_ledts.c ****  * <b>Detailed description of file:</b><br>
  58:../Libraries/XMCLib/src/xmc_ledts.c ****  * APIs for the functional blocks of LEDTS have been defined:<br>
  59:../Libraries/XMCLib/src/xmc_ledts.c ****  * -- GLOBAL (APIs prefixed with LEDTS_GLOBAL_) <br>
  60:../Libraries/XMCLib/src/xmc_ledts.c ****  * -- Clock configuration, Function/Event configuration, Interrupt configuration
  61:../Libraries/XMCLib/src/xmc_ledts.c ****  *
  62:../Libraries/XMCLib/src/xmc_ledts.c ****  * @endcond
  63:../Libraries/XMCLib/src/xmc_ledts.c ****  *
  64:../Libraries/XMCLib/src/xmc_ledts.c ****  */
  65:../Libraries/XMCLib/src/xmc_ledts.c **** 
  66:../Libraries/XMCLib/src/xmc_ledts.c **** /**************************************************************************************************
  67:../Libraries/XMCLib/src/xmc_ledts.c ****  * HEADER FILES
  68:../Libraries/XMCLib/src/xmc_ledts.c ****  **************************************************************************************************
  69:../Libraries/XMCLib/src/xmc_ledts.c **** #include "xmc_ledts.h"
  70:../Libraries/XMCLib/src/xmc_ledts.c **** 
  71:../Libraries/XMCLib/src/xmc_ledts.c **** #if defined(LEDTS0)
  72:../Libraries/XMCLib/src/xmc_ledts.c **** #include "xmc_scu.h"
  73:../Libraries/XMCLib/src/xmc_ledts.c **** 
  74:../Libraries/XMCLib/src/xmc_ledts.c **** /**************************************************************************************************
  75:../Libraries/XMCLib/src/xmc_ledts.c ****  * MACROS
  76:../Libraries/XMCLib/src/xmc_ledts.c ****  **************************************************************************************************
  77:../Libraries/XMCLib/src/xmc_ledts.c **** #define XMC_LEDTS_CLOCK_NOT_RUNNING 0U
  78:../Libraries/XMCLib/src/xmc_ledts.c **** 
  79:../Libraries/XMCLib/src/xmc_ledts.c **** /**************************************************************************************************
  80:../Libraries/XMCLib/src/xmc_ledts.c ****  * ENUMS
  81:../Libraries/XMCLib/src/xmc_ledts.c ****  **************************************************************************************************
  82:../Libraries/XMCLib/src/xmc_ledts.c **** 
  83:../Libraries/XMCLib/src/xmc_ledts.c **** /**************************************************************************************************
  84:../Libraries/XMCLib/src/xmc_ledts.c ****  * DATA STRUCTURES
  85:../Libraries/XMCLib/src/xmc_ledts.c ****  **************************************************************************************************
  86:../Libraries/XMCLib/src/xmc_ledts.c **** 
  87:../Libraries/XMCLib/src/xmc_ledts.c **** /**************************************************************************************************
  88:../Libraries/XMCLib/src/xmc_ledts.c ****  * GLOBAL DATA
  89:../Libraries/XMCLib/src/xmc_ledts.c ****  **************************************************************************************************
  90:../Libraries/XMCLib/src/xmc_ledts.c **** 
  91:../Libraries/XMCLib/src/xmc_ledts.c **** /**************************************************************************************************
  92:../Libraries/XMCLib/src/xmc_ledts.c ****  * LOCAL/UTILITY ROUTINES
  93:../Libraries/XMCLib/src/xmc_ledts.c ****  **************************************************************************************************
  94:../Libraries/XMCLib/src/xmc_ledts.c **** 
  95:../Libraries/XMCLib/src/xmc_ledts.c **** /**************************************************************************************************
  96:../Libraries/XMCLib/src/xmc_ledts.c ****  * API IMPLEMENTATION
  97:../Libraries/XMCLib/src/xmc_ledts.c ****  **************************************************************************************************
  98:../Libraries/XMCLib/src/xmc_ledts.c **** 
  99:../Libraries/XMCLib/src/xmc_ledts.c **** /**
 100:../Libraries/XMCLib/src/xmc_ledts.c ****   * Initialization of global register
 101:../Libraries/XMCLib/src/xmc_ledts.c ****   */
 102:../Libraries/XMCLib/src/xmc_ledts.c **** XMC_LEDTS_STATUS_t XMC_LEDTS_InitGlobal(XMC_LEDTS_t *const ledts, const XMC_LEDTS_GLOBAL_CONFIG_t *
 103:../Libraries/XMCLib/src/xmc_ledts.c **** {
  28              	 .loc 1 103 0
  29              	 .cfi_startproc
  30              	 
  31              	 
  32 0000 80B5     	 push {r7,lr}
  33              	 .cfi_def_cfa_offset 8
  34              	 .cfi_offset 7,-8
  35              	 .cfi_offset 14,-4
  36 0002 82B0     	 sub sp,sp,#8
  37              	 .cfi_def_cfa_offset 16
  38 0004 00AF     	 add r7,sp,#0
  39              	 .cfi_def_cfa_register 7
  40 0006 7860     	 str r0,[r7,#4]
  41 0008 3960     	 str r1,[r7]
 104:../Libraries/XMCLib/src/xmc_ledts.c ****   XMC_ASSERT("XMC_LEDTS_InitGlobal:Wrong Module Pointer", XMC_LEDTS_CHECK_KERNEL_PTR(ledts));
 105:../Libraries/XMCLib/src/xmc_ledts.c ****   XMC_ASSERT("XMC_LEDTS_InitGlobal:Null Pointer", (config != (XMC_LEDTS_GLOBAL_CONFIG_t *)NULL));
 106:../Libraries/XMCLib/src/xmc_ledts.c **** 
 107:../Libraries/XMCLib/src/xmc_ledts.c ****   if (ledts == XMC_LEDTS0)
  42              	 .loc 1 107 0
  43 000a 7B68     	 ldr r3,[r7,#4]
  44 000c 0C4A     	 ldr r2,.L5
  45 000e 9342     	 cmp r3,r2
  46 0010 05D1     	 bne .L2
 108:../Libraries/XMCLib/src/xmc_ledts.c ****   {
 109:../Libraries/XMCLib/src/xmc_ledts.c **** #if defined(CLOCK_GATING_SUPPORTED)
 110:../Libraries/XMCLib/src/xmc_ledts.c ****     XMC_SCU_CLOCK_UngatePeripheralClock(XMC_SCU_PERIPHERAL_CLOCK_LEDTS0);
  47              	 .loc 1 110 0
  48 0012 0C48     	 ldr r0,.L5+4
  49 0014 FFF7FEFF 	 bl XMC_SCU_CLOCK_UngatePeripheralClock
 111:../Libraries/XMCLib/src/xmc_ledts.c **** #endif
 112:../Libraries/XMCLib/src/xmc_ledts.c **** #if defined(PERIPHERAL_RESET_SUPPORTED)
 113:../Libraries/XMCLib/src/xmc_ledts.c ****     XMC_SCU_RESET_DeassertPeripheralReset(XMC_SCU_PERIPHERAL_RESET_LEDTS0);
  50              	 .loc 1 113 0
  51 0018 0A48     	 ldr r0,.L5+4
  52 001a FFF7FEFF 	 bl XMC_SCU_RESET_DeassertPeripheralReset
  53              	.L2:
 114:../Libraries/XMCLib/src/xmc_ledts.c **** #endif
 115:../Libraries/XMCLib/src/xmc_ledts.c ****   }
 116:../Libraries/XMCLib/src/xmc_ledts.c **** #if defined(LEDTS1)
 117:../Libraries/XMCLib/src/xmc_ledts.c ****   else if (ledts == XMC_LEDTS1)
 118:../Libraries/XMCLib/src/xmc_ledts.c ****   {
 119:../Libraries/XMCLib/src/xmc_ledts.c **** #if defined(CLOCK_GATING_SUPPORTED)
 120:../Libraries/XMCLib/src/xmc_ledts.c ****     XMC_SCU_CLOCK_UngatePeripheralClock(XMC_SCU_PERIPHERAL_CLOCK_LEDTS1);
 121:../Libraries/XMCLib/src/xmc_ledts.c **** #endif
 122:../Libraries/XMCLib/src/xmc_ledts.c **** #if defined(PERIPHERAL_RESET_SUPPORTED)
 123:../Libraries/XMCLib/src/xmc_ledts.c ****     XMC_SCU_RESET_DeassertPeripheralReset(XMC_SCU_PERIPHERAL_RESET_LEDTS1);
 124:../Libraries/XMCLib/src/xmc_ledts.c **** #endif
 125:../Libraries/XMCLib/src/xmc_ledts.c ****   }
 126:../Libraries/XMCLib/src/xmc_ledts.c **** #endif
 127:../Libraries/XMCLib/src/xmc_ledts.c **** #if defined(LEDTS2)
 128:../Libraries/XMCLib/src/xmc_ledts.c ****   else if (ledts == XMC_LEDTS2)
 129:../Libraries/XMCLib/src/xmc_ledts.c ****   {
 130:../Libraries/XMCLib/src/xmc_ledts.c **** #if defined(CLOCK_GATING_SUPPORTED)
 131:../Libraries/XMCLib/src/xmc_ledts.c ****     XMC_SCU_CLOCK_UngatePeripheralClock(XMC_SCU_PERIPHERAL_CLOCK_LEDTS2);
 132:../Libraries/XMCLib/src/xmc_ledts.c **** #endif
 133:../Libraries/XMCLib/src/xmc_ledts.c **** #if defined(PERIPHERAL_RESET_SUPPORTED)
 134:../Libraries/XMCLib/src/xmc_ledts.c ****     XMC_SCU_RESET_DeassertPeripheralReset(XMC_SCU_PERIPHERAL_RESET_LEDTS2);
 135:../Libraries/XMCLib/src/xmc_ledts.c **** #endif
 136:../Libraries/XMCLib/src/xmc_ledts.c ****   }
 137:../Libraries/XMCLib/src/xmc_ledts.c **** #endif
 138:../Libraries/XMCLib/src/xmc_ledts.c ****   else
 139:../Libraries/XMCLib/src/xmc_ledts.c ****   {
 140:../Libraries/XMCLib/src/xmc_ledts.c ****     XMC_ASSERT("XMC_LEDTS_InitGlobal:Invalid Module Pointer", 0);
 141:../Libraries/XMCLib/src/xmc_ledts.c ****   }
 142:../Libraries/XMCLib/src/xmc_ledts.c **** 
 143:../Libraries/XMCLib/src/xmc_ledts.c ****   if ((ledts->GLOBCTL & LEDTS_GLOBCTL_CLK_PS_Msk) != XMC_LEDTS_CLOCK_NOT_RUNNING)
  54              	 .loc 1 143 0
  55 001e 7B68     	 ldr r3,[r7,#4]
  56 0020 5B68     	 ldr r3,[r3,#4]
  57 0022 1B0C     	 lsrs r3,r3,#16
  58 0024 1B04     	 lsls r3,r3,#16
  59 0026 002B     	 cmp r3,#0
  60 0028 01D0     	 beq .L3
 144:../Libraries/XMCLib/src/xmc_ledts.c ****   {
 145:../Libraries/XMCLib/src/xmc_ledts.c ****     return XMC_LEDTS_STATUS_RUNNING;
  61              	 .loc 1 145 0
  62 002a 0123     	 movs r3,#1
  63 002c 04E0     	 b .L4
  64              	.L3:
 146:../Libraries/XMCLib/src/xmc_ledts.c ****   }
 147:../Libraries/XMCLib/src/xmc_ledts.c **** 
 148:../Libraries/XMCLib/src/xmc_ledts.c ****   ledts->GLOBCTL = config->globctl;
  65              	 .loc 1 148 0
  66 002e 3B68     	 ldr r3,[r7]
  67 0030 1A68     	 ldr r2,[r3]
  68 0032 7B68     	 ldr r3,[r7,#4]
  69 0034 5A60     	 str r2,[r3,#4]
 149:../Libraries/XMCLib/src/xmc_ledts.c **** 
 150:../Libraries/XMCLib/src/xmc_ledts.c ****   return XMC_LEDTS_STATUS_SUCCESS;
  70              	 .loc 1 150 0
  71 0036 0023     	 movs r3,#0
  72              	.L4:
 151:../Libraries/XMCLib/src/xmc_ledts.c **** }
  73              	 .loc 1 151 0
  74 0038 1846     	 mov r0,r3
  75 003a 0837     	 adds r7,r7,#8
  76              	 .cfi_def_cfa_offset 8
  77 003c BD46     	 mov sp,r7
  78              	 .cfi_def_cfa_register 13
  79              	 
  80 003e 80BD     	 pop {r7,pc}
  81              	.L6:
  82              	 .align 2
  83              	.L5:
  84 0040 00000148 	 .word 1208025088
  85 0044 08000010 	 .word 268435464
  86              	 .cfi_endproc
  87              	.LFE176:
  89              	 .section .text.XMC_LEDTS_InitLED,"ax",%progbits
  90              	 .align 2
  91              	 .global XMC_LEDTS_InitLED
  92              	 .thumb
  93              	 .thumb_func
  95              	XMC_LEDTS_InitLED:
  96              	.LFB177:
 152:../Libraries/XMCLib/src/xmc_ledts.c **** 
 153:../Libraries/XMCLib/src/xmc_ledts.c **** /**
 154:../Libraries/XMCLib/src/xmc_ledts.c ****   * Initialization of registers for LED-driving function
 155:../Libraries/XMCLib/src/xmc_ledts.c ****   */
 156:../Libraries/XMCLib/src/xmc_ledts.c **** XMC_LEDTS_STATUS_t XMC_LEDTS_InitLED(XMC_LEDTS_t *const ledts, const XMC_LEDTS_LED_CONFIG_t *config
 157:../Libraries/XMCLib/src/xmc_ledts.c **** {
  97              	 .loc 1 157 0
  98              	 .cfi_startproc
  99              	 
 100              	 
 101              	 
 102 0000 80B4     	 push {r7}
 103              	 .cfi_def_cfa_offset 4
 104              	 .cfi_offset 7,-4
 105 0002 83B0     	 sub sp,sp,#12
 106              	 .cfi_def_cfa_offset 16
 107 0004 00AF     	 add r7,sp,#0
 108              	 .cfi_def_cfa_register 7
 109 0006 7860     	 str r0,[r7,#4]
 110 0008 3960     	 str r1,[r7]
 158:../Libraries/XMCLib/src/xmc_ledts.c ****   XMC_ASSERT("XMC_LEDTS_LED_Init:Wrong Module Pointer", XMC_LEDTS_CHECK_KERNEL_PTR(ledts));
 159:../Libraries/XMCLib/src/xmc_ledts.c ****   XMC_ASSERT("XMC_LEDTS_LED_Init:Null Pointer", (config != (XMC_LEDTS_LED_CONFIG_t *)NULL));
 160:../Libraries/XMCLib/src/xmc_ledts.c **** 
 161:../Libraries/XMCLib/src/xmc_ledts.c ****   if ((ledts->GLOBCTL & LEDTS_GLOBCTL_CLK_PS_Msk) != XMC_LEDTS_CLOCK_NOT_RUNNING)
 111              	 .loc 1 161 0
 112 000a 7B68     	 ldr r3,[r7,#4]
 113 000c 5B68     	 ldr r3,[r3,#4]
 114 000e 1B0C     	 lsrs r3,r3,#16
 115 0010 1B04     	 lsls r3,r3,#16
 116 0012 002B     	 cmp r3,#0
 117 0014 01D0     	 beq .L8
 162:../Libraries/XMCLib/src/xmc_ledts.c ****   {
 163:../Libraries/XMCLib/src/xmc_ledts.c ****     return XMC_LEDTS_STATUS_RUNNING;
 118              	 .loc 1 163 0
 119 0016 0123     	 movs r3,#1
 120 0018 13E0     	 b .L9
 121              	.L8:
 164:../Libraries/XMCLib/src/xmc_ledts.c ****   }
 165:../Libraries/XMCLib/src/xmc_ledts.c **** 
 166:../Libraries/XMCLib/src/xmc_ledts.c ****   ledts->FNCTL &= ~(LEDTS_FNCTL_COLLEV_Msk | LEDTS_FNCTL_NR_LEDCOL_Msk);
 122              	 .loc 1 166 0
 123 001a 7B68     	 ldr r3,[r7,#4]
 124 001c 9B68     	 ldr r3,[r3,#8]
 125 001e 23F07042 	 bic r2,r3,#-268435456
 126 0022 7B68     	 ldr r3,[r7,#4]
 127 0024 9A60     	 str r2,[r3,#8]
 167:../Libraries/XMCLib/src/xmc_ledts.c ****   ledts->FNCTL |= (config->fnctl);
 128              	 .loc 1 167 0
 129 0026 7B68     	 ldr r3,[r7,#4]
 130 0028 9A68     	 ldr r2,[r3,#8]
 131 002a 3B68     	 ldr r3,[r7]
 132 002c 1B68     	 ldr r3,[r3]
 133 002e 1A43     	 orrs r2,r2,r3
 134 0030 7B68     	 ldr r3,[r7,#4]
 135 0032 9A60     	 str r2,[r3,#8]
 168:../Libraries/XMCLib/src/xmc_ledts.c **** 
 169:../Libraries/XMCLib/src/xmc_ledts.c ****   /* Enable LED function */
 170:../Libraries/XMCLib/src/xmc_ledts.c ****   ledts->GLOBCTL |= LEDTS_GLOBCTL_LD_EN_Msk;
 136              	 .loc 1 170 0
 137 0034 7B68     	 ldr r3,[r7,#4]
 138 0036 5B68     	 ldr r3,[r3,#4]
 139 0038 43F00202 	 orr r2,r3,#2
 140 003c 7B68     	 ldr r3,[r7,#4]
 141 003e 5A60     	 str r2,[r3,#4]
 171:../Libraries/XMCLib/src/xmc_ledts.c **** 
 172:../Libraries/XMCLib/src/xmc_ledts.c ****   return XMC_LEDTS_STATUS_SUCCESS;
 142              	 .loc 1 172 0
 143 0040 0023     	 movs r3,#0
 144              	.L9:
 173:../Libraries/XMCLib/src/xmc_ledts.c **** }
 145              	 .loc 1 173 0
 146 0042 1846     	 mov r0,r3
 147 0044 0C37     	 adds r7,r7,#12
 148              	 .cfi_def_cfa_offset 4
 149 0046 BD46     	 mov sp,r7
 150              	 .cfi_def_cfa_register 13
 151              	 
 152 0048 5DF8047B 	 ldr r7,[sp],#4
 153              	 .cfi_restore 7
 154              	 .cfi_def_cfa_offset 0
 155 004c 7047     	 bx lr
 156              	 .cfi_endproc
 157              	.LFE177:
 159 004e 00BF     	 .section .text.XMC_LEDTS_InitTSBasic,"ax",%progbits
 160              	 .align 2
 161              	 .global XMC_LEDTS_InitTSBasic
 162              	 .thumb
 163              	 .thumb_func
 165              	XMC_LEDTS_InitTSBasic:
 166              	.LFB178:
 174:../Libraries/XMCLib/src/xmc_ledts.c **** 
 175:../Libraries/XMCLib/src/xmc_ledts.c **** /**
 176:../Libraries/XMCLib/src/xmc_ledts.c ****   * Initialization of registers for basic Touch-Sense control function
 177:../Libraries/XMCLib/src/xmc_ledts.c ****   */
 178:../Libraries/XMCLib/src/xmc_ledts.c **** XMC_LEDTS_STATUS_t XMC_LEDTS_InitTSBasic(XMC_LEDTS_t *const ledts, const XMC_LEDTS_TS_CONFIG_BASIC_
 179:../Libraries/XMCLib/src/xmc_ledts.c **** {
 167              	 .loc 1 179 0
 168              	 .cfi_startproc
 169              	 
 170              	 
 171              	 
 172 0000 80B4     	 push {r7}
 173              	 .cfi_def_cfa_offset 4
 174              	 .cfi_offset 7,-4
 175 0002 85B0     	 sub sp,sp,#20
 176              	 .cfi_def_cfa_offset 24
 177 0004 00AF     	 add r7,sp,#0
 178              	 .cfi_def_cfa_register 7
 179 0006 7860     	 str r0,[r7,#4]
 180 0008 3960     	 str r1,[r7]
 180:../Libraries/XMCLib/src/xmc_ledts.c ****   uint32_t reg;
 181:../Libraries/XMCLib/src/xmc_ledts.c **** 
 182:../Libraries/XMCLib/src/xmc_ledts.c ****   XMC_ASSERT("XMC_LEDTS_TS_Basic_Init:Wrong Module Pointer", XMC_LEDTS_CHECK_KERNEL_PTR(ledts));
 183:../Libraries/XMCLib/src/xmc_ledts.c ****   XMC_ASSERT("XMC_LEDTS_TS_Basic_Init:Null Pointer", (config != (XMC_LEDTS_TS_CONFIG_BASIC_t *)NULL
 184:../Libraries/XMCLib/src/xmc_ledts.c **** 
 185:../Libraries/XMCLib/src/xmc_ledts.c ****   if ((ledts->GLOBCTL & LEDTS_GLOBCTL_CLK_PS_Msk) != XMC_LEDTS_CLOCK_NOT_RUNNING)
 181              	 .loc 1 185 0
 182 000a 7B68     	 ldr r3,[r7,#4]
 183 000c 5B68     	 ldr r3,[r3,#4]
 184 000e 1B0C     	 lsrs r3,r3,#16
 185 0010 1B04     	 lsls r3,r3,#16
 186 0012 002B     	 cmp r3,#0
 187 0014 01D0     	 beq .L11
 186:../Libraries/XMCLib/src/xmc_ledts.c ****   {
 187:../Libraries/XMCLib/src/xmc_ledts.c ****     return XMC_LEDTS_STATUS_RUNNING;
 188              	 .loc 1 187 0
 189 0016 0123     	 movs r3,#1
 190 0018 15E0     	 b .L12
 191              	.L11:
 188:../Libraries/XMCLib/src/xmc_ledts.c ****   }
 189:../Libraries/XMCLib/src/xmc_ledts.c **** 
 190:../Libraries/XMCLib/src/xmc_ledts.c ****   reg = ~(LEDTS_FNCTL_ACCCNT_Msk | LEDTS_FNCTL_TSCCMP_Msk | LEDTS_FNCTL_TSCTRR_Msk | LEDTS_FNCTL_TS
 192              	 .loc 1 190 0
 193 001a 0E4B     	 ldr r3,.L13
 194 001c FB60     	 str r3,[r7,#12]
 191:../Libraries/XMCLib/src/xmc_ledts.c ****           LEDTS_FNCTL_NR_TSIN_Msk);
 192:../Libraries/XMCLib/src/xmc_ledts.c ****   ledts->FNCTL &= (reg);
 195              	 .loc 1 192 0
 196 001e 7B68     	 ldr r3,[r7,#4]
 197 0020 9A68     	 ldr r2,[r3,#8]
 198 0022 FB68     	 ldr r3,[r7,#12]
 199 0024 1A40     	 ands r2,r2,r3
 200 0026 7B68     	 ldr r3,[r7,#4]
 201 0028 9A60     	 str r2,[r3,#8]
 193:../Libraries/XMCLib/src/xmc_ledts.c ****   ledts->FNCTL |= (config->fnctl);
 202              	 .loc 1 193 0
 203 002a 7B68     	 ldr r3,[r7,#4]
 204 002c 9A68     	 ldr r2,[r3,#8]
 205 002e 3B68     	 ldr r3,[r7]
 206 0030 1B68     	 ldr r3,[r3]
 207 0032 1A43     	 orrs r2,r2,r3
 208 0034 7B68     	 ldr r3,[r7,#4]
 209 0036 9A60     	 str r2,[r3,#8]
 194:../Libraries/XMCLib/src/xmc_ledts.c **** 
 195:../Libraries/XMCLib/src/xmc_ledts.c ****   /* Enable TS function */
 196:../Libraries/XMCLib/src/xmc_ledts.c ****   ledts->GLOBCTL |= LEDTS_GLOBCTL_TS_EN_Msk;
 210              	 .loc 1 196 0
 211 0038 7B68     	 ldr r3,[r7,#4]
 212 003a 5B68     	 ldr r3,[r3,#4]
 213 003c 43F00102 	 orr r2,r3,#1
 214 0040 7B68     	 ldr r3,[r7,#4]
 215 0042 5A60     	 str r2,[r3,#4]
 197:../Libraries/XMCLib/src/xmc_ledts.c **** 
 198:../Libraries/XMCLib/src/xmc_ledts.c ****   return XMC_LEDTS_STATUS_SUCCESS;
 216              	 .loc 1 198 0
 217 0044 0023     	 movs r3,#0
 218              	.L12:
 199:../Libraries/XMCLib/src/xmc_ledts.c **** }
 219              	 .loc 1 199 0
 220 0046 1846     	 mov r0,r3
 221 0048 1437     	 adds r7,r7,#20
 222              	 .cfi_def_cfa_offset 4
 223 004a BD46     	 mov sp,r7
 224              	 .cfi_def_cfa_register 13
 225              	 
 226 004c 5DF8047B 	 ldr r7,[sp],#4
 227              	 .cfi_restore 7
 228              	 .cfi_def_cfa_offset 0
 229 0050 7047     	 bx lr
 230              	.L14:
 231 0052 00BF     	 .align 2
 232              	.L13:
 233 0054 FFFF60F0 	 .word -262078465
 234              	 .cfi_endproc
 235              	.LFE178:
 237              	 .section .text.XMC_LEDTS_InitTSAdvanced,"ax",%progbits
 238              	 .align 2
 239              	 .global XMC_LEDTS_InitTSAdvanced
 240              	 .thumb
 241              	 .thumb_func
 243              	XMC_LEDTS_InitTSAdvanced:
 244              	.LFB179:
 200:../Libraries/XMCLib/src/xmc_ledts.c **** 
 201:../Libraries/XMCLib/src/xmc_ledts.c **** /**
 202:../Libraries/XMCLib/src/xmc_ledts.c ****   * Initialization of registers for advanced Touch-Sense control function
 203:../Libraries/XMCLib/src/xmc_ledts.c ****   */
 204:../Libraries/XMCLib/src/xmc_ledts.c **** XMC_LEDTS_STATUS_t XMC_LEDTS_InitTSAdvanced (XMC_LEDTS_t *const ledts, const XMC_LEDTS_TS_CONFIG_AD
 205:../Libraries/XMCLib/src/xmc_ledts.c **** {
 245              	 .loc 1 205 0
 246              	 .cfi_startproc
 247              	 
 248              	 
 249              	 
 250 0000 80B4     	 push {r7}
 251              	 .cfi_def_cfa_offset 4
 252              	 .cfi_offset 7,-4
 253 0002 85B0     	 sub sp,sp,#20
 254              	 .cfi_def_cfa_offset 24
 255 0004 00AF     	 add r7,sp,#0
 256              	 .cfi_def_cfa_register 7
 257 0006 7860     	 str r0,[r7,#4]
 258 0008 3960     	 str r1,[r7]
 206:../Libraries/XMCLib/src/xmc_ledts.c ****   uint32_t reg;
 207:../Libraries/XMCLib/src/xmc_ledts.c **** 
 208:../Libraries/XMCLib/src/xmc_ledts.c ****   XMC_ASSERT("XMC_LEDTS_TS_Advanced_Init:Wrong Module Pointer", XMC_LEDTS_CHECK_KERNEL_PTR(ledts));
 209:../Libraries/XMCLib/src/xmc_ledts.c ****   XMC_ASSERT("XMC_LEDTS_TS_Advanced_Init:Null Pointer", (config != (XMC_LEDTS_TS_CONFIG_ADVANCED_t 
 210:../Libraries/XMCLib/src/xmc_ledts.c **** 
 211:../Libraries/XMCLib/src/xmc_ledts.c ****   if ((ledts->GLOBCTL & LEDTS_GLOBCTL_CLK_PS_Msk) != XMC_LEDTS_CLOCK_NOT_RUNNING)
 259              	 .loc 1 211 0
 260 000a 7B68     	 ldr r3,[r7,#4]
 261 000c 5B68     	 ldr r3,[r3,#4]
 262 000e 1B0C     	 lsrs r3,r3,#16
 263 0010 1B04     	 lsls r3,r3,#16
 264 0012 002B     	 cmp r3,#0
 265 0014 01D0     	 beq .L16
 212:../Libraries/XMCLib/src/xmc_ledts.c ****   {
 213:../Libraries/XMCLib/src/xmc_ledts.c ****     return XMC_LEDTS_STATUS_RUNNING;
 266              	 .loc 1 213 0
 267 0016 0123     	 movs r3,#1
 268 0018 1FE0     	 b .L17
 269              	.L16:
 214:../Libraries/XMCLib/src/xmc_ledts.c ****   }
 215:../Libraries/XMCLib/src/xmc_ledts.c **** 
 216:../Libraries/XMCLib/src/xmc_ledts.c ****   reg = ~(LEDTS_GLOBCTL_MASKVAL_Msk | LEDTS_GLOBCTL_FENVAL_Msk);
 270              	 .loc 1 216 0
 271 001a 6FF4F053 	 mvn r3,#7680
 272 001e FB60     	 str r3,[r7,#12]
 217:../Libraries/XMCLib/src/xmc_ledts.c ****   ledts->GLOBCTL &= (reg);
 273              	 .loc 1 217 0
 274 0020 7B68     	 ldr r3,[r7,#4]
 275 0022 5A68     	 ldr r2,[r3,#4]
 276 0024 FB68     	 ldr r3,[r7,#12]
 277 0026 1A40     	 ands r2,r2,r3
 278 0028 7B68     	 ldr r3,[r7,#4]
 279 002a 5A60     	 str r2,[r3,#4]
 218:../Libraries/XMCLib/src/xmc_ledts.c ****   ledts->GLOBCTL |= (config->globctl);
 280              	 .loc 1 218 0
 281 002c 7B68     	 ldr r3,[r7,#4]
 282 002e 5A68     	 ldr r2,[r3,#4]
 283 0030 3B68     	 ldr r3,[r7]
 284 0032 1B68     	 ldr r3,[r3]
 285 0034 1A43     	 orrs r2,r2,r3
 286 0036 7B68     	 ldr r3,[r7,#4]
 287 0038 5A60     	 str r2,[r3,#4]
 219:../Libraries/XMCLib/src/xmc_ledts.c **** 
 220:../Libraries/XMCLib/src/xmc_ledts.c ****   reg = ~(LEDTS_FNCTL_PADT_Msk | LEDTS_FNCTL_PADTSW_Msk | LEDTS_FNCTL_EPULL_Msk | LEDTS_FNCTL_TSOEX
 288              	 .loc 1 220 0
 289 003a 0B4B     	 ldr r3,.L18
 290 003c FB60     	 str r3,[r7,#12]
 221:../Libraries/XMCLib/src/xmc_ledts.c ****   ledts->FNCTL &= (reg);
 291              	 .loc 1 221 0
 292 003e 7B68     	 ldr r3,[r7,#4]
 293 0040 9A68     	 ldr r2,[r3,#8]
 294 0042 FB68     	 ldr r3,[r7,#12]
 295 0044 1A40     	 ands r2,r2,r3
 296 0046 7B68     	 ldr r3,[r7,#4]
 297 0048 9A60     	 str r2,[r3,#8]
 222:../Libraries/XMCLib/src/xmc_ledts.c ****   ledts->FNCTL |= (config->fnctl);
 298              	 .loc 1 222 0
 299 004a 7B68     	 ldr r3,[r7,#4]
 300 004c 9A68     	 ldr r2,[r3,#8]
 301 004e 3B68     	 ldr r3,[r7]
 302 0050 5B68     	 ldr r3,[r3,#4]
 303 0052 1A43     	 orrs r2,r2,r3
 304 0054 7B68     	 ldr r3,[r7,#4]
 305 0056 9A60     	 str r2,[r3,#8]
 223:../Libraries/XMCLib/src/xmc_ledts.c **** 
 224:../Libraries/XMCLib/src/xmc_ledts.c ****   return XMC_LEDTS_STATUS_SUCCESS;
 306              	 .loc 1 224 0
 307 0058 0023     	 movs r3,#0
 308              	.L17:
 225:../Libraries/XMCLib/src/xmc_ledts.c **** }
 309              	 .loc 1 225 0
 310 005a 1846     	 mov r0,r3
 311 005c 1437     	 adds r7,r7,#20
 312              	 .cfi_def_cfa_offset 4
 313 005e BD46     	 mov sp,r7
 314              	 .cfi_def_cfa_register 13
 315              	 
 316 0060 5DF8047B 	 ldr r7,[sp],#4
 317              	 .cfi_restore 7
 318              	 .cfi_def_cfa_offset 0
 319 0064 7047     	 bx lr
 320              	.L19:
 321 0066 00BF     	 .align 2
 322              	.L18:
 323 0068 E0FF9FFF 	 .word -6291488
 324              	 .cfi_endproc
 325              	.LFE179:
 327              	 .section .text.XMC_LEDTS_StartCounter,"ax",%progbits
 328              	 .align 2
 329              	 .global XMC_LEDTS_StartCounter
 330              	 .thumb
 331              	 .thumb_func
 333              	XMC_LEDTS_StartCounter:
 334              	.LFB180:
 226:../Libraries/XMCLib/src/xmc_ledts.c **** 
 227:../Libraries/XMCLib/src/xmc_ledts.c **** /**
 228:../Libraries/XMCLib/src/xmc_ledts.c ****   * Starts LEDTS-counter
 229:../Libraries/XMCLib/src/xmc_ledts.c ****   */
 230:../Libraries/XMCLib/src/xmc_ledts.c **** void XMC_LEDTS_StartCounter(XMC_LEDTS_t *const ledts, const uint16_t prescaler)
 231:../Libraries/XMCLib/src/xmc_ledts.c **** {
 335              	 .loc 1 231 0
 336              	 .cfi_startproc
 337              	 
 338              	 
 339              	 
 340 0000 80B4     	 push {r7}
 341              	 .cfi_def_cfa_offset 4
 342              	 .cfi_offset 7,-4
 343 0002 83B0     	 sub sp,sp,#12
 344              	 .cfi_def_cfa_offset 16
 345 0004 00AF     	 add r7,sp,#0
 346              	 .cfi_def_cfa_register 7
 347 0006 7860     	 str r0,[r7,#4]
 348 0008 0B46     	 mov r3,r1
 349 000a 7B80     	 strh r3,[r7,#2]
 232:../Libraries/XMCLib/src/xmc_ledts.c ****   XMC_ASSERT("XMC_LEDTS_Start_Counter:Wrong Module Pointer", XMC_LEDTS_CHECK_KERNEL_PTR(ledts));
 233:../Libraries/XMCLib/src/xmc_ledts.c **** 
 234:../Libraries/XMCLib/src/xmc_ledts.c ****   ledts->GLOBCTL |= prescaler << 16U;
 350              	 .loc 1 234 0
 351 000c 7B68     	 ldr r3,[r7,#4]
 352 000e 5B68     	 ldr r3,[r3,#4]
 353 0010 7A88     	 ldrh r2,[r7,#2]
 354 0012 1204     	 lsls r2,r2,#16
 355 0014 1A43     	 orrs r2,r2,r3
 356 0016 7B68     	 ldr r3,[r7,#4]
 357 0018 5A60     	 str r2,[r3,#4]
 235:../Libraries/XMCLib/src/xmc_ledts.c **** }
 358              	 .loc 1 235 0
 359 001a 0C37     	 adds r7,r7,#12
 360              	 .cfi_def_cfa_offset 4
 361 001c BD46     	 mov sp,r7
 362              	 .cfi_def_cfa_register 13
 363              	 
 364 001e 5DF8047B 	 ldr r7,[sp],#4
 365              	 .cfi_restore 7
 366              	 .cfi_def_cfa_offset 0
 367 0022 7047     	 bx lr
 368              	 .cfi_endproc
 369              	.LFE180:
 371              	 .section .text.XMC_LEDTS_StopCounter,"ax",%progbits
 372              	 .align 2
 373              	 .global XMC_LEDTS_StopCounter
 374              	 .thumb
 375              	 .thumb_func
 377              	XMC_LEDTS_StopCounter:
 378              	.LFB181:
 236:../Libraries/XMCLib/src/xmc_ledts.c **** 
 237:../Libraries/XMCLib/src/xmc_ledts.c **** /**
 238:../Libraries/XMCLib/src/xmc_ledts.c ****   * Stops LEDTS-counter
 239:../Libraries/XMCLib/src/xmc_ledts.c ****   */
 240:../Libraries/XMCLib/src/xmc_ledts.c **** void XMC_LEDTS_StopCounter(XMC_LEDTS_t *const ledts)
 241:../Libraries/XMCLib/src/xmc_ledts.c **** {
 379              	 .loc 1 241 0
 380              	 .cfi_startproc
 381              	 
 382              	 
 383              	 
 384 0000 80B4     	 push {r7}
 385              	 .cfi_def_cfa_offset 4
 386              	 .cfi_offset 7,-4
 387 0002 83B0     	 sub sp,sp,#12
 388              	 .cfi_def_cfa_offset 16
 389 0004 00AF     	 add r7,sp,#0
 390              	 .cfi_def_cfa_register 7
 391 0006 7860     	 str r0,[r7,#4]
 242:../Libraries/XMCLib/src/xmc_ledts.c ****   XMC_ASSERT("XMC_LEDTS_Stop_Counter:Wrong Module Pointer", XMC_LEDTS_CHECK_KERNEL_PTR(ledts));
 243:../Libraries/XMCLib/src/xmc_ledts.c **** 
 244:../Libraries/XMCLib/src/xmc_ledts.c ****   ledts->GLOBCTL &= 0x0000FFFF;
 392              	 .loc 1 244 0
 393 0008 7B68     	 ldr r3,[r7,#4]
 394 000a 5B68     	 ldr r3,[r3,#4]
 395 000c 9AB2     	 uxth r2,r3
 396 000e 7B68     	 ldr r3,[r7,#4]
 397 0010 5A60     	 str r2,[r3,#4]
 245:../Libraries/XMCLib/src/xmc_ledts.c **** }
 398              	 .loc 1 245 0
 399 0012 0C37     	 adds r7,r7,#12
 400              	 .cfi_def_cfa_offset 4
 401 0014 BD46     	 mov sp,r7
 402              	 .cfi_def_cfa_register 13
 403              	 
 404 0016 5DF8047B 	 ldr r7,[sp],#4
 405              	 .cfi_restore 7
 406              	 .cfi_def_cfa_offset 0
 407 001a 7047     	 bx lr
 408              	 .cfi_endproc
 409              	.LFE181:
 411              	 .section .text.XMC_LEDTS_ReadInterruptFlag,"ax",%progbits
 412              	 .align 2
 413              	 .global XMC_LEDTS_ReadInterruptFlag
 414              	 .thumb
 415              	 .thumb_func
 417              	XMC_LEDTS_ReadInterruptFlag:
 418              	.LFB182:
 246:../Libraries/XMCLib/src/xmc_ledts.c **** 
 247:../Libraries/XMCLib/src/xmc_ledts.c **** /**
 248:../Libraries/XMCLib/src/xmc_ledts.c ****   * Reads time interrupt flags
 249:../Libraries/XMCLib/src/xmc_ledts.c ****   */
 250:../Libraries/XMCLib/src/xmc_ledts.c **** uint32_t XMC_LEDTS_ReadInterruptFlag(XMC_LEDTS_t *const ledts)
 251:../Libraries/XMCLib/src/xmc_ledts.c **** {
 419              	 .loc 1 251 0
 420              	 .cfi_startproc
 421              	 
 422              	 
 423              	 
 424 0000 80B4     	 push {r7}
 425              	 .cfi_def_cfa_offset 4
 426              	 .cfi_offset 7,-4
 427 0002 83B0     	 sub sp,sp,#12
 428              	 .cfi_def_cfa_offset 16
 429 0004 00AF     	 add r7,sp,#0
 430              	 .cfi_def_cfa_register 7
 431 0006 7860     	 str r0,[r7,#4]
 252:../Libraries/XMCLib/src/xmc_ledts.c ****   XMC_ASSERT("XMC_LEDTS_ReadInterruptFlag:Wrong Module Pointer", XMC_LEDTS_CHECK_KERNEL_PTR(ledts))
 253:../Libraries/XMCLib/src/xmc_ledts.c **** 
 254:../Libraries/XMCLib/src/xmc_ledts.c ****   return (ledts->EVFR & 0xF);
 432              	 .loc 1 254 0
 433 0008 7B68     	 ldr r3,[r7,#4]
 434 000a DB68     	 ldr r3,[r3,#12]
 435 000c 03F00F03 	 and r3,r3,#15
 255:../Libraries/XMCLib/src/xmc_ledts.c **** }
 436              	 .loc 1 255 0
 437 0010 1846     	 mov r0,r3
 438 0012 0C37     	 adds r7,r7,#12
 439              	 .cfi_def_cfa_offset 4
 440 0014 BD46     	 mov sp,r7
 441              	 .cfi_def_cfa_register 13
 442              	 
 443 0016 5DF8047B 	 ldr r7,[sp],#4
 444              	 .cfi_restore 7
 445              	 .cfi_def_cfa_offset 0
 446 001a 7047     	 bx lr
 447              	 .cfi_endproc
 448              	.LFE182:
 450              	 .section .text.XMC_LEDTS_SetActivePADNo,"ax",%progbits
 451              	 .align 2
 452              	 .global XMC_LEDTS_SetActivePADNo
 453              	 .thumb
 454              	 .thumb_func
 456              	XMC_LEDTS_SetActivePADNo:
 457              	.LFB183:
 256:../Libraries/XMCLib/src/xmc_ledts.c **** 
 257:../Libraries/XMCLib/src/xmc_ledts.c **** /**
 258:../Libraries/XMCLib/src/xmc_ledts.c ****   * Set the active pad number
 259:../Libraries/XMCLib/src/xmc_ledts.c ****   */
 260:../Libraries/XMCLib/src/xmc_ledts.c **** void XMC_LEDTS_SetActivePADNo(XMC_LEDTS_t *const ledts, XMC_LEDTS_NUMBER_TS_INPUT_t pad_num)
 261:../Libraries/XMCLib/src/xmc_ledts.c **** {
 458              	 .loc 1 261 0
 459              	 .cfi_startproc
 460              	 
 461              	 
 462              	 
 463 0000 80B4     	 push {r7}
 464              	 .cfi_def_cfa_offset 4
 465              	 .cfi_offset 7,-4
 466 0002 85B0     	 sub sp,sp,#20
 467              	 .cfi_def_cfa_offset 24
 468 0004 00AF     	 add r7,sp,#0
 469              	 .cfi_def_cfa_register 7
 470 0006 7860     	 str r0,[r7,#4]
 471 0008 0B46     	 mov r3,r1
 472 000a FB70     	 strb r3,[r7,#3]
 262:../Libraries/XMCLib/src/xmc_ledts.c ****   uint32_t reg;
 263:../Libraries/XMCLib/src/xmc_ledts.c **** 
 264:../Libraries/XMCLib/src/xmc_ledts.c ****   XMC_ASSERT("XMC_LEDTS_SetActivePADNo:Wrong Module Pointer", XMC_LEDTS_CHECK_KERNEL_PTR(ledts));
 265:../Libraries/XMCLib/src/xmc_ledts.c **** 
 266:../Libraries/XMCLib/src/xmc_ledts.c ****   reg = ledts->FNCTL;
 473              	 .loc 1 266 0
 474 000c 7B68     	 ldr r3,[r7,#4]
 475 000e 9B68     	 ldr r3,[r3,#8]
 476 0010 FB60     	 str r3,[r7,#12]
 267:../Libraries/XMCLib/src/xmc_ledts.c ****   reg &= ~(LEDTS_FNCTL_PADT_Msk);
 477              	 .loc 1 267 0
 478 0012 FB68     	 ldr r3,[r7,#12]
 479 0014 23F00703 	 bic r3,r3,#7
 480 0018 FB60     	 str r3,[r7,#12]
 268:../Libraries/XMCLib/src/xmc_ledts.c ****   reg |= (uint32_t)pad_num;
 481              	 .loc 1 268 0
 482 001a FB78     	 ldrb r3,[r7,#3]
 483 001c FA68     	 ldr r2,[r7,#12]
 484 001e 1343     	 orrs r3,r3,r2
 485 0020 FB60     	 str r3,[r7,#12]
 269:../Libraries/XMCLib/src/xmc_ledts.c ****   ledts->FNCTL = reg;
 486              	 .loc 1 269 0
 487 0022 7B68     	 ldr r3,[r7,#4]
 488 0024 FA68     	 ldr r2,[r7,#12]
 489 0026 9A60     	 str r2,[r3,#8]
 270:../Libraries/XMCLib/src/xmc_ledts.c **** }
 490              	 .loc 1 270 0
 491 0028 1437     	 adds r7,r7,#20
 492              	 .cfi_def_cfa_offset 4
 493 002a BD46     	 mov sp,r7
 494              	 .cfi_def_cfa_register 13
 495              	 
 496 002c 5DF8047B 	 ldr r7,[sp],#4
 497              	 .cfi_restore 7
 498              	 .cfi_def_cfa_offset 0
 499 0030 7047     	 bx lr
 500              	 .cfi_endproc
 501              	.LFE183:
 503 0032 00BF     	 .section .text.XMC_LEDTS_ClearInterruptFlag,"ax",%progbits
 504              	 .align 2
 505              	 .global XMC_LEDTS_ClearInterruptFlag
 506              	 .thumb
 507              	 .thumb_func
 509              	XMC_LEDTS_ClearInterruptFlag:
 510              	.LFB184:
 271:../Libraries/XMCLib/src/xmc_ledts.c **** 
 272:../Libraries/XMCLib/src/xmc_ledts.c **** /**
 273:../Libraries/XMCLib/src/xmc_ledts.c ****   * Clears interrupt indication flags
 274:../Libraries/XMCLib/src/xmc_ledts.c ****   */
 275:../Libraries/XMCLib/src/xmc_ledts.c **** void XMC_LEDTS_ClearInterruptFlag(XMC_LEDTS_t *const ledts, uint32_t interrupt_mask)
 276:../Libraries/XMCLib/src/xmc_ledts.c **** {
 511              	 .loc 1 276 0
 512              	 .cfi_startproc
 513              	 
 514              	 
 515              	 
 516 0000 80B4     	 push {r7}
 517              	 .cfi_def_cfa_offset 4
 518              	 .cfi_offset 7,-4
 519 0002 83B0     	 sub sp,sp,#12
 520              	 .cfi_def_cfa_offset 16
 521 0004 00AF     	 add r7,sp,#0
 522              	 .cfi_def_cfa_register 7
 523 0006 7860     	 str r0,[r7,#4]
 524 0008 3960     	 str r1,[r7]
 277:../Libraries/XMCLib/src/xmc_ledts.c ****   XMC_ASSERT("XMC_LEDTS_ClearInterruptFlag:Wrong Module Pointer", XMC_LEDTS_CHECK_KERNEL_PTR(ledts)
 278:../Libraries/XMCLib/src/xmc_ledts.c **** 
 279:../Libraries/XMCLib/src/xmc_ledts.c ****   ledts->EVFR = (interrupt_mask << LEDTS_EVFR_CTSF_Pos);
 525              	 .loc 1 279 0
 526 000a 3B68     	 ldr r3,[r7]
 527 000c 1A04     	 lsls r2,r3,#16
 528 000e 7B68     	 ldr r3,[r7,#4]
 529 0010 DA60     	 str r2,[r3,#12]
 280:../Libraries/XMCLib/src/xmc_ledts.c **** }
 530              	 .loc 1 280 0
 531 0012 0C37     	 adds r7,r7,#12
 532              	 .cfi_def_cfa_offset 4
 533 0014 BD46     	 mov sp,r7
 534              	 .cfi_def_cfa_register 13
 535              	 
 536 0016 5DF8047B 	 ldr r7,[sp],#4
 537              	 .cfi_restore 7
 538              	 .cfi_def_cfa_offset 0
 539 001a 7047     	 bx lr
 540              	 .cfi_endproc
 541              	.LFE184:
 543              	 .section .text.XMC_LEDTS_SetLEDLinePattern,"ax",%progbits
 544              	 .align 2
 545              	 .global XMC_LEDTS_SetLEDLinePattern
 546              	 .thumb
 547              	 .thumb_func
 549              	XMC_LEDTS_SetLEDLinePattern:
 550              	.LFB185:
 281:../Libraries/XMCLib/src/xmc_ledts.c **** 
 282:../Libraries/XMCLib/src/xmc_ledts.c **** /**
 283:../Libraries/XMCLib/src/xmc_ledts.c ****   * Programming of registers to output pattern on an LED column in LED matrix
 284:../Libraries/XMCLib/src/xmc_ledts.c ****   */
 285:../Libraries/XMCLib/src/xmc_ledts.c **** void XMC_LEDTS_SetLEDLinePattern(XMC_LEDTS_t *const ledts, XMC_LEDTS_LED_COLUMN_t column, const uin
 286:../Libraries/XMCLib/src/xmc_ledts.c **** {
 551              	 .loc 1 286 0
 552              	 .cfi_startproc
 553              	 
 554              	 
 555              	 
 556 0000 80B4     	 push {r7}
 557              	 .cfi_def_cfa_offset 4
 558              	 .cfi_offset 7,-4
 559 0002 85B0     	 sub sp,sp,#20
 560              	 .cfi_def_cfa_offset 24
 561 0004 00AF     	 add r7,sp,#0
 562              	 .cfi_def_cfa_register 7
 563 0006 7860     	 str r0,[r7,#4]
 564 0008 0B46     	 mov r3,r1
 565 000a FB70     	 strb r3,[r7,#3]
 566 000c 1346     	 mov r3,r2
 567 000e BB70     	 strb r3,[r7,#2]
 287:../Libraries/XMCLib/src/xmc_ledts.c ****   uint32_t reg;
 288:../Libraries/XMCLib/src/xmc_ledts.c ****   uint8_t reg_index = ((uint8_t)column) >> 2;
 568              	 .loc 1 288 0
 569 0010 FB78     	 ldrb r3,[r7,#3]
 570 0012 9B08     	 lsrs r3,r3,#2
 571 0014 FB73     	 strb r3,[r7,#15]
 289:../Libraries/XMCLib/src/xmc_ledts.c ****   uint8_t bit_shift_count = ((uint8_t)column & 0x03) * 8;
 572              	 .loc 1 289 0
 573 0016 FB78     	 ldrb r3,[r7,#3]
 574 0018 03F00303 	 and r3,r3,#3
 575 001c DBB2     	 uxtb r3,r3
 576 001e DB00     	 lsls r3,r3,#3
 577 0020 BB73     	 strb r3,[r7,#14]
 290:../Libraries/XMCLib/src/xmc_ledts.c **** 
 291:../Libraries/XMCLib/src/xmc_ledts.c ****   XMC_ASSERT("XMC_LEDTS_Set_LED_Line_Pattern:Wrong Module Pointer", XMC_LEDTS_CHECK_KERNEL_PTR(ledt
 292:../Libraries/XMCLib/src/xmc_ledts.c **** 
 293:../Libraries/XMCLib/src/xmc_ledts.c ****   reg = ledts->LINE[reg_index];
 578              	 .loc 1 293 0
 579 0022 FB7B     	 ldrb r3,[r7,#15]
 580 0024 7A68     	 ldr r2,[r7,#4]
 581 0026 0433     	 adds r3,r3,#4
 582 0028 9B00     	 lsls r3,r3,#2
 583 002a 1344     	 add r3,r3,r2
 584 002c 5B68     	 ldr r3,[r3,#4]
 585 002e BB60     	 str r3,[r7,#8]
 294:../Libraries/XMCLib/src/xmc_ledts.c ****   reg &= (~(0xff << bit_shift_count));
 586              	 .loc 1 294 0
 587 0030 BB7B     	 ldrb r3,[r7,#14]
 588 0032 FF22     	 movs r2,#255
 589 0034 02FA03F3 	 lsl r3,r2,r3
 590 0038 DB43     	 mvns r3,r3
 591 003a 1A46     	 mov r2,r3
 592 003c BB68     	 ldr r3,[r7,#8]
 593 003e 1340     	 ands r3,r3,r2
 594 0040 BB60     	 str r3,[r7,#8]
 295:../Libraries/XMCLib/src/xmc_ledts.c ****   reg |= pattern << bit_shift_count;
 595              	 .loc 1 295 0
 596 0042 BA78     	 ldrb r2,[r7,#2]
 597 0044 BB7B     	 ldrb r3,[r7,#14]
 598 0046 02FA03F3 	 lsl r3,r2,r3
 599 004a 1A46     	 mov r2,r3
 600 004c BB68     	 ldr r3,[r7,#8]
 601 004e 1343     	 orrs r3,r3,r2
 602 0050 BB60     	 str r3,[r7,#8]
 296:../Libraries/XMCLib/src/xmc_ledts.c ****   ledts->LINE[reg_index] = reg;
 603              	 .loc 1 296 0
 604 0052 FB7B     	 ldrb r3,[r7,#15]
 605 0054 7A68     	 ldr r2,[r7,#4]
 606 0056 0433     	 adds r3,r3,#4
 607 0058 9B00     	 lsls r3,r3,#2
 608 005a 1344     	 add r3,r3,r2
 609 005c BA68     	 ldr r2,[r7,#8]
 610 005e 5A60     	 str r2,[r3,#4]
 297:../Libraries/XMCLib/src/xmc_ledts.c **** 
 298:../Libraries/XMCLib/src/xmc_ledts.c **** }
 611              	 .loc 1 298 0
 612 0060 1437     	 adds r7,r7,#20
 613              	 .cfi_def_cfa_offset 4
 614 0062 BD46     	 mov sp,r7
 615              	 .cfi_def_cfa_register 13
 616              	 
 617 0064 5DF8047B 	 ldr r7,[sp],#4
 618              	 .cfi_restore 7
 619              	 .cfi_def_cfa_offset 0
 620 0068 7047     	 bx lr
 621              	 .cfi_endproc
 622              	.LFE185:
 624 006a 00BF     	 .section .text.XMC_LEDTS_SetColumnBrightness,"ax",%progbits
 625              	 .align 2
 626              	 .global XMC_LEDTS_SetColumnBrightness
 627              	 .thumb
 628              	 .thumb_func
 630              	XMC_LEDTS_SetColumnBrightness:
 631              	.LFB186:
 299:../Libraries/XMCLib/src/xmc_ledts.c **** 
 300:../Libraries/XMCLib/src/xmc_ledts.c **** /**
 301:../Libraries/XMCLib/src/xmc_ledts.c ****   * Programming of registers to adjust brightness of an LED column in LED matrix
 302:../Libraries/XMCLib/src/xmc_ledts.c ****   */
 303:../Libraries/XMCLib/src/xmc_ledts.c **** void XMC_LEDTS_SetColumnBrightness(XMC_LEDTS_t *const ledts, XMC_LEDTS_LED_COLUMN_t column, const u
 304:../Libraries/XMCLib/src/xmc_ledts.c **** {
 632              	 .loc 1 304 0
 633              	 .cfi_startproc
 634              	 
 635              	 
 636              	 
 637 0000 80B4     	 push {r7}
 638              	 .cfi_def_cfa_offset 4
 639              	 .cfi_offset 7,-4
 640 0002 85B0     	 sub sp,sp,#20
 641              	 .cfi_def_cfa_offset 24
 642 0004 00AF     	 add r7,sp,#0
 643              	 .cfi_def_cfa_register 7
 644 0006 7860     	 str r0,[r7,#4]
 645 0008 0B46     	 mov r3,r1
 646 000a FB70     	 strb r3,[r7,#3]
 647 000c 1346     	 mov r3,r2
 648 000e BB70     	 strb r3,[r7,#2]
 305:../Libraries/XMCLib/src/xmc_ledts.c ****   uint32_t reg;
 306:../Libraries/XMCLib/src/xmc_ledts.c ****   uint8_t reg_index = ((uint8_t)column) >> 2;
 649              	 .loc 1 306 0
 650 0010 FB78     	 ldrb r3,[r7,#3]
 651 0012 9B08     	 lsrs r3,r3,#2
 652 0014 FB73     	 strb r3,[r7,#15]
 307:../Libraries/XMCLib/src/xmc_ledts.c ****   uint8_t bit_shift_count = ((uint8_t)column & 0x03) * 8;
 653              	 .loc 1 307 0
 654 0016 FB78     	 ldrb r3,[r7,#3]
 655 0018 03F00303 	 and r3,r3,#3
 656 001c DBB2     	 uxtb r3,r3
 657 001e DB00     	 lsls r3,r3,#3
 658 0020 BB73     	 strb r3,[r7,#14]
 308:../Libraries/XMCLib/src/xmc_ledts.c **** 
 309:../Libraries/XMCLib/src/xmc_ledts.c ****   XMC_ASSERT("XMC_LEDTS_Set_Column_Brightness:Wrong Module Pointer", XMC_LEDTS_CHECK_KERNEL_PTR(led
 310:../Libraries/XMCLib/src/xmc_ledts.c **** 
 311:../Libraries/XMCLib/src/xmc_ledts.c ****   reg = ledts->LDCMP[reg_index];
 659              	 .loc 1 311 0
 660 0022 FB7B     	 ldrb r3,[r7,#15]
 661 0024 7A68     	 ldr r2,[r7,#4]
 662 0026 0633     	 adds r3,r3,#6
 663 0028 9B00     	 lsls r3,r3,#2
 664 002a 1344     	 add r3,r3,r2
 665 002c 5B68     	 ldr r3,[r3,#4]
 666 002e BB60     	 str r3,[r7,#8]
 312:../Libraries/XMCLib/src/xmc_ledts.c ****   reg &= (~(0xff << bit_shift_count));
 667              	 .loc 1 312 0
 668 0030 BB7B     	 ldrb r3,[r7,#14]
 669 0032 FF22     	 movs r2,#255
 670 0034 02FA03F3 	 lsl r3,r2,r3
 671 0038 DB43     	 mvns r3,r3
 672 003a 1A46     	 mov r2,r3
 673 003c BB68     	 ldr r3,[r7,#8]
 674 003e 1340     	 ands r3,r3,r2
 675 0040 BB60     	 str r3,[r7,#8]
 313:../Libraries/XMCLib/src/xmc_ledts.c ****   reg |= brightness << bit_shift_count;
 676              	 .loc 1 313 0
 677 0042 BA78     	 ldrb r2,[r7,#2]
 678 0044 BB7B     	 ldrb r3,[r7,#14]
 679 0046 02FA03F3 	 lsl r3,r2,r3
 680 004a 1A46     	 mov r2,r3
 681 004c BB68     	 ldr r3,[r7,#8]
 682 004e 1343     	 orrs r3,r3,r2
 683 0050 BB60     	 str r3,[r7,#8]
 314:../Libraries/XMCLib/src/xmc_ledts.c ****   ledts->LDCMP[reg_index] = reg;
 684              	 .loc 1 314 0
 685 0052 FB7B     	 ldrb r3,[r7,#15]
 686 0054 7A68     	 ldr r2,[r7,#4]
 687 0056 0633     	 adds r3,r3,#6
 688 0058 9B00     	 lsls r3,r3,#2
 689 005a 1344     	 add r3,r3,r2
 690 005c BA68     	 ldr r2,[r7,#8]
 691 005e 5A60     	 str r2,[r3,#4]
 315:../Libraries/XMCLib/src/xmc_ledts.c **** }
 692              	 .loc 1 315 0
 693 0060 1437     	 adds r7,r7,#20
 694              	 .cfi_def_cfa_offset 4
 695 0062 BD46     	 mov sp,r7
 696              	 .cfi_def_cfa_register 13
 697              	 
 698 0064 5DF8047B 	 ldr r7,[sp],#4
 699              	 .cfi_restore 7
 700              	 .cfi_def_cfa_offset 0
 701 0068 7047     	 bx lr
 702              	 .cfi_endproc
 703              	.LFE186:
 705 006a 00BF     	 .section .text.XMC_LEDTS_SetCommonOscillationWindow,"ax",%progbits
 706              	 .align 2
 707              	 .global XMC_LEDTS_SetCommonOscillationWindow
 708              	 .thumb
 709              	 .thumb_func
 711              	XMC_LEDTS_SetCommonOscillationWindow:
 712              	.LFB187:
 316:../Libraries/XMCLib/src/xmc_ledts.c **** 
 317:../Libraries/XMCLib/src/xmc_ledts.c **** /**
 318:../Libraries/XMCLib/src/xmc_ledts.c ****   * Programming of registers to set common oscillation window size for touch-sense inputs
 319:../Libraries/XMCLib/src/xmc_ledts.c ****   */
 320:../Libraries/XMCLib/src/xmc_ledts.c **** void XMC_LEDTS_SetCommonOscillationWindow(XMC_LEDTS_t *const ledts, const uint8_t common_size)
 321:../Libraries/XMCLib/src/xmc_ledts.c **** {
 713              	 .loc 1 321 0
 714              	 .cfi_startproc
 715              	 
 716              	 
 717              	 
 718 0000 80B4     	 push {r7}
 719              	 .cfi_def_cfa_offset 4
 720              	 .cfi_offset 7,-4
 721 0002 85B0     	 sub sp,sp,#20
 722              	 .cfi_def_cfa_offset 24
 723 0004 00AF     	 add r7,sp,#0
 724              	 .cfi_def_cfa_register 7
 725 0006 7860     	 str r0,[r7,#4]
 726 0008 0B46     	 mov r3,r1
 727 000a FB70     	 strb r3,[r7,#3]
 322:../Libraries/XMCLib/src/xmc_ledts.c ****   uint32_t reg;
 323:../Libraries/XMCLib/src/xmc_ledts.c **** 
 324:../Libraries/XMCLib/src/xmc_ledts.c ****   XMC_ASSERT("XMC_LEDTS_Set_Common_Oscillation_Window:Wrong Module Pointer", XMC_LEDTS_CHECK_KERNEL
 325:../Libraries/XMCLib/src/xmc_ledts.c **** 
 326:../Libraries/XMCLib/src/xmc_ledts.c ****   reg = ledts->LDCMP[1];
 728              	 .loc 1 326 0
 729 000c 7B68     	 ldr r3,[r7,#4]
 730 000e 1B6A     	 ldr r3,[r3,#32]
 731 0010 FB60     	 str r3,[r7,#12]
 327:../Libraries/XMCLib/src/xmc_ledts.c ****   reg &= ~LEDTS_LDCMP1_CMP_LDA_TSCOM_Msk;
 732              	 .loc 1 327 0
 733 0012 FB68     	 ldr r3,[r7,#12]
 734 0014 23F07F43 	 bic r3,r3,#-16777216
 735 0018 FB60     	 str r3,[r7,#12]
 328:../Libraries/XMCLib/src/xmc_ledts.c ****   reg |= (common_size << LEDTS_LDCMP1_CMP_LDA_TSCOM_Pos);
 736              	 .loc 1 328 0
 737 001a FB78     	 ldrb r3,[r7,#3]
 738 001c 1B06     	 lsls r3,r3,#24
 739 001e 1A46     	 mov r2,r3
 740 0020 FB68     	 ldr r3,[r7,#12]
 741 0022 1343     	 orrs r3,r3,r2
 742 0024 FB60     	 str r3,[r7,#12]
 329:../Libraries/XMCLib/src/xmc_ledts.c ****   ledts->LDCMP[1] = reg;
 743              	 .loc 1 329 0
 744 0026 7B68     	 ldr r3,[r7,#4]
 745 0028 FA68     	 ldr r2,[r7,#12]
 746 002a 1A62     	 str r2,[r3,#32]
 330:../Libraries/XMCLib/src/xmc_ledts.c **** }
 747              	 .loc 1 330 0
 748 002c 1437     	 adds r7,r7,#20
 749              	 .cfi_def_cfa_offset 4
 750 002e BD46     	 mov sp,r7
 751              	 .cfi_def_cfa_register 13
 752              	 
 753 0030 5DF8047B 	 ldr r7,[sp],#4
 754              	 .cfi_restore 7
 755              	 .cfi_def_cfa_offset 0
 756 0034 7047     	 bx lr
 757              	 .cfi_endproc
 758              	.LFE187:
 760 0036 00BF     	 .section .text.XMC_LEDTS_ReadFNCOL,"ax",%progbits
 761              	 .align 2
 762              	 .global XMC_LEDTS_ReadFNCOL
 763              	 .thumb
 764              	 .thumb_func
 766              	XMC_LEDTS_ReadFNCOL:
 767              	.LFB188:
 331:../Libraries/XMCLib/src/xmc_ledts.c **** 
 332:../Libraries/XMCLib/src/xmc_ledts.c **** /**
 333:../Libraries/XMCLib/src/xmc_ledts.c ****   * Checking the previous active function or LED column status
 334:../Libraries/XMCLib/src/xmc_ledts.c ****   */
 335:../Libraries/XMCLib/src/xmc_ledts.c **** uint32_t XMC_LEDTS_ReadFNCOL(XMC_LEDTS_t *const ledts)
 336:../Libraries/XMCLib/src/xmc_ledts.c **** {
 768              	 .loc 1 336 0
 769              	 .cfi_startproc
 770              	 
 771              	 
 772              	 
 773 0000 80B4     	 push {r7}
 774              	 .cfi_def_cfa_offset 4
 775              	 .cfi_offset 7,-4
 776 0002 85B0     	 sub sp,sp,#20
 777              	 .cfi_def_cfa_offset 24
 778 0004 00AF     	 add r7,sp,#0
 779              	 .cfi_def_cfa_register 7
 780 0006 7860     	 str r0,[r7,#4]
 337:../Libraries/XMCLib/src/xmc_ledts.c ****   uint32_t fncol_read;
 338:../Libraries/XMCLib/src/xmc_ledts.c **** 
 339:../Libraries/XMCLib/src/xmc_ledts.c ****   XMC_ASSERT("XMC_LEDTS_Read_FNCOL:Wrong Module Pointer", XMC_LEDTS_CHECK_KERNEL_PTR(ledts));
 340:../Libraries/XMCLib/src/xmc_ledts.c **** 
 341:../Libraries/XMCLib/src/xmc_ledts.c ****   fncol_read = ledts->FNCTL & LEDTS_FNCTL_FNCOL_Msk;
 781              	 .loc 1 341 0
 782 0008 7B68     	 ldr r3,[r7,#4]
 783 000a 9B68     	 ldr r3,[r3,#8]
 784 000c 03F0E003 	 and r3,r3,#224
 785 0010 FB60     	 str r3,[r7,#12]
 342:../Libraries/XMCLib/src/xmc_ledts.c ****   fncol_read >>= LEDTS_FNCTL_FNCOL_Pos;
 786              	 .loc 1 342 0
 787 0012 FB68     	 ldr r3,[r7,#12]
 788 0014 5B09     	 lsrs r3,r3,#5
 789 0016 FB60     	 str r3,[r7,#12]
 343:../Libraries/XMCLib/src/xmc_ledts.c **** 
 344:../Libraries/XMCLib/src/xmc_ledts.c ****   return fncol_read;
 790              	 .loc 1 344 0
 791 0018 FB68     	 ldr r3,[r7,#12]
 345:../Libraries/XMCLib/src/xmc_ledts.c **** }
 792              	 .loc 1 345 0
 793 001a 1846     	 mov r0,r3
 794 001c 1437     	 adds r7,r7,#20
 795              	 .cfi_def_cfa_offset 4
 796 001e BD46     	 mov sp,r7
 797              	 .cfi_def_cfa_register 13
 798              	 
 799 0020 5DF8047B 	 ldr r7,[sp],#4
 800              	 .cfi_restore 7
 801              	 .cfi_def_cfa_offset 0
 802 0024 7047     	 bx lr
 803              	 .cfi_endproc
 804              	.LFE188:
 806 0026 00BF     	 .section .text.XMC_LEDTS_SetNumOfLEDColumns,"ax",%progbits
 807              	 .align 2
 808              	 .global XMC_LEDTS_SetNumOfLEDColumns
 809              	 .thumb
 810              	 .thumb_func
 812              	XMC_LEDTS_SetNumOfLEDColumns:
 813              	.LFB189:
 346:../Libraries/XMCLib/src/xmc_ledts.c **** 
 347:../Libraries/XMCLib/src/xmc_ledts.c **** /**
 348:../Libraries/XMCLib/src/xmc_ledts.c ****   * Set the number of LED column Enabled
 349:../Libraries/XMCLib/src/xmc_ledts.c ****   */
 350:../Libraries/XMCLib/src/xmc_ledts.c **** void XMC_LEDTS_SetNumOfLEDColumns(XMC_LEDTS_t *const ledts, uint8_t count)
 351:../Libraries/XMCLib/src/xmc_ledts.c **** {
 814              	 .loc 1 351 0
 815              	 .cfi_startproc
 816              	 
 817              	 
 818              	 
 819 0000 80B4     	 push {r7}
 820              	 .cfi_def_cfa_offset 4
 821              	 .cfi_offset 7,-4
 822 0002 83B0     	 sub sp,sp,#12
 823              	 .cfi_def_cfa_offset 16
 824 0004 00AF     	 add r7,sp,#0
 825              	 .cfi_def_cfa_register 7
 826 0006 7860     	 str r0,[r7,#4]
 827 0008 0B46     	 mov r3,r1
 828 000a FB70     	 strb r3,[r7,#3]
 352:../Libraries/XMCLib/src/xmc_ledts.c **** 
 353:../Libraries/XMCLib/src/xmc_ledts.c ****   XMC_ASSERT("XMC_LEDTS_SetNumOfLEDColumns:Wrong Module Pointer", XMC_LEDTS_CHECK_KERNEL_PTR(ledts)
 354:../Libraries/XMCLib/src/xmc_ledts.c **** 
 355:../Libraries/XMCLib/src/xmc_ledts.c ****   ledts->FNCTL &= ~(LEDTS_FNCTL_NR_LEDCOL_Msk);
 829              	 .loc 1 355 0
 830 000c 7B68     	 ldr r3,[r7,#4]
 831 000e 9B68     	 ldr r3,[r3,#8]
 832 0010 23F06042 	 bic r2,r3,#-536870912
 833 0014 7B68     	 ldr r3,[r7,#4]
 834 0016 9A60     	 str r2,[r3,#8]
 356:../Libraries/XMCLib/src/xmc_ledts.c ****   ledts->FNCTL |= (count << LEDTS_FNCTL_NR_LEDCOL_Pos);
 835              	 .loc 1 356 0
 836 0018 7B68     	 ldr r3,[r7,#4]
 837 001a 9B68     	 ldr r3,[r3,#8]
 838 001c FA78     	 ldrb r2,[r7,#3]
 839 001e 5207     	 lsls r2,r2,#29
 840 0020 1A43     	 orrs r2,r2,r3
 841 0022 7B68     	 ldr r3,[r7,#4]
 842 0024 9A60     	 str r2,[r3,#8]
 357:../Libraries/XMCLib/src/xmc_ledts.c **** }
 843              	 .loc 1 357 0
 844 0026 0C37     	 adds r7,r7,#12
 845              	 .cfi_def_cfa_offset 4
 846 0028 BD46     	 mov sp,r7
 847              	 .cfi_def_cfa_register 13
 848              	 
 849 002a 5DF8047B 	 ldr r7,[sp],#4
 850              	 .cfi_restore 7
 851              	 .cfi_def_cfa_offset 0
 852 002e 7047     	 bx lr
 853              	 .cfi_endproc
 854              	.LFE189:
 856              	 .section .text.XMC_LEDTS_ReadTSVAL,"ax",%progbits
 857              	 .align 2
 858              	 .global XMC_LEDTS_ReadTSVAL
 859              	 .thumb
 860              	 .thumb_func
 862              	XMC_LEDTS_ReadTSVAL:
 863              	.LFB190:
 358:../Libraries/XMCLib/src/xmc_ledts.c **** 
 359:../Libraries/XMCLib/src/xmc_ledts.c **** /**
 360:../Libraries/XMCLib/src/xmc_ledts.c ****   * Reading recorded number of oscillation counts
 361:../Libraries/XMCLib/src/xmc_ledts.c ****   */
 362:../Libraries/XMCLib/src/xmc_ledts.c **** uint16_t XMC_LEDTS_ReadTSVAL(XMC_LEDTS_t *const ledts)
 363:../Libraries/XMCLib/src/xmc_ledts.c **** {
 864              	 .loc 1 363 0
 865              	 .cfi_startproc
 866              	 
 867              	 
 868              	 
 869 0000 80B4     	 push {r7}
 870              	 .cfi_def_cfa_offset 4
 871              	 .cfi_offset 7,-4
 872 0002 85B0     	 sub sp,sp,#20
 873              	 .cfi_def_cfa_offset 24
 874 0004 00AF     	 add r7,sp,#0
 875              	 .cfi_def_cfa_register 7
 876 0006 7860     	 str r0,[r7,#4]
 364:../Libraries/XMCLib/src/xmc_ledts.c ****   uint16_t no_of_oscillations;
 365:../Libraries/XMCLib/src/xmc_ledts.c **** 
 366:../Libraries/XMCLib/src/xmc_ledts.c ****   XMC_ASSERT("XMC_LEDTS_Read_TSVAL:Wrong Module Pointer", XMC_LEDTS_CHECK_KERNEL_PTR(ledts));
 367:../Libraries/XMCLib/src/xmc_ledts.c **** 
 368:../Libraries/XMCLib/src/xmc_ledts.c ****   no_of_oscillations = (ledts->TSVAL & 0xFFFF);
 877              	 .loc 1 368 0
 878 0008 7B68     	 ldr r3,[r7,#4]
 879 000a 1B69     	 ldr r3,[r3,#16]
 880 000c FB81     	 strh r3,[r7,#14]
 369:../Libraries/XMCLib/src/xmc_ledts.c **** 
 370:../Libraries/XMCLib/src/xmc_ledts.c ****   return no_of_oscillations;
 881              	 .loc 1 370 0
 882 000e FB89     	 ldrh r3,[r7,#14]
 371:../Libraries/XMCLib/src/xmc_ledts.c **** }
 883              	 .loc 1 371 0
 884 0010 1846     	 mov r0,r3
 885 0012 1437     	 adds r7,r7,#20
 886              	 .cfi_def_cfa_offset 4
 887 0014 BD46     	 mov sp,r7
 888              	 .cfi_def_cfa_register 13
 889              	 
 890 0016 5DF8047B 	 ldr r7,[sp],#4
 891              	 .cfi_restore 7
 892              	 .cfi_def_cfa_offset 0
 893 001a 7047     	 bx lr
 894              	 .cfi_endproc
 895              	.LFE190:
 897              	 .section .text.XMC_LEDTS_SetOscillationWindow,"ax",%progbits
 898              	 .align 2
 899              	 .global XMC_LEDTS_SetOscillationWindow
 900              	 .thumb
 901              	 .thumb_func
 903              	XMC_LEDTS_SetOscillationWindow:
 904              	.LFB191:
 372:../Libraries/XMCLib/src/xmc_ledts.c **** 
 373:../Libraries/XMCLib/src/xmc_ledts.c **** /**
 374:../Libraries/XMCLib/src/xmc_ledts.c ****   * Programming of registers to adjust the size of oscillation window
 375:../Libraries/XMCLib/src/xmc_ledts.c ****   */
 376:../Libraries/XMCLib/src/xmc_ledts.c **** void XMC_LEDTS_SetOscillationWindow(XMC_LEDTS_t *const ledts, XMC_LEDTS_NUMBER_TS_INPUT_t touchpad,
 377:../Libraries/XMCLib/src/xmc_ledts.c **** {
 905              	 .loc 1 377 0
 906              	 .cfi_startproc
 907              	 
 908              	 
 909              	 
 910 0000 80B4     	 push {r7}
 911              	 .cfi_def_cfa_offset 4
 912              	 .cfi_offset 7,-4
 913 0002 85B0     	 sub sp,sp,#20
 914              	 .cfi_def_cfa_offset 24
 915 0004 00AF     	 add r7,sp,#0
 916              	 .cfi_def_cfa_register 7
 917 0006 7860     	 str r0,[r7,#4]
 918 0008 0B46     	 mov r3,r1
 919 000a FB70     	 strb r3,[r7,#3]
 920 000c 1346     	 mov r3,r2
 921 000e BB70     	 strb r3,[r7,#2]
 378:../Libraries/XMCLib/src/xmc_ledts.c ****   uint32_t reg;
 379:../Libraries/XMCLib/src/xmc_ledts.c ****   uint8_t reg_index = ((uint8_t)touchpad) >> 2;
 922              	 .loc 1 379 0
 923 0010 FB78     	 ldrb r3,[r7,#3]
 924 0012 9B08     	 lsrs r3,r3,#2
 925 0014 FB73     	 strb r3,[r7,#15]
 380:../Libraries/XMCLib/src/xmc_ledts.c ****   uint8_t bit_shift_count = ((uint8_t)touchpad & 0x03) * 8;
 926              	 .loc 1 380 0
 927 0016 FB78     	 ldrb r3,[r7,#3]
 928 0018 03F00303 	 and r3,r3,#3
 929 001c DBB2     	 uxtb r3,r3
 930 001e DB00     	 lsls r3,r3,#3
 931 0020 BB73     	 strb r3,[r7,#14]
 381:../Libraries/XMCLib/src/xmc_ledts.c **** 
 382:../Libraries/XMCLib/src/xmc_ledts.c ****   XMC_ASSERT("XMC_LEDTS_Set_Oscillation_Window:Wrong Module Pointer", XMC_LEDTS_CHECK_KERNEL_PTR(le
 383:../Libraries/XMCLib/src/xmc_ledts.c **** 
 384:../Libraries/XMCLib/src/xmc_ledts.c ****   reg = ledts->TSCMP[reg_index];
 932              	 .loc 1 384 0
 933 0022 FB7B     	 ldrb r3,[r7,#15]
 934 0024 7A68     	 ldr r2,[r7,#4]
 935 0026 0833     	 adds r3,r3,#8
 936 0028 9B00     	 lsls r3,r3,#2
 937 002a 1344     	 add r3,r3,r2
 938 002c 5B68     	 ldr r3,[r3,#4]
 939 002e BB60     	 str r3,[r7,#8]
 385:../Libraries/XMCLib/src/xmc_ledts.c ****   reg &= (~(0xff << bit_shift_count));
 940              	 .loc 1 385 0
 941 0030 BB7B     	 ldrb r3,[r7,#14]
 942 0032 FF22     	 movs r2,#255
 943 0034 02FA03F3 	 lsl r3,r2,r3
 944 0038 DB43     	 mvns r3,r3
 945 003a 1A46     	 mov r2,r3
 946 003c BB68     	 ldr r3,[r7,#8]
 947 003e 1340     	 ands r3,r3,r2
 948 0040 BB60     	 str r3,[r7,#8]
 386:../Libraries/XMCLib/src/xmc_ledts.c ****   reg |= size << bit_shift_count;
 949              	 .loc 1 386 0
 950 0042 BA78     	 ldrb r2,[r7,#2]
 951 0044 BB7B     	 ldrb r3,[r7,#14]
 952 0046 02FA03F3 	 lsl r3,r2,r3
 953 004a 1A46     	 mov r2,r3
 954 004c BB68     	 ldr r3,[r7,#8]
 955 004e 1343     	 orrs r3,r3,r2
 956 0050 BB60     	 str r3,[r7,#8]
 387:../Libraries/XMCLib/src/xmc_ledts.c ****   ledts->TSCMP[reg_index] = reg;
 957              	 .loc 1 387 0
 958 0052 FB7B     	 ldrb r3,[r7,#15]
 959 0054 7A68     	 ldr r2,[r7,#4]
 960 0056 0833     	 adds r3,r3,#8
 961 0058 9B00     	 lsls r3,r3,#2
 962 005a 1344     	 add r3,r3,r2
 963 005c BA68     	 ldr r2,[r7,#8]
 964 005e 5A60     	 str r2,[r3,#4]
 388:../Libraries/XMCLib/src/xmc_ledts.c **** }
 965              	 .loc 1 388 0
 966 0060 1437     	 adds r7,r7,#20
 967              	 .cfi_def_cfa_offset 4
 968 0062 BD46     	 mov sp,r7
 969              	 .cfi_def_cfa_register 13
 970              	 
 971 0064 5DF8047B 	 ldr r7,[sp],#4
 972              	 .cfi_restore 7
 973              	 .cfi_def_cfa_offset 0
 974 0068 7047     	 bx lr
 975              	 .cfi_endproc
 976              	.LFE191:
 978 006a 00BF     	 .text
 979              	.Letext0:
 980              	 .file 2 "c:\\infineon\\tools\\dave ide\\4.5.0.202105191637\\eclipse\\arm-gcc-49\\arm-none-eabi\\include\\machine\\_default_types.h"
 981              	 .file 3 "c:\\infineon\\tools\\dave ide\\4.5.0.202105191637\\eclipse\\arm-gcc-49\\arm-none-eabi\\include\\stdint.h"
 982              	 .file 4 "C:/Infineon/Tools/DAVE IDE/4.5.0.202105191637/eclipse/workspace/xmc4800-CE/Libraries/CMSIS/Infineon/XMC4800_series/Include/XMC4800.h"
 983              	 .file 5 "C:/Infineon/Tools/DAVE IDE/4.5.0.202105191637/eclipse/workspace/xmc4800-CE/Libraries/XMCLib/inc/xmc4_scu.h"
 984              	 .file 6 "C:/Infineon/Tools/DAVE IDE/4.5.0.202105191637/eclipse/workspace/xmc4800-CE/Libraries/XMCLib/inc/xmc_ledts.h"
 985              	 .file 7 "C:/Infineon/Tools/DAVE IDE/4.5.0.202105191637/eclipse/workspace/xmc4800-CE/Libraries/CMSIS/Include/cmsis_gcc.h"
 986              	 .file 8 "C:/Infineon/Tools/DAVE IDE/4.5.0.202105191637/eclipse/workspace/xmc4800-CE/Libraries/CMSIS/Include/core_cm4.h"
 987              	 .file 9 "C:/Infineon/Tools/DAVE IDE/4.5.0.202105191637/eclipse/workspace/xmc4800-CE/Libraries/CMSIS/Infineon/XMC4800_series/Include/system_XMC4800.h"
DEFINED SYMBOLS
                            *ABS*:00000000 xmc_ledts.c
    {standard input}:20     .text.XMC_LEDTS_InitGlobal:00000000 $t
    {standard input}:25     .text.XMC_LEDTS_InitGlobal:00000000 XMC_LEDTS_InitGlobal
    {standard input}:84     .text.XMC_LEDTS_InitGlobal:00000040 $d
    {standard input}:90     .text.XMC_LEDTS_InitLED:00000000 $t
    {standard input}:95     .text.XMC_LEDTS_InitLED:00000000 XMC_LEDTS_InitLED
    {standard input}:160    .text.XMC_LEDTS_InitTSBasic:00000000 $t
    {standard input}:165    .text.XMC_LEDTS_InitTSBasic:00000000 XMC_LEDTS_InitTSBasic
    {standard input}:233    .text.XMC_LEDTS_InitTSBasic:00000054 $d
    {standard input}:238    .text.XMC_LEDTS_InitTSAdvanced:00000000 $t
    {standard input}:243    .text.XMC_LEDTS_InitTSAdvanced:00000000 XMC_LEDTS_InitTSAdvanced
    {standard input}:323    .text.XMC_LEDTS_InitTSAdvanced:00000068 $d
    {standard input}:328    .text.XMC_LEDTS_StartCounter:00000000 $t
    {standard input}:333    .text.XMC_LEDTS_StartCounter:00000000 XMC_LEDTS_StartCounter
    {standard input}:372    .text.XMC_LEDTS_StopCounter:00000000 $t
    {standard input}:377    .text.XMC_LEDTS_StopCounter:00000000 XMC_LEDTS_StopCounter
    {standard input}:412    .text.XMC_LEDTS_ReadInterruptFlag:00000000 $t
    {standard input}:417    .text.XMC_LEDTS_ReadInterruptFlag:00000000 XMC_LEDTS_ReadInterruptFlag
    {standard input}:451    .text.XMC_LEDTS_SetActivePADNo:00000000 $t
    {standard input}:456    .text.XMC_LEDTS_SetActivePADNo:00000000 XMC_LEDTS_SetActivePADNo
    {standard input}:504    .text.XMC_LEDTS_ClearInterruptFlag:00000000 $t
    {standard input}:509    .text.XMC_LEDTS_ClearInterruptFlag:00000000 XMC_LEDTS_ClearInterruptFlag
    {standard input}:544    .text.XMC_LEDTS_SetLEDLinePattern:00000000 $t
    {standard input}:549    .text.XMC_LEDTS_SetLEDLinePattern:00000000 XMC_LEDTS_SetLEDLinePattern
    {standard input}:625    .text.XMC_LEDTS_SetColumnBrightness:00000000 $t
    {standard input}:630    .text.XMC_LEDTS_SetColumnBrightness:00000000 XMC_LEDTS_SetColumnBrightness
    {standard input}:706    .text.XMC_LEDTS_SetCommonOscillationWindow:00000000 $t
    {standard input}:711    .text.XMC_LEDTS_SetCommonOscillationWindow:00000000 XMC_LEDTS_SetCommonOscillationWindow
    {standard input}:761    .text.XMC_LEDTS_ReadFNCOL:00000000 $t
    {standard input}:766    .text.XMC_LEDTS_ReadFNCOL:00000000 XMC_LEDTS_ReadFNCOL
    {standard input}:807    .text.XMC_LEDTS_SetNumOfLEDColumns:00000000 $t
    {standard input}:812    .text.XMC_LEDTS_SetNumOfLEDColumns:00000000 XMC_LEDTS_SetNumOfLEDColumns
    {standard input}:857    .text.XMC_LEDTS_ReadTSVAL:00000000 $t
    {standard input}:862    .text.XMC_LEDTS_ReadTSVAL:00000000 XMC_LEDTS_ReadTSVAL
    {standard input}:898    .text.XMC_LEDTS_SetOscillationWindow:00000000 $t
    {standard input}:903    .text.XMC_LEDTS_SetOscillationWindow:00000000 XMC_LEDTS_SetOscillationWindow
                     .debug_frame:00000010 $d

UNDEFINED SYMBOLS
XMC_SCU_CLOCK_UngatePeripheralClock
XMC_SCU_RESET_DeassertPeripheralReset
