   1              	 .syntax unified
   2              	 .cpu cortex-m4
   3              	 .eabi_attribute 27,3
   4              	 .fpu fpv4-sp-d16
   5              	 .eabi_attribute 20,1
   6              	 .eabi_attribute 21,1
   7              	 .eabi_attribute 23,3
   8              	 .eabi_attribute 24,1
   9              	 .eabi_attribute 25,1
  10              	 .eabi_attribute 26,1
  11              	 .eabi_attribute 30,6
  12              	 .eabi_attribute 34,1
  13              	 .eabi_attribute 18,4
  14              	 .thumb
  15              	 .file "bus_io.c"
  16              	 .text
  17              	.Ltext0:
  18              	 .cfi_sections .debug_frame
  19              	 .section .text.XMC_GPIO_SetOutputLevel,"ax",%progbits
  20              	 .align 2
  21              	 .thumb
  22              	 .thumb_func
  24              	XMC_GPIO_SetOutputLevel:
  25              	.LFB134:
  26              	 .file 1 "C:/Infineon/Tools/DAVE IDE/4.5.0.202105191637/eclipse/workspace/xmc4800-CE/Libraries/XMCLib/inc/xmc_gpio.h"
   1:C:/Infineon/Tools/DAVE IDE/4.5.0.202105191637/eclipse/workspace/xmc4800-CE/Libraries/XMCLib/inc\xmc_gpio.h **** /**
   2:C:/Infineon/Tools/DAVE IDE/4.5.0.202105191637/eclipse/workspace/xmc4800-CE/Libraries/XMCLib/inc\xmc_gpio.h ****  * @file xmc_gpio.h
   3:C:/Infineon/Tools/DAVE IDE/4.5.0.202105191637/eclipse/workspace/xmc4800-CE/Libraries/XMCLib/inc\xmc_gpio.h ****  * @date 2015-06-20
   4:C:/Infineon/Tools/DAVE IDE/4.5.0.202105191637/eclipse/workspace/xmc4800-CE/Libraries/XMCLib/inc\xmc_gpio.h ****  *
   5:C:/Infineon/Tools/DAVE IDE/4.5.0.202105191637/eclipse/workspace/xmc4800-CE/Libraries/XMCLib/inc\xmc_gpio.h ****  * @cond
   6:C:/Infineon/Tools/DAVE IDE/4.5.0.202105191637/eclipse/workspace/xmc4800-CE/Libraries/XMCLib/inc\xmc_gpio.h ****  *****************************************************************************
   7:C:/Infineon/Tools/DAVE IDE/4.5.0.202105191637/eclipse/workspace/xmc4800-CE/Libraries/XMCLib/inc\xmc_gpio.h ****  * XMClib v2.2.0 - XMC Peripheral Driver Library
   8:C:/Infineon/Tools/DAVE IDE/4.5.0.202105191637/eclipse/workspace/xmc4800-CE/Libraries/XMCLib/inc\xmc_gpio.h ****  *
   9:C:/Infineon/Tools/DAVE IDE/4.5.0.202105191637/eclipse/workspace/xmc4800-CE/Libraries/XMCLib/inc\xmc_gpio.h ****  * Copyright (c) 2015-2020, Infineon Technologies AG
  10:C:/Infineon/Tools/DAVE IDE/4.5.0.202105191637/eclipse/workspace/xmc4800-CE/Libraries/XMCLib/inc\xmc_gpio.h ****  * All rights reserved.
  11:C:/Infineon/Tools/DAVE IDE/4.5.0.202105191637/eclipse/workspace/xmc4800-CE/Libraries/XMCLib/inc\xmc_gpio.h ****  *
  12:C:/Infineon/Tools/DAVE IDE/4.5.0.202105191637/eclipse/workspace/xmc4800-CE/Libraries/XMCLib/inc\xmc_gpio.h ****  * Boost Software License - Version 1.0 - August 17th, 2003
  13:C:/Infineon/Tools/DAVE IDE/4.5.0.202105191637/eclipse/workspace/xmc4800-CE/Libraries/XMCLib/inc\xmc_gpio.h ****  *
  14:C:/Infineon/Tools/DAVE IDE/4.5.0.202105191637/eclipse/workspace/xmc4800-CE/Libraries/XMCLib/inc\xmc_gpio.h ****  * Permission is hereby granted, free of charge, to any person or organization
  15:C:/Infineon/Tools/DAVE IDE/4.5.0.202105191637/eclipse/workspace/xmc4800-CE/Libraries/XMCLib/inc\xmc_gpio.h ****  * obtaining a copy of the software and accompanying documentation covered by
  16:C:/Infineon/Tools/DAVE IDE/4.5.0.202105191637/eclipse/workspace/xmc4800-CE/Libraries/XMCLib/inc\xmc_gpio.h ****  * this license (the "Software") to use, reproduce, display, distribute,
  17:C:/Infineon/Tools/DAVE IDE/4.5.0.202105191637/eclipse/workspace/xmc4800-CE/Libraries/XMCLib/inc\xmc_gpio.h ****  * execute, and transmit the Software, and to prepare derivative works of the
  18:C:/Infineon/Tools/DAVE IDE/4.5.0.202105191637/eclipse/workspace/xmc4800-CE/Libraries/XMCLib/inc\xmc_gpio.h ****  * Software, and to permit third-parties to whom the Software is furnished to
  19:C:/Infineon/Tools/DAVE IDE/4.5.0.202105191637/eclipse/workspace/xmc4800-CE/Libraries/XMCLib/inc\xmc_gpio.h ****  * do so, all subject to the following:
  20:C:/Infineon/Tools/DAVE IDE/4.5.0.202105191637/eclipse/workspace/xmc4800-CE/Libraries/XMCLib/inc\xmc_gpio.h ****  *
  21:C:/Infineon/Tools/DAVE IDE/4.5.0.202105191637/eclipse/workspace/xmc4800-CE/Libraries/XMCLib/inc\xmc_gpio.h ****  * The copyright notices in the Software and this entire statement, including
  22:C:/Infineon/Tools/DAVE IDE/4.5.0.202105191637/eclipse/workspace/xmc4800-CE/Libraries/XMCLib/inc\xmc_gpio.h ****  * the above license grant, this restriction and the following disclaimer,
  23:C:/Infineon/Tools/DAVE IDE/4.5.0.202105191637/eclipse/workspace/xmc4800-CE/Libraries/XMCLib/inc\xmc_gpio.h ****  * must be included in all copies of the Software, in whole or in part, and
  24:C:/Infineon/Tools/DAVE IDE/4.5.0.202105191637/eclipse/workspace/xmc4800-CE/Libraries/XMCLib/inc\xmc_gpio.h ****  * all derivative works of the Software, unless such copies or derivative
  25:C:/Infineon/Tools/DAVE IDE/4.5.0.202105191637/eclipse/workspace/xmc4800-CE/Libraries/XMCLib/inc\xmc_gpio.h ****  * works are solely in the form of machine-executable object code generated by
  26:C:/Infineon/Tools/DAVE IDE/4.5.0.202105191637/eclipse/workspace/xmc4800-CE/Libraries/XMCLib/inc\xmc_gpio.h ****  * a source language processor.
  27:C:/Infineon/Tools/DAVE IDE/4.5.0.202105191637/eclipse/workspace/xmc4800-CE/Libraries/XMCLib/inc\xmc_gpio.h ****  *
  28:C:/Infineon/Tools/DAVE IDE/4.5.0.202105191637/eclipse/workspace/xmc4800-CE/Libraries/XMCLib/inc\xmc_gpio.h ****  * THE SOFTWARE IS PROVIDED "AS IS", WITHOUT WARRANTY OF ANY KIND, EXPRESS OR
  29:C:/Infineon/Tools/DAVE IDE/4.5.0.202105191637/eclipse/workspace/xmc4800-CE/Libraries/XMCLib/inc\xmc_gpio.h ****  * IMPLIED, INCLUDING BUT NOT LIMITED TO THE WARRANTIES OF MERCHANTABILITY,
  30:C:/Infineon/Tools/DAVE IDE/4.5.0.202105191637/eclipse/workspace/xmc4800-CE/Libraries/XMCLib/inc\xmc_gpio.h ****  * FITNESS FOR A PARTICULAR PURPOSE, TITLE AND NON-INFRINGEMENT. IN NO EVENT
  31:C:/Infineon/Tools/DAVE IDE/4.5.0.202105191637/eclipse/workspace/xmc4800-CE/Libraries/XMCLib/inc\xmc_gpio.h ****  * SHALL THE COPYRIGHT HOLDERS OR ANYONE DISTRIBUTING THE SOFTWARE BE LIABLE
  32:C:/Infineon/Tools/DAVE IDE/4.5.0.202105191637/eclipse/workspace/xmc4800-CE/Libraries/XMCLib/inc\xmc_gpio.h ****  * FOR ANY DAMAGES OR OTHER LIABILITY, WHETHER IN CONTRACT, TORT OR OTHERWISE,
  33:C:/Infineon/Tools/DAVE IDE/4.5.0.202105191637/eclipse/workspace/xmc4800-CE/Libraries/XMCLib/inc\xmc_gpio.h ****  * ARISING FROM, OUT OF OR IN CONNECTION WITH THE SOFTWARE OR THE USE OR OTHER
  34:C:/Infineon/Tools/DAVE IDE/4.5.0.202105191637/eclipse/workspace/xmc4800-CE/Libraries/XMCLib/inc\xmc_gpio.h ****  * DEALINGS IN THE SOFTWARE.
  35:C:/Infineon/Tools/DAVE IDE/4.5.0.202105191637/eclipse/workspace/xmc4800-CE/Libraries/XMCLib/inc\xmc_gpio.h ****  *
  36:C:/Infineon/Tools/DAVE IDE/4.5.0.202105191637/eclipse/workspace/xmc4800-CE/Libraries/XMCLib/inc\xmc_gpio.h ****  * To improve the quality of the software, users are encouraged to share
  37:C:/Infineon/Tools/DAVE IDE/4.5.0.202105191637/eclipse/workspace/xmc4800-CE/Libraries/XMCLib/inc\xmc_gpio.h ****  * modifications, enhancements or bug fixes with Infineon Technologies AG
  38:C:/Infineon/Tools/DAVE IDE/4.5.0.202105191637/eclipse/workspace/xmc4800-CE/Libraries/XMCLib/inc\xmc_gpio.h ****  * at XMCSupport@infineon.com.
  39:C:/Infineon/Tools/DAVE IDE/4.5.0.202105191637/eclipse/workspace/xmc4800-CE/Libraries/XMCLib/inc\xmc_gpio.h ****  *****************************************************************************
  40:C:/Infineon/Tools/DAVE IDE/4.5.0.202105191637/eclipse/workspace/xmc4800-CE/Libraries/XMCLib/inc\xmc_gpio.h ****  *
  41:C:/Infineon/Tools/DAVE IDE/4.5.0.202105191637/eclipse/workspace/xmc4800-CE/Libraries/XMCLib/inc\xmc_gpio.h ****  * Change History
  42:C:/Infineon/Tools/DAVE IDE/4.5.0.202105191637/eclipse/workspace/xmc4800-CE/Libraries/XMCLib/inc\xmc_gpio.h ****  * --------------
  43:C:/Infineon/Tools/DAVE IDE/4.5.0.202105191637/eclipse/workspace/xmc4800-CE/Libraries/XMCLib/inc\xmc_gpio.h ****  *
  44:C:/Infineon/Tools/DAVE IDE/4.5.0.202105191637/eclipse/workspace/xmc4800-CE/Libraries/XMCLib/inc\xmc_gpio.h ****  * 2015-02-20:
  45:C:/Infineon/Tools/DAVE IDE/4.5.0.202105191637/eclipse/workspace/xmc4800-CE/Libraries/XMCLib/inc\xmc_gpio.h ****  *     - Initial draft<br>
  46:C:/Infineon/Tools/DAVE IDE/4.5.0.202105191637/eclipse/workspace/xmc4800-CE/Libraries/XMCLib/inc\xmc_gpio.h ****  *     - Documentation improved <br>
  47:C:/Infineon/Tools/DAVE IDE/4.5.0.202105191637/eclipse/workspace/xmc4800-CE/Libraries/XMCLib/inc\xmc_gpio.h ****  *
  48:C:/Infineon/Tools/DAVE IDE/4.5.0.202105191637/eclipse/workspace/xmc4800-CE/Libraries/XMCLib/inc\xmc_gpio.h ****  * 2015-06-20:
  49:C:/Infineon/Tools/DAVE IDE/4.5.0.202105191637/eclipse/workspace/xmc4800-CE/Libraries/XMCLib/inc\xmc_gpio.h ****  *     - Removed version macros and declaration of GetDriverVersion API
  50:C:/Infineon/Tools/DAVE IDE/4.5.0.202105191637/eclipse/workspace/xmc4800-CE/Libraries/XMCLib/inc\xmc_gpio.h ****  *
  51:C:/Infineon/Tools/DAVE IDE/4.5.0.202105191637/eclipse/workspace/xmc4800-CE/Libraries/XMCLib/inc\xmc_gpio.h ****  * @endcond
  52:C:/Infineon/Tools/DAVE IDE/4.5.0.202105191637/eclipse/workspace/xmc4800-CE/Libraries/XMCLib/inc\xmc_gpio.h ****  *
  53:C:/Infineon/Tools/DAVE IDE/4.5.0.202105191637/eclipse/workspace/xmc4800-CE/Libraries/XMCLib/inc\xmc_gpio.h ****  */
  54:C:/Infineon/Tools/DAVE IDE/4.5.0.202105191637/eclipse/workspace/xmc4800-CE/Libraries/XMCLib/inc\xmc_gpio.h **** 
  55:C:/Infineon/Tools/DAVE IDE/4.5.0.202105191637/eclipse/workspace/xmc4800-CE/Libraries/XMCLib/inc\xmc_gpio.h **** #ifndef XMC_GPIO_H
  56:C:/Infineon/Tools/DAVE IDE/4.5.0.202105191637/eclipse/workspace/xmc4800-CE/Libraries/XMCLib/inc\xmc_gpio.h **** #define XMC_GPIO_H
  57:C:/Infineon/Tools/DAVE IDE/4.5.0.202105191637/eclipse/workspace/xmc4800-CE/Libraries/XMCLib/inc\xmc_gpio.h **** 
  58:C:/Infineon/Tools/DAVE IDE/4.5.0.202105191637/eclipse/workspace/xmc4800-CE/Libraries/XMCLib/inc\xmc_gpio.h **** /**************************************************************************************************
  59:C:/Infineon/Tools/DAVE IDE/4.5.0.202105191637/eclipse/workspace/xmc4800-CE/Libraries/XMCLib/inc\xmc_gpio.h ****  * HEADER FILES
  60:C:/Infineon/Tools/DAVE IDE/4.5.0.202105191637/eclipse/workspace/xmc4800-CE/Libraries/XMCLib/inc\xmc_gpio.h ****  **************************************************************************************************
  61:C:/Infineon/Tools/DAVE IDE/4.5.0.202105191637/eclipse/workspace/xmc4800-CE/Libraries/XMCLib/inc\xmc_gpio.h **** 
  62:C:/Infineon/Tools/DAVE IDE/4.5.0.202105191637/eclipse/workspace/xmc4800-CE/Libraries/XMCLib/inc\xmc_gpio.h **** #include "xmc_common.h"
  63:C:/Infineon/Tools/DAVE IDE/4.5.0.202105191637/eclipse/workspace/xmc4800-CE/Libraries/XMCLib/inc\xmc_gpio.h **** 
  64:C:/Infineon/Tools/DAVE IDE/4.5.0.202105191637/eclipse/workspace/xmc4800-CE/Libraries/XMCLib/inc\xmc_gpio.h **** /**
  65:C:/Infineon/Tools/DAVE IDE/4.5.0.202105191637/eclipse/workspace/xmc4800-CE/Libraries/XMCLib/inc\xmc_gpio.h ****  * @addtogroup XMClib XMC Peripheral Library
  66:C:/Infineon/Tools/DAVE IDE/4.5.0.202105191637/eclipse/workspace/xmc4800-CE/Libraries/XMCLib/inc\xmc_gpio.h ****  * @{
  67:C:/Infineon/Tools/DAVE IDE/4.5.0.202105191637/eclipse/workspace/xmc4800-CE/Libraries/XMCLib/inc\xmc_gpio.h ****  */
  68:C:/Infineon/Tools/DAVE IDE/4.5.0.202105191637/eclipse/workspace/xmc4800-CE/Libraries/XMCLib/inc\xmc_gpio.h **** 
  69:C:/Infineon/Tools/DAVE IDE/4.5.0.202105191637/eclipse/workspace/xmc4800-CE/Libraries/XMCLib/inc\xmc_gpio.h **** /**
  70:C:/Infineon/Tools/DAVE IDE/4.5.0.202105191637/eclipse/workspace/xmc4800-CE/Libraries/XMCLib/inc\xmc_gpio.h ****  * @addtogroup GPIO
  71:C:/Infineon/Tools/DAVE IDE/4.5.0.202105191637/eclipse/workspace/xmc4800-CE/Libraries/XMCLib/inc\xmc_gpio.h ****  * @brief General Purpose Input Output (GPIO) driver for the XMC microcontroller family.
  72:C:/Infineon/Tools/DAVE IDE/4.5.0.202105191637/eclipse/workspace/xmc4800-CE/Libraries/XMCLib/inc\xmc_gpio.h ****  *
  73:C:/Infineon/Tools/DAVE IDE/4.5.0.202105191637/eclipse/workspace/xmc4800-CE/Libraries/XMCLib/inc\xmc_gpio.h ****  * GPIO driver provide a generic and very flexible software interface for all standard digital I/O 
  74:C:/Infineon/Tools/DAVE IDE/4.5.0.202105191637/eclipse/workspace/xmc4800-CE/Libraries/XMCLib/inc\xmc_gpio.h ****  * Each port slice has individual interfaces for the operation as General Purpose I/O and it furthe
  75:C:/Infineon/Tools/DAVE IDE/4.5.0.202105191637/eclipse/workspace/xmc4800-CE/Libraries/XMCLib/inc\xmc_gpio.h ****  * connectivity to the on-chip periphery and the control for the pad characteristics.
  76:C:/Infineon/Tools/DAVE IDE/4.5.0.202105191637/eclipse/workspace/xmc4800-CE/Libraries/XMCLib/inc\xmc_gpio.h ****  *
  77:C:/Infineon/Tools/DAVE IDE/4.5.0.202105191637/eclipse/workspace/xmc4800-CE/Libraries/XMCLib/inc\xmc_gpio.h ****  * The driver is divided into Input and Output mode.
  78:C:/Infineon/Tools/DAVE IDE/4.5.0.202105191637/eclipse/workspace/xmc4800-CE/Libraries/XMCLib/inc\xmc_gpio.h ****  *
  79:C:/Infineon/Tools/DAVE IDE/4.5.0.202105191637/eclipse/workspace/xmc4800-CE/Libraries/XMCLib/inc\xmc_gpio.h ****  * Input mode features:
  80:C:/Infineon/Tools/DAVE IDE/4.5.0.202105191637/eclipse/workspace/xmc4800-CE/Libraries/XMCLib/inc\xmc_gpio.h ****  * -# Configuration structure XMC_GPIO_CONFIG_t and initialization function XMC_GPIO_Init()
  81:C:/Infineon/Tools/DAVE IDE/4.5.0.202105191637/eclipse/workspace/xmc4800-CE/Libraries/XMCLib/inc\xmc_gpio.h ****  * -# Allows the selection of weak pull-up or pull-down device. Configuration structure XMC_GPIO_MO
  82:C:/Infineon/Tools/DAVE IDE/4.5.0.202105191637/eclipse/workspace/xmc4800-CE/Libraries/XMCLib/inc\xmc_gpio.h ****  * \if XMC1
  83:C:/Infineon/Tools/DAVE IDE/4.5.0.202105191637/eclipse/workspace/xmc4800-CE/Libraries/XMCLib/inc\xmc_gpio.h ****  * -# Allows the selection of input hysteresis. XMC_GPIO_SetInputHysteresis()
  84:C:/Infineon/Tools/DAVE IDE/4.5.0.202105191637/eclipse/workspace/xmc4800-CE/Libraries/XMCLib/inc\xmc_gpio.h ****  * \endif
  85:C:/Infineon/Tools/DAVE IDE/4.5.0.202105191637/eclipse/workspace/xmc4800-CE/Libraries/XMCLib/inc\xmc_gpio.h ****  *
  86:C:/Infineon/Tools/DAVE IDE/4.5.0.202105191637/eclipse/workspace/xmc4800-CE/Libraries/XMCLib/inc\xmc_gpio.h ****  *
  87:C:/Infineon/Tools/DAVE IDE/4.5.0.202105191637/eclipse/workspace/xmc4800-CE/Libraries/XMCLib/inc\xmc_gpio.h ****  * Output mode features:
  88:C:/Infineon/Tools/DAVE IDE/4.5.0.202105191637/eclipse/workspace/xmc4800-CE/Libraries/XMCLib/inc\xmc_gpio.h ****  * -# Allows the selection of push pull/open drain and Alternate output. Configuration structure XM
  89:C:/Infineon/Tools/DAVE IDE/4.5.0.202105191637/eclipse/workspace/xmc4800-CE/Libraries/XMCLib/inc\xmc_gpio.h ****  * \if XMC4
  90:C:/Infineon/Tools/DAVE IDE/4.5.0.202105191637/eclipse/workspace/xmc4800-CE/Libraries/XMCLib/inc\xmc_gpio.h ****  * -# Allows the selection of pad driver strength. Configuration structure XMC_GPIO_OUTPUT_STRENGTH
  91:C:/Infineon/Tools/DAVE IDE/4.5.0.202105191637/eclipse/workspace/xmc4800-CE/Libraries/XMCLib/inc\xmc_gpio.h ****  * \endif
  92:C:/Infineon/Tools/DAVE IDE/4.5.0.202105191637/eclipse/workspace/xmc4800-CE/Libraries/XMCLib/inc\xmc_gpio.h ****  *
  93:C:/Infineon/Tools/DAVE IDE/4.5.0.202105191637/eclipse/workspace/xmc4800-CE/Libraries/XMCLib/inc\xmc_gpio.h ****  * -# Allows the selection of initial output level. Configuration structure XMC_GPIO_OUTPUT_LEVEL_t
  94:C:/Infineon/Tools/DAVE IDE/4.5.0.202105191637/eclipse/workspace/xmc4800-CE/Libraries/XMCLib/inc\xmc_gpio.h ****  *
  95:C:/Infineon/Tools/DAVE IDE/4.5.0.202105191637/eclipse/workspace/xmc4800-CE/Libraries/XMCLib/inc\xmc_gpio.h ****  *@{
  96:C:/Infineon/Tools/DAVE IDE/4.5.0.202105191637/eclipse/workspace/xmc4800-CE/Libraries/XMCLib/inc\xmc_gpio.h ****  */
  97:C:/Infineon/Tools/DAVE IDE/4.5.0.202105191637/eclipse/workspace/xmc4800-CE/Libraries/XMCLib/inc\xmc_gpio.h **** 
  98:C:/Infineon/Tools/DAVE IDE/4.5.0.202105191637/eclipse/workspace/xmc4800-CE/Libraries/XMCLib/inc\xmc_gpio.h **** /**************************************************************************************************
  99:C:/Infineon/Tools/DAVE IDE/4.5.0.202105191637/eclipse/workspace/xmc4800-CE/Libraries/XMCLib/inc\xmc_gpio.h ****  * MACROS
 100:C:/Infineon/Tools/DAVE IDE/4.5.0.202105191637/eclipse/workspace/xmc4800-CE/Libraries/XMCLib/inc\xmc_gpio.h ****  **************************************************************************************************
 101:C:/Infineon/Tools/DAVE IDE/4.5.0.202105191637/eclipse/workspace/xmc4800-CE/Libraries/XMCLib/inc\xmc_gpio.h **** 
 102:C:/Infineon/Tools/DAVE IDE/4.5.0.202105191637/eclipse/workspace/xmc4800-CE/Libraries/XMCLib/inc\xmc_gpio.h **** #define PORT_IOCR_PC_Pos PORT0_IOCR0_PC0_Pos
 103:C:/Infineon/Tools/DAVE IDE/4.5.0.202105191637/eclipse/workspace/xmc4800-CE/Libraries/XMCLib/inc\xmc_gpio.h **** #define PORT_IOCR_PC_Msk PORT0_IOCR0_PC0_Msk
 104:C:/Infineon/Tools/DAVE IDE/4.5.0.202105191637/eclipse/workspace/xmc4800-CE/Libraries/XMCLib/inc\xmc_gpio.h **** 
 105:C:/Infineon/Tools/DAVE IDE/4.5.0.202105191637/eclipse/workspace/xmc4800-CE/Libraries/XMCLib/inc\xmc_gpio.h **** #define PORT_IOCR_PC_Size 				(8U)
 106:C:/Infineon/Tools/DAVE IDE/4.5.0.202105191637/eclipse/workspace/xmc4800-CE/Libraries/XMCLib/inc\xmc_gpio.h **** 
 107:C:/Infineon/Tools/DAVE IDE/4.5.0.202105191637/eclipse/workspace/xmc4800-CE/Libraries/XMCLib/inc\xmc_gpio.h **** 
 108:C:/Infineon/Tools/DAVE IDE/4.5.0.202105191637/eclipse/workspace/xmc4800-CE/Libraries/XMCLib/inc\xmc_gpio.h **** #define XMC_GPIO_CHECK_OUTPUT_LEVEL(level) ((level == XMC_GPIO_OUTPUT_LEVEL_LOW) || \
 109:C:/Infineon/Tools/DAVE IDE/4.5.0.202105191637/eclipse/workspace/xmc4800-CE/Libraries/XMCLib/inc\xmc_gpio.h ****                                             (level == XMC_GPIO_OUTPUT_LEVEL_HIGH))
 110:C:/Infineon/Tools/DAVE IDE/4.5.0.202105191637/eclipse/workspace/xmc4800-CE/Libraries/XMCLib/inc\xmc_gpio.h **** 
 111:C:/Infineon/Tools/DAVE IDE/4.5.0.202105191637/eclipse/workspace/xmc4800-CE/Libraries/XMCLib/inc\xmc_gpio.h **** #define XMC_GPIO_CHECK_HWCTRL(hwctrl) ((hwctrl == XMC_GPIO_HWCTRL_DISABLED) || \
 112:C:/Infineon/Tools/DAVE IDE/4.5.0.202105191637/eclipse/workspace/xmc4800-CE/Libraries/XMCLib/inc\xmc_gpio.h ****                                        (hwctrl == XMC_GPIO_HWCTRL_PERIPHERAL1) || \
 113:C:/Infineon/Tools/DAVE IDE/4.5.0.202105191637/eclipse/workspace/xmc4800-CE/Libraries/XMCLib/inc\xmc_gpio.h ****                                        (hwctrl == XMC_GPIO_HWCTRL_PERIPHERAL2))
 114:C:/Infineon/Tools/DAVE IDE/4.5.0.202105191637/eclipse/workspace/xmc4800-CE/Libraries/XMCLib/inc\xmc_gpio.h **** 
 115:C:/Infineon/Tools/DAVE IDE/4.5.0.202105191637/eclipse/workspace/xmc4800-CE/Libraries/XMCLib/inc\xmc_gpio.h **** /**************************************************************************************************
 116:C:/Infineon/Tools/DAVE IDE/4.5.0.202105191637/eclipse/workspace/xmc4800-CE/Libraries/XMCLib/inc\xmc_gpio.h ****  * ENUMS
 117:C:/Infineon/Tools/DAVE IDE/4.5.0.202105191637/eclipse/workspace/xmc4800-CE/Libraries/XMCLib/inc\xmc_gpio.h ****  **************************************************************************************************
 118:C:/Infineon/Tools/DAVE IDE/4.5.0.202105191637/eclipse/workspace/xmc4800-CE/Libraries/XMCLib/inc\xmc_gpio.h **** 
 119:C:/Infineon/Tools/DAVE IDE/4.5.0.202105191637/eclipse/workspace/xmc4800-CE/Libraries/XMCLib/inc\xmc_gpio.h **** 
 120:C:/Infineon/Tools/DAVE IDE/4.5.0.202105191637/eclipse/workspace/xmc4800-CE/Libraries/XMCLib/inc\xmc_gpio.h **** /**
 121:C:/Infineon/Tools/DAVE IDE/4.5.0.202105191637/eclipse/workspace/xmc4800-CE/Libraries/XMCLib/inc\xmc_gpio.h ****  * Defines output level of a pin. Use type \a XMC_GPIO_OUTPUT_LEVEL_t for this enum.
 122:C:/Infineon/Tools/DAVE IDE/4.5.0.202105191637/eclipse/workspace/xmc4800-CE/Libraries/XMCLib/inc\xmc_gpio.h ****  */
 123:C:/Infineon/Tools/DAVE IDE/4.5.0.202105191637/eclipse/workspace/xmc4800-CE/Libraries/XMCLib/inc\xmc_gpio.h **** typedef enum XMC_GPIO_OUTPUT_LEVEL
 124:C:/Infineon/Tools/DAVE IDE/4.5.0.202105191637/eclipse/workspace/xmc4800-CE/Libraries/XMCLib/inc\xmc_gpio.h **** {
 125:C:/Infineon/Tools/DAVE IDE/4.5.0.202105191637/eclipse/workspace/xmc4800-CE/Libraries/XMCLib/inc\xmc_gpio.h ****   XMC_GPIO_OUTPUT_LEVEL_LOW  = 0x10000U, /**<  Reset bit */
 126:C:/Infineon/Tools/DAVE IDE/4.5.0.202105191637/eclipse/workspace/xmc4800-CE/Libraries/XMCLib/inc\xmc_gpio.h ****   XMC_GPIO_OUTPUT_LEVEL_HIGH = 0x1U, 	/**< Set bit  */
 127:C:/Infineon/Tools/DAVE IDE/4.5.0.202105191637/eclipse/workspace/xmc4800-CE/Libraries/XMCLib/inc\xmc_gpio.h **** } XMC_GPIO_OUTPUT_LEVEL_t;
 128:C:/Infineon/Tools/DAVE IDE/4.5.0.202105191637/eclipse/workspace/xmc4800-CE/Libraries/XMCLib/inc\xmc_gpio.h **** 
 129:C:/Infineon/Tools/DAVE IDE/4.5.0.202105191637/eclipse/workspace/xmc4800-CE/Libraries/XMCLib/inc\xmc_gpio.h **** /**
 130:C:/Infineon/Tools/DAVE IDE/4.5.0.202105191637/eclipse/workspace/xmc4800-CE/Libraries/XMCLib/inc\xmc_gpio.h ****  * Defines direct hardware control characteristics of the pin . Use type \a XMC_GPIO_HWCTRL_t for t
 131:C:/Infineon/Tools/DAVE IDE/4.5.0.202105191637/eclipse/workspace/xmc4800-CE/Libraries/XMCLib/inc\xmc_gpio.h ****  */
 132:C:/Infineon/Tools/DAVE IDE/4.5.0.202105191637/eclipse/workspace/xmc4800-CE/Libraries/XMCLib/inc\xmc_gpio.h **** typedef enum XMC_GPIO_HWCTRL
 133:C:/Infineon/Tools/DAVE IDE/4.5.0.202105191637/eclipse/workspace/xmc4800-CE/Libraries/XMCLib/inc\xmc_gpio.h **** {
 134:C:/Infineon/Tools/DAVE IDE/4.5.0.202105191637/eclipse/workspace/xmc4800-CE/Libraries/XMCLib/inc\xmc_gpio.h ****   XMC_GPIO_HWCTRL_DISABLED     = 0x0U, /**<  Software control only */
 135:C:/Infineon/Tools/DAVE IDE/4.5.0.202105191637/eclipse/workspace/xmc4800-CE/Libraries/XMCLib/inc\xmc_gpio.h ****   XMC_GPIO_HWCTRL_PERIPHERAL1  = 0x1U, /**<  HWI0/HWO0 control path can override the software confi
 136:C:/Infineon/Tools/DAVE IDE/4.5.0.202105191637/eclipse/workspace/xmc4800-CE/Libraries/XMCLib/inc\xmc_gpio.h ****   XMC_GPIO_HWCTRL_PERIPHERAL2  = 0x2U  /**<  HWI1/HWO1 control path can override the software confi
 137:C:/Infineon/Tools/DAVE IDE/4.5.0.202105191637/eclipse/workspace/xmc4800-CE/Libraries/XMCLib/inc\xmc_gpio.h **** } XMC_GPIO_HWCTRL_t;
 138:C:/Infineon/Tools/DAVE IDE/4.5.0.202105191637/eclipse/workspace/xmc4800-CE/Libraries/XMCLib/inc\xmc_gpio.h **** 
 139:C:/Infineon/Tools/DAVE IDE/4.5.0.202105191637/eclipse/workspace/xmc4800-CE/Libraries/XMCLib/inc\xmc_gpio.h **** /**************************************************************************************************
 140:C:/Infineon/Tools/DAVE IDE/4.5.0.202105191637/eclipse/workspace/xmc4800-CE/Libraries/XMCLib/inc\xmc_gpio.h ****  * DEVICE FAMILY EXTENSIONS
 141:C:/Infineon/Tools/DAVE IDE/4.5.0.202105191637/eclipse/workspace/xmc4800-CE/Libraries/XMCLib/inc\xmc_gpio.h ****  **************************************************************************************************
 142:C:/Infineon/Tools/DAVE IDE/4.5.0.202105191637/eclipse/workspace/xmc4800-CE/Libraries/XMCLib/inc\xmc_gpio.h **** 
 143:C:/Infineon/Tools/DAVE IDE/4.5.0.202105191637/eclipse/workspace/xmc4800-CE/Libraries/XMCLib/inc\xmc_gpio.h **** #if UC_FAMILY == XMC1
 144:C:/Infineon/Tools/DAVE IDE/4.5.0.202105191637/eclipse/workspace/xmc4800-CE/Libraries/XMCLib/inc\xmc_gpio.h **** #include "xmc1_gpio.h"
 145:C:/Infineon/Tools/DAVE IDE/4.5.0.202105191637/eclipse/workspace/xmc4800-CE/Libraries/XMCLib/inc\xmc_gpio.h **** #elif UC_FAMILY == XMC4
 146:C:/Infineon/Tools/DAVE IDE/4.5.0.202105191637/eclipse/workspace/xmc4800-CE/Libraries/XMCLib/inc\xmc_gpio.h **** #include "xmc4_gpio.h"
 147:C:/Infineon/Tools/DAVE IDE/4.5.0.202105191637/eclipse/workspace/xmc4800-CE/Libraries/XMCLib/inc\xmc_gpio.h **** #else
 148:C:/Infineon/Tools/DAVE IDE/4.5.0.202105191637/eclipse/workspace/xmc4800-CE/Libraries/XMCLib/inc\xmc_gpio.h **** #error "xmc_gpio.h: family device not supported"
 149:C:/Infineon/Tools/DAVE IDE/4.5.0.202105191637/eclipse/workspace/xmc4800-CE/Libraries/XMCLib/inc\xmc_gpio.h **** #endif
 150:C:/Infineon/Tools/DAVE IDE/4.5.0.202105191637/eclipse/workspace/xmc4800-CE/Libraries/XMCLib/inc\xmc_gpio.h **** 
 151:C:/Infineon/Tools/DAVE IDE/4.5.0.202105191637/eclipse/workspace/xmc4800-CE/Libraries/XMCLib/inc\xmc_gpio.h **** /**************************************************************************************************
 152:C:/Infineon/Tools/DAVE IDE/4.5.0.202105191637/eclipse/workspace/xmc4800-CE/Libraries/XMCLib/inc\xmc_gpio.h ****  * API PROTOTYPES
 153:C:/Infineon/Tools/DAVE IDE/4.5.0.202105191637/eclipse/workspace/xmc4800-CE/Libraries/XMCLib/inc\xmc_gpio.h ****  **************************************************************************************************
 154:C:/Infineon/Tools/DAVE IDE/4.5.0.202105191637/eclipse/workspace/xmc4800-CE/Libraries/XMCLib/inc\xmc_gpio.h **** 
 155:C:/Infineon/Tools/DAVE IDE/4.5.0.202105191637/eclipse/workspace/xmc4800-CE/Libraries/XMCLib/inc\xmc_gpio.h **** #ifdef __cplusplus
 156:C:/Infineon/Tools/DAVE IDE/4.5.0.202105191637/eclipse/workspace/xmc4800-CE/Libraries/XMCLib/inc\xmc_gpio.h **** extern "C" {
 157:C:/Infineon/Tools/DAVE IDE/4.5.0.202105191637/eclipse/workspace/xmc4800-CE/Libraries/XMCLib/inc\xmc_gpio.h **** #endif
 158:C:/Infineon/Tools/DAVE IDE/4.5.0.202105191637/eclipse/workspace/xmc4800-CE/Libraries/XMCLib/inc\xmc_gpio.h **** 
 159:C:/Infineon/Tools/DAVE IDE/4.5.0.202105191637/eclipse/workspace/xmc4800-CE/Libraries/XMCLib/inc\xmc_gpio.h **** 
 160:C:/Infineon/Tools/DAVE IDE/4.5.0.202105191637/eclipse/workspace/xmc4800-CE/Libraries/XMCLib/inc\xmc_gpio.h **** /**
 161:C:/Infineon/Tools/DAVE IDE/4.5.0.202105191637/eclipse/workspace/xmc4800-CE/Libraries/XMCLib/inc\xmc_gpio.h ****  * @param  port	  Constant pointer pointing to GPIO port, to access port registers like Pn_OUT,Pn_O
 162:C:/Infineon/Tools/DAVE IDE/4.5.0.202105191637/eclipse/workspace/xmc4800-CE/Libraries/XMCLib/inc\xmc_gpio.h ****  * @param  pin	  Port pin number.
 163:C:/Infineon/Tools/DAVE IDE/4.5.0.202105191637/eclipse/workspace/xmc4800-CE/Libraries/XMCLib/inc\xmc_gpio.h ****  * @param  config GPIO configuration data structure. Refer data structure @ref XMC_GPIO_CONFIG_t fo
 164:C:/Infineon/Tools/DAVE IDE/4.5.0.202105191637/eclipse/workspace/xmc4800-CE/Libraries/XMCLib/inc\xmc_gpio.h ****  *
 165:C:/Infineon/Tools/DAVE IDE/4.5.0.202105191637/eclipse/workspace/xmc4800-CE/Libraries/XMCLib/inc\xmc_gpio.h ****  * @return None
 166:C:/Infineon/Tools/DAVE IDE/4.5.0.202105191637/eclipse/workspace/xmc4800-CE/Libraries/XMCLib/inc\xmc_gpio.h ****  *
 167:C:/Infineon/Tools/DAVE IDE/4.5.0.202105191637/eclipse/workspace/xmc4800-CE/Libraries/XMCLib/inc\xmc_gpio.h ****  * \par<b>Description:</b><br>
 168:C:/Infineon/Tools/DAVE IDE/4.5.0.202105191637/eclipse/workspace/xmc4800-CE/Libraries/XMCLib/inc\xmc_gpio.h ****  * \if XMC1
 169:C:/Infineon/Tools/DAVE IDE/4.5.0.202105191637/eclipse/workspace/xmc4800-CE/Libraries/XMCLib/inc\xmc_gpio.h ****  * Initializes input / output mode settings like, pull up / pull down devices,hysteresis, push pull
 170:C:/Infineon/Tools/DAVE IDE/4.5.0.202105191637/eclipse/workspace/xmc4800-CE/Libraries/XMCLib/inc\xmc_gpio.h ****  * Also configures alternate function outputs and clears hardware port control for a selected \a po
 171:C:/Infineon/Tools/DAVE IDE/4.5.0.202105191637/eclipse/workspace/xmc4800-CE/Libraries/XMCLib/inc\xmc_gpio.h ****  * \a config provides selected I/O settings. It configures hardware registers Pn_IOCR,Pn_OUT, Pn_OM
 172:C:/Infineon/Tools/DAVE IDE/4.5.0.202105191637/eclipse/workspace/xmc4800-CE/Libraries/XMCLib/inc\xmc_gpio.h ****  * \endif
 173:C:/Infineon/Tools/DAVE IDE/4.5.0.202105191637/eclipse/workspace/xmc4800-CE/Libraries/XMCLib/inc\xmc_gpio.h ****  * \if XMC4
 174:C:/Infineon/Tools/DAVE IDE/4.5.0.202105191637/eclipse/workspace/xmc4800-CE/Libraries/XMCLib/inc\xmc_gpio.h ****  * Initializes input / output mode settings like, pull up / pull down devices,push pull /open drain
 175:C:/Infineon/Tools/DAVE IDE/4.5.0.202105191637/eclipse/workspace/xmc4800-CE/Libraries/XMCLib/inc\xmc_gpio.h ****  * Also configures alternate function outputs and clears hardware port control for selected \a port
 176:C:/Infineon/Tools/DAVE IDE/4.5.0.202105191637/eclipse/workspace/xmc4800-CE/Libraries/XMCLib/inc\xmc_gpio.h ****  * It configures hardware registers Pn_IOCR,Pn_OUT,Pn_OMR,Pn_PDISC and Pn_PDR.\n
 177:C:/Infineon/Tools/DAVE IDE/4.5.0.202105191637/eclipse/workspace/xmc4800-CE/Libraries/XMCLib/inc\xmc_gpio.h ****  * \endif
 178:C:/Infineon/Tools/DAVE IDE/4.5.0.202105191637/eclipse/workspace/xmc4800-CE/Libraries/XMCLib/inc\xmc_gpio.h ****  *
 179:C:/Infineon/Tools/DAVE IDE/4.5.0.202105191637/eclipse/workspace/xmc4800-CE/Libraries/XMCLib/inc\xmc_gpio.h ****  * \par<b>Related APIs:</b><BR>
 180:C:/Infineon/Tools/DAVE IDE/4.5.0.202105191637/eclipse/workspace/xmc4800-CE/Libraries/XMCLib/inc\xmc_gpio.h ****  *  None
 181:C:/Infineon/Tools/DAVE IDE/4.5.0.202105191637/eclipse/workspace/xmc4800-CE/Libraries/XMCLib/inc\xmc_gpio.h ****  *
 182:C:/Infineon/Tools/DAVE IDE/4.5.0.202105191637/eclipse/workspace/xmc4800-CE/Libraries/XMCLib/inc\xmc_gpio.h ****  * \par<b>Note:</b><br>
 183:C:/Infineon/Tools/DAVE IDE/4.5.0.202105191637/eclipse/workspace/xmc4800-CE/Libraries/XMCLib/inc\xmc_gpio.h ****  * This API is called in definition of DAVE_init by code generation and therefore should not be exp
 184:C:/Infineon/Tools/DAVE IDE/4.5.0.202105191637/eclipse/workspace/xmc4800-CE/Libraries/XMCLib/inc\xmc_gpio.h ****  * for the normal operation. Use other APIs only after DAVE_init is called successfully (returns DA
 185:C:/Infineon/Tools/DAVE IDE/4.5.0.202105191637/eclipse/workspace/xmc4800-CE/Libraries/XMCLib/inc\xmc_gpio.h ****  *
 186:C:/Infineon/Tools/DAVE IDE/4.5.0.202105191637/eclipse/workspace/xmc4800-CE/Libraries/XMCLib/inc\xmc_gpio.h ****  *
 187:C:/Infineon/Tools/DAVE IDE/4.5.0.202105191637/eclipse/workspace/xmc4800-CE/Libraries/XMCLib/inc\xmc_gpio.h ****  */
 188:C:/Infineon/Tools/DAVE IDE/4.5.0.202105191637/eclipse/workspace/xmc4800-CE/Libraries/XMCLib/inc\xmc_gpio.h **** 
 189:C:/Infineon/Tools/DAVE IDE/4.5.0.202105191637/eclipse/workspace/xmc4800-CE/Libraries/XMCLib/inc\xmc_gpio.h **** 
 190:C:/Infineon/Tools/DAVE IDE/4.5.0.202105191637/eclipse/workspace/xmc4800-CE/Libraries/XMCLib/inc\xmc_gpio.h **** void XMC_GPIO_Init(XMC_GPIO_PORT_t *const port, const uint8_t pin, const XMC_GPIO_CONFIG_t *const c
 191:C:/Infineon/Tools/DAVE IDE/4.5.0.202105191637/eclipse/workspace/xmc4800-CE/Libraries/XMCLib/inc\xmc_gpio.h **** 
 192:C:/Infineon/Tools/DAVE IDE/4.5.0.202105191637/eclipse/workspace/xmc4800-CE/Libraries/XMCLib/inc\xmc_gpio.h **** /**
 193:C:/Infineon/Tools/DAVE IDE/4.5.0.202105191637/eclipse/workspace/xmc4800-CE/Libraries/XMCLib/inc\xmc_gpio.h ****  *
 194:C:/Infineon/Tools/DAVE IDE/4.5.0.202105191637/eclipse/workspace/xmc4800-CE/Libraries/XMCLib/inc\xmc_gpio.h ****  * @param  port	Constant pointer pointing to GPIO port, to access hardware register Pn_IOCR.
 195:C:/Infineon/Tools/DAVE IDE/4.5.0.202105191637/eclipse/workspace/xmc4800-CE/Libraries/XMCLib/inc\xmc_gpio.h ****  * @param  pin	Port pin number.
 196:C:/Infineon/Tools/DAVE IDE/4.5.0.202105191637/eclipse/workspace/xmc4800-CE/Libraries/XMCLib/inc\xmc_gpio.h ****  * @param  mode input / output functionality selection. Refer @ref XMC_GPIO_MODE_t for valid values
 197:C:/Infineon/Tools/DAVE IDE/4.5.0.202105191637/eclipse/workspace/xmc4800-CE/Libraries/XMCLib/inc\xmc_gpio.h ****  *
 198:C:/Infineon/Tools/DAVE IDE/4.5.0.202105191637/eclipse/workspace/xmc4800-CE/Libraries/XMCLib/inc\xmc_gpio.h ****  * @return None
 199:C:/Infineon/Tools/DAVE IDE/4.5.0.202105191637/eclipse/workspace/xmc4800-CE/Libraries/XMCLib/inc\xmc_gpio.h ****  *
 200:C:/Infineon/Tools/DAVE IDE/4.5.0.202105191637/eclipse/workspace/xmc4800-CE/Libraries/XMCLib/inc\xmc_gpio.h ****  * \par<b>Description:</b><br>
 201:C:/Infineon/Tools/DAVE IDE/4.5.0.202105191637/eclipse/workspace/xmc4800-CE/Libraries/XMCLib/inc\xmc_gpio.h ****  * Sets digital input and output driver functionality and characteristics of a GPIO port pin. It co
 202:C:/Infineon/Tools/DAVE IDE/4.5.0.202105191637/eclipse/workspace/xmc4800-CE/Libraries/XMCLib/inc\xmc_gpio.h ****  * registers Pn_IOCR. \a mode is initially configured during initialization in XMC_GPIO_Init(). Cal
 203:C:/Infineon/Tools/DAVE IDE/4.5.0.202105191637/eclipse/workspace/xmc4800-CE/Libraries/XMCLib/inc\xmc_gpio.h ****  * the port direction functionality as needed later in the program.
 204:C:/Infineon/Tools/DAVE IDE/4.5.0.202105191637/eclipse/workspace/xmc4800-CE/Libraries/XMCLib/inc\xmc_gpio.h ****  *
 205:C:/Infineon/Tools/DAVE IDE/4.5.0.202105191637/eclipse/workspace/xmc4800-CE/Libraries/XMCLib/inc\xmc_gpio.h ****  * \par<b>Related APIs:</b><BR>
 206:C:/Infineon/Tools/DAVE IDE/4.5.0.202105191637/eclipse/workspace/xmc4800-CE/Libraries/XMCLib/inc\xmc_gpio.h ****  *  None
 207:C:/Infineon/Tools/DAVE IDE/4.5.0.202105191637/eclipse/workspace/xmc4800-CE/Libraries/XMCLib/inc\xmc_gpio.h ****  *
 208:C:/Infineon/Tools/DAVE IDE/4.5.0.202105191637/eclipse/workspace/xmc4800-CE/Libraries/XMCLib/inc\xmc_gpio.h ****  */
 209:C:/Infineon/Tools/DAVE IDE/4.5.0.202105191637/eclipse/workspace/xmc4800-CE/Libraries/XMCLib/inc\xmc_gpio.h **** 
 210:C:/Infineon/Tools/DAVE IDE/4.5.0.202105191637/eclipse/workspace/xmc4800-CE/Libraries/XMCLib/inc\xmc_gpio.h **** void XMC_GPIO_SetMode(XMC_GPIO_PORT_t *const port, const uint8_t pin, const XMC_GPIO_MODE_t mode);
 211:C:/Infineon/Tools/DAVE IDE/4.5.0.202105191637/eclipse/workspace/xmc4800-CE/Libraries/XMCLib/inc\xmc_gpio.h **** 
 212:C:/Infineon/Tools/DAVE IDE/4.5.0.202105191637/eclipse/workspace/xmc4800-CE/Libraries/XMCLib/inc\xmc_gpio.h **** 
 213:C:/Infineon/Tools/DAVE IDE/4.5.0.202105191637/eclipse/workspace/xmc4800-CE/Libraries/XMCLib/inc\xmc_gpio.h **** /**
 214:C:/Infineon/Tools/DAVE IDE/4.5.0.202105191637/eclipse/workspace/xmc4800-CE/Libraries/XMCLib/inc\xmc_gpio.h ****  *
 215:C:/Infineon/Tools/DAVE IDE/4.5.0.202105191637/eclipse/workspace/xmc4800-CE/Libraries/XMCLib/inc\xmc_gpio.h ****  * @param  port	 Constant pointer pointing to GPIO port, to access hardware register Pn_OMR.
 216:C:/Infineon/Tools/DAVE IDE/4.5.0.202105191637/eclipse/workspace/xmc4800-CE/Libraries/XMCLib/inc\xmc_gpio.h ****  * @param  pin	 Port pin number.
 217:C:/Infineon/Tools/DAVE IDE/4.5.0.202105191637/eclipse/workspace/xmc4800-CE/Libraries/XMCLib/inc\xmc_gpio.h ****  * @param  level output level selection. Refer @ref XMC_GPIO_OUTPUT_LEVEL_t for valid values.
 218:C:/Infineon/Tools/DAVE IDE/4.5.0.202105191637/eclipse/workspace/xmc4800-CE/Libraries/XMCLib/inc\xmc_gpio.h ****  *
 219:C:/Infineon/Tools/DAVE IDE/4.5.0.202105191637/eclipse/workspace/xmc4800-CE/Libraries/XMCLib/inc\xmc_gpio.h ****  * @return None
 220:C:/Infineon/Tools/DAVE IDE/4.5.0.202105191637/eclipse/workspace/xmc4800-CE/Libraries/XMCLib/inc\xmc_gpio.h ****  *
 221:C:/Infineon/Tools/DAVE IDE/4.5.0.202105191637/eclipse/workspace/xmc4800-CE/Libraries/XMCLib/inc\xmc_gpio.h ****  * \par<b>Description:</b><br>
 222:C:/Infineon/Tools/DAVE IDE/4.5.0.202105191637/eclipse/workspace/xmc4800-CE/Libraries/XMCLib/inc\xmc_gpio.h ****  * Set port pin output level to high or low.It configures hardware registers Pn_OMR.\a level is ini
 223:C:/Infineon/Tools/DAVE IDE/4.5.0.202105191637/eclipse/workspace/xmc4800-CE/Libraries/XMCLib/inc\xmc_gpio.h ****  * configured during initialization in XMC_GPIO_Init(). Call this API to alter output level as need
 224:C:/Infineon/Tools/DAVE IDE/4.5.0.202105191637/eclipse/workspace/xmc4800-CE/Libraries/XMCLib/inc\xmc_gpio.h ****  *
 225:C:/Infineon/Tools/DAVE IDE/4.5.0.202105191637/eclipse/workspace/xmc4800-CE/Libraries/XMCLib/inc\xmc_gpio.h ****  * \par<b>Related APIs:</b><BR>
 226:C:/Infineon/Tools/DAVE IDE/4.5.0.202105191637/eclipse/workspace/xmc4800-CE/Libraries/XMCLib/inc\xmc_gpio.h ****  *  XMC_GPIO_SetOutputHigh(), XMC_GPIO_SetOutputLow().
 227:C:/Infineon/Tools/DAVE IDE/4.5.0.202105191637/eclipse/workspace/xmc4800-CE/Libraries/XMCLib/inc\xmc_gpio.h ****  *
 228:C:/Infineon/Tools/DAVE IDE/4.5.0.202105191637/eclipse/workspace/xmc4800-CE/Libraries/XMCLib/inc\xmc_gpio.h ****  * \par<b>Note:</b><br>
 229:C:/Infineon/Tools/DAVE IDE/4.5.0.202105191637/eclipse/workspace/xmc4800-CE/Libraries/XMCLib/inc\xmc_gpio.h ****  * Prior to this api, user has to configure port pin to output mode using XMC_GPIO_SetMode().
 230:C:/Infineon/Tools/DAVE IDE/4.5.0.202105191637/eclipse/workspace/xmc4800-CE/Libraries/XMCLib/inc\xmc_gpio.h ****  *
 231:C:/Infineon/Tools/DAVE IDE/4.5.0.202105191637/eclipse/workspace/xmc4800-CE/Libraries/XMCLib/inc\xmc_gpio.h ****  */
 232:C:/Infineon/Tools/DAVE IDE/4.5.0.202105191637/eclipse/workspace/xmc4800-CE/Libraries/XMCLib/inc\xmc_gpio.h **** 
 233:C:/Infineon/Tools/DAVE IDE/4.5.0.202105191637/eclipse/workspace/xmc4800-CE/Libraries/XMCLib/inc\xmc_gpio.h **** 
 234:C:/Infineon/Tools/DAVE IDE/4.5.0.202105191637/eclipse/workspace/xmc4800-CE/Libraries/XMCLib/inc\xmc_gpio.h **** __STATIC_INLINE void XMC_GPIO_SetOutputLevel(XMC_GPIO_PORT_t *const port, const uint8_t pin, const 
 235:C:/Infineon/Tools/DAVE IDE/4.5.0.202105191637/eclipse/workspace/xmc4800-CE/Libraries/XMCLib/inc\xmc_gpio.h **** {
  27              	 .loc 1 235 0
  28              	 .cfi_startproc
  29              	 
  30              	 
  31              	 
  32 0000 80B4     	 push {r7}
  33              	 .cfi_def_cfa_offset 4
  34              	 .cfi_offset 7,-4
  35 0002 85B0     	 sub sp,sp,#20
  36              	 .cfi_def_cfa_offset 24
  37 0004 00AF     	 add r7,sp,#0
  38              	 .cfi_def_cfa_register 7
  39 0006 F860     	 str r0,[r7,#12]
  40 0008 0B46     	 mov r3,r1
  41 000a 7A60     	 str r2,[r7,#4]
  42 000c FB72     	 strb r3,[r7,#11]
 236:C:/Infineon/Tools/DAVE IDE/4.5.0.202105191637/eclipse/workspace/xmc4800-CE/Libraries/XMCLib/inc\xmc_gpio.h ****   XMC_ASSERT("XMC_GPIO_SetOutputLevel: Invalid port", XMC_GPIO_CHECK_OUTPUT_PORT(port));
 237:C:/Infineon/Tools/DAVE IDE/4.5.0.202105191637/eclipse/workspace/xmc4800-CE/Libraries/XMCLib/inc\xmc_gpio.h ****   XMC_ASSERT("XMC_GPIO_SetOutputLevel: Invalid output level", XMC_GPIO_CHECK_OUTPUT_LEVEL(level));
 238:C:/Infineon/Tools/DAVE IDE/4.5.0.202105191637/eclipse/workspace/xmc4800-CE/Libraries/XMCLib/inc\xmc_gpio.h **** 
 239:C:/Infineon/Tools/DAVE IDE/4.5.0.202105191637/eclipse/workspace/xmc4800-CE/Libraries/XMCLib/inc\xmc_gpio.h ****   port->OMR = (uint32_t)level << pin;
  43              	 .loc 1 239 0
  44 000e FB7A     	 ldrb r3,[r7,#11]
  45 0010 7A68     	 ldr r2,[r7,#4]
  46 0012 9A40     	 lsls r2,r2,r3
  47 0014 FB68     	 ldr r3,[r7,#12]
  48 0016 5A60     	 str r2,[r3,#4]
 240:C:/Infineon/Tools/DAVE IDE/4.5.0.202105191637/eclipse/workspace/xmc4800-CE/Libraries/XMCLib/inc\xmc_gpio.h **** }
  49              	 .loc 1 240 0
  50 0018 1437     	 adds r7,r7,#20
  51              	 .cfi_def_cfa_offset 4
  52 001a BD46     	 mov sp,r7
  53              	 .cfi_def_cfa_register 13
  54              	 
  55 001c 5DF8047B 	 ldr r7,[sp],#4
  56              	 .cfi_restore 7
  57              	 .cfi_def_cfa_offset 0
  58 0020 7047     	 bx lr
  59              	 .cfi_endproc
  60              	.LFE134:
  62 0022 00BF     	 .section .text.XMC_GPIO_ToggleOutput,"ax",%progbits
  63              	 .align 2
  64              	 .thumb
  65              	 .thumb_func
  67              	XMC_GPIO_ToggleOutput:
  68              	.LFB137:
 241:C:/Infineon/Tools/DAVE IDE/4.5.0.202105191637/eclipse/workspace/xmc4800-CE/Libraries/XMCLib/inc\xmc_gpio.h **** 
 242:C:/Infineon/Tools/DAVE IDE/4.5.0.202105191637/eclipse/workspace/xmc4800-CE/Libraries/XMCLib/inc\xmc_gpio.h **** 
 243:C:/Infineon/Tools/DAVE IDE/4.5.0.202105191637/eclipse/workspace/xmc4800-CE/Libraries/XMCLib/inc\xmc_gpio.h **** /**
 244:C:/Infineon/Tools/DAVE IDE/4.5.0.202105191637/eclipse/workspace/xmc4800-CE/Libraries/XMCLib/inc\xmc_gpio.h ****  * @param  port constant pointer pointing to GPIO port, to access hardware register Pn_OMR.
 245:C:/Infineon/Tools/DAVE IDE/4.5.0.202105191637/eclipse/workspace/xmc4800-CE/Libraries/XMCLib/inc\xmc_gpio.h ****  * @param  pin	Port pin number.
 246:C:/Infineon/Tools/DAVE IDE/4.5.0.202105191637/eclipse/workspace/xmc4800-CE/Libraries/XMCLib/inc\xmc_gpio.h ****  *
 247:C:/Infineon/Tools/DAVE IDE/4.5.0.202105191637/eclipse/workspace/xmc4800-CE/Libraries/XMCLib/inc\xmc_gpio.h ****  * @return None
 248:C:/Infineon/Tools/DAVE IDE/4.5.0.202105191637/eclipse/workspace/xmc4800-CE/Libraries/XMCLib/inc\xmc_gpio.h ****  *
 249:C:/Infineon/Tools/DAVE IDE/4.5.0.202105191637/eclipse/workspace/xmc4800-CE/Libraries/XMCLib/inc\xmc_gpio.h ****  * \par<b>Description:</b><br>
 250:C:/Infineon/Tools/DAVE IDE/4.5.0.202105191637/eclipse/workspace/xmc4800-CE/Libraries/XMCLib/inc\xmc_gpio.h ****  *  Sets port pin output to high. It configures hardware registers Pn_OMR.
 251:C:/Infineon/Tools/DAVE IDE/4.5.0.202105191637/eclipse/workspace/xmc4800-CE/Libraries/XMCLib/inc\xmc_gpio.h ****  *
 252:C:/Infineon/Tools/DAVE IDE/4.5.0.202105191637/eclipse/workspace/xmc4800-CE/Libraries/XMCLib/inc\xmc_gpio.h ****  *  \par<b>Related APIs:</b><BR>
 253:C:/Infineon/Tools/DAVE IDE/4.5.0.202105191637/eclipse/workspace/xmc4800-CE/Libraries/XMCLib/inc\xmc_gpio.h ****  *  XMC_GPIO_SetOutputLow()
 254:C:/Infineon/Tools/DAVE IDE/4.5.0.202105191637/eclipse/workspace/xmc4800-CE/Libraries/XMCLib/inc\xmc_gpio.h ****  *
 255:C:/Infineon/Tools/DAVE IDE/4.5.0.202105191637/eclipse/workspace/xmc4800-CE/Libraries/XMCLib/inc\xmc_gpio.h ****  * \par<b>Note:</b><br>
 256:C:/Infineon/Tools/DAVE IDE/4.5.0.202105191637/eclipse/workspace/xmc4800-CE/Libraries/XMCLib/inc\xmc_gpio.h ****  * Prior to this api, user has to configure port pin to output mode using XMC_GPIO_SetMode().\n
 257:C:/Infineon/Tools/DAVE IDE/4.5.0.202105191637/eclipse/workspace/xmc4800-CE/Libraries/XMCLib/inc\xmc_gpio.h ****  * Register Pn_OMR is virtual and does not contain any flip-flop. A read action delivers the value 
 258:C:/Infineon/Tools/DAVE IDE/4.5.0.202105191637/eclipse/workspace/xmc4800-CE/Libraries/XMCLib/inc\xmc_gpio.h ****  *
 259:C:/Infineon/Tools/DAVE IDE/4.5.0.202105191637/eclipse/workspace/xmc4800-CE/Libraries/XMCLib/inc\xmc_gpio.h ****  */
 260:C:/Infineon/Tools/DAVE IDE/4.5.0.202105191637/eclipse/workspace/xmc4800-CE/Libraries/XMCLib/inc\xmc_gpio.h **** 
 261:C:/Infineon/Tools/DAVE IDE/4.5.0.202105191637/eclipse/workspace/xmc4800-CE/Libraries/XMCLib/inc\xmc_gpio.h **** __STATIC_INLINE void XMC_GPIO_SetOutputHigh(XMC_GPIO_PORT_t *const port, const uint8_t pin)
 262:C:/Infineon/Tools/DAVE IDE/4.5.0.202105191637/eclipse/workspace/xmc4800-CE/Libraries/XMCLib/inc\xmc_gpio.h **** {
 263:C:/Infineon/Tools/DAVE IDE/4.5.0.202105191637/eclipse/workspace/xmc4800-CE/Libraries/XMCLib/inc\xmc_gpio.h ****   XMC_ASSERT("XMC_GPIO_SetOutputHigh: Invalid port", XMC_GPIO_CHECK_OUTPUT_PORT(port));
 264:C:/Infineon/Tools/DAVE IDE/4.5.0.202105191637/eclipse/workspace/xmc4800-CE/Libraries/XMCLib/inc\xmc_gpio.h **** 
 265:C:/Infineon/Tools/DAVE IDE/4.5.0.202105191637/eclipse/workspace/xmc4800-CE/Libraries/XMCLib/inc\xmc_gpio.h ****   port->OMR = (uint32_t)0x1U << pin;
 266:C:/Infineon/Tools/DAVE IDE/4.5.0.202105191637/eclipse/workspace/xmc4800-CE/Libraries/XMCLib/inc\xmc_gpio.h **** }
 267:C:/Infineon/Tools/DAVE IDE/4.5.0.202105191637/eclipse/workspace/xmc4800-CE/Libraries/XMCLib/inc\xmc_gpio.h **** 
 268:C:/Infineon/Tools/DAVE IDE/4.5.0.202105191637/eclipse/workspace/xmc4800-CE/Libraries/XMCLib/inc\xmc_gpio.h **** /**
 269:C:/Infineon/Tools/DAVE IDE/4.5.0.202105191637/eclipse/workspace/xmc4800-CE/Libraries/XMCLib/inc\xmc_gpio.h ****  *
 270:C:/Infineon/Tools/DAVE IDE/4.5.0.202105191637/eclipse/workspace/xmc4800-CE/Libraries/XMCLib/inc\xmc_gpio.h ****  * @param  port	constant pointer pointing to GPIO port, to access hardware register Pn_OMR.
 271:C:/Infineon/Tools/DAVE IDE/4.5.0.202105191637/eclipse/workspace/xmc4800-CE/Libraries/XMCLib/inc\xmc_gpio.h ****  * @param  pin	port pin number.
 272:C:/Infineon/Tools/DAVE IDE/4.5.0.202105191637/eclipse/workspace/xmc4800-CE/Libraries/XMCLib/inc\xmc_gpio.h ****  *
 273:C:/Infineon/Tools/DAVE IDE/4.5.0.202105191637/eclipse/workspace/xmc4800-CE/Libraries/XMCLib/inc\xmc_gpio.h ****  * @return  None
 274:C:/Infineon/Tools/DAVE IDE/4.5.0.202105191637/eclipse/workspace/xmc4800-CE/Libraries/XMCLib/inc\xmc_gpio.h ****  *
 275:C:/Infineon/Tools/DAVE IDE/4.5.0.202105191637/eclipse/workspace/xmc4800-CE/Libraries/XMCLib/inc\xmc_gpio.h ****  *\par<b>Description:</b><br>
 276:C:/Infineon/Tools/DAVE IDE/4.5.0.202105191637/eclipse/workspace/xmc4800-CE/Libraries/XMCLib/inc\xmc_gpio.h ****  * Sets port pin output to low. It configures hardware registers Pn_OMR.\n
 277:C:/Infineon/Tools/DAVE IDE/4.5.0.202105191637/eclipse/workspace/xmc4800-CE/Libraries/XMCLib/inc\xmc_gpio.h ****  *
 278:C:/Infineon/Tools/DAVE IDE/4.5.0.202105191637/eclipse/workspace/xmc4800-CE/Libraries/XMCLib/inc\xmc_gpio.h ****  * \par<b>Related APIs:</b><BR>>
 279:C:/Infineon/Tools/DAVE IDE/4.5.0.202105191637/eclipse/workspace/xmc4800-CE/Libraries/XMCLib/inc\xmc_gpio.h ****  * XMC_GPIO_SetOutputHigh()
 280:C:/Infineon/Tools/DAVE IDE/4.5.0.202105191637/eclipse/workspace/xmc4800-CE/Libraries/XMCLib/inc\xmc_gpio.h ****  *
 281:C:/Infineon/Tools/DAVE IDE/4.5.0.202105191637/eclipse/workspace/xmc4800-CE/Libraries/XMCLib/inc\xmc_gpio.h ****  *\par<b>Note:</b><br>
 282:C:/Infineon/Tools/DAVE IDE/4.5.0.202105191637/eclipse/workspace/xmc4800-CE/Libraries/XMCLib/inc\xmc_gpio.h ****  * Prior to this api, user has to configure port pin to output mode using XMC_GPIO_SetMode().
 283:C:/Infineon/Tools/DAVE IDE/4.5.0.202105191637/eclipse/workspace/xmc4800-CE/Libraries/XMCLib/inc\xmc_gpio.h ****  * Register Pn_OMR is virtual and does not contain any flip-flop. A read action delivers the value 
 284:C:/Infineon/Tools/DAVE IDE/4.5.0.202105191637/eclipse/workspace/xmc4800-CE/Libraries/XMCLib/inc\xmc_gpio.h ****  *
 285:C:/Infineon/Tools/DAVE IDE/4.5.0.202105191637/eclipse/workspace/xmc4800-CE/Libraries/XMCLib/inc\xmc_gpio.h ****  */
 286:C:/Infineon/Tools/DAVE IDE/4.5.0.202105191637/eclipse/workspace/xmc4800-CE/Libraries/XMCLib/inc\xmc_gpio.h **** 
 287:C:/Infineon/Tools/DAVE IDE/4.5.0.202105191637/eclipse/workspace/xmc4800-CE/Libraries/XMCLib/inc\xmc_gpio.h **** __STATIC_INLINE void XMC_GPIO_SetOutputLow(XMC_GPIO_PORT_t *const port, const uint8_t pin)
 288:C:/Infineon/Tools/DAVE IDE/4.5.0.202105191637/eclipse/workspace/xmc4800-CE/Libraries/XMCLib/inc\xmc_gpio.h **** {
 289:C:/Infineon/Tools/DAVE IDE/4.5.0.202105191637/eclipse/workspace/xmc4800-CE/Libraries/XMCLib/inc\xmc_gpio.h ****   XMC_ASSERT("XMC_GPIO_SetOutputLow: Invalid port", XMC_GPIO_CHECK_OUTPUT_PORT(port));
 290:C:/Infineon/Tools/DAVE IDE/4.5.0.202105191637/eclipse/workspace/xmc4800-CE/Libraries/XMCLib/inc\xmc_gpio.h **** 
 291:C:/Infineon/Tools/DAVE IDE/4.5.0.202105191637/eclipse/workspace/xmc4800-CE/Libraries/XMCLib/inc\xmc_gpio.h ****   port->OMR = 0x10000U << pin;
 292:C:/Infineon/Tools/DAVE IDE/4.5.0.202105191637/eclipse/workspace/xmc4800-CE/Libraries/XMCLib/inc\xmc_gpio.h **** }
 293:C:/Infineon/Tools/DAVE IDE/4.5.0.202105191637/eclipse/workspace/xmc4800-CE/Libraries/XMCLib/inc\xmc_gpio.h **** 
 294:C:/Infineon/Tools/DAVE IDE/4.5.0.202105191637/eclipse/workspace/xmc4800-CE/Libraries/XMCLib/inc\xmc_gpio.h **** /**
 295:C:/Infineon/Tools/DAVE IDE/4.5.0.202105191637/eclipse/workspace/xmc4800-CE/Libraries/XMCLib/inc\xmc_gpio.h ****  *
 296:C:/Infineon/Tools/DAVE IDE/4.5.0.202105191637/eclipse/workspace/xmc4800-CE/Libraries/XMCLib/inc\xmc_gpio.h ****  * @param port constant pointer pointing to GPIO port, to access hardware register Pn_OMR.
 297:C:/Infineon/Tools/DAVE IDE/4.5.0.202105191637/eclipse/workspace/xmc4800-CE/Libraries/XMCLib/inc\xmc_gpio.h ****  * @param pin  port pin number.
 298:C:/Infineon/Tools/DAVE IDE/4.5.0.202105191637/eclipse/workspace/xmc4800-CE/Libraries/XMCLib/inc\xmc_gpio.h ****  *
 299:C:/Infineon/Tools/DAVE IDE/4.5.0.202105191637/eclipse/workspace/xmc4800-CE/Libraries/XMCLib/inc\xmc_gpio.h ****  * @return None
 300:C:/Infineon/Tools/DAVE IDE/4.5.0.202105191637/eclipse/workspace/xmc4800-CE/Libraries/XMCLib/inc\xmc_gpio.h ****  *
 301:C:/Infineon/Tools/DAVE IDE/4.5.0.202105191637/eclipse/workspace/xmc4800-CE/Libraries/XMCLib/inc\xmc_gpio.h ****  * \par<b>Description:</b><br>
 302:C:/Infineon/Tools/DAVE IDE/4.5.0.202105191637/eclipse/workspace/xmc4800-CE/Libraries/XMCLib/inc\xmc_gpio.h ****  * Configures port pin output to Toggle. It configures hardware registers Pn_OMR.
 303:C:/Infineon/Tools/DAVE IDE/4.5.0.202105191637/eclipse/workspace/xmc4800-CE/Libraries/XMCLib/inc\xmc_gpio.h ****  *
 304:C:/Infineon/Tools/DAVE IDE/4.5.0.202105191637/eclipse/workspace/xmc4800-CE/Libraries/XMCLib/inc\xmc_gpio.h ****  * \par<b>Related APIs:</b><BR>
 305:C:/Infineon/Tools/DAVE IDE/4.5.0.202105191637/eclipse/workspace/xmc4800-CE/Libraries/XMCLib/inc\xmc_gpio.h ****  * XMC_GPIO_SetOutputHigh(), XMC_GPIO_SetOutputLow().
 306:C:/Infineon/Tools/DAVE IDE/4.5.0.202105191637/eclipse/workspace/xmc4800-CE/Libraries/XMCLib/inc\xmc_gpio.h ****  *
 307:C:/Infineon/Tools/DAVE IDE/4.5.0.202105191637/eclipse/workspace/xmc4800-CE/Libraries/XMCLib/inc\xmc_gpio.h ****  * \par<b>Note:</b><br>
 308:C:/Infineon/Tools/DAVE IDE/4.5.0.202105191637/eclipse/workspace/xmc4800-CE/Libraries/XMCLib/inc\xmc_gpio.h ****  * Prior to this api, user has to configure port pin to output mode using XMC_GPIO_SetMode(). Regis
 309:C:/Infineon/Tools/DAVE IDE/4.5.0.202105191637/eclipse/workspace/xmc4800-CE/Libraries/XMCLib/inc\xmc_gpio.h ****  * and does not contain any flip-flop. A read action delivers the value of 0.
 310:C:/Infineon/Tools/DAVE IDE/4.5.0.202105191637/eclipse/workspace/xmc4800-CE/Libraries/XMCLib/inc\xmc_gpio.h ****  *
 311:C:/Infineon/Tools/DAVE IDE/4.5.0.202105191637/eclipse/workspace/xmc4800-CE/Libraries/XMCLib/inc\xmc_gpio.h ****  */
 312:C:/Infineon/Tools/DAVE IDE/4.5.0.202105191637/eclipse/workspace/xmc4800-CE/Libraries/XMCLib/inc\xmc_gpio.h **** 
 313:C:/Infineon/Tools/DAVE IDE/4.5.0.202105191637/eclipse/workspace/xmc4800-CE/Libraries/XMCLib/inc\xmc_gpio.h **** __STATIC_INLINE void XMC_GPIO_ToggleOutput(XMC_GPIO_PORT_t *const port, const uint8_t pin)
 314:C:/Infineon/Tools/DAVE IDE/4.5.0.202105191637/eclipse/workspace/xmc4800-CE/Libraries/XMCLib/inc\xmc_gpio.h **** {
  69              	 .loc 1 314 0
  70              	 .cfi_startproc
  71              	 
  72              	 
  73              	 
  74 0000 80B4     	 push {r7}
  75              	 .cfi_def_cfa_offset 4
  76              	 .cfi_offset 7,-4
  77 0002 83B0     	 sub sp,sp,#12
  78              	 .cfi_def_cfa_offset 16
  79 0004 00AF     	 add r7,sp,#0
  80              	 .cfi_def_cfa_register 7
  81 0006 7860     	 str r0,[r7,#4]
  82 0008 0B46     	 mov r3,r1
  83 000a FB70     	 strb r3,[r7,#3]
 315:C:/Infineon/Tools/DAVE IDE/4.5.0.202105191637/eclipse/workspace/xmc4800-CE/Libraries/XMCLib/inc\xmc_gpio.h ****   XMC_ASSERT("XMC_GPIO_ToggleOutput: Invalid port", XMC_GPIO_CHECK_OUTPUT_PORT(port));
 316:C:/Infineon/Tools/DAVE IDE/4.5.0.202105191637/eclipse/workspace/xmc4800-CE/Libraries/XMCLib/inc\xmc_gpio.h **** 
 317:C:/Infineon/Tools/DAVE IDE/4.5.0.202105191637/eclipse/workspace/xmc4800-CE/Libraries/XMCLib/inc\xmc_gpio.h ****   port->OMR = 0x10001U << pin;
  84              	 .loc 1 317 0
  85 000c FB78     	 ldrb r3,[r7,#3]
  86 000e 4FF00112 	 mov r2,#65537
  87 0012 9A40     	 lsls r2,r2,r3
  88 0014 7B68     	 ldr r3,[r7,#4]
  89 0016 5A60     	 str r2,[r3,#4]
 318:C:/Infineon/Tools/DAVE IDE/4.5.0.202105191637/eclipse/workspace/xmc4800-CE/Libraries/XMCLib/inc\xmc_gpio.h **** }
  90              	 .loc 1 318 0
  91 0018 0C37     	 adds r7,r7,#12
  92              	 .cfi_def_cfa_offset 4
  93 001a BD46     	 mov sp,r7
  94              	 .cfi_def_cfa_register 13
  95              	 
  96 001c 5DF8047B 	 ldr r7,[sp],#4
  97              	 .cfi_restore 7
  98              	 .cfi_def_cfa_offset 0
  99 0020 7047     	 bx lr
 100              	 .cfi_endproc
 101              	.LFE137:
 103 0022 00BF     	 .section .text.XMC_GPIO_GetInput,"ax",%progbits
 104              	 .align 2
 105              	 .thumb
 106              	 .thumb_func
 108              	XMC_GPIO_GetInput:
 109              	.LFB138:
 319:C:/Infineon/Tools/DAVE IDE/4.5.0.202105191637/eclipse/workspace/xmc4800-CE/Libraries/XMCLib/inc\xmc_gpio.h **** 
 320:C:/Infineon/Tools/DAVE IDE/4.5.0.202105191637/eclipse/workspace/xmc4800-CE/Libraries/XMCLib/inc\xmc_gpio.h **** /**
 321:C:/Infineon/Tools/DAVE IDE/4.5.0.202105191637/eclipse/workspace/xmc4800-CE/Libraries/XMCLib/inc\xmc_gpio.h ****  *
 322:C:/Infineon/Tools/DAVE IDE/4.5.0.202105191637/eclipse/workspace/xmc4800-CE/Libraries/XMCLib/inc\xmc_gpio.h ****  * @param port constant pointer pointing to GPIO port, to access hardware register Pn_IN.
 323:C:/Infineon/Tools/DAVE IDE/4.5.0.202105191637/eclipse/workspace/xmc4800-CE/Libraries/XMCLib/inc\xmc_gpio.h ****  * @param pin  Port pin number.
 324:C:/Infineon/Tools/DAVE IDE/4.5.0.202105191637/eclipse/workspace/xmc4800-CE/Libraries/XMCLib/inc\xmc_gpio.h ****  *
 325:C:/Infineon/Tools/DAVE IDE/4.5.0.202105191637/eclipse/workspace/xmc4800-CE/Libraries/XMCLib/inc\xmc_gpio.h ****  * @return uint32_t pin logic level status.
 326:C:/Infineon/Tools/DAVE IDE/4.5.0.202105191637/eclipse/workspace/xmc4800-CE/Libraries/XMCLib/inc\xmc_gpio.h ****  *
 327:C:/Infineon/Tools/DAVE IDE/4.5.0.202105191637/eclipse/workspace/xmc4800-CE/Libraries/XMCLib/inc\xmc_gpio.h ****  *\par<b>Description:</b><br>
 328:C:/Infineon/Tools/DAVE IDE/4.5.0.202105191637/eclipse/workspace/xmc4800-CE/Libraries/XMCLib/inc\xmc_gpio.h ****  * Reads the Pn_IN register and returns the current logical value at the GPIO pin.
 329:C:/Infineon/Tools/DAVE IDE/4.5.0.202105191637/eclipse/workspace/xmc4800-CE/Libraries/XMCLib/inc\xmc_gpio.h ****  *
 330:C:/Infineon/Tools/DAVE IDE/4.5.0.202105191637/eclipse/workspace/xmc4800-CE/Libraries/XMCLib/inc\xmc_gpio.h ****  * \par<b>Related APIs:</b><BR>
 331:C:/Infineon/Tools/DAVE IDE/4.5.0.202105191637/eclipse/workspace/xmc4800-CE/Libraries/XMCLib/inc\xmc_gpio.h ****  * None
 332:C:/Infineon/Tools/DAVE IDE/4.5.0.202105191637/eclipse/workspace/xmc4800-CE/Libraries/XMCLib/inc\xmc_gpio.h ****  *
 333:C:/Infineon/Tools/DAVE IDE/4.5.0.202105191637/eclipse/workspace/xmc4800-CE/Libraries/XMCLib/inc\xmc_gpio.h ****  * \par<b>Note:</b><br>
 334:C:/Infineon/Tools/DAVE IDE/4.5.0.202105191637/eclipse/workspace/xmc4800-CE/Libraries/XMCLib/inc\xmc_gpio.h ****  * Prior to this api, user has to configure port pin to input mode using XMC_GPIO_SetMode().
 335:C:/Infineon/Tools/DAVE IDE/4.5.0.202105191637/eclipse/workspace/xmc4800-CE/Libraries/XMCLib/inc\xmc_gpio.h ****  *
 336:C:/Infineon/Tools/DAVE IDE/4.5.0.202105191637/eclipse/workspace/xmc4800-CE/Libraries/XMCLib/inc\xmc_gpio.h ****  */
 337:C:/Infineon/Tools/DAVE IDE/4.5.0.202105191637/eclipse/workspace/xmc4800-CE/Libraries/XMCLib/inc\xmc_gpio.h **** 
 338:C:/Infineon/Tools/DAVE IDE/4.5.0.202105191637/eclipse/workspace/xmc4800-CE/Libraries/XMCLib/inc\xmc_gpio.h **** __STATIC_INLINE uint32_t XMC_GPIO_GetInput(XMC_GPIO_PORT_t *const port, const uint8_t pin)
 339:C:/Infineon/Tools/DAVE IDE/4.5.0.202105191637/eclipse/workspace/xmc4800-CE/Libraries/XMCLib/inc\xmc_gpio.h **** {
 110              	 .loc 1 339 0
 111              	 .cfi_startproc
 112              	 
 113              	 
 114              	 
 115 0000 80B4     	 push {r7}
 116              	 .cfi_def_cfa_offset 4
 117              	 .cfi_offset 7,-4
 118 0002 83B0     	 sub sp,sp,#12
 119              	 .cfi_def_cfa_offset 16
 120 0004 00AF     	 add r7,sp,#0
 121              	 .cfi_def_cfa_register 7
 122 0006 7860     	 str r0,[r7,#4]
 123 0008 0B46     	 mov r3,r1
 124 000a FB70     	 strb r3,[r7,#3]
 340:C:/Infineon/Tools/DAVE IDE/4.5.0.202105191637/eclipse/workspace/xmc4800-CE/Libraries/XMCLib/inc\xmc_gpio.h ****   XMC_ASSERT("XMC_GPIO_GetInput: Invalid port", XMC_GPIO_CHECK_PORT(port));
 341:C:/Infineon/Tools/DAVE IDE/4.5.0.202105191637/eclipse/workspace/xmc4800-CE/Libraries/XMCLib/inc\xmc_gpio.h **** 
 342:C:/Infineon/Tools/DAVE IDE/4.5.0.202105191637/eclipse/workspace/xmc4800-CE/Libraries/XMCLib/inc\xmc_gpio.h ****   return (((port->IN) >> pin) & 0x1U);
 125              	 .loc 1 342 0
 126 000c 7B68     	 ldr r3,[r7,#4]
 127 000e 5A6A     	 ldr r2,[r3,#36]
 128 0010 FB78     	 ldrb r3,[r7,#3]
 129 0012 22FA03F3 	 lsr r3,r2,r3
 130 0016 03F00103 	 and r3,r3,#1
 343:C:/Infineon/Tools/DAVE IDE/4.5.0.202105191637/eclipse/workspace/xmc4800-CE/Libraries/XMCLib/inc\xmc_gpio.h **** }
 131              	 .loc 1 343 0
 132 001a 1846     	 mov r0,r3
 133 001c 0C37     	 adds r7,r7,#12
 134              	 .cfi_def_cfa_offset 4
 135 001e BD46     	 mov sp,r7
 136              	 .cfi_def_cfa_register 13
 137              	 
 138 0020 5DF8047B 	 ldr r7,[sp],#4
 139              	 .cfi_restore 7
 140              	 .cfi_def_cfa_offset 0
 141 0024 7047     	 bx lr
 142              	 .cfi_endproc
 143              	.LFE138:
 145 0026 00BF     	 .section .text.BUS_IO_GetAppVersion,"ax",%progbits
 146              	 .align 2
 147              	 .global BUS_IO_GetAppVersion
 148              	 .thumb
 149              	 .thumb_func
 151              	BUS_IO_GetAppVersion:
 152              	.LFB143:
 153              	 .file 2 "../Dave/Generated/BUS_IO/bus_io.c"
   1:../Dave/Generated/BUS_IO/bus_io.c **** /**
   2:../Dave/Generated/BUS_IO/bus_io.c ****  * @file bus_io.c
   3:../Dave/Generated/BUS_IO/bus_io.c ****  * @date 2016-04-06
   4:../Dave/Generated/BUS_IO/bus_io.c ****  *
   5:../Dave/Generated/BUS_IO/bus_io.c ****  * NOTE:
   6:../Dave/Generated/BUS_IO/bus_io.c ****  * This file is generated by DAVE. Any manual modification done to this file will be lost when the 
   7:../Dave/Generated/BUS_IO/bus_io.c ****  *
   8:../Dave/Generated/BUS_IO/bus_io.c ****  * @cond
   9:../Dave/Generated/BUS_IO/bus_io.c ****  **************************************************************************************************
  10:../Dave/Generated/BUS_IO/bus_io.c ****  * BUS_IO v4.0.4 - BUS_IO APP is used to configure/control several GPIO pins as one entity.
  11:../Dave/Generated/BUS_IO/bus_io.c ****  *
  12:../Dave/Generated/BUS_IO/bus_io.c ****  * Copyright (c) 2015-2020, Infineon Technologies AG
  13:../Dave/Generated/BUS_IO/bus_io.c ****  * All rights reserved.
  14:../Dave/Generated/BUS_IO/bus_io.c ****  *
  15:../Dave/Generated/BUS_IO/bus_io.c ****  * Redistribution and use in source and binary forms, with or without modification,are permitted pr
  16:../Dave/Generated/BUS_IO/bus_io.c ****  * following conditions are met:
  17:../Dave/Generated/BUS_IO/bus_io.c ****  *
  18:../Dave/Generated/BUS_IO/bus_io.c ****  *   Redistributions of source code must retain the above copyright notice, this list of conditions
  19:../Dave/Generated/BUS_IO/bus_io.c ****  *   disclaimer.
  20:../Dave/Generated/BUS_IO/bus_io.c ****  *
  21:../Dave/Generated/BUS_IO/bus_io.c ****  *   Redistributions in binary form must reproduce the above copyright notice, this list of conditi
  22:../Dave/Generated/BUS_IO/bus_io.c ****  *   following disclaimer in the documentation and/or other materials provided with the distributio
  23:../Dave/Generated/BUS_IO/bus_io.c ****  *
  24:../Dave/Generated/BUS_IO/bus_io.c ****  *   Neither the name of the copyright holders nor the names of its contributors may be used to end
  25:../Dave/Generated/BUS_IO/bus_io.c ****  *   products derived from this software without specific prior written permission.
  26:../Dave/Generated/BUS_IO/bus_io.c ****  *
  27:../Dave/Generated/BUS_IO/bus_io.c ****  * THIS SOFTWARE IS PROVIDED BY THE COPYRIGHT HOLDERS AND CONTRIBUTORS "AS IS" AND ANY EXPRESS OR I
  28:../Dave/Generated/BUS_IO/bus_io.c ****  * INCLUDING, BUT NOT LIMITED TO, THE IMPLIED WARRANTIES OF MERCHANTABILITY AND FITNESS FOR A PARTI
  29:../Dave/Generated/BUS_IO/bus_io.c ****  * DISCLAIMED. IN NO EVENT SHALL THE COPYRIGHT HOLDER OR CONTRIBUTORS BE LIABLE  FOR ANY DIRECT, IN
  30:../Dave/Generated/BUS_IO/bus_io.c ****  * SPECIAL, EXEMPLARY, OR CONSEQUENTIAL DAMAGES (INCLUDING, BUT NOT LIMITED TO, PROCUREMENT OF SUBS
  31:../Dave/Generated/BUS_IO/bus_io.c ****  * SERVICES; LOSS OF USE, DATA, OR PROFITS; OR BUSINESS INTERRUPTION) HOWEVER CAUSED AND ON ANY THE
  32:../Dave/Generated/BUS_IO/bus_io.c ****  * WHETHER IN CONTRACT, STRICT LIABILITY,OR TORT (INCLUDING NEGLIGENCE OR OTHERWISE) ARISING IN ANY
  33:../Dave/Generated/BUS_IO/bus_io.c ****  * USE OF THIS SOFTWARE, EVEN IF ADVISED OF THE POSSIBILITY OF SUCH DAMAGE.
  34:../Dave/Generated/BUS_IO/bus_io.c ****  *
  35:../Dave/Generated/BUS_IO/bus_io.c ****  * To improve the quality of the software, users are encouraged to share modifications, enhancement
  36:../Dave/Generated/BUS_IO/bus_io.c ****  * with Infineon Technologies AG (dave@infineon.com).
  37:../Dave/Generated/BUS_IO/bus_io.c ****  **************************************************************************************************
  38:../Dave/Generated/BUS_IO/bus_io.c ****  *
  39:../Dave/Generated/BUS_IO/bus_io.c ****  * Change History
  40:../Dave/Generated/BUS_IO/bus_io.c ****  * --------------
  41:../Dave/Generated/BUS_IO/bus_io.c ****  *
  42:../Dave/Generated/BUS_IO/bus_io.c ****  * 2016-04-01
  43:../Dave/Generated/BUS_IO/bus_io.c ****  *     - Initial version.<br>
  44:../Dave/Generated/BUS_IO/bus_io.c ****  * 2016-04-06
  45:../Dave/Generated/BUS_IO/bus_io.c ****  *     - BUS_IO_Write() API performance improved.<br>
  46:../Dave/Generated/BUS_IO/bus_io.c ****  *
  47:../Dave/Generated/BUS_IO/bus_io.c ****  * @endcond
  48:../Dave/Generated/BUS_IO/bus_io.c ****  *
  49:../Dave/Generated/BUS_IO/bus_io.c ****  */
  50:../Dave/Generated/BUS_IO/bus_io.c **** 
  51:../Dave/Generated/BUS_IO/bus_io.c **** /**************************************************************************************************
  52:../Dave/Generated/BUS_IO/bus_io.c ****  * HEADER FILES
  53:../Dave/Generated/BUS_IO/bus_io.c ****  **************************************************************************************************
  54:../Dave/Generated/BUS_IO/bus_io.c **** #include "bus_io.h"
  55:../Dave/Generated/BUS_IO/bus_io.c **** 
  56:../Dave/Generated/BUS_IO/bus_io.c **** /**************************************************************************************************
  57:../Dave/Generated/BUS_IO/bus_io.c ****  * MACROS
  58:../Dave/Generated/BUS_IO/bus_io.c ****  **************************************************************************************************
  59:../Dave/Generated/BUS_IO/bus_io.c **** 
  60:../Dave/Generated/BUS_IO/bus_io.c **** /**************************************************************************************************
  61:../Dave/Generated/BUS_IO/bus_io.c ****  * LOCAL DATA
  62:../Dave/Generated/BUS_IO/bus_io.c ****  **************************************************************************************************
  63:../Dave/Generated/BUS_IO/bus_io.c **** 
  64:../Dave/Generated/BUS_IO/bus_io.c **** /**************************************************************************************************
  65:../Dave/Generated/BUS_IO/bus_io.c ****  * LOCAL ROUTINES
  66:../Dave/Generated/BUS_IO/bus_io.c ****  **************************************************************************************************
  67:../Dave/Generated/BUS_IO/bus_io.c **** 
  68:../Dave/Generated/BUS_IO/bus_io.c ****  /*************************************************************************************************
  69:../Dave/Generated/BUS_IO/bus_io.c ****  * API IMPLEMENTATION
  70:../Dave/Generated/BUS_IO/bus_io.c ****  **************************************************************************************************
  71:../Dave/Generated/BUS_IO/bus_io.c **** 
  72:../Dave/Generated/BUS_IO/bus_io.c **** /**
  73:../Dave/Generated/BUS_IO/bus_io.c **** * @brief Get BUS_IO APP version
  74:../Dave/Generated/BUS_IO/bus_io.c **** * @return DAVE_APP_VERSION_t APP version information (major, minor and patch number)
  75:../Dave/Generated/BUS_IO/bus_io.c **** */
  76:../Dave/Generated/BUS_IO/bus_io.c **** 
  77:../Dave/Generated/BUS_IO/bus_io.c **** DAVE_APP_VERSION_t BUS_IO_GetAppVersion(void)
  78:../Dave/Generated/BUS_IO/bus_io.c **** {
 154              	 .loc 2 78 0
 155              	 .cfi_startproc
 156              	 
 157              	 
 158              	 
 159 0000 80B4     	 push {r7}
 160              	 .cfi_def_cfa_offset 4
 161              	 .cfi_offset 7,-4
 162 0002 83B0     	 sub sp,sp,#12
 163              	 .cfi_def_cfa_offset 16
 164 0004 00AF     	 add r7,sp,#0
 165              	 .cfi_def_cfa_register 7
  79:../Dave/Generated/BUS_IO/bus_io.c ****   DAVE_APP_VERSION_t version;
  80:../Dave/Generated/BUS_IO/bus_io.c **** 
  81:../Dave/Generated/BUS_IO/bus_io.c ****   version.major = (uint8_t)BUS_IO_MAJOR_VERSION;
 166              	 .loc 2 81 0
 167 0006 0423     	 movs r3,#4
 168 0008 3B70     	 strb r3,[r7]
  82:../Dave/Generated/BUS_IO/bus_io.c ****   version.minor = (uint8_t)BUS_IO_MINOR_VERSION;
 169              	 .loc 2 82 0
 170 000a 0023     	 movs r3,#0
 171 000c 7B70     	 strb r3,[r7,#1]
  83:../Dave/Generated/BUS_IO/bus_io.c ****   version.patch = (uint8_t)BUS_IO_PATCH_VERSION;
 172              	 .loc 2 83 0
 173 000e 0423     	 movs r3,#4
 174 0010 BB70     	 strb r3,[r7,#2]
  84:../Dave/Generated/BUS_IO/bus_io.c **** 
  85:../Dave/Generated/BUS_IO/bus_io.c ****   return (version);
 175              	 .loc 2 85 0
 176 0012 3B1D     	 adds r3,r7,#4
 177 0014 3A46     	 mov r2,r7
 178 0016 1268     	 ldr r2,[r2]
 179 0018 1146     	 mov r1,r2
 180 001a 1980     	 strh r1,[r3]
 181 001c 0233     	 adds r3,r3,#2
 182 001e 120C     	 lsrs r2,r2,#16
 183 0020 1A70     	 strb r2,[r3]
 184 0022 0023     	 movs r3,#0
 185 0024 3A79     	 ldrb r2,[r7,#4]
 186 0026 62F30703 	 bfi r3,r2,#0,#8
 187 002a 7A79     	 ldrb r2,[r7,#5]
 188 002c 62F30F23 	 bfi r3,r2,#8,#8
 189 0030 BA79     	 ldrb r2,[r7,#6]
 190 0032 62F31743 	 bfi r3,r2,#16,#8
  86:../Dave/Generated/BUS_IO/bus_io.c **** }
 191              	 .loc 2 86 0
 192 0036 1846     	 mov r0,r3
 193 0038 0C37     	 adds r7,r7,#12
 194              	 .cfi_def_cfa_offset 4
 195 003a BD46     	 mov sp,r7
 196              	 .cfi_def_cfa_register 13
 197              	 
 198 003c 5DF8047B 	 ldr r7,[sp],#4
 199              	 .cfi_restore 7
 200              	 .cfi_def_cfa_offset 0
 201 0040 7047     	 bx lr
 202              	 .cfi_endproc
 203              	.LFE143:
 205 0042 00BF     	 .section .text.BUS_IO_Init,"ax",%progbits
 206              	 .align 2
 207              	 .global BUS_IO_Init
 208              	 .thumb
 209              	 .thumb_func
 211              	BUS_IO_Init:
 212              	.LFB144:
  87:../Dave/Generated/BUS_IO/bus_io.c **** 
  88:../Dave/Generated/BUS_IO/bus_io.c **** /**
  89:../Dave/Generated/BUS_IO/bus_io.c **** * @brief Function to initialize the port pin as per UI settings.
  90:../Dave/Generated/BUS_IO/bus_io.c **** * @param handle_ptr Pointer pointing to APP data structure.
  91:../Dave/Generated/BUS_IO/bus_io.c **** * @return BUS_IO_STATUS_t BUS_IO APP status.
  92:../Dave/Generated/BUS_IO/bus_io.c **** */
  93:../Dave/Generated/BUS_IO/bus_io.c **** 
  94:../Dave/Generated/BUS_IO/bus_io.c **** BUS_IO_STATUS_t BUS_IO_Init(BUS_IO_t *const handle_ptr)
  95:../Dave/Generated/BUS_IO/bus_io.c **** {
 213              	 .loc 2 95 0
 214              	 .cfi_startproc
 215              	 
 216              	 
 217 0000 80B5     	 push {r7,lr}
 218              	 .cfi_def_cfa_offset 8
 219              	 .cfi_offset 7,-8
 220              	 .cfi_offset 14,-4
 221 0002 84B0     	 sub sp,sp,#16
 222              	 .cfi_def_cfa_offset 24
 223 0004 00AF     	 add r7,sp,#0
 224              	 .cfi_def_cfa_register 7
 225 0006 7860     	 str r0,[r7,#4]
  96:../Dave/Generated/BUS_IO/bus_io.c ****   uint8_t i;
  97:../Dave/Generated/BUS_IO/bus_io.c **** 
  98:../Dave/Generated/BUS_IO/bus_io.c ****   XMC_ASSERT("BUS_IO_Init: handle_ptr null pointer", handle_ptr != NULL);
  99:../Dave/Generated/BUS_IO/bus_io.c **** 
 100:../Dave/Generated/BUS_IO/bus_io.c ****   if ((bool)false == handle_ptr->initialized)
 226              	 .loc 2 100 0
 227 0008 7B68     	 ldr r3,[r7,#4]
 228 000a 5B7C     	 ldrb r3,[r3,#17]
 229 000c 83F00103 	 eor r3,r3,#1
 230 0010 DBB2     	 uxtb r3,r3
 231 0012 002B     	 cmp r3,#0
 232 0014 20D0     	 beq .L8
 101:../Dave/Generated/BUS_IO/bus_io.c ****   {
 102:../Dave/Generated/BUS_IO/bus_io.c ****     /* Iterate the list of pins initializing the pin according to the gpio_config */
 103:../Dave/Generated/BUS_IO/bus_io.c ****     for (i = 0U; i < handle_ptr->number_of_pins; i++)
 233              	 .loc 2 103 0
 234 0016 0023     	 movs r3,#0
 235 0018 FB73     	 strb r3,[r7,#15]
 236 001a 15E0     	 b .L9
 237              	.L10:
 104:../Dave/Generated/BUS_IO/bus_io.c ****     {
 105:../Dave/Generated/BUS_IO/bus_io.c ****       /* Initializes input / output characteristics */
 106:../Dave/Generated/BUS_IO/bus_io.c ****       XMC_GPIO_Init(handle_ptr->pin_array[i].gpio_port, handle_ptr->pin_array[i].gpio_pin, &handle_
 238              	 .loc 2 106 0 discriminator 3
 239 001c 7B68     	 ldr r3,[r7,#4]
 240 001e 1A68     	 ldr r2,[r3]
 241 0020 FB7B     	 ldrb r3,[r7,#15]
 242 0022 DB00     	 lsls r3,r3,#3
 243 0024 1344     	 add r3,r3,r2
 244 0026 1968     	 ldr r1,[r3]
 245 0028 7B68     	 ldr r3,[r7,#4]
 246 002a 1A68     	 ldr r2,[r3]
 247 002c FB7B     	 ldrb r3,[r7,#15]
 248 002e DB00     	 lsls r3,r3,#3
 249 0030 1344     	 add r3,r3,r2
 250 0032 1A79     	 ldrb r2,[r3,#4]
 251 0034 7B68     	 ldr r3,[r7,#4]
 252 0036 0433     	 adds r3,r3,#4
 253 0038 0846     	 mov r0,r1
 254 003a 1146     	 mov r1,r2
 255 003c 1A46     	 mov r2,r3
 256 003e FFF7FEFF 	 bl XMC_GPIO_Init
 103:../Dave/Generated/BUS_IO/bus_io.c ****     {
 257              	 .loc 2 103 0 discriminator 3
 258 0042 FB7B     	 ldrb r3,[r7,#15]
 259 0044 0133     	 adds r3,r3,#1
 260 0046 FB73     	 strb r3,[r7,#15]
 261              	.L9:
 103:../Dave/Generated/BUS_IO/bus_io.c ****     {
 262              	 .loc 2 103 0 is_stmt 0 discriminator 1
 263 0048 7B68     	 ldr r3,[r7,#4]
 264 004a 1B7C     	 ldrb r3,[r3,#16]
 265 004c FA7B     	 ldrb r2,[r7,#15]
 266 004e 9A42     	 cmp r2,r3
 267 0050 E4D3     	 bcc .L10
 107:../Dave/Generated/BUS_IO/bus_io.c ****     }
 108:../Dave/Generated/BUS_IO/bus_io.c ****     handle_ptr->initialized = (bool)true;
 268              	 .loc 2 108 0 is_stmt 1
 269 0052 7B68     	 ldr r3,[r7,#4]
 270 0054 0122     	 movs r2,#1
 271 0056 5A74     	 strb r2,[r3,#17]
 272              	.L8:
 109:../Dave/Generated/BUS_IO/bus_io.c ****   }
 110:../Dave/Generated/BUS_IO/bus_io.c ****   return (BUS_IO_STATUS_OK);
 273              	 .loc 2 110 0
 274 0058 0023     	 movs r3,#0
 111:../Dave/Generated/BUS_IO/bus_io.c **** }
 275              	 .loc 2 111 0
 276 005a 1846     	 mov r0,r3
 277 005c 1037     	 adds r7,r7,#16
 278              	 .cfi_def_cfa_offset 8
 279 005e BD46     	 mov sp,r7
 280              	 .cfi_def_cfa_register 13
 281              	 
 282 0060 80BD     	 pop {r7,pc}
 283              	 .cfi_endproc
 284              	.LFE144:
 286 0062 00BF     	 .section .text.BUS_IO_SetMode,"ax",%progbits
 287              	 .align 2
 288              	 .global BUS_IO_SetMode
 289              	 .thumb
 290              	 .thumb_func
 292              	BUS_IO_SetMode:
 293              	.LFB145:
 112:../Dave/Generated/BUS_IO/bus_io.c **** 
 113:../Dave/Generated/BUS_IO/bus_io.c **** /* Function to set the mode of the bus */
 114:../Dave/Generated/BUS_IO/bus_io.c **** void BUS_IO_SetMode(BUS_IO_t *const handle_ptr, const BUS_IO_MODE_t mode)
 115:../Dave/Generated/BUS_IO/bus_io.c **** {
 294              	 .loc 2 115 0
 295              	 .cfi_startproc
 296              	 
 297              	 
 298 0000 80B5     	 push {r7,lr}
 299              	 .cfi_def_cfa_offset 8
 300              	 .cfi_offset 7,-8
 301              	 .cfi_offset 14,-4
 302 0002 84B0     	 sub sp,sp,#16
 303              	 .cfi_def_cfa_offset 24
 304 0004 00AF     	 add r7,sp,#0
 305              	 .cfi_def_cfa_register 7
 306 0006 7860     	 str r0,[r7,#4]
 307 0008 0B46     	 mov r3,r1
 308 000a FB70     	 strb r3,[r7,#3]
 116:../Dave/Generated/BUS_IO/bus_io.c ****   uint8_t i;
 117:../Dave/Generated/BUS_IO/bus_io.c **** 
 118:../Dave/Generated/BUS_IO/bus_io.c ****   XMC_ASSERT("BUS_IO_SetMode: handle_ptr null pointer", handle_ptr != NULL);
 119:../Dave/Generated/BUS_IO/bus_io.c **** 
 120:../Dave/Generated/BUS_IO/bus_io.c ****   /* Iterate the list of pins setting the pin according to the selected mode */
 121:../Dave/Generated/BUS_IO/bus_io.c ****   for (i = 0U; i < handle_ptr->number_of_pins; i++)
 309              	 .loc 2 121 0
 310 000c 0023     	 movs r3,#0
 311 000e FB73     	 strb r3,[r7,#15]
 312 0010 14E0     	 b .L13
 313              	.L14:
 122:../Dave/Generated/BUS_IO/bus_io.c ****   {
 123:../Dave/Generated/BUS_IO/bus_io.c ****     /* Setting of a mode of a bus */
 124:../Dave/Generated/BUS_IO/bus_io.c ****     XMC_GPIO_SetMode(handle_ptr->pin_array[i].gpio_port, handle_ptr->pin_array[i].gpio_pin, mode);
 314              	 .loc 2 124 0 discriminator 3
 315 0012 7B68     	 ldr r3,[r7,#4]
 316 0014 1A68     	 ldr r2,[r3]
 317 0016 FB7B     	 ldrb r3,[r7,#15]
 318 0018 DB00     	 lsls r3,r3,#3
 319 001a 1344     	 add r3,r3,r2
 320 001c 1968     	 ldr r1,[r3]
 321 001e 7B68     	 ldr r3,[r7,#4]
 322 0020 1A68     	 ldr r2,[r3]
 323 0022 FB7B     	 ldrb r3,[r7,#15]
 324 0024 DB00     	 lsls r3,r3,#3
 325 0026 1344     	 add r3,r3,r2
 326 0028 1A79     	 ldrb r2,[r3,#4]
 327 002a FB78     	 ldrb r3,[r7,#3]
 328 002c 0846     	 mov r0,r1
 329 002e 1146     	 mov r1,r2
 330 0030 1A46     	 mov r2,r3
 331 0032 FFF7FEFF 	 bl XMC_GPIO_SetMode
 121:../Dave/Generated/BUS_IO/bus_io.c ****   {
 332              	 .loc 2 121 0 discriminator 3
 333 0036 FB7B     	 ldrb r3,[r7,#15]
 334 0038 0133     	 adds r3,r3,#1
 335 003a FB73     	 strb r3,[r7,#15]
 336              	.L13:
 121:../Dave/Generated/BUS_IO/bus_io.c ****   {
 337              	 .loc 2 121 0 is_stmt 0 discriminator 1
 338 003c 7B68     	 ldr r3,[r7,#4]
 339 003e 1B7C     	 ldrb r3,[r3,#16]
 340 0040 FA7B     	 ldrb r2,[r7,#15]
 341 0042 9A42     	 cmp r2,r3
 342 0044 E5D3     	 bcc .L14
 125:../Dave/Generated/BUS_IO/bus_io.c ****   }
 126:../Dave/Generated/BUS_IO/bus_io.c **** }
 343              	 .loc 2 126 0 is_stmt 1
 344 0046 1037     	 adds r7,r7,#16
 345              	 .cfi_def_cfa_offset 8
 346 0048 BD46     	 mov sp,r7
 347              	 .cfi_def_cfa_register 13
 348              	 
 349 004a 80BD     	 pop {r7,pc}
 350              	 .cfi_endproc
 351              	.LFE145:
 353              	 .section .text.BUS_IO_Read,"ax",%progbits
 354              	 .align 2
 355              	 .global BUS_IO_Read
 356              	 .thumb
 357              	 .thumb_func
 359              	BUS_IO_Read:
 360              	.LFB146:
 127:../Dave/Generated/BUS_IO/bus_io.c **** 
 128:../Dave/Generated/BUS_IO/bus_io.c **** /* Function to read the bus pins state */
 129:../Dave/Generated/BUS_IO/bus_io.c **** uint16_t BUS_IO_Read(BUS_IO_t *const handle_ptr)
 130:../Dave/Generated/BUS_IO/bus_io.c **** {
 361              	 .loc 2 130 0
 362              	 .cfi_startproc
 363              	 
 364              	 
 365 0000 80B5     	 push {r7,lr}
 366              	 .cfi_def_cfa_offset 8
 367              	 .cfi_offset 7,-8
 368              	 .cfi_offset 14,-4
 369 0002 84B0     	 sub sp,sp,#16
 370              	 .cfi_def_cfa_offset 24
 371 0004 00AF     	 add r7,sp,#0
 372              	 .cfi_def_cfa_register 7
 373 0006 7860     	 str r0,[r7,#4]
 131:../Dave/Generated/BUS_IO/bus_io.c ****   uint8_t i;
 132:../Dave/Generated/BUS_IO/bus_io.c ****   uint16_t count = 0U;
 374              	 .loc 2 132 0
 375 0008 0023     	 movs r3,#0
 376 000a BB81     	 strh r3,[r7,#12]
 133:../Dave/Generated/BUS_IO/bus_io.c **** 
 134:../Dave/Generated/BUS_IO/bus_io.c ****   XMC_ASSERT("BUS_IO_Read: handle_ptr null pointer", handle_ptr != NULL);
 135:../Dave/Generated/BUS_IO/bus_io.c **** 
 136:../Dave/Generated/BUS_IO/bus_io.c ****   /* Iterate the list of pins reading the pin state and packing the result according the pin positi
 137:../Dave/Generated/BUS_IO/bus_io.c ****   for (i = 0U; i < handle_ptr->number_of_pins; i++)
 377              	 .loc 2 137 0
 378 000c 0023     	 movs r3,#0
 379 000e FB73     	 strb r3,[r7,#15]
 380 0010 1AE0     	 b .L16
 381              	.L17:
 138:../Dave/Generated/BUS_IO/bus_io.c ****   {
 139:../Dave/Generated/BUS_IO/bus_io.c ****     /* Reading a bus pin's state */
 140:../Dave/Generated/BUS_IO/bus_io.c ****     count |= (uint16_t)(XMC_GPIO_GetInput(handle_ptr->pin_array[i].gpio_port, handle_ptr->pin_array
 382              	 .loc 2 140 0 discriminator 3
 383 0012 7B68     	 ldr r3,[r7,#4]
 384 0014 1A68     	 ldr r2,[r3]
 385 0016 FB7B     	 ldrb r3,[r7,#15]
 386 0018 DB00     	 lsls r3,r3,#3
 387 001a 1344     	 add r3,r3,r2
 388 001c 1968     	 ldr r1,[r3]
 389 001e 7B68     	 ldr r3,[r7,#4]
 390 0020 1A68     	 ldr r2,[r3]
 391 0022 FB7B     	 ldrb r3,[r7,#15]
 392 0024 DB00     	 lsls r3,r3,#3
 393 0026 1344     	 add r3,r3,r2
 394 0028 1B79     	 ldrb r3,[r3,#4]
 395 002a 0846     	 mov r0,r1
 396 002c 1946     	 mov r1,r3
 397 002e FFF7FEFF 	 bl XMC_GPIO_GetInput
 398 0032 0246     	 mov r2,r0
 399 0034 FB7B     	 ldrb r3,[r7,#15]
 400 0036 02FA03F3 	 lsl r3,r2,r3
 401 003a 9AB2     	 uxth r2,r3
 402 003c BB89     	 ldrh r3,[r7,#12]
 403 003e 1343     	 orrs r3,r3,r2
 404 0040 BB81     	 strh r3,[r7,#12]
 137:../Dave/Generated/BUS_IO/bus_io.c ****   {
 405              	 .loc 2 137 0 discriminator 3
 406 0042 FB7B     	 ldrb r3,[r7,#15]
 407 0044 0133     	 adds r3,r3,#1
 408 0046 FB73     	 strb r3,[r7,#15]
 409              	.L16:
 137:../Dave/Generated/BUS_IO/bus_io.c ****   {
 410              	 .loc 2 137 0 is_stmt 0 discriminator 1
 411 0048 7B68     	 ldr r3,[r7,#4]
 412 004a 1B7C     	 ldrb r3,[r3,#16]
 413 004c FA7B     	 ldrb r2,[r7,#15]
 414 004e 9A42     	 cmp r2,r3
 415 0050 DFD3     	 bcc .L17
 141:../Dave/Generated/BUS_IO/bus_io.c ****   }
 142:../Dave/Generated/BUS_IO/bus_io.c ****   return(count);
 416              	 .loc 2 142 0 is_stmt 1
 417 0052 BB89     	 ldrh r3,[r7,#12]
 143:../Dave/Generated/BUS_IO/bus_io.c **** }
 418              	 .loc 2 143 0
 419 0054 1846     	 mov r0,r3
 420 0056 1037     	 adds r7,r7,#16
 421              	 .cfi_def_cfa_offset 8
 422 0058 BD46     	 mov sp,r7
 423              	 .cfi_def_cfa_register 13
 424              	 
 425 005a 80BD     	 pop {r7,pc}
 426              	 .cfi_endproc
 427              	.LFE146:
 429              	 .section .text.BUS_IO_Write,"ax",%progbits
 430              	 .align 2
 431              	 .global BUS_IO_Write
 432              	 .thumb
 433              	 .thumb_func
 435              	BUS_IO_Write:
 436              	.LFB147:
 144:../Dave/Generated/BUS_IO/bus_io.c **** 
 145:../Dave/Generated/BUS_IO/bus_io.c **** /* Function to set the pins bus state */
 146:../Dave/Generated/BUS_IO/bus_io.c **** void BUS_IO_Write(BUS_IO_t *const handle_ptr, const uint16_t data)
 147:../Dave/Generated/BUS_IO/bus_io.c **** {
 437              	 .loc 2 147 0
 438              	 .cfi_startproc
 439              	 
 440              	 
 441 0000 80B5     	 push {r7,lr}
 442              	 .cfi_def_cfa_offset 8
 443              	 .cfi_offset 7,-8
 444              	 .cfi_offset 14,-4
 445 0002 84B0     	 sub sp,sp,#16
 446              	 .cfi_def_cfa_offset 24
 447 0004 00AF     	 add r7,sp,#0
 448              	 .cfi_def_cfa_register 7
 449 0006 7860     	 str r0,[r7,#4]
 450 0008 0B46     	 mov r3,r1
 451 000a 7B80     	 strh r3,[r7,#2]
 148:../Dave/Generated/BUS_IO/bus_io.c ****   uint8_t i;
 149:../Dave/Generated/BUS_IO/bus_io.c ****   const BUS_IO_PORT_PIN_t *bus_io_port_pin;
 150:../Dave/Generated/BUS_IO/bus_io.c **** 
 151:../Dave/Generated/BUS_IO/bus_io.c ****   XMC_ASSERT("BUS_IO_Write: handle_ptr null pointer", handle_ptr != NULL);
 152:../Dave/Generated/BUS_IO/bus_io.c **** 
 153:../Dave/Generated/BUS_IO/bus_io.c ****   bus_io_port_pin = handle_ptr->pin_array;
 452              	 .loc 2 153 0
 453 000c 7B68     	 ldr r3,[r7,#4]
 454 000e 1B68     	 ldr r3,[r3]
 455 0010 BB60     	 str r3,[r7,#8]
 154:../Dave/Generated/BUS_IO/bus_io.c ****   /* Iterate the list of pins setting the pin state according the pin position in the list, , from 
 155:../Dave/Generated/BUS_IO/bus_io.c ****   for (i = 0U; i < handle_ptr->number_of_pins; i++)
 456              	 .loc 2 155 0
 457 0012 0023     	 movs r3,#0
 458 0014 FB73     	 strb r3,[r7,#15]
 459 0016 23E0     	 b .L20
 460              	.L23:
 156:../Dave/Generated/BUS_IO/bus_io.c ****   {
 157:../Dave/Generated/BUS_IO/bus_io.c ****     if (data & (uint16_t)((uint16_t)1 << i))
 461              	 .loc 2 157 0
 462 0018 FB7B     	 ldrb r3,[r7,#15]
 463 001a 0122     	 movs r2,#1
 464 001c 02FA03F3 	 lsl r3,r2,r3
 465 0020 9AB2     	 uxth r2,r3
 466 0022 7B88     	 ldrh r3,[r7,#2]
 467 0024 1340     	 ands r3,r3,r2
 468 0026 9BB2     	 uxth r3,r3
 469 0028 002B     	 cmp r3,#0
 470 002a 09D0     	 beq .L21
 158:../Dave/Generated/BUS_IO/bus_io.c ****     {
 159:../Dave/Generated/BUS_IO/bus_io.c ****       XMC_GPIO_SetOutputLevel(bus_io_port_pin->gpio_port, bus_io_port_pin->gpio_pin, XMC_GPIO_OUTPU
 471              	 .loc 2 159 0
 472 002c BB68     	 ldr r3,[r7,#8]
 473 002e 1A68     	 ldr r2,[r3]
 474 0030 BB68     	 ldr r3,[r7,#8]
 475 0032 1B79     	 ldrb r3,[r3,#4]
 476 0034 1046     	 mov r0,r2
 477 0036 1946     	 mov r1,r3
 478 0038 0122     	 movs r2,#1
 479 003a FFF7FEFF 	 bl XMC_GPIO_SetOutputLevel
 480 003e 09E0     	 b .L22
 481              	.L21:
 160:../Dave/Generated/BUS_IO/bus_io.c ****     }
 161:../Dave/Generated/BUS_IO/bus_io.c ****     else
 162:../Dave/Generated/BUS_IO/bus_io.c ****     {
 163:../Dave/Generated/BUS_IO/bus_io.c ****       XMC_GPIO_SetOutputLevel(bus_io_port_pin->gpio_port, bus_io_port_pin->gpio_pin, XMC_GPIO_OUTPU
 482              	 .loc 2 163 0
 483 0040 BB68     	 ldr r3,[r7,#8]
 484 0042 1A68     	 ldr r2,[r3]
 485 0044 BB68     	 ldr r3,[r7,#8]
 486 0046 1B79     	 ldrb r3,[r3,#4]
 487 0048 1046     	 mov r0,r2
 488 004a 1946     	 mov r1,r3
 489 004c 4FF48032 	 mov r2,#65536
 490 0050 FFF7FEFF 	 bl XMC_GPIO_SetOutputLevel
 491              	.L22:
 164:../Dave/Generated/BUS_IO/bus_io.c ****     }
 165:../Dave/Generated/BUS_IO/bus_io.c ****    bus_io_port_pin++;
 492              	 .loc 2 165 0 discriminator 2
 493 0054 BB68     	 ldr r3,[r7,#8]
 494 0056 0833     	 adds r3,r3,#8
 495 0058 BB60     	 str r3,[r7,#8]
 155:../Dave/Generated/BUS_IO/bus_io.c ****   {
 496              	 .loc 2 155 0 discriminator 2
 497 005a FB7B     	 ldrb r3,[r7,#15]
 498 005c 0133     	 adds r3,r3,#1
 499 005e FB73     	 strb r3,[r7,#15]
 500              	.L20:
 155:../Dave/Generated/BUS_IO/bus_io.c ****   {
 501              	 .loc 2 155 0 is_stmt 0 discriminator 1
 502 0060 7B68     	 ldr r3,[r7,#4]
 503 0062 1B7C     	 ldrb r3,[r3,#16]
 504 0064 FA7B     	 ldrb r2,[r7,#15]
 505 0066 9A42     	 cmp r2,r3
 506 0068 D6D3     	 bcc .L23
 166:../Dave/Generated/BUS_IO/bus_io.c ****   }
 167:../Dave/Generated/BUS_IO/bus_io.c **** }
 507              	 .loc 2 167 0 is_stmt 1
 508 006a 1037     	 adds r7,r7,#16
 509              	 .cfi_def_cfa_offset 8
 510 006c BD46     	 mov sp,r7
 511              	 .cfi_def_cfa_register 13
 512              	 
 513 006e 80BD     	 pop {r7,pc}
 514              	 .cfi_endproc
 515              	.LFE147:
 517              	 .section .text.BUS_IO_Toggle,"ax",%progbits
 518              	 .align 2
 519              	 .global BUS_IO_Toggle
 520              	 .thumb
 521              	 .thumb_func
 523              	BUS_IO_Toggle:
 524              	.LFB148:
 168:../Dave/Generated/BUS_IO/bus_io.c **** 
 169:../Dave/Generated/BUS_IO/bus_io.c **** /* Function to Toggles the pins bus state */
 170:../Dave/Generated/BUS_IO/bus_io.c **** void BUS_IO_Toggle(BUS_IO_t *const handle_ptr)
 171:../Dave/Generated/BUS_IO/bus_io.c **** {
 525              	 .loc 2 171 0
 526              	 .cfi_startproc
 527              	 
 528              	 
 529 0000 80B5     	 push {r7,lr}
 530              	 .cfi_def_cfa_offset 8
 531              	 .cfi_offset 7,-8
 532              	 .cfi_offset 14,-4
 533 0002 84B0     	 sub sp,sp,#16
 534              	 .cfi_def_cfa_offset 24
 535 0004 00AF     	 add r7,sp,#0
 536              	 .cfi_def_cfa_register 7
 537 0006 7860     	 str r0,[r7,#4]
 172:../Dave/Generated/BUS_IO/bus_io.c ****   uint8_t i;
 173:../Dave/Generated/BUS_IO/bus_io.c **** 
 174:../Dave/Generated/BUS_IO/bus_io.c ****   XMC_ASSERT("BUS_IO_Toggle: handle_ptr null pointer", handle_ptr != NULL);
 175:../Dave/Generated/BUS_IO/bus_io.c **** 
 176:../Dave/Generated/BUS_IO/bus_io.c ****   /* Iterate the list of pins toggling the pin state */
 177:../Dave/Generated/BUS_IO/bus_io.c ****   for (i = 0U; i < handle_ptr->number_of_pins; i++)
 538              	 .loc 2 177 0
 539 0008 0023     	 movs r3,#0
 540 000a FB73     	 strb r3,[r7,#15]
 541 000c 12E0     	 b .L25
 542              	.L26:
 178:../Dave/Generated/BUS_IO/bus_io.c ****   {
 179:../Dave/Generated/BUS_IO/bus_io.c ****     /* Toggles the pins bus state */
 180:../Dave/Generated/BUS_IO/bus_io.c ****     XMC_GPIO_ToggleOutput(handle_ptr->pin_array[i].gpio_port, handle_ptr->pin_array[i].gpio_pin);
 543              	 .loc 2 180 0 discriminator 3
 544 000e 7B68     	 ldr r3,[r7,#4]
 545 0010 1A68     	 ldr r2,[r3]
 546 0012 FB7B     	 ldrb r3,[r7,#15]
 547 0014 DB00     	 lsls r3,r3,#3
 548 0016 1344     	 add r3,r3,r2
 549 0018 1968     	 ldr r1,[r3]
 550 001a 7B68     	 ldr r3,[r7,#4]
 551 001c 1A68     	 ldr r2,[r3]
 552 001e FB7B     	 ldrb r3,[r7,#15]
 553 0020 DB00     	 lsls r3,r3,#3
 554 0022 1344     	 add r3,r3,r2
 555 0024 1B79     	 ldrb r3,[r3,#4]
 556 0026 0846     	 mov r0,r1
 557 0028 1946     	 mov r1,r3
 558 002a FFF7FEFF 	 bl XMC_GPIO_ToggleOutput
 177:../Dave/Generated/BUS_IO/bus_io.c ****   {
 559              	 .loc 2 177 0 discriminator 3
 560 002e FB7B     	 ldrb r3,[r7,#15]
 561 0030 0133     	 adds r3,r3,#1
 562 0032 FB73     	 strb r3,[r7,#15]
 563              	.L25:
 177:../Dave/Generated/BUS_IO/bus_io.c ****   {
 564              	 .loc 2 177 0 is_stmt 0 discriminator 1
 565 0034 7B68     	 ldr r3,[r7,#4]
 566 0036 1B7C     	 ldrb r3,[r3,#16]
 567 0038 FA7B     	 ldrb r2,[r7,#15]
 568 003a 9A42     	 cmp r2,r3
 569 003c E7D3     	 bcc .L26
 181:../Dave/Generated/BUS_IO/bus_io.c ****   }
 182:../Dave/Generated/BUS_IO/bus_io.c **** }
 570              	 .loc 2 182 0 is_stmt 1
 571 003e 1037     	 adds r7,r7,#16
 572              	 .cfi_def_cfa_offset 8
 573 0040 BD46     	 mov sp,r7
 574              	 .cfi_def_cfa_register 13
 575              	 
 576 0042 80BD     	 pop {r7,pc}
 577              	 .cfi_endproc
 578              	.LFE148:
 580              	 .text
 581              	.Letext0:
 582              	 .file 3 "c:\\infineon\\tools\\dave ide\\4.5.0.202105191637\\eclipse\\arm-gcc-49\\arm-none-eabi\\include\\machine\\_default_types.h"
 583              	 .file 4 "c:\\infineon\\tools\\dave ide\\4.5.0.202105191637\\eclipse\\arm-gcc-49\\arm-none-eabi\\include\\stdint.h"
 584              	 .file 5 "C:/Infineon/Tools/DAVE IDE/4.5.0.202105191637/eclipse/workspace/xmc4800-CE/Libraries/XMCLib/inc/xmc4_gpio.h"
 585              	 .file 6 "C:/Infineon/Tools/DAVE IDE/4.5.0.202105191637/eclipse/workspace/xmc4800-CE/Dave/Generated/DAVE_Common.h"
 586              	 .file 7 "../Dave/Generated/BUS_IO/bus_io.h"
 587              	 .file 8 "C:/Infineon/Tools/DAVE IDE/4.5.0.202105191637/eclipse/workspace/xmc4800-CE/Libraries/CMSIS/Include/cmsis_gcc.h"
 588              	 .file 9 "C:/Infineon/Tools/DAVE IDE/4.5.0.202105191637/eclipse/workspace/xmc4800-CE/Libraries/CMSIS/Include/core_cm4.h"
DEFINED SYMBOLS
                            *ABS*:00000000 bus_io.c
    {standard input}:20     .text.XMC_GPIO_SetOutputLevel:00000000 $t
    {standard input}:24     .text.XMC_GPIO_SetOutputLevel:00000000 XMC_GPIO_SetOutputLevel
    {standard input}:63     .text.XMC_GPIO_ToggleOutput:00000000 $t
    {standard input}:67     .text.XMC_GPIO_ToggleOutput:00000000 XMC_GPIO_ToggleOutput
    {standard input}:104    .text.XMC_GPIO_GetInput:00000000 $t
    {standard input}:108    .text.XMC_GPIO_GetInput:00000000 XMC_GPIO_GetInput
    {standard input}:146    .text.BUS_IO_GetAppVersion:00000000 $t
    {standard input}:151    .text.BUS_IO_GetAppVersion:00000000 BUS_IO_GetAppVersion
    {standard input}:206    .text.BUS_IO_Init:00000000 $t
    {standard input}:211    .text.BUS_IO_Init:00000000 BUS_IO_Init
    {standard input}:287    .text.BUS_IO_SetMode:00000000 $t
    {standard input}:292    .text.BUS_IO_SetMode:00000000 BUS_IO_SetMode
    {standard input}:354    .text.BUS_IO_Read:00000000 $t
    {standard input}:359    .text.BUS_IO_Read:00000000 BUS_IO_Read
    {standard input}:430    .text.BUS_IO_Write:00000000 $t
    {standard input}:435    .text.BUS_IO_Write:00000000 BUS_IO_Write
    {standard input}:518    .text.BUS_IO_Toggle:00000000 $t
    {standard input}:523    .text.BUS_IO_Toggle:00000000 BUS_IO_Toggle
                     .debug_frame:00000010 $d

UNDEFINED SYMBOLS
XMC_GPIO_Init
XMC_GPIO_SetMode
